[1.639s] Invoking command in '/home/cheon/Documents/dyros/piper-mou/piper_ros/src/piper': PYTHONPATH=/home/cheon/Documents/dyros/piper-mou/piper_ros/build/piper/prefix_override:/usr/lib/python3/dist-packages/colcon_core/task/python/colcon_distutils_commands:/home/cheon/Documents/dyros/piper-mou/piper_ros/install/piper/lib/python3.10/site-packages:${PYTHONPATH} /usr/bin/python3 -W ignore:setup.py install is deprecated -W ignore:easy_install command is deprecated setup.py egg_info --egg-base ../../build/piper build --build-base /home/cheon/Documents/dyros/piper-mou/piper_ros/build/piper/build install --record /home/cheon/Documents/dyros/piper-mou/piper_ros/build/piper/install.log --single-version-externally-managed install_data
[1.975s] /home/cheon/.local/lib/python3.10/site-packages/setuptools/_distutils/dist.py:289: UserWarning: Unknown distribution option: 'tests_require'
[1.975s]   warnings.warn(msg)
[2.221s] running egg_info
[2.253s] writing ../../build/piper/piper.egg-info/PKG-INFO
[2.253s] writing dependency_links to ../../build/piper/piper.egg-info/dependency_links.txt
[2.254s] writing entry points to ../../build/piper/piper.egg-info/entry_points.txt
[2.254s] writing requirements to ../../build/piper/piper.egg-info/requires.txt
[2.254s] writing top-level names to ../../build/piper/piper.egg-info/top_level.txt
[2.323s] reading manifest file '../../build/piper/piper.egg-info/SOURCES.txt'
[2.323s] adding license file 'LICENSE'
[2.325s] writing manifest file '../../build/piper/piper.egg-info/SOURCES.txt'
[2.325s] running build
[2.326s] running build_py
[2.326s] copying piper/piper_ctrl_single_node.py -> /home/cheon/Documents/dyros/piper-mou/piper_ros/build/piper/build/lib/piper
[2.326s] copying piper/__init__.py -> /home/cheon/Documents/dyros/piper-mou/piper_ros/build/piper/build/lib/piper
[2.327s] running install
[2.335s] running install_lib
[2.369s] running install_data
[2.369s] copying resource/piper -> /home/cheon/Documents/dyros/piper-mou/piper_ros/install/piper/share/ament_index/resource_index/packages
[2.369s] copying package.xml -> /home/cheon/Documents/dyros/piper-mou/piper_ros/install/piper/share/piper
[2.370s] copying launch/start_single_piper_rviz.launch.py -> /home/cheon/Documents/dyros/piper-mou/piper_ros/install/piper/share/piper/launch
[2.370s] copying launch/start_single_piper.launch.py -> /home/cheon/Documents/dyros/piper-mou/piper_ros/install/piper/share/piper/launch
[2.371s] running install_egg_info
[2.408s] removing '/home/cheon/Documents/dyros/piper-mou/piper_ros/install/piper/lib/python3.10/site-packages/piper-0.0.0-py3.10.egg-info' (and everything under it)
[2.408s] Copying ../../build/piper/piper.egg-info to /home/cheon/Documents/dyros/piper-mou/piper_ros/install/piper/lib/python3.10/site-packages/piper-0.0.0-py3.10.egg-info
[2.410s] running install_scripts
[2.482s] Installing piper_ms_ctrl script to /home/cheon/Documents/dyros/piper-mou/piper_ros/install/piper/lib/piper
[2.482s] Installing piper_read_master script to /home/cheon/Documents/dyros/piper-mou/piper_ros/install/piper/lib/piper
[2.482s] Installing piper_single_ctrl script to /home/cheon/Documents/dyros/piper-mou/piper_ros/install/piper/lib/piper
[2.483s] writing list of installed files to '/home/cheon/Documents/dyros/piper-mou/piper_ros/build/piper/install.log'
[2.520s] Invoked command in '/home/cheon/Documents/dyros/piper-mou/piper_ros/src/piper' returned '0': PYTHONPATH=/home/cheon/Documents/dyros/piper-mou/piper_ros/build/piper/prefix_override:/usr/lib/python3/dist-packages/colcon_core/task/python/colcon_distutils_commands:/home/cheon/Documents/dyros/piper-mou/piper_ros/install/piper/lib/python3.10/site-packages:${PYTHONPATH} /usr/bin/python3 -W ignore:setup.py install is deprecated -W ignore:easy_install command is deprecated setup.py egg_info --egg-base ../../build/piper build --build-base /home/cheon/Documents/dyros/piper-mou/piper_ros/build/piper/build install --record /home/cheon/Documents/dyros/piper-mou/piper_ros/build/piper/install.log --single-version-externally-managed install_data
