[0.256s] Invoking command in '/home/dyros/mcy_ws/piper-mou/build/piper_humble': CMAKE_PREFIX_PATH=${CMAKE_PREFIX_PATH}:/home/dyros/mcy_ws/piper-mou/install/piper:/opt/ros/humble /usr/bin/cmake --build /home/dyros/mcy_ws/piper-mou/build/piper_humble -- -j20 -l20
[0.391s] Invoked command in '/home/dyros/mcy_ws/piper-mou/build/piper_humble' returned '0': CMAKE_PREFIX_PATH=${CMAKE_PREFIX_PATH}:/home/dyros/mcy_ws/piper-mou/install/piper:/opt/ros/humble /usr/bin/cmake --build /home/dyros/mcy_ws/piper-mou/build/piper_humble -- -j20 -l20
[0.393s] Invoking command in '/home/dyros/mcy_ws/piper-mou/build/piper_humble': CMAKE_PREFIX_PATH=${CMAKE_PREFIX_PATH}:/home/dyros/mcy_ws/piper-mou/install/piper:/opt/ros/humble /usr/bin/cmake --install /home/dyros/mcy_ws/piper-mou/build/piper_humble
[0.401s] -- Install configuration: ""
[0.402s] -- Up-to-date: /home/dyros/mcy_ws/piper-mou/install/piper_humble/share/ament_index/resource_index/package_run_dependencies/piper_humble
[0.402s] -- Up-to-date: /home/dyros/mcy_ws/piper-mou/install/piper_humble/share/ament_index/resource_index/parent_prefix_path/piper_humble
[0.404s] -- Up-to-date: /home/dyros/mcy_ws/piper-mou/install/piper_humble/share/piper_humble/environment/ament_prefix_path.sh
[0.406s] -- Up-to-date: /home/dyros/mcy_ws/piper-mou/install/piper_humble/share/piper_humble/environment/ament_prefix_path.dsv
[0.407s] -- Up-to-date: /home/dyros/mcy_ws/piper-mou/install/piper_humble/share/piper_humble/environment/path.sh
[0.408s] -- Up-to-date: /home/dyros/mcy_ws/piper-mou/install/piper_humble/share/piper_humble/environment/path.dsv
[0.408s] -- Up-to-date: /home/dyros/mcy_ws/piper-mou/install/piper_humble/share/piper_humble/local_setup.bash
[0.408s] -- Up-to-date: /home/dyros/mcy_ws/piper-mou/install/piper_humble/share/piper_humble/local_setup.sh
[0.408s] -- Up-to-date: /home/dyros/mcy_ws/piper-mou/install/piper_humble/share/piper_humble/local_setup.zsh
[0.408s] -- Up-to-date: /home/dyros/mcy_ws/piper-mou/install/piper_humble/share/piper_humble/local_setup.dsv
[0.409s] -- Installing: /home/dyros/mcy_ws/piper-mou/install/piper_humble/share/piper_humble/package.dsv
[0.409s] -- Up-to-date: /home/dyros/mcy_ws/piper-mou/install/piper_humble/share/ament_index/resource_index/packages/piper_humble
[0.409s] -- Up-to-date: /home/dyros/mcy_ws/piper-mou/install/piper_humble/share/piper_humble/cmake/piper_humbleConfig.cmake
[0.409s] -- Up-to-date: /home/dyros/mcy_ws/piper-mou/install/piper_humble/share/piper_humble/cmake/piper_humbleConfig-version.cmake
[0.410s] -- Up-to-date: /home/dyros/mcy_ws/piper-mou/install/piper_humble/share/piper_humble/package.xml
[0.417s] Invoked command in '/home/dyros/mcy_ws/piper-mou/build/piper_humble' returned '0': CMAKE_PREFIX_PATH=${CMAKE_PREFIX_PATH}:/home/dyros/mcy_ws/piper-mou/install/piper:/opt/ros/humble /usr/bin/cmake --install /home/dyros/mcy_ws/piper-mou/build/piper_humble
