[35m[1mConsolidate compiler generated dependencies of target piper_with_gripper_moveit__rosidl_generator_c[0m
[  2%] Built target piper_with_gripper_moveit__cpp
[ 10%] Built target piper_with_gripper_moveit__rosidl_generator_c
[35m[1mConsolidate compiler generated dependencies of target piper_with_gripper_moveit__rosidl_typesupport_introspection_cpp[0m
[ 10%] Built target ament_cmake_python_symlink_piper_with_gripper_moveit
[35m[1mConsolidate compiler generated dependencies of target piper_with_gripper_moveit__rosidl_typesupport_cpp[0m
[35m[1mConsolidate compiler generated dependencies of target piper_with_gripper_moveit__rosidl_typesupport_fastrtps_c[0m
[35m[1mConsolidate compiler generated dependencies of target piper_with_gripper_moveit__rosidl_typesupport_c[0m
[ 14%] Built target planning_scene_node
[ 23%] Built target piper_with_gripper_moveit__rosidl_typesupport_introspection_cpp
[35m[1mConsolidate compiler generated dependencies of target piper_with_gripper_moveit__rosidl_typesupport_fastrtps_cpp[0m
[ 27%] Built target joint_goal_node
[35m[1mConsolidate compiler generated dependencies of target piper_with_gripper_moveit__rosidl_typesupport_introspection_c[0m
[ 36%] Built target piper_with_gripper_moveit__rosidl_typesupport_cpp
[ 40%] Built target joint_goal_cmd_node
[ 48%] Built target piper_with_gripper_moveit__rosidl_typesupport_c
[ 57%] Built target piper_with_gripper_moveit__rosidl_typesupport_fastrtps_c
[ 65%] Built target piper_with_gripper_moveit__rosidl_typesupport_introspection_c
[ 74%] Built target piper_with_gripper_moveit__rosidl_typesupport_fastrtps_cpp
[35m[1mConsolidate compiler generated dependencies of target pose_goal_node[0m
[ 74%] Built target piper_with_gripper_moveit
[ 76%] [32mBuilding CXX object CMakeFiles/pose_goal_node.dir/src/pose_goal.cpp.o[0m
[ 78%] Built target piper_with_gripper_moveit__py
[35m[1mConsolidate compiler generated dependencies of target piper_with_gripper_moveit__rosidl_generator_py[0m
[ 85%] Built target piper_with_gripper_moveit__rosidl_generator_py
[35m[1mConsolidate compiler generated dependencies of target piper_with_gripper_moveit__rosidl_typesupport_c__pyext[0m
[35m[1mConsolidate compiler generated dependencies of target piper_with_gripper_moveit__rosidl_typesupport_introspection_c__pyext[0m
[35m[1mConsolidate compiler generated dependencies of target piper_with_gripper_moveit__rosidl_typesupport_fastrtps_c__pyext[0m
[ 89%] Built target piper_with_gripper_moveit__rosidl_typesupport_fastrtps_c__pyext
[ 93%] Built target piper_with_gripper_moveit__rosidl_typesupport_introspection_c__pyext
[ 97%] Built target piper_with_gripper_moveit__rosidl_typesupport_c__pyext
running egg_info
writing piper_with_gripper_moveit.egg-info/PKG-INFO
writing dependency_links to piper_with_gripper_moveit.egg-info/dependency_links.txt
writing top-level names to piper_with_gripper_moveit.egg-info/top_level.txt
reading manifest file 'piper_with_gripper_moveit.egg-info/SOURCES.txt'
writing manifest file 'piper_with_gripper_moveit.egg-info/SOURCES.txt'
[ 97%] Built target ament_cmake_python_build_piper_with_gripper_moveit_egg
[01m[K/home/cheon/Documents/dyros/piper-mou/piper_ros/src/piper_moveit/piper_with_gripper_moveit/src/pose_goal.cpp:[m[K In member function ‘[01m[Kvoid PoseGoalActionServer::execute(const std::shared_ptr<rclcpp_action::ServerGoalHandle<piper_with_gripper_moveit::action::PoseGoal> >&)[m[K’:
[01m[K/home/cheon/Documents/dyros/piper-mou/piper_ros/src/piper_moveit/piper_with_gripper_moveit/src/pose_goal.cpp:132:9:[m[K [01;31m[Kerror: [m[K‘[01m[Krobot_state[m[K’ does not name a type
  132 |   const [01;31m[Krobot_state[m[K::RobotStatePtr cur_state = move_group_->getCurrentState();
      |         [01;31m[K^~~~~~~~~~~[m[K
[01m[K/home/cheon/Documents/dyros/piper-mou/piper_ros/src/piper_moveit/piper_with_gripper_moveit/src/pose_goal.cpp:133:19:[m[K [01;31m[Kerror: [m[K‘[01m[Kcur_state[m[K’ was not declared in this scope
  133 |   double cur_j3 = [01;31m[Kcur_state[m[K->getVariablePosition("joint1");
      |                   [01;31m[K^~~~~~~~~[m[K
[01m[K/home/cheon/Documents/dyros/piper-mou/piper_ros/src/piper_moveit/piper_with_gripper_moveit/src/pose_goal.cpp:137:22:[m[K [01;31m[Kerror: [m[K‘[01m[Kcur_j1[m[K’ was not declared in this scope; did you mean ‘[01m[Kcur_j3[m[K’?
  137 |   jc_keep.position = [01;31m[Kcur_j1[m[K;       // 현재값을 중심으로
      |                      [01;31m[K^~~~~~[m[K
      |                      [32m[Kcur_j3[m[K
gmake[2]: *** [CMakeFiles/pose_goal_node.dir/build.make:76: CMakeFiles/pose_goal_node.dir/src/pose_goal.cpp.o] Error 1
gmake[1]: *** [CMakeFiles/Makefile2:677: CMakeFiles/pose_goal_node.dir/all] Error 2
gmake: *** [Makefile:146: all] Error 2
