[0.101s] Invoking command in '/home/cheon/Documents/dyros/piper-mou/piper_ros/build/piper_with_gripper_moveit': CMAKE_PREFIX_PATH=/home/cheon/Documents/dyros/piper-mou/piper_ros/install/piper_description:/home/cheon/Documents/dyros/piper-mou/piper_ros/install/piper_with_gripper_moveit:/home/cheon/Documents/dyros/piper-mou/piper_ros/install/piper_no_gripper_moveit:/home/cheon/Documents/dyros/piper-mou/piper_ros/install/piper_msgs:/home/cheon/Documents/dyros/piper-mou/piper_ros/install/piper_humble:/home/cheon/Documents/dyros/piper-mou/piper_ros/install/piper_gazebo:/home/cheon/Documents/dyros/piper-mou/install/xela_server_ros2:/home/cheon/Documents/dyros/piper-mou/install/topic_based_ros2_control:/home/cheon/Documents/dyros/piper-mou/install/piper_with_gripper_moveit:/home/cheon/Documents/dyros/piper-mou/install/piper_no_gripper_moveit:/home/cheon/Documents/dyros/piper-mou/install/piper_msgs:/home/cheon/Documents/dyros/piper-mou/install/piper_humble:/home/cheon/Documents/dyros/piper-mou/install/piper_gazebo:/home/cheon/Documents/dyros/piper-mou/install/piper_description:/home/cheon/Documents/dyros/piper-mou/install/moveit_mujoco_interface:/home/cheon/Documents/dyros/piper-mou/piper_ros/install/piper:/home/cheon/Documents/dyros/piper-mou/install/piper_mujoco:/home/cheon/Documents/dyros/piper-mou/install/piper:/opt/ros/humble /usr/bin/cmake --build /home/cheon/Documents/dyros/piper-mou/piper_ros/build/piper_with_gripper_moveit -- -j12 -l12
[0.210s] [35m[1mConsolidate compiler generated dependencies of target piper_with_gripper_moveit__rosidl_generator_c[0m
[0.234s] [  2%] Built target piper_with_gripper_moveit__cpp
[0.248s] [ 10%] Built target piper_with_gripper_moveit__rosidl_generator_c
[0.280s] [35m[1mConsolidate compiler generated dependencies of target piper_with_gripper_moveit__rosidl_typesupport_introspection_cpp[0m
[0.287s] [ 10%] Built target ament_cmake_python_symlink_piper_with_gripper_moveit
[0.299s] [35m[1mConsolidate compiler generated dependencies of target piper_with_gripper_moveit__rosidl_typesupport_cpp[0m
[0.319s] [35m[1mConsolidate compiler generated dependencies of target piper_with_gripper_moveit__rosidl_typesupport_fastrtps_c[0m
[0.320s] [35m[1mConsolidate compiler generated dependencies of target piper_with_gripper_moveit__rosidl_typesupport_c[0m
[0.332s] [ 14%] Built target planning_scene_node
[0.338s] [ 23%] Built target piper_with_gripper_moveit__rosidl_typesupport_introspection_cpp
[0.338s] [35m[1mConsolidate compiler generated dependencies of target piper_with_gripper_moveit__rosidl_typesupport_fastrtps_cpp[0m
[0.354s] [ 27%] Built target joint_goal_node
[0.358s] [35m[1mConsolidate compiler generated dependencies of target piper_with_gripper_moveit__rosidl_typesupport_introspection_c[0m
[0.360s] [ 36%] Built target piper_with_gripper_moveit__rosidl_typesupport_cpp
[0.385s] [ 40%] Built target joint_goal_cmd_node
[0.390s] [ 48%] Built target piper_with_gripper_moveit__rosidl_typesupport_c
[0.390s] [ 57%] Built target piper_with_gripper_moveit__rosidl_typesupport_fastrtps_c
[0.418s] [ 65%] Built target piper_with_gripper_moveit__rosidl_typesupport_introspection_c
[0.421s] [ 74%] Built target piper_with_gripper_moveit__rosidl_typesupport_fastrtps_cpp
[0.448s] [35m[1mConsolidate compiler generated dependencies of target pose_goal_node[0m
[0.504s] [ 74%] Built target piper_with_gripper_moveit
[0.551s] [ 76%] [32mBuilding CXX object CMakeFiles/pose_goal_node.dir/src/pose_goal.cpp.o[0m
[0.568s] [ 78%] Built target piper_with_gripper_moveit__py
[0.598s] [35m[1mConsolidate compiler generated dependencies of target piper_with_gripper_moveit__rosidl_generator_py[0m
[0.632s] [ 85%] Built target piper_with_gripper_moveit__rosidl_generator_py
[0.660s] [35m[1mConsolidate compiler generated dependencies of target piper_with_gripper_moveit__rosidl_typesupport_c__pyext[0m
[0.662s] [35m[1mConsolidate compiler generated dependencies of target piper_with_gripper_moveit__rosidl_typesupport_introspection_c__pyext[0m
[0.662s] [35m[1mConsolidate compiler generated dependencies of target piper_with_gripper_moveit__rosidl_typesupport_fastrtps_c__pyext[0m
[0.705s] [ 89%] Built target piper_with_gripper_moveit__rosidl_typesupport_fastrtps_c__pyext
[0.707s] [ 93%] Built target piper_with_gripper_moveit__rosidl_typesupport_introspection_c__pyext
[0.710s] [ 97%] Built target piper_with_gripper_moveit__rosidl_typesupport_c__pyext
[1.083s] running egg_info
[1.146s] writing piper_with_gripper_moveit.egg-info/PKG-INFO
[1.147s] writing dependency_links to piper_with_gripper_moveit.egg-info/dependency_links.txt
[1.148s] writing top-level names to piper_with_gripper_moveit.egg-info/top_level.txt
[1.352s] reading manifest file 'piper_with_gripper_moveit.egg-info/SOURCES.txt'
[1.354s] writing manifest file 'piper_with_gripper_moveit.egg-info/SOURCES.txt'
[1.427s] [ 97%] Built target ament_cmake_python_build_piper_with_gripper_moveit_egg
[10.638s] [01m[K/home/cheon/Documents/dyros/piper-mou/piper_ros/src/piper_moveit/piper_with_gripper_moveit/src/pose_goal.cpp:[m[K In member function ‘[01m[Kvoid PoseGoalActionServer::execute(const std::shared_ptr<rclcpp_action::ServerGoalHandle<piper_with_gripper_moveit::action::PoseGoal> >&)[m[K’:
[10.638s] [01m[K/home/cheon/Documents/dyros/piper-mou/piper_ros/src/piper_moveit/piper_with_gripper_moveit/src/pose_goal.cpp:132:9:[m[K [01;31m[Kerror: [m[K‘[01m[Krobot_state[m[K’ does not name a type
[10.638s]   132 |   const [01;31m[Krobot_state[m[K::RobotStatePtr cur_state = move_group_->getCurrentState();
[10.639s]       |         [01;31m[K^~~~~~~~~~~[m[K
[10.644s] [01m[K/home/cheon/Documents/dyros/piper-mou/piper_ros/src/piper_moveit/piper_with_gripper_moveit/src/pose_goal.cpp:133:19:[m[K [01;31m[Kerror: [m[K‘[01m[Kcur_state[m[K’ was not declared in this scope
[10.644s]   133 |   double cur_j3 = [01;31m[Kcur_state[m[K->getVariablePosition("joint1");
[10.644s]       |                   [01;31m[K^~~~~~~~~[m[K
[10.649s] [01m[K/home/cheon/Documents/dyros/piper-mou/piper_ros/src/piper_moveit/piper_with_gripper_moveit/src/pose_goal.cpp:137:22:[m[K [01;31m[Kerror: [m[K‘[01m[Kcur_j1[m[K’ was not declared in this scope; did you mean ‘[01m[Kcur_j3[m[K’?
[10.650s]   137 |   jc_keep.position = [01;31m[Kcur_j1[m[K;       // 현재값을 중심으로
[10.650s]       |                      [01;31m[K^~~~~~[m[K
[10.650s]       |                      [32m[Kcur_j3[m[K
[15.070s] gmake[2]: *** [CMakeFiles/pose_goal_node.dir/build.make:76: CMakeFiles/pose_goal_node.dir/src/pose_goal.cpp.o] Error 1
[15.071s] gmake[1]: *** [CMakeFiles/Makefile2:677: CMakeFiles/pose_goal_node.dir/all] Error 2
[15.071s] gmake: *** [Makefile:146: all] Error 2
[15.074s] Invoked command in '/home/cheon/Documents/dyros/piper-mou/piper_ros/build/piper_with_gripper_moveit' returned '2': CMAKE_PREFIX_PATH=/home/cheon/Documents/dyros/piper-mou/piper_ros/install/piper_description:/home/cheon/Documents/dyros/piper-mou/piper_ros/install/piper_with_gripper_moveit:/home/cheon/Documents/dyros/piper-mou/piper_ros/install/piper_no_gripper_moveit:/home/cheon/Documents/dyros/piper-mou/piper_ros/install/piper_msgs:/home/cheon/Documents/dyros/piper-mou/piper_ros/install/piper_humble:/home/cheon/Documents/dyros/piper-mou/piper_ros/install/piper_gazebo:/home/cheon/Documents/dyros/piper-mou/install/xela_server_ros2:/home/cheon/Documents/dyros/piper-mou/install/topic_based_ros2_control:/home/cheon/Documents/dyros/piper-mou/install/piper_with_gripper_moveit:/home/cheon/Documents/dyros/piper-mou/install/piper_no_gripper_moveit:/home/cheon/Documents/dyros/piper-mou/install/piper_msgs:/home/cheon/Documents/dyros/piper-mou/install/piper_humble:/home/cheon/Documents/dyros/piper-mou/install/piper_gazebo:/home/cheon/Documents/dyros/piper-mou/install/piper_description:/home/cheon/Documents/dyros/piper-mou/install/moveit_mujoco_interface:/home/cheon/Documents/dyros/piper-mou/piper_ros/install/piper:/home/cheon/Documents/dyros/piper-mou/install/piper_mujoco:/home/cheon/Documents/dyros/piper-mou/install/piper:/opt/ros/humble /usr/bin/cmake --build /home/cheon/Documents/dyros/piper-mou/piper_ros/build/piper_with_gripper_moveit -- -j12 -l12
