[0.181s] DEBUG:colcon:Command line arguments: ['/usr/bin/colcon', 'build']
[0.181s] DEBUG:colcon:Parsed command line arguments: Namespace(log_base=None, log_level=None, verb_name='build', build_base='build', install_base='install', merge_install=False, symlink_install=False, test_result_base=None, continue_on_error=False, executor='parallel', parallel_workers=12, event_handlers=None, ignore_user_meta=False, metas=['./colcon.meta'], base_paths=['.'], packages_ignore=None, packages_ignore_regex=None, paths=None, packages_up_to=None, packages_up_to_regex=None, packages_above=None, packages_above_and_dependencies=None, packages_above_depth=None, packages_select_by_dep=None, packages_skip_by_dep=None, packages_skip_up_to=None, packages_select_build_failed=False, packages_skip_build_finished=False, packages_select_test_failures=False, packages_skip_test_passed=False, packages_select=None, packages_skip=None, packages_select_regex=None, packages_skip_regex=None, packages_start=None, packages_end=None, allow_overriding=[], cmake_args=None, cmake_target=None, cmake_target_skip_unavailable=False, cmake_clean_cache=False, cmake_clean_first=False, cmake_force_configure=False, ament_cmake_args=None, catkin_cmake_args=None, catkin_skip_building_tests=False, verb_parser=<colcon_defaults.argument_parser.defaults.DefaultArgumentsDecorator object at 0x72bdb2e5f580>, verb_extension=<colcon_core.verb.build.BuildVerb object at 0x72bdb2f990c0>, main=<bound method BuildVerb.main of <colcon_core.verb.build.BuildVerb object at 0x72bdb2f990c0>>)
[0.250s] Level 1:colcon.colcon_core.package_discovery:discover_packages(colcon_meta) check parameters
[0.250s] Level 1:colcon.colcon_core.package_discovery:discover_packages(recursive) check parameters
[0.251s] Level 1:colcon.colcon_core.package_discovery:discover_packages(ignore) check parameters
[0.251s] Level 1:colcon.colcon_core.package_discovery:discover_packages(path) check parameters
[0.251s] Level 1:colcon.colcon_core.package_discovery:discover_packages(colcon_meta) discover
[0.251s] Level 1:colcon.colcon_core.package_discovery:discover_packages(recursive) discover
[0.251s] INFO:colcon.colcon_core.package_discovery:Crawling recursively for packages in '/home/cheon/Documents/dyros/piper-mou/piper_ros'
[0.251s] Level 1:colcon.colcon_core.package_identification:_identify(.) by extensions ['ignore', 'ignore_ament_install']
[0.251s] Level 1:colcon.colcon_core.package_identification:_identify(.) by extension 'ignore'
[0.251s] Level 1:colcon.colcon_core.package_identification:_identify(.) by extension 'ignore_ament_install'
[0.252s] Level 1:colcon.colcon_core.package_identification:_identify(.) by extensions ['colcon_pkg']
[0.252s] Level 1:colcon.colcon_core.package_identification:_identify(.) by extension 'colcon_pkg'
[0.252s] Level 1:colcon.colcon_core.package_identification:_identify(.) by extensions ['colcon_meta']
[0.252s] Level 1:colcon.colcon_core.package_identification:_identify(.) by extension 'colcon_meta'
[0.252s] Level 1:colcon.colcon_core.package_identification:_identify(.) by extensions ['ros']
[0.252s] Level 1:colcon.colcon_core.package_identification:_identify(.) by extension 'ros'
[0.278s] Level 1:colcon.colcon_core.package_identification:_identify(.) by extensions ['cmake', 'python']
[0.278s] Level 1:colcon.colcon_core.package_identification:_identify(.) by extension 'cmake'
[0.278s] Level 1:colcon.colcon_core.package_identification:_identify(.) by extension 'python'
[0.278s] Level 1:colcon.colcon_core.package_identification:_identify(.) by extensions ['python_setup_py']
[0.278s] Level 1:colcon.colcon_core.package_identification:_identify(.) by extension 'python_setup_py'
[0.279s] Level 1:colcon.colcon_core.package_identification:_identify(asserts) by extensions ['ignore', 'ignore_ament_install']
[0.279s] Level 1:colcon.colcon_core.package_identification:_identify(asserts) by extension 'ignore'
[0.279s] Level 1:colcon.colcon_core.package_identification:_identify(asserts) by extension 'ignore_ament_install'
[0.279s] Level 1:colcon.colcon_core.package_identification:_identify(asserts) by extensions ['colcon_pkg']
[0.279s] Level 1:colcon.colcon_core.package_identification:_identify(asserts) by extension 'colcon_pkg'
[0.279s] Level 1:colcon.colcon_core.package_identification:_identify(asserts) by extensions ['colcon_meta']
[0.279s] Level 1:colcon.colcon_core.package_identification:_identify(asserts) by extension 'colcon_meta'
[0.279s] Level 1:colcon.colcon_core.package_identification:_identify(asserts) by extensions ['ros']
[0.279s] Level 1:colcon.colcon_core.package_identification:_identify(asserts) by extension 'ros'
[0.279s] Level 1:colcon.colcon_core.package_identification:_identify(asserts) by extensions ['cmake', 'python']
[0.279s] Level 1:colcon.colcon_core.package_identification:_identify(asserts) by extension 'cmake'
[0.280s] Level 1:colcon.colcon_core.package_identification:_identify(asserts) by extension 'python'
[0.280s] Level 1:colcon.colcon_core.package_identification:_identify(asserts) by extensions ['python_setup_py']
[0.280s] Level 1:colcon.colcon_core.package_identification:_identify(asserts) by extension 'python_setup_py'
[0.280s] Level 1:colcon.colcon_core.package_identification:_identify(asserts/pictures) by extensions ['ignore', 'ignore_ament_install']
[0.280s] Level 1:colcon.colcon_core.package_identification:_identify(asserts/pictures) by extension 'ignore'
[0.280s] Level 1:colcon.colcon_core.package_identification:_identify(asserts/pictures) by extension 'ignore_ament_install'
[0.280s] Level 1:colcon.colcon_core.package_identification:_identify(asserts/pictures) by extensions ['colcon_pkg']
[0.280s] Level 1:colcon.colcon_core.package_identification:_identify(asserts/pictures) by extension 'colcon_pkg'
[0.280s] Level 1:colcon.colcon_core.package_identification:_identify(asserts/pictures) by extensions ['colcon_meta']
[0.280s] Level 1:colcon.colcon_core.package_identification:_identify(asserts/pictures) by extension 'colcon_meta'
[0.280s] Level 1:colcon.colcon_core.package_identification:_identify(asserts/pictures) by extensions ['ros']
[0.280s] Level 1:colcon.colcon_core.package_identification:_identify(asserts/pictures) by extension 'ros'
[0.281s] Level 1:colcon.colcon_core.package_identification:_identify(asserts/pictures) by extensions ['cmake', 'python']
[0.281s] Level 1:colcon.colcon_core.package_identification:_identify(asserts/pictures) by extension 'cmake'
[0.281s] Level 1:colcon.colcon_core.package_identification:_identify(asserts/pictures) by extension 'python'
[0.281s] Level 1:colcon.colcon_core.package_identification:_identify(asserts/pictures) by extensions ['python_setup_py']
[0.281s] Level 1:colcon.colcon_core.package_identification:_identify(asserts/pictures) by extension 'python_setup_py'
[0.281s] Level 1:colcon.colcon_core.package_identification:_identify(build) by extensions ['ignore', 'ignore_ament_install']
[0.281s] Level 1:colcon.colcon_core.package_identification:_identify(build) by extension 'ignore'
[0.281s] Level 1:colcon.colcon_core.package_identification:_identify(build) ignored
[0.281s] Level 1:colcon.colcon_core.package_identification:_identify(install) by extensions ['ignore', 'ignore_ament_install']
[0.282s] Level 1:colcon.colcon_core.package_identification:_identify(install) by extension 'ignore'
[0.282s] Level 1:colcon.colcon_core.package_identification:_identify(install) ignored
[0.282s] Level 1:colcon.colcon_core.package_identification:_identify(log) by extensions ['ignore', 'ignore_ament_install']
[0.282s] Level 1:colcon.colcon_core.package_identification:_identify(log) by extension 'ignore'
[0.282s] Level 1:colcon.colcon_core.package_identification:_identify(log) ignored
[0.282s] Level 1:colcon.colcon_core.package_identification:_identify(src) by extensions ['ignore', 'ignore_ament_install']
[0.282s] Level 1:colcon.colcon_core.package_identification:_identify(src) by extension 'ignore'
[0.282s] Level 1:colcon.colcon_core.package_identification:_identify(src) by extension 'ignore_ament_install'
[0.283s] Level 1:colcon.colcon_core.package_identification:_identify(src) by extensions ['colcon_pkg']
[0.283s] Level 1:colcon.colcon_core.package_identification:_identify(src) by extension 'colcon_pkg'
[0.283s] Level 1:colcon.colcon_core.package_identification:_identify(src) by extensions ['colcon_meta']
[0.283s] Level 1:colcon.colcon_core.package_identification:_identify(src) by extension 'colcon_meta'
[0.283s] Level 1:colcon.colcon_core.package_identification:_identify(src) by extensions ['ros']
[0.283s] Level 1:colcon.colcon_core.package_identification:_identify(src) by extension 'ros'
[0.283s] Level 1:colcon.colcon_core.package_identification:_identify(src) by extensions ['cmake', 'python']
[0.283s] Level 1:colcon.colcon_core.package_identification:_identify(src) by extension 'cmake'
[0.283s] Level 1:colcon.colcon_core.package_identification:_identify(src) by extension 'python'
[0.283s] Level 1:colcon.colcon_core.package_identification:_identify(src) by extensions ['python_setup_py']
[0.283s] Level 1:colcon.colcon_core.package_identification:_identify(src) by extension 'python_setup_py'
[0.283s] Level 1:colcon.colcon_core.package_identification:_identify(src/piper) by extensions ['ignore', 'ignore_ament_install']
[0.284s] Level 1:colcon.colcon_core.package_identification:_identify(src/piper) by extension 'ignore'
[0.284s] Level 1:colcon.colcon_core.package_identification:_identify(src/piper) by extension 'ignore_ament_install'
[0.284s] Level 1:colcon.colcon_core.package_identification:_identify(src/piper) by extensions ['colcon_pkg']
[0.284s] Level 1:colcon.colcon_core.package_identification:_identify(src/piper) by extension 'colcon_pkg'
[0.284s] Level 1:colcon.colcon_core.package_identification:_identify(src/piper) by extensions ['colcon_meta']
[0.284s] Level 1:colcon.colcon_core.package_identification:_identify(src/piper) by extension 'colcon_meta'
[0.284s] Level 1:colcon.colcon_core.package_identification:_identify(src/piper) by extensions ['ros']
[0.284s] Level 1:colcon.colcon_core.package_identification:_identify(src/piper) by extension 'ros'
[0.288s] DEBUG:colcon.colcon_core.package_identification:Package 'src/piper' with type 'ros.ament_python' and name 'piper'
[0.289s] Level 1:colcon.colcon_core.package_identification:_identify(src/piper_description) by extensions ['ignore', 'ignore_ament_install']
[0.289s] Level 1:colcon.colcon_core.package_identification:_identify(src/piper_description) by extension 'ignore'
[0.289s] Level 1:colcon.colcon_core.package_identification:_identify(src/piper_description) by extension 'ignore_ament_install'
[0.289s] Level 1:colcon.colcon_core.package_identification:_identify(src/piper_description) by extensions ['colcon_pkg']
[0.289s] Level 1:colcon.colcon_core.package_identification:_identify(src/piper_description) by extension 'colcon_pkg'
[0.289s] Level 1:colcon.colcon_core.package_identification:_identify(src/piper_description) by extensions ['colcon_meta']
[0.289s] Level 1:colcon.colcon_core.package_identification:_identify(src/piper_description) by extension 'colcon_meta'
[0.290s] Level 1:colcon.colcon_core.package_identification:_identify(src/piper_description) by extensions ['ros']
[0.290s] Level 1:colcon.colcon_core.package_identification:_identify(src/piper_description) by extension 'ros'
[0.291s] DEBUG:colcon.colcon_core.package_identification:Package 'src/piper_description' with type 'ros.ament_cmake' and name 'piper_description'
[0.291s] Level 1:colcon.colcon_core.package_identification:_identify(src/piper_humble) by extensions ['ignore', 'ignore_ament_install']
[0.291s] Level 1:colcon.colcon_core.package_identification:_identify(src/piper_humble) by extension 'ignore'
[0.291s] Level 1:colcon.colcon_core.package_identification:_identify(src/piper_humble) by extension 'ignore_ament_install'
[0.291s] Level 1:colcon.colcon_core.package_identification:_identify(src/piper_humble) by extensions ['colcon_pkg']
[0.291s] Level 1:colcon.colcon_core.package_identification:_identify(src/piper_humble) by extension 'colcon_pkg'
[0.291s] Level 1:colcon.colcon_core.package_identification:_identify(src/piper_humble) by extensions ['colcon_meta']
[0.291s] Level 1:colcon.colcon_core.package_identification:_identify(src/piper_humble) by extension 'colcon_meta'
[0.292s] Level 1:colcon.colcon_core.package_identification:_identify(src/piper_humble) by extensions ['ros']
[0.292s] Level 1:colcon.colcon_core.package_identification:_identify(src/piper_humble) by extension 'ros'
[0.293s] DEBUG:colcon.colcon_core.package_identification:Package 'src/piper_humble' with type 'ros.ament_cmake' and name 'piper_humble'
[0.293s] Level 1:colcon.colcon_core.package_identification:_identify(src/piper_moveit) by extensions ['ignore', 'ignore_ament_install']
[0.293s] Level 1:colcon.colcon_core.package_identification:_identify(src/piper_moveit) by extension 'ignore'
[0.293s] Level 1:colcon.colcon_core.package_identification:_identify(src/piper_moveit) by extension 'ignore_ament_install'
[0.293s] Level 1:colcon.colcon_core.package_identification:_identify(src/piper_moveit) by extensions ['colcon_pkg']
[0.293s] Level 1:colcon.colcon_core.package_identification:_identify(src/piper_moveit) by extension 'colcon_pkg'
[0.293s] Level 1:colcon.colcon_core.package_identification:_identify(src/piper_moveit) by extensions ['colcon_meta']
[0.293s] Level 1:colcon.colcon_core.package_identification:_identify(src/piper_moveit) by extension 'colcon_meta'
[0.293s] Level 1:colcon.colcon_core.package_identification:_identify(src/piper_moveit) by extensions ['ros']
[0.293s] Level 1:colcon.colcon_core.package_identification:_identify(src/piper_moveit) by extension 'ros'
[0.294s] Level 1:colcon.colcon_core.package_identification:_identify(src/piper_moveit) by extensions ['cmake', 'python']
[0.294s] Level 1:colcon.colcon_core.package_identification:_identify(src/piper_moveit) by extension 'cmake'
[0.294s] Level 1:colcon.colcon_core.package_identification:_identify(src/piper_moveit) by extension 'python'
[0.294s] Level 1:colcon.colcon_core.package_identification:_identify(src/piper_moveit) by extensions ['python_setup_py']
[0.294s] Level 1:colcon.colcon_core.package_identification:_identify(src/piper_moveit) by extension 'python_setup_py'
[0.294s] Level 1:colcon.colcon_core.package_identification:_identify(src/piper_moveit/piper_no_gripper_moveit) by extensions ['ignore', 'ignore_ament_install']
[0.294s] Level 1:colcon.colcon_core.package_identification:_identify(src/piper_moveit/piper_no_gripper_moveit) by extension 'ignore'
[0.294s] Level 1:colcon.colcon_core.package_identification:_identify(src/piper_moveit/piper_no_gripper_moveit) by extension 'ignore_ament_install'
[0.294s] Level 1:colcon.colcon_core.package_identification:_identify(src/piper_moveit/piper_no_gripper_moveit) by extensions ['colcon_pkg']
[0.294s] Level 1:colcon.colcon_core.package_identification:_identify(src/piper_moveit/piper_no_gripper_moveit) by extension 'colcon_pkg'
[0.294s] Level 1:colcon.colcon_core.package_identification:_identify(src/piper_moveit/piper_no_gripper_moveit) by extensions ['colcon_meta']
[0.294s] Level 1:colcon.colcon_core.package_identification:_identify(src/piper_moveit/piper_no_gripper_moveit) by extension 'colcon_meta'
[0.295s] Level 1:colcon.colcon_core.package_identification:_identify(src/piper_moveit/piper_no_gripper_moveit) by extensions ['ros']
[0.295s] Level 1:colcon.colcon_core.package_identification:_identify(src/piper_moveit/piper_no_gripper_moveit) by extension 'ros'
[0.296s] DEBUG:colcon.colcon_core.package_identification:Package 'src/piper_moveit/piper_no_gripper_moveit' with type 'ros.ament_cmake' and name 'piper_no_gripper_moveit'
[0.296s] Level 1:colcon.colcon_core.package_identification:_identify(src/piper_moveit/piper_with_gripper_moveit) by extensions ['ignore', 'ignore_ament_install']
[0.296s] Level 1:colcon.colcon_core.package_identification:_identify(src/piper_moveit/piper_with_gripper_moveit) by extension 'ignore'
[0.297s] Level 1:colcon.colcon_core.package_identification:_identify(src/piper_moveit/piper_with_gripper_moveit) by extension 'ignore_ament_install'
[0.297s] Level 1:colcon.colcon_core.package_identification:_identify(src/piper_moveit/piper_with_gripper_moveit) by extensions ['colcon_pkg']
[0.297s] Level 1:colcon.colcon_core.package_identification:_identify(src/piper_moveit/piper_with_gripper_moveit) by extension 'colcon_pkg'
[0.297s] Level 1:colcon.colcon_core.package_identification:_identify(src/piper_moveit/piper_with_gripper_moveit) by extensions ['colcon_meta']
[0.297s] Level 1:colcon.colcon_core.package_identification:_identify(src/piper_moveit/piper_with_gripper_moveit) by extension 'colcon_meta'
[0.297s] Level 1:colcon.colcon_core.package_identification:_identify(src/piper_moveit/piper_with_gripper_moveit) by extensions ['ros']
[0.297s] Level 1:colcon.colcon_core.package_identification:_identify(src/piper_moveit/piper_with_gripper_moveit) by extension 'ros'
[0.299s] DEBUG:colcon.colcon_core.package_identification:Package 'src/piper_moveit/piper_with_gripper_moveit' with type 'ros.ament_cmake' and name 'piper_with_gripper_moveit'
[0.299s] Level 1:colcon.colcon_core.package_identification:_identify(src/piper_msgs) by extensions ['ignore', 'ignore_ament_install']
[0.300s] Level 1:colcon.colcon_core.package_identification:_identify(src/piper_msgs) by extension 'ignore'
[0.300s] Level 1:colcon.colcon_core.package_identification:_identify(src/piper_msgs) by extension 'ignore_ament_install'
[0.300s] Level 1:colcon.colcon_core.package_identification:_identify(src/piper_msgs) by extensions ['colcon_pkg']
[0.300s] Level 1:colcon.colcon_core.package_identification:_identify(src/piper_msgs) by extension 'colcon_pkg'
[0.300s] Level 1:colcon.colcon_core.package_identification:_identify(src/piper_msgs) by extensions ['colcon_meta']
[0.300s] Level 1:colcon.colcon_core.package_identification:_identify(src/piper_msgs) by extension 'colcon_meta'
[0.300s] Level 1:colcon.colcon_core.package_identification:_identify(src/piper_msgs) by extensions ['ros']
[0.300s] Level 1:colcon.colcon_core.package_identification:_identify(src/piper_msgs) by extension 'ros'
[0.301s] DEBUG:colcon.colcon_core.package_identification:Package 'src/piper_msgs' with type 'ros.ament_cmake' and name 'piper_msgs'
[0.301s] Level 1:colcon.colcon_core.package_identification:_identify(src/piper_sim) by extensions ['ignore', 'ignore_ament_install']
[0.302s] Level 1:colcon.colcon_core.package_identification:_identify(src/piper_sim) by extension 'ignore'
[0.302s] Level 1:colcon.colcon_core.package_identification:_identify(src/piper_sim) by extension 'ignore_ament_install'
[0.302s] Level 1:colcon.colcon_core.package_identification:_identify(src/piper_sim) by extensions ['colcon_pkg']
[0.302s] Level 1:colcon.colcon_core.package_identification:_identify(src/piper_sim) by extension 'colcon_pkg'
[0.302s] Level 1:colcon.colcon_core.package_identification:_identify(src/piper_sim) by extensions ['colcon_meta']
[0.302s] Level 1:colcon.colcon_core.package_identification:_identify(src/piper_sim) by extension 'colcon_meta'
[0.302s] Level 1:colcon.colcon_core.package_identification:_identify(src/piper_sim) by extensions ['ros']
[0.302s] Level 1:colcon.colcon_core.package_identification:_identify(src/piper_sim) by extension 'ros'
[0.302s] Level 1:colcon.colcon_core.package_identification:_identify(src/piper_sim) by extensions ['cmake', 'python']
[0.302s] Level 1:colcon.colcon_core.package_identification:_identify(src/piper_sim) by extension 'cmake'
[0.302s] Level 1:colcon.colcon_core.package_identification:_identify(src/piper_sim) by extension 'python'
[0.303s] Level 1:colcon.colcon_core.package_identification:_identify(src/piper_sim) by extensions ['python_setup_py']
[0.303s] Level 1:colcon.colcon_core.package_identification:_identify(src/piper_sim) by extension 'python_setup_py'
[0.303s] Level 1:colcon.colcon_core.package_identification:_identify(src/piper_sim/piper_gazebo) by extensions ['ignore', 'ignore_ament_install']
[0.303s] Level 1:colcon.colcon_core.package_identification:_identify(src/piper_sim/piper_gazebo) by extension 'ignore'
[0.303s] Level 1:colcon.colcon_core.package_identification:_identify(src/piper_sim/piper_gazebo) by extension 'ignore_ament_install'
[0.303s] Level 1:colcon.colcon_core.package_identification:_identify(src/piper_sim/piper_gazebo) by extensions ['colcon_pkg']
[0.303s] Level 1:colcon.colcon_core.package_identification:_identify(src/piper_sim/piper_gazebo) by extension 'colcon_pkg'
[0.303s] Level 1:colcon.colcon_core.package_identification:_identify(src/piper_sim/piper_gazebo) by extensions ['colcon_meta']
[0.303s] Level 1:colcon.colcon_core.package_identification:_identify(src/piper_sim/piper_gazebo) by extension 'colcon_meta'
[0.303s] Level 1:colcon.colcon_core.package_identification:_identify(src/piper_sim/piper_gazebo) by extensions ['ros']
[0.304s] Level 1:colcon.colcon_core.package_identification:_identify(src/piper_sim/piper_gazebo) by extension 'ros'
[0.304s] DEBUG:colcon.colcon_core.package_identification:Package 'src/piper_sim/piper_gazebo' with type 'ros.ament_cmake' and name 'piper_gazebo'
[0.304s] Level 1:colcon.colcon_core.package_discovery:discover_packages(recursive) using defaults
[0.305s] Level 1:colcon.colcon_core.package_discovery:discover_packages(ignore) discover
[0.305s] Level 1:colcon.colcon_core.package_discovery:discover_packages(ignore) using defaults
[0.305s] Level 1:colcon.colcon_core.package_discovery:discover_packages(path) discover
[0.305s] Level 1:colcon.colcon_core.package_discovery:discover_packages(path) using defaults
[0.341s] Level 1:colcon.colcon_core.package_discovery:discover_packages(prefix_path) check parameters
[0.341s] Level 1:colcon.colcon_core.package_discovery:discover_packages(prefix_path) discover
[0.345s] DEBUG:colcon.colcon_installed_package_information.package_discovery:Found 7 installed packages in /home/cheon/Documents/dyros/piper-mou/piper_ros/install
[0.346s] DEBUG:colcon.colcon_installed_package_information.package_discovery:Found 11 installed packages in /home/cheon/Documents/dyros/piper-mou/install
[0.350s] DEBUG:colcon.colcon_installed_package_information.package_discovery:Found 360 installed packages in /opt/ros/humble
[0.352s] Level 1:colcon.colcon_core.package_discovery:discover_packages(prefix_path) using defaults
[0.437s] Level 5:colcon.colcon_core.verb:set package 'piper' build argument 'cmake_args' from command line to 'None'
[0.437s] Level 5:colcon.colcon_core.verb:set package 'piper' build argument 'cmake_target' from command line to 'None'
[0.437s] Level 5:colcon.colcon_core.verb:set package 'piper' build argument 'cmake_target_skip_unavailable' from command line to 'False'
[0.438s] Level 5:colcon.colcon_core.verb:set package 'piper' build argument 'cmake_clean_cache' from command line to 'False'
[0.438s] Level 5:colcon.colcon_core.verb:set package 'piper' build argument 'cmake_clean_first' from command line to 'False'
[0.438s] Level 5:colcon.colcon_core.verb:set package 'piper' build argument 'cmake_force_configure' from command line to 'False'
[0.438s] Level 5:colcon.colcon_core.verb:set package 'piper' build argument 'ament_cmake_args' from command line to 'None'
[0.438s] Level 5:colcon.colcon_core.verb:set package 'piper' build argument 'catkin_cmake_args' from command line to 'None'
[0.438s] Level 5:colcon.colcon_core.verb:set package 'piper' build argument 'catkin_skip_building_tests' from command line to 'False'
[0.438s] DEBUG:colcon.colcon_core.verb:Building package 'piper' with the following arguments: {'ament_cmake_args': None, 'build_base': '/home/cheon/Documents/dyros/piper-mou/piper_ros/build/piper', 'catkin_cmake_args': None, 'catkin_skip_building_tests': False, 'cmake_args': None, 'cmake_clean_cache': False, 'cmake_clean_first': False, 'cmake_force_configure': False, 'cmake_target': None, 'cmake_target_skip_unavailable': False, 'install_base': '/home/cheon/Documents/dyros/piper-mou/piper_ros/install/piper', 'merge_install': False, 'path': '/home/cheon/Documents/dyros/piper-mou/piper_ros/src/piper', 'symlink_install': False, 'test_result_base': None}
[0.439s] Level 5:colcon.colcon_core.verb:set package 'piper_description' build argument 'cmake_args' from command line to 'None'
[0.439s] Level 5:colcon.colcon_core.verb:set package 'piper_description' build argument 'cmake_target' from command line to 'None'
[0.439s] Level 5:colcon.colcon_core.verb:set package 'piper_description' build argument 'cmake_target_skip_unavailable' from command line to 'False'
[0.439s] Level 5:colcon.colcon_core.verb:set package 'piper_description' build argument 'cmake_clean_cache' from command line to 'False'
[0.439s] Level 5:colcon.colcon_core.verb:set package 'piper_description' build argument 'cmake_clean_first' from command line to 'False'
[0.439s] Level 5:colcon.colcon_core.verb:set package 'piper_description' build argument 'cmake_force_configure' from command line to 'False'
[0.439s] Level 5:colcon.colcon_core.verb:set package 'piper_description' build argument 'ament_cmake_args' from command line to 'None'
[0.439s] Level 5:colcon.colcon_core.verb:set package 'piper_description' build argument 'catkin_cmake_args' from command line to 'None'
[0.439s] Level 5:colcon.colcon_core.verb:set package 'piper_description' build argument 'catkin_skip_building_tests' from command line to 'False'
[0.439s] DEBUG:colcon.colcon_core.verb:Building package 'piper_description' with the following arguments: {'ament_cmake_args': None, 'build_base': '/home/cheon/Documents/dyros/piper-mou/piper_ros/build/piper_description', 'catkin_cmake_args': None, 'catkin_skip_building_tests': False, 'cmake_args': None, 'cmake_clean_cache': False, 'cmake_clean_first': False, 'cmake_force_configure': False, 'cmake_target': None, 'cmake_target_skip_unavailable': False, 'install_base': '/home/cheon/Documents/dyros/piper-mou/piper_ros/install/piper_description', 'merge_install': False, 'path': '/home/cheon/Documents/dyros/piper-mou/piper_ros/src/piper_description', 'symlink_install': False, 'test_result_base': None}
[0.440s] Level 5:colcon.colcon_core.verb:set package 'piper_gazebo' build argument 'cmake_args' from command line to 'None'
[0.440s] Level 5:colcon.colcon_core.verb:set package 'piper_gazebo' build argument 'cmake_target' from command line to 'None'
[0.440s] Level 5:colcon.colcon_core.verb:set package 'piper_gazebo' build argument 'cmake_target_skip_unavailable' from command line to 'False'
[0.440s] Level 5:colcon.colcon_core.verb:set package 'piper_gazebo' build argument 'cmake_clean_cache' from command line to 'False'
[0.440s] Level 5:colcon.colcon_core.verb:set package 'piper_gazebo' build argument 'cmake_clean_first' from command line to 'False'
[0.440s] Level 5:colcon.colcon_core.verb:set package 'piper_gazebo' build argument 'cmake_force_configure' from command line to 'False'
[0.440s] Level 5:colcon.colcon_core.verb:set package 'piper_gazebo' build argument 'ament_cmake_args' from command line to 'None'
[0.440s] Level 5:colcon.colcon_core.verb:set package 'piper_gazebo' build argument 'catkin_cmake_args' from command line to 'None'
[0.440s] Level 5:colcon.colcon_core.verb:set package 'piper_gazebo' build argument 'catkin_skip_building_tests' from command line to 'False'
[0.440s] DEBUG:colcon.colcon_core.verb:Building package 'piper_gazebo' with the following arguments: {'ament_cmake_args': None, 'build_base': '/home/cheon/Documents/dyros/piper-mou/piper_ros/build/piper_gazebo', 'catkin_cmake_args': None, 'catkin_skip_building_tests': False, 'cmake_args': None, 'cmake_clean_cache': False, 'cmake_clean_first': False, 'cmake_force_configure': False, 'cmake_target': None, 'cmake_target_skip_unavailable': False, 'install_base': '/home/cheon/Documents/dyros/piper-mou/piper_ros/install/piper_gazebo', 'merge_install': False, 'path': '/home/cheon/Documents/dyros/piper-mou/piper_ros/src/piper_sim/piper_gazebo', 'symlink_install': False, 'test_result_base': None}
[0.441s] Level 5:colcon.colcon_core.verb:set package 'piper_humble' build argument 'cmake_args' from command line to 'None'
[0.441s] Level 5:colcon.colcon_core.verb:set package 'piper_humble' build argument 'cmake_target' from command line to 'None'
[0.441s] Level 5:colcon.colcon_core.verb:set package 'piper_humble' build argument 'cmake_target_skip_unavailable' from command line to 'False'
[0.441s] Level 5:colcon.colcon_core.verb:set package 'piper_humble' build argument 'cmake_clean_cache' from command line to 'False'
[0.441s] Level 5:colcon.colcon_core.verb:set package 'piper_humble' build argument 'cmake_clean_first' from command line to 'False'
[0.441s] Level 5:colcon.colcon_core.verb:set package 'piper_humble' build argument 'cmake_force_configure' from command line to 'False'
[0.441s] Level 5:colcon.colcon_core.verb:set package 'piper_humble' build argument 'ament_cmake_args' from command line to 'None'
[0.441s] Level 5:colcon.colcon_core.verb:set package 'piper_humble' build argument 'catkin_cmake_args' from command line to 'None'
[0.441s] Level 5:colcon.colcon_core.verb:set package 'piper_humble' build argument 'catkin_skip_building_tests' from command line to 'False'
[0.441s] DEBUG:colcon.colcon_core.verb:Building package 'piper_humble' with the following arguments: {'ament_cmake_args': None, 'build_base': '/home/cheon/Documents/dyros/piper-mou/piper_ros/build/piper_humble', 'catkin_cmake_args': None, 'catkin_skip_building_tests': False, 'cmake_args': None, 'cmake_clean_cache': False, 'cmake_clean_first': False, 'cmake_force_configure': False, 'cmake_target': None, 'cmake_target_skip_unavailable': False, 'install_base': '/home/cheon/Documents/dyros/piper-mou/piper_ros/install/piper_humble', 'merge_install': False, 'path': '/home/cheon/Documents/dyros/piper-mou/piper_ros/src/piper_humble', 'symlink_install': False, 'test_result_base': None}
[0.442s] Level 5:colcon.colcon_core.verb:set package 'piper_msgs' build argument 'cmake_args' from command line to 'None'
[0.442s] Level 5:colcon.colcon_core.verb:set package 'piper_msgs' build argument 'cmake_target' from command line to 'None'
[0.442s] Level 5:colcon.colcon_core.verb:set package 'piper_msgs' build argument 'cmake_target_skip_unavailable' from command line to 'False'
[0.442s] Level 5:colcon.colcon_core.verb:set package 'piper_msgs' build argument 'cmake_clean_cache' from command line to 'False'
[0.442s] Level 5:colcon.colcon_core.verb:set package 'piper_msgs' build argument 'cmake_clean_first' from command line to 'False'
[0.442s] Level 5:colcon.colcon_core.verb:set package 'piper_msgs' build argument 'cmake_force_configure' from command line to 'False'
[0.442s] Level 5:colcon.colcon_core.verb:set package 'piper_msgs' build argument 'ament_cmake_args' from command line to 'None'
[0.442s] Level 5:colcon.colcon_core.verb:set package 'piper_msgs' build argument 'catkin_cmake_args' from command line to 'None'
[0.442s] Level 5:colcon.colcon_core.verb:set package 'piper_msgs' build argument 'catkin_skip_building_tests' from command line to 'False'
[0.442s] DEBUG:colcon.colcon_core.verb:Building package 'piper_msgs' with the following arguments: {'ament_cmake_args': None, 'build_base': '/home/cheon/Documents/dyros/piper-mou/piper_ros/build/piper_msgs', 'catkin_cmake_args': None, 'catkin_skip_building_tests': False, 'cmake_args': None, 'cmake_clean_cache': False, 'cmake_clean_first': False, 'cmake_force_configure': False, 'cmake_target': None, 'cmake_target_skip_unavailable': False, 'install_base': '/home/cheon/Documents/dyros/piper-mou/piper_ros/install/piper_msgs', 'merge_install': False, 'path': '/home/cheon/Documents/dyros/piper-mou/piper_ros/src/piper_msgs', 'symlink_install': False, 'test_result_base': None}
[0.443s] Level 5:colcon.colcon_core.verb:set package 'piper_no_gripper_moveit' build argument 'cmake_args' from command line to 'None'
[0.443s] Level 5:colcon.colcon_core.verb:set package 'piper_no_gripper_moveit' build argument 'cmake_target' from command line to 'None'
[0.443s] Level 5:colcon.colcon_core.verb:set package 'piper_no_gripper_moveit' build argument 'cmake_target_skip_unavailable' from command line to 'False'
[0.443s] Level 5:colcon.colcon_core.verb:set package 'piper_no_gripper_moveit' build argument 'cmake_clean_cache' from command line to 'False'
[0.443s] Level 5:colcon.colcon_core.verb:set package 'piper_no_gripper_moveit' build argument 'cmake_clean_first' from command line to 'False'
[0.443s] Level 5:colcon.colcon_core.verb:set package 'piper_no_gripper_moveit' build argument 'cmake_force_configure' from command line to 'False'
[0.443s] Level 5:colcon.colcon_core.verb:set package 'piper_no_gripper_moveit' build argument 'ament_cmake_args' from command line to 'None'
[0.443s] Level 5:colcon.colcon_core.verb:set package 'piper_no_gripper_moveit' build argument 'catkin_cmake_args' from command line to 'None'
[0.444s] Level 5:colcon.colcon_core.verb:set package 'piper_no_gripper_moveit' build argument 'catkin_skip_building_tests' from command line to 'False'
[0.444s] DEBUG:colcon.colcon_core.verb:Building package 'piper_no_gripper_moveit' with the following arguments: {'ament_cmake_args': None, 'build_base': '/home/cheon/Documents/dyros/piper-mou/piper_ros/build/piper_no_gripper_moveit', 'catkin_cmake_args': None, 'catkin_skip_building_tests': False, 'cmake_args': None, 'cmake_clean_cache': False, 'cmake_clean_first': False, 'cmake_force_configure': False, 'cmake_target': None, 'cmake_target_skip_unavailable': False, 'install_base': '/home/cheon/Documents/dyros/piper-mou/piper_ros/install/piper_no_gripper_moveit', 'merge_install': False, 'path': '/home/cheon/Documents/dyros/piper-mou/piper_ros/src/piper_moveit/piper_no_gripper_moveit', 'symlink_install': False, 'test_result_base': None}
[0.444s] Level 5:colcon.colcon_core.verb:set package 'piper_with_gripper_moveit' build argument 'cmake_args' from command line to 'None'
[0.444s] Level 5:colcon.colcon_core.verb:set package 'piper_with_gripper_moveit' build argument 'cmake_target' from command line to 'None'
[0.444s] Level 5:colcon.colcon_core.verb:set package 'piper_with_gripper_moveit' build argument 'cmake_target_skip_unavailable' from command line to 'False'
[0.444s] Level 5:colcon.colcon_core.verb:set package 'piper_with_gripper_moveit' build argument 'cmake_clean_cache' from command line to 'False'
[0.444s] Level 5:colcon.colcon_core.verb:set package 'piper_with_gripper_moveit' build argument 'cmake_clean_first' from command line to 'False'
[0.444s] Level 5:colcon.colcon_core.verb:set package 'piper_with_gripper_moveit' build argument 'cmake_force_configure' from command line to 'False'
[0.445s] Level 5:colcon.colcon_core.verb:set package 'piper_with_gripper_moveit' build argument 'ament_cmake_args' from command line to 'None'
[0.445s] Level 5:colcon.colcon_core.verb:set package 'piper_with_gripper_moveit' build argument 'catkin_cmake_args' from command line to 'None'
[0.445s] Level 5:colcon.colcon_core.verb:set package 'piper_with_gripper_moveit' build argument 'catkin_skip_building_tests' from command line to 'False'
[0.445s] DEBUG:colcon.colcon_core.verb:Building package 'piper_with_gripper_moveit' with the following arguments: {'ament_cmake_args': None, 'build_base': '/home/cheon/Documents/dyros/piper-mou/piper_ros/build/piper_with_gripper_moveit', 'catkin_cmake_args': None, 'catkin_skip_building_tests': False, 'cmake_args': None, 'cmake_clean_cache': False, 'cmake_clean_first': False, 'cmake_force_configure': False, 'cmake_target': None, 'cmake_target_skip_unavailable': False, 'install_base': '/home/cheon/Documents/dyros/piper-mou/piper_ros/install/piper_with_gripper_moveit', 'merge_install': False, 'path': '/home/cheon/Documents/dyros/piper-mou/piper_ros/src/piper_moveit/piper_with_gripper_moveit', 'symlink_install': False, 'test_result_base': None}
[0.445s] INFO:colcon.colcon_core.executor:Executing jobs using 'parallel' executor
[0.446s] DEBUG:colcon.colcon_parallel_executor.executor.parallel:run_until_complete
[0.447s] INFO:colcon.colcon_ros.task.ament_cmake.build:Building ROS package in '/home/cheon/Documents/dyros/piper-mou/piper_ros/src/piper_description' with build type 'ament_cmake'
[0.447s] INFO:colcon.colcon_cmake.task.cmake.build:Building CMake package in '/home/cheon/Documents/dyros/piper-mou/piper_ros/src/piper_description'
[0.451s] INFO:colcon.colcon_core.plugin_system:Skipping extension 'colcon_core.shell.bat': Not used on non-Windows systems
[0.452s] INFO:colcon.colcon_core.shell:Skip shell extension 'powershell' for command environment: Not usable outside of PowerShell
[0.452s] DEBUG:colcon.colcon_core.shell:Skip shell extension 'dsv' for command environment
[0.461s] INFO:colcon.colcon_ros.task.ament_python.build:Building ROS package in '/home/cheon/Documents/dyros/piper-mou/piper_ros/src/piper' with build type 'ament_python'
[0.461s] Level 1:colcon.colcon_core.shell:create_environment_hook('piper', 'ament_prefix_path')
[0.462s] INFO:colcon.colcon_core.shell:Creating environment hook '/home/cheon/Documents/dyros/piper-mou/piper_ros/install/piper/share/piper/hook/ament_prefix_path.ps1'
[0.463s] INFO:colcon.colcon_core.shell:Creating environment descriptor '/home/cheon/Documents/dyros/piper-mou/piper_ros/install/piper/share/piper/hook/ament_prefix_path.dsv'
[0.464s] INFO:colcon.colcon_core.shell:Creating environment hook '/home/cheon/Documents/dyros/piper-mou/piper_ros/install/piper/share/piper/hook/ament_prefix_path.sh'
[0.465s] INFO:colcon.colcon_core.shell:Skip shell extension 'powershell' for command environment: Not usable outside of PowerShell
[0.465s] DEBUG:colcon.colcon_core.shell:Skip shell extension 'dsv' for command environment
[0.471s] INFO:colcon.colcon_ros.task.ament_cmake.build:Building ROS package in '/home/cheon/Documents/dyros/piper-mou/piper_ros/src/piper_sim/piper_gazebo' with build type 'ament_cmake'
[0.472s] INFO:colcon.colcon_cmake.task.cmake.build:Building CMake package in '/home/cheon/Documents/dyros/piper-mou/piper_ros/src/piper_sim/piper_gazebo'
[0.472s] INFO:colcon.colcon_core.shell:Skip shell extension 'powershell' for command environment: Not usable outside of PowerShell
[0.473s] DEBUG:colcon.colcon_core.shell:Skip shell extension 'dsv' for command environment
[0.481s] INFO:colcon.colcon_ros.task.ament_cmake.build:Building ROS package in '/home/cheon/Documents/dyros/piper-mou/piper_ros/src/piper_humble' with build type 'ament_cmake'
[0.481s] INFO:colcon.colcon_cmake.task.cmake.build:Building CMake package in '/home/cheon/Documents/dyros/piper-mou/piper_ros/src/piper_humble'
[0.481s] INFO:colcon.colcon_core.shell:Skip shell extension 'powershell' for command environment: Not usable outside of PowerShell
[0.482s] DEBUG:colcon.colcon_core.shell:Skip shell extension 'dsv' for command environment
[0.489s] INFO:colcon.colcon_ros.task.ament_cmake.build:Building ROS package in '/home/cheon/Documents/dyros/piper-mou/piper_ros/src/piper_msgs' with build type 'ament_cmake'
[0.489s] INFO:colcon.colcon_cmake.task.cmake.build:Building CMake package in '/home/cheon/Documents/dyros/piper-mou/piper_ros/src/piper_msgs'
[0.490s] INFO:colcon.colcon_core.shell:Skip shell extension 'powershell' for command environment: Not usable outside of PowerShell
[0.490s] DEBUG:colcon.colcon_core.shell:Skip shell extension 'dsv' for command environment
[0.507s] DEBUG:colcon.colcon_core.event_handler.log_command:Invoking command in '/home/cheon/Documents/dyros/piper-mou/piper_ros/build/piper_description': CMAKE_PREFIX_PATH=${CMAKE_PREFIX_PATH}:/home/cheon/Documents/dyros/piper-mou/piper_ros/install/piper:/home/cheon/Documents/dyros/piper-mou/install/piper_mujoco:/home/cheon/Documents/dyros/piper-mou/install/piper:/opt/ros/humble CONDA_PROMPT_MODIFIER=(base) /usr/bin/cmake --build /home/cheon/Documents/dyros/piper-mou/piper_ros/build/piper_description -- -j12 -l12
[0.915s] INFO:colcon.colcon_core.task.python.build:Building Python package in '/home/cheon/Documents/dyros/piper-mou/piper_ros/src/piper'
[0.916s] INFO:colcon.colcon_core.shell:Skip shell extension 'powershell' for command environment: Not usable outside of PowerShell
[0.916s] DEBUG:colcon.colcon_core.shell:Skip shell extension 'dsv' for command environment
[0.927s] DEBUG:colcon.colcon_core.event_handler.log_command:Invoking command in '/home/cheon/Documents/dyros/piper-mou/piper_ros/build/piper_gazebo': CMAKE_PREFIX_PATH=${CMAKE_PREFIX_PATH}:/home/cheon/Documents/dyros/piper-mou/piper_ros/install/piper:/home/cheon/Documents/dyros/piper-mou/install/piper_mujoco:/home/cheon/Documents/dyros/piper-mou/install/piper:/opt/ros/humble CONDA_PROMPT_MODIFIER=(base) /usr/bin/cmake --build /home/cheon/Documents/dyros/piper-mou/piper_ros/build/piper_gazebo -- -j12 -l12
[0.932s] DEBUG:colcon.colcon_core.event_handler.log_command:Invoking command in '/home/cheon/Documents/dyros/piper-mou/piper_ros/build/piper_humble': CMAKE_PREFIX_PATH=${CMAKE_PREFIX_PATH}:/home/cheon/Documents/dyros/piper-mou/piper_ros/install/piper:/home/cheon/Documents/dyros/piper-mou/install/piper_mujoco:/home/cheon/Documents/dyros/piper-mou/install/piper:/opt/ros/humble CONDA_PROMPT_MODIFIER=(base) /usr/bin/cmake --build /home/cheon/Documents/dyros/piper-mou/piper_ros/build/piper_humble -- -j12 -l12
[0.941s] DEBUG:colcon.colcon_core.event_handler.log_command:Invoking command in '/home/cheon/Documents/dyros/piper-mou/piper_ros/build/piper_msgs': CMAKE_PREFIX_PATH=${CMAKE_PREFIX_PATH}:/home/cheon/Documents/dyros/piper-mou/piper_ros/install/piper:/home/cheon/Documents/dyros/piper-mou/install/piper_mujoco:/home/cheon/Documents/dyros/piper-mou/install/piper:/opt/ros/humble CONDA_PROMPT_MODIFIER=(base) /usr/bin/cmake --build /home/cheon/Documents/dyros/piper-mou/piper_ros/build/piper_msgs -- -j12 -l12
[0.942s] DEBUG:colcon.colcon_core.event_handler.log_command:Invoked command in '/home/cheon/Documents/dyros/piper-mou/piper_ros/build/piper_description' returned '0': CMAKE_PREFIX_PATH=${CMAKE_PREFIX_PATH}:/home/cheon/Documents/dyros/piper-mou/piper_ros/install/piper:/home/cheon/Documents/dyros/piper-mou/install/piper_mujoco:/home/cheon/Documents/dyros/piper-mou/install/piper:/opt/ros/humble CONDA_PROMPT_MODIFIER=(base) /usr/bin/cmake --build /home/cheon/Documents/dyros/piper-mou/piper_ros/build/piper_description -- -j12 -l12
[0.958s] DEBUG:colcon.colcon_core.event_handler.log_command:Invoking command in '/home/cheon/Documents/dyros/piper-mou/piper_ros/build/piper_description': CMAKE_PREFIX_PATH=${CMAKE_PREFIX_PATH}:/home/cheon/Documents/dyros/piper-mou/piper_ros/install/piper:/home/cheon/Documents/dyros/piper-mou/install/piper_mujoco:/home/cheon/Documents/dyros/piper-mou/install/piper:/opt/ros/humble CONDA_PROMPT_MODIFIER=(base) /usr/bin/cmake --install /home/cheon/Documents/dyros/piper-mou/piper_ros/build/piper_description
[1.029s] DEBUG:colcon.colcon_core.event_handler.log_command:Invoked command in '/home/cheon/Documents/dyros/piper-mou/piper_ros/build/piper_gazebo' returned '0': CMAKE_PREFIX_PATH=${CMAKE_PREFIX_PATH}:/home/cheon/Documents/dyros/piper-mou/piper_ros/install/piper:/home/cheon/Documents/dyros/piper-mou/install/piper_mujoco:/home/cheon/Documents/dyros/piper-mou/install/piper:/opt/ros/humble CONDA_PROMPT_MODIFIER=(base) /usr/bin/cmake --build /home/cheon/Documents/dyros/piper-mou/piper_ros/build/piper_gazebo -- -j12 -l12
[1.031s] DEBUG:colcon.colcon_core.event_handler.log_command:Invoking command in '/home/cheon/Documents/dyros/piper-mou/piper_ros/build/piper_gazebo': CMAKE_PREFIX_PATH=${CMAKE_PREFIX_PATH}:/home/cheon/Documents/dyros/piper-mou/piper_ros/install/piper:/home/cheon/Documents/dyros/piper-mou/install/piper_mujoco:/home/cheon/Documents/dyros/piper-mou/install/piper:/opt/ros/humble CONDA_PROMPT_MODIFIER=(base) /usr/bin/cmake --install /home/cheon/Documents/dyros/piper-mou/piper_ros/build/piper_gazebo
[1.034s] Level 1:colcon.colcon_core.environment:create_environment_scripts_only(piper_description)
[1.040s] DEBUG:colcon.colcon_core.event_handler.log_command:Invoked command in '/home/cheon/Documents/dyros/piper-mou/piper_ros/build/piper_humble' returned '0': CMAKE_PREFIX_PATH=${CMAKE_PREFIX_PATH}:/home/cheon/Documents/dyros/piper-mou/piper_ros/install/piper:/home/cheon/Documents/dyros/piper-mou/install/piper_mujoco:/home/cheon/Documents/dyros/piper-mou/install/piper:/opt/ros/humble CONDA_PROMPT_MODIFIER=(base) /usr/bin/cmake --build /home/cheon/Documents/dyros/piper-mou/piper_ros/build/piper_humble -- -j12 -l12
[1.042s] DEBUG:colcon.colcon_core.event_handler.log_command:Invoking command in '/home/cheon/Documents/dyros/piper-mou/piper_ros/build/piper_humble': CMAKE_PREFIX_PATH=${CMAKE_PREFIX_PATH}:/home/cheon/Documents/dyros/piper-mou/piper_ros/install/piper:/home/cheon/Documents/dyros/piper-mou/install/piper_mujoco:/home/cheon/Documents/dyros/piper-mou/install/piper:/opt/ros/humble CONDA_PROMPT_MODIFIER=(base) /usr/bin/cmake --install /home/cheon/Documents/dyros/piper-mou/piper_ros/build/piper_humble
[1.043s] DEBUG:colcon.colcon_core.event_handler.log_command:Invoked command in '/home/cheon/Documents/dyros/piper-mou/piper_ros/build/piper_description' returned '0': CMAKE_PREFIX_PATH=${CMAKE_PREFIX_PATH}:/home/cheon/Documents/dyros/piper-mou/piper_ros/install/piper:/home/cheon/Documents/dyros/piper-mou/install/piper_mujoco:/home/cheon/Documents/dyros/piper-mou/install/piper:/opt/ros/humble CONDA_PROMPT_MODIFIER=(base) /usr/bin/cmake --install /home/cheon/Documents/dyros/piper-mou/piper_ros/build/piper_description
[1.046s] Level 1:colcon.colcon_core.environment:checking '/home/cheon/Documents/dyros/piper-mou/piper_ros/install/piper_description' for CMake module files
[1.051s] Level 1:colcon.colcon_core.environment:checking '/home/cheon/Documents/dyros/piper-mou/piper_ros/install/piper_description' for CMake config files
[1.063s] Level 1:colcon.colcon_core.shell:create_environment_hook('piper_description', 'cmake_prefix_path')
[1.064s] INFO:colcon.colcon_core.shell:Creating environment hook '/home/cheon/Documents/dyros/piper-mou/piper_ros/install/piper_description/share/piper_description/hook/cmake_prefix_path.ps1'
[1.065s] INFO:colcon.colcon_core.shell:Creating environment descriptor '/home/cheon/Documents/dyros/piper-mou/piper_ros/install/piper_description/share/piper_description/hook/cmake_prefix_path.dsv'
[1.066s] INFO:colcon.colcon_core.shell:Creating environment hook '/home/cheon/Documents/dyros/piper-mou/piper_ros/install/piper_description/share/piper_description/hook/cmake_prefix_path.sh'
[1.068s] Level 1:colcon.colcon_core.environment:checking '/home/cheon/Documents/dyros/piper-mou/piper_ros/install/piper_description/bin'
[1.069s] Level 1:colcon.colcon_core.environment:checking '/home/cheon/Documents/dyros/piper-mou/piper_ros/install/piper_description/lib/pkgconfig/piper_description.pc'
[1.069s] Level 1:colcon.colcon_core.environment:checking '/home/cheon/Documents/dyros/piper-mou/piper_ros/install/piper_description/lib/python3.10/site-packages'
[1.070s] Level 1:colcon.colcon_core.environment:checking '/home/cheon/Documents/dyros/piper-mou/piper_ros/install/piper_description/bin'
[1.071s] INFO:colcon.colcon_core.shell:Creating package script '/home/cheon/Documents/dyros/piper-mou/piper_ros/install/piper_description/share/piper_description/package.ps1'
[1.074s] INFO:colcon.colcon_core.shell:Creating package descriptor '/home/cheon/Documents/dyros/piper-mou/piper_ros/install/piper_description/share/piper_description/package.dsv'
[1.076s] INFO:colcon.colcon_core.shell:Creating package script '/home/cheon/Documents/dyros/piper-mou/piper_ros/install/piper_description/share/piper_description/package.sh'
[1.079s] INFO:colcon.colcon_core.shell:Creating package script '/home/cheon/Documents/dyros/piper-mou/piper_ros/install/piper_description/share/piper_description/package.bash'
[1.083s] INFO:colcon.colcon_core.shell:Creating package script '/home/cheon/Documents/dyros/piper-mou/piper_ros/install/piper_description/share/piper_description/package.zsh'
[1.086s] Level 1:colcon.colcon_core.environment:create_file_with_runtime_dependencies(/home/cheon/Documents/dyros/piper-mou/piper_ros/install/piper_description/share/colcon-core/packages/piper_description)
[1.087s] Level 1:colcon.colcon_core.environment:create_environment_scripts_only(piper_description)
[1.088s] Level 1:colcon.colcon_core.environment:checking '/home/cheon/Documents/dyros/piper-mou/piper_ros/install/piper_description' for CMake module files
[1.095s] Level 1:colcon.colcon_core.environment:checking '/home/cheon/Documents/dyros/piper-mou/piper_ros/install/piper_description' for CMake config files
[1.100s] Level 1:colcon.colcon_core.shell:create_environment_hook('piper_description', 'cmake_prefix_path')
[1.102s] INFO:colcon.colcon_core.shell:Creating environment hook '/home/cheon/Documents/dyros/piper-mou/piper_ros/install/piper_description/share/piper_description/hook/cmake_prefix_path.ps1'
[1.104s] INFO:colcon.colcon_core.shell:Creating environment descriptor '/home/cheon/Documents/dyros/piper-mou/piper_ros/install/piper_description/share/piper_description/hook/cmake_prefix_path.dsv'
[1.105s] INFO:colcon.colcon_core.shell:Creating environment hook '/home/cheon/Documents/dyros/piper-mou/piper_ros/install/piper_description/share/piper_description/hook/cmake_prefix_path.sh'
[1.108s] Level 1:colcon.colcon_core.environment:checking '/home/cheon/Documents/dyros/piper-mou/piper_ros/install/piper_description/bin'
[1.108s] Level 1:colcon.colcon_core.environment:checking '/home/cheon/Documents/dyros/piper-mou/piper_ros/install/piper_description/lib/pkgconfig/piper_description.pc'
[1.109s] Level 1:colcon.colcon_core.environment:checking '/home/cheon/Documents/dyros/piper-mou/piper_ros/install/piper_description/lib/python3.10/site-packages'
[1.110s] Level 1:colcon.colcon_core.environment:checking '/home/cheon/Documents/dyros/piper-mou/piper_ros/install/piper_description/bin'
[1.111s] INFO:colcon.colcon_core.shell:Creating package script '/home/cheon/Documents/dyros/piper-mou/piper_ros/install/piper_description/share/piper_description/package.ps1'
[1.112s] INFO:colcon.colcon_core.shell:Creating package descriptor '/home/cheon/Documents/dyros/piper-mou/piper_ros/install/piper_description/share/piper_description/package.dsv'
[1.115s] INFO:colcon.colcon_core.shell:Creating package script '/home/cheon/Documents/dyros/piper-mou/piper_ros/install/piper_description/share/piper_description/package.sh'
[1.122s] INFO:colcon.colcon_core.shell:Creating package script '/home/cheon/Documents/dyros/piper-mou/piper_ros/install/piper_description/share/piper_description/package.bash'
[1.124s] INFO:colcon.colcon_core.shell:Creating package script '/home/cheon/Documents/dyros/piper-mou/piper_ros/install/piper_description/share/piper_description/package.zsh'
[1.125s] Level 1:colcon.colcon_core.environment:create_file_with_runtime_dependencies(/home/cheon/Documents/dyros/piper-mou/piper_ros/install/piper_description/share/colcon-core/packages/piper_description)
[1.128s] INFO:colcon.colcon_ros.task.ament_cmake.build:Building ROS package in '/home/cheon/Documents/dyros/piper-mou/piper_ros/src/piper_moveit/piper_no_gripper_moveit' with build type 'ament_cmake'
[1.129s] INFO:colcon.colcon_cmake.task.cmake.build:Building CMake package in '/home/cheon/Documents/dyros/piper-mou/piper_ros/src/piper_moveit/piper_no_gripper_moveit'
[1.129s] INFO:colcon.colcon_core.shell:Skip shell extension 'powershell' for command environment: Not usable outside of PowerShell
[1.130s] DEBUG:colcon.colcon_core.shell:Skip shell extension 'dsv' for command environment
[1.144s] INFO:colcon.colcon_ros.task.ament_cmake.build:Building ROS package in '/home/cheon/Documents/dyros/piper-mou/piper_ros/src/piper_moveit/piper_with_gripper_moveit' with build type 'ament_cmake'
[1.144s] INFO:colcon.colcon_cmake.task.cmake.build:Building CMake package in '/home/cheon/Documents/dyros/piper-mou/piper_ros/src/piper_moveit/piper_with_gripper_moveit'
[1.145s] INFO:colcon.colcon_core.shell:Skip shell extension 'powershell' for command environment: Not usable outside of PowerShell
[1.146s] DEBUG:colcon.colcon_core.shell:Skip shell extension 'dsv' for command environment
[1.160s] Level 1:colcon.colcon_core.environment:create_environment_scripts_only(piper_humble)
[1.161s] Level 1:colcon.colcon_core.environment:checking '/home/cheon/Documents/dyros/piper-mou/piper_ros/install/piper_humble' for CMake module files
[1.162s] DEBUG:colcon.colcon_core.event_handler.log_command:Invoked command in '/home/cheon/Documents/dyros/piper-mou/piper_ros/build/piper_humble' returned '0': CMAKE_PREFIX_PATH=${CMAKE_PREFIX_PATH}:/home/cheon/Documents/dyros/piper-mou/piper_ros/install/piper:/home/cheon/Documents/dyros/piper-mou/install/piper_mujoco:/home/cheon/Documents/dyros/piper-mou/install/piper:/opt/ros/humble CONDA_PROMPT_MODIFIER=(base) /usr/bin/cmake --install /home/cheon/Documents/dyros/piper-mou/piper_ros/build/piper_humble
[1.164s] Level 1:colcon.colcon_core.environment:checking '/home/cheon/Documents/dyros/piper-mou/piper_ros/install/piper_humble' for CMake config files
[1.164s] Level 1:colcon.colcon_core.shell:create_environment_hook('piper_humble', 'cmake_prefix_path')
[1.165s] INFO:colcon.colcon_core.shell:Creating environment hook '/home/cheon/Documents/dyros/piper-mou/piper_ros/install/piper_humble/share/piper_humble/hook/cmake_prefix_path.ps1'
[1.166s] INFO:colcon.colcon_core.shell:Creating environment descriptor '/home/cheon/Documents/dyros/piper-mou/piper_ros/install/piper_humble/share/piper_humble/hook/cmake_prefix_path.dsv'
[1.167s] INFO:colcon.colcon_core.shell:Creating environment hook '/home/cheon/Documents/dyros/piper-mou/piper_ros/install/piper_humble/share/piper_humble/hook/cmake_prefix_path.sh'
[1.168s] Level 1:colcon.colcon_core.environment:checking '/home/cheon/Documents/dyros/piper-mou/piper_ros/install/piper_humble/bin'
[1.168s] Level 1:colcon.colcon_core.environment:checking '/home/cheon/Documents/dyros/piper-mou/piper_ros/install/piper_humble/lib/pkgconfig/piper_humble.pc'
[1.169s] Level 1:colcon.colcon_core.environment:checking '/home/cheon/Documents/dyros/piper-mou/piper_ros/install/piper_humble/lib/python3.10/site-packages'
[1.169s] Level 1:colcon.colcon_core.environment:checking '/home/cheon/Documents/dyros/piper-mou/piper_ros/install/piper_humble/bin'
[1.170s] INFO:colcon.colcon_core.shell:Creating package script '/home/cheon/Documents/dyros/piper-mou/piper_ros/install/piper_humble/share/piper_humble/package.ps1'
[1.171s] INFO:colcon.colcon_core.shell:Creating package descriptor '/home/cheon/Documents/dyros/piper-mou/piper_ros/install/piper_humble/share/piper_humble/package.dsv'
[1.172s] INFO:colcon.colcon_core.shell:Creating package script '/home/cheon/Documents/dyros/piper-mou/piper_ros/install/piper_humble/share/piper_humble/package.sh'
[1.172s] INFO:colcon.colcon_core.shell:Creating package script '/home/cheon/Documents/dyros/piper-mou/piper_ros/install/piper_humble/share/piper_humble/package.bash'
[1.174s] INFO:colcon.colcon_core.shell:Creating package script '/home/cheon/Documents/dyros/piper-mou/piper_ros/install/piper_humble/share/piper_humble/package.zsh'
[1.174s] Level 1:colcon.colcon_core.environment:create_file_with_runtime_dependencies(/home/cheon/Documents/dyros/piper-mou/piper_ros/install/piper_humble/share/colcon-core/packages/piper_humble)
[1.175s] Level 1:colcon.colcon_core.environment:create_environment_scripts_only(piper_humble)
[1.176s] Level 1:colcon.colcon_core.environment:checking '/home/cheon/Documents/dyros/piper-mou/piper_ros/install/piper_humble' for CMake module files
[1.177s] Level 1:colcon.colcon_core.environment:checking '/home/cheon/Documents/dyros/piper-mou/piper_ros/install/piper_humble' for CMake config files
[1.178s] Level 1:colcon.colcon_core.shell:create_environment_hook('piper_humble', 'cmake_prefix_path')
[1.179s] INFO:colcon.colcon_core.shell:Creating environment hook '/home/cheon/Documents/dyros/piper-mou/piper_ros/install/piper_humble/share/piper_humble/hook/cmake_prefix_path.ps1'
[1.179s] INFO:colcon.colcon_core.shell:Creating environment descriptor '/home/cheon/Documents/dyros/piper-mou/piper_ros/install/piper_humble/share/piper_humble/hook/cmake_prefix_path.dsv'
[1.180s] INFO:colcon.colcon_core.shell:Creating environment hook '/home/cheon/Documents/dyros/piper-mou/piper_ros/install/piper_humble/share/piper_humble/hook/cmake_prefix_path.sh'
[1.182s] Level 1:colcon.colcon_core.environment:checking '/home/cheon/Documents/dyros/piper-mou/piper_ros/install/piper_humble/bin'
[1.182s] Level 1:colcon.colcon_core.environment:checking '/home/cheon/Documents/dyros/piper-mou/piper_ros/install/piper_humble/lib/pkgconfig/piper_humble.pc'
[1.183s] Level 1:colcon.colcon_core.environment:checking '/home/cheon/Documents/dyros/piper-mou/piper_ros/install/piper_humble/lib/python3.10/site-packages'
[1.183s] Level 1:colcon.colcon_core.environment:checking '/home/cheon/Documents/dyros/piper-mou/piper_ros/install/piper_humble/bin'
[1.184s] INFO:colcon.colcon_core.shell:Creating package script '/home/cheon/Documents/dyros/piper-mou/piper_ros/install/piper_humble/share/piper_humble/package.ps1'
[1.185s] INFO:colcon.colcon_core.shell:Creating package descriptor '/home/cheon/Documents/dyros/piper-mou/piper_ros/install/piper_humble/share/piper_humble/package.dsv'
[1.186s] INFO:colcon.colcon_core.shell:Creating package script '/home/cheon/Documents/dyros/piper-mou/piper_ros/install/piper_humble/share/piper_humble/package.sh'
[1.187s] INFO:colcon.colcon_core.shell:Creating package script '/home/cheon/Documents/dyros/piper-mou/piper_ros/install/piper_humble/share/piper_humble/package.bash'
[1.189s] INFO:colcon.colcon_core.shell:Creating package script '/home/cheon/Documents/dyros/piper-mou/piper_ros/install/piper_humble/share/piper_humble/package.zsh'
[1.190s] Level 1:colcon.colcon_core.environment:create_file_with_runtime_dependencies(/home/cheon/Documents/dyros/piper-mou/piper_ros/install/piper_humble/share/colcon-core/packages/piper_humble)
[1.193s] Level 1:colcon.colcon_core.environment:create_environment_scripts_only(piper_gazebo)
[1.193s] Level 1:colcon.colcon_core.environment:checking '/home/cheon/Documents/dyros/piper-mou/piper_ros/install/piper_gazebo' for CMake module files
[1.195s] DEBUG:colcon.colcon_core.event_handler.log_command:Invoked command in '/home/cheon/Documents/dyros/piper-mou/piper_ros/build/piper_gazebo' returned '0': CMAKE_PREFIX_PATH=${CMAKE_PREFIX_PATH}:/home/cheon/Documents/dyros/piper-mou/piper_ros/install/piper:/home/cheon/Documents/dyros/piper-mou/install/piper_mujoco:/home/cheon/Documents/dyros/piper-mou/install/piper:/opt/ros/humble CONDA_PROMPT_MODIFIER=(base) /usr/bin/cmake --install /home/cheon/Documents/dyros/piper-mou/piper_ros/build/piper_gazebo
[1.196s] Level 1:colcon.colcon_core.environment:checking '/home/cheon/Documents/dyros/piper-mou/piper_ros/install/piper_gazebo' for CMake config files
[1.197s] Level 1:colcon.colcon_core.shell:create_environment_hook('piper_gazebo', 'cmake_prefix_path')
[1.198s] INFO:colcon.colcon_core.shell:Creating environment hook '/home/cheon/Documents/dyros/piper-mou/piper_ros/install/piper_gazebo/share/piper_gazebo/hook/cmake_prefix_path.ps1'
[1.199s] INFO:colcon.colcon_core.shell:Creating environment descriptor '/home/cheon/Documents/dyros/piper-mou/piper_ros/install/piper_gazebo/share/piper_gazebo/hook/cmake_prefix_path.dsv'
[1.200s] INFO:colcon.colcon_core.shell:Creating environment hook '/home/cheon/Documents/dyros/piper-mou/piper_ros/install/piper_gazebo/share/piper_gazebo/hook/cmake_prefix_path.sh'
[1.201s] Level 1:colcon.colcon_core.environment:checking '/home/cheon/Documents/dyros/piper-mou/piper_ros/install/piper_gazebo/lib'
[1.202s] Level 1:colcon.colcon_core.environment:checking '/home/cheon/Documents/dyros/piper-mou/piper_ros/install/piper_gazebo/bin'
[1.202s] Level 1:colcon.colcon_core.environment:checking '/home/cheon/Documents/dyros/piper-mou/piper_ros/install/piper_gazebo/lib/pkgconfig/piper_gazebo.pc'
[1.203s] Level 1:colcon.colcon_core.environment:checking '/home/cheon/Documents/dyros/piper-mou/piper_ros/install/piper_gazebo/lib/python3.10/site-packages'
[1.204s] Level 1:colcon.colcon_core.environment:checking '/home/cheon/Documents/dyros/piper-mou/piper_ros/install/piper_gazebo/bin'
[1.205s] INFO:colcon.colcon_core.shell:Creating package script '/home/cheon/Documents/dyros/piper-mou/piper_ros/install/piper_gazebo/share/piper_gazebo/package.ps1'
[1.206s] INFO:colcon.colcon_core.shell:Creating package descriptor '/home/cheon/Documents/dyros/piper-mou/piper_ros/install/piper_gazebo/share/piper_gazebo/package.dsv'
[1.207s] INFO:colcon.colcon_core.shell:Creating package script '/home/cheon/Documents/dyros/piper-mou/piper_ros/install/piper_gazebo/share/piper_gazebo/package.sh'
[1.208s] INFO:colcon.colcon_core.shell:Creating package script '/home/cheon/Documents/dyros/piper-mou/piper_ros/install/piper_gazebo/share/piper_gazebo/package.bash'
[1.209s] INFO:colcon.colcon_core.shell:Creating package script '/home/cheon/Documents/dyros/piper-mou/piper_ros/install/piper_gazebo/share/piper_gazebo/package.zsh'
[1.210s] Level 1:colcon.colcon_core.environment:create_file_with_runtime_dependencies(/home/cheon/Documents/dyros/piper-mou/piper_ros/install/piper_gazebo/share/colcon-core/packages/piper_gazebo)
[1.212s] Level 1:colcon.colcon_core.environment:create_environment_scripts_only(piper_gazebo)
[1.213s] Level 1:colcon.colcon_core.environment:checking '/home/cheon/Documents/dyros/piper-mou/piper_ros/install/piper_gazebo' for CMake module files
[1.215s] Level 1:colcon.colcon_core.environment:checking '/home/cheon/Documents/dyros/piper-mou/piper_ros/install/piper_gazebo' for CMake config files
[1.216s] Level 1:colcon.colcon_core.shell:create_environment_hook('piper_gazebo', 'cmake_prefix_path')
[1.216s] INFO:colcon.colcon_core.shell:Creating environment hook '/home/cheon/Documents/dyros/piper-mou/piper_ros/install/piper_gazebo/share/piper_gazebo/hook/cmake_prefix_path.ps1'
[1.217s] INFO:colcon.colcon_core.shell:Creating environment descriptor '/home/cheon/Documents/dyros/piper-mou/piper_ros/install/piper_gazebo/share/piper_gazebo/hook/cmake_prefix_path.dsv'
[1.218s] INFO:colcon.colcon_core.shell:Creating environment hook '/home/cheon/Documents/dyros/piper-mou/piper_ros/install/piper_gazebo/share/piper_gazebo/hook/cmake_prefix_path.sh'
[1.220s] Level 1:colcon.colcon_core.environment:checking '/home/cheon/Documents/dyros/piper-mou/piper_ros/install/piper_gazebo/lib'
[1.220s] Level 1:colcon.colcon_core.environment:checking '/home/cheon/Documents/dyros/piper-mou/piper_ros/install/piper_gazebo/bin'
[1.220s] Level 1:colcon.colcon_core.environment:checking '/home/cheon/Documents/dyros/piper-mou/piper_ros/install/piper_gazebo/lib/pkgconfig/piper_gazebo.pc'
[1.221s] Level 1:colcon.colcon_core.environment:checking '/home/cheon/Documents/dyros/piper-mou/piper_ros/install/piper_gazebo/lib/python3.10/site-packages'
[1.221s] Level 1:colcon.colcon_core.environment:checking '/home/cheon/Documents/dyros/piper-mou/piper_ros/install/piper_gazebo/bin'
[1.222s] INFO:colcon.colcon_core.shell:Creating package script '/home/cheon/Documents/dyros/piper-mou/piper_ros/install/piper_gazebo/share/piper_gazebo/package.ps1'
[1.224s] INFO:colcon.colcon_core.shell:Creating package descriptor '/home/cheon/Documents/dyros/piper-mou/piper_ros/install/piper_gazebo/share/piper_gazebo/package.dsv'
[1.225s] INFO:colcon.colcon_core.shell:Creating package script '/home/cheon/Documents/dyros/piper-mou/piper_ros/install/piper_gazebo/share/piper_gazebo/package.sh'
[1.226s] INFO:colcon.colcon_core.shell:Creating package script '/home/cheon/Documents/dyros/piper-mou/piper_ros/install/piper_gazebo/share/piper_gazebo/package.bash'
[1.227s] INFO:colcon.colcon_core.shell:Creating package script '/home/cheon/Documents/dyros/piper-mou/piper_ros/install/piper_gazebo/share/piper_gazebo/package.zsh'
[1.228s] Level 1:colcon.colcon_core.environment:create_file_with_runtime_dependencies(/home/cheon/Documents/dyros/piper-mou/piper_ros/install/piper_gazebo/share/colcon-core/packages/piper_gazebo)
[1.238s] DEBUG:colcon.colcon_core.event_handler.log_command:Invoking command in '/home/cheon/Documents/dyros/piper-mou/piper_ros/build/piper_no_gripper_moveit': CMAKE_PREFIX_PATH=/home/cheon/Documents/dyros/piper-mou/piper_ros/install/piper_description:/home/cheon/Documents/dyros/piper-mou/piper_ros/install/piper_with_gripper_moveit:/home/cheon/Documents/dyros/piper-mou/piper_ros/install/piper_no_gripper_moveit:/home/cheon/Documents/dyros/piper-mou/piper_ros/install/piper_msgs:/home/cheon/Documents/dyros/piper-mou/piper_ros/install/piper_humble:/home/cheon/Documents/dyros/piper-mou/piper_ros/install/piper_gazebo:/home/cheon/Documents/dyros/piper-mou/install/xela_server_ros2:/home/cheon/Documents/dyros/piper-mou/install/topic_based_ros2_control:/home/cheon/Documents/dyros/piper-mou/install/piper_with_gripper_moveit:/home/cheon/Documents/dyros/piper-mou/install/piper_no_gripper_moveit:/home/cheon/Documents/dyros/piper-mou/install/piper_msgs:/home/cheon/Documents/dyros/piper-mou/install/piper_humble:/home/cheon/Documents/dyros/piper-mou/install/piper_gazebo:/home/cheon/Documents/dyros/piper-mou/install/piper_description:/home/cheon/Documents/dyros/piper-mou/install/moveit_mujoco_interface:/home/cheon/Documents/dyros/piper-mou/piper_ros/install/piper:/home/cheon/Documents/dyros/piper-mou/install/piper_mujoco:/home/cheon/Documents/dyros/piper-mou/install/piper:/opt/ros/humble CONDA_PROMPT_MODIFIER=(base) /usr/bin/cmake --build /home/cheon/Documents/dyros/piper-mou/piper_ros/build/piper_no_gripper_moveit -- -j12 -l12
[1.245s] DEBUG:colcon.colcon_core.event_handler.log_command:Invoking command in '/home/cheon/Documents/dyros/piper-mou/piper_ros/build/piper_with_gripper_moveit': CMAKE_PREFIX_PATH=/home/cheon/Documents/dyros/piper-mou/piper_ros/install/piper_description:/home/cheon/Documents/dyros/piper-mou/piper_ros/install/piper_with_gripper_moveit:/home/cheon/Documents/dyros/piper-mou/piper_ros/install/piper_no_gripper_moveit:/home/cheon/Documents/dyros/piper-mou/piper_ros/install/piper_msgs:/home/cheon/Documents/dyros/piper-mou/piper_ros/install/piper_humble:/home/cheon/Documents/dyros/piper-mou/piper_ros/install/piper_gazebo:/home/cheon/Documents/dyros/piper-mou/install/xela_server_ros2:/home/cheon/Documents/dyros/piper-mou/install/topic_based_ros2_control:/home/cheon/Documents/dyros/piper-mou/install/piper_with_gripper_moveit:/home/cheon/Documents/dyros/piper-mou/install/piper_no_gripper_moveit:/home/cheon/Documents/dyros/piper-mou/install/piper_msgs:/home/cheon/Documents/dyros/piper-mou/install/piper_humble:/home/cheon/Documents/dyros/piper-mou/install/piper_gazebo:/home/cheon/Documents/dyros/piper-mou/install/piper_description:/home/cheon/Documents/dyros/piper-mou/install/moveit_mujoco_interface:/home/cheon/Documents/dyros/piper-mou/piper_ros/install/piper:/home/cheon/Documents/dyros/piper-mou/install/piper_mujoco:/home/cheon/Documents/dyros/piper-mou/install/piper:/opt/ros/humble CONDA_PROMPT_MODIFIER=(base) /usr/bin/cmake --build /home/cheon/Documents/dyros/piper-mou/piper_ros/build/piper_with_gripper_moveit -- -j12 -l12
[1.325s] DEBUG:colcon.colcon_core.event_handler.log_command:Invoked command in '/home/cheon/Documents/dyros/piper-mou/piper_ros/build/piper_no_gripper_moveit' returned '0': CMAKE_PREFIX_PATH=/home/cheon/Documents/dyros/piper-mou/piper_ros/install/piper_description:/home/cheon/Documents/dyros/piper-mou/piper_ros/install/piper_with_gripper_moveit:/home/cheon/Documents/dyros/piper-mou/piper_ros/install/piper_no_gripper_moveit:/home/cheon/Documents/dyros/piper-mou/piper_ros/install/piper_msgs:/home/cheon/Documents/dyros/piper-mou/piper_ros/install/piper_humble:/home/cheon/Documents/dyros/piper-mou/piper_ros/install/piper_gazebo:/home/cheon/Documents/dyros/piper-mou/install/xela_server_ros2:/home/cheon/Documents/dyros/piper-mou/install/topic_based_ros2_control:/home/cheon/Documents/dyros/piper-mou/install/piper_with_gripper_moveit:/home/cheon/Documents/dyros/piper-mou/install/piper_no_gripper_moveit:/home/cheon/Documents/dyros/piper-mou/install/piper_msgs:/home/cheon/Documents/dyros/piper-mou/install/piper_humble:/home/cheon/Documents/dyros/piper-mou/install/piper_gazebo:/home/cheon/Documents/dyros/piper-mou/install/piper_description:/home/cheon/Documents/dyros/piper-mou/install/moveit_mujoco_interface:/home/cheon/Documents/dyros/piper-mou/piper_ros/install/piper:/home/cheon/Documents/dyros/piper-mou/install/piper_mujoco:/home/cheon/Documents/dyros/piper-mou/install/piper:/opt/ros/humble CONDA_PROMPT_MODIFIER=(base) /usr/bin/cmake --build /home/cheon/Documents/dyros/piper-mou/piper_ros/build/piper_no_gripper_moveit -- -j12 -l12
[1.327s] DEBUG:colcon.colcon_core.event_handler.log_command:Invoking command in '/home/cheon/Documents/dyros/piper-mou/piper_ros/build/piper_no_gripper_moveit': CMAKE_PREFIX_PATH=/home/cheon/Documents/dyros/piper-mou/piper_ros/install/piper_description:/home/cheon/Documents/dyros/piper-mou/piper_ros/install/piper_with_gripper_moveit:/home/cheon/Documents/dyros/piper-mou/piper_ros/install/piper_no_gripper_moveit:/home/cheon/Documents/dyros/piper-mou/piper_ros/install/piper_msgs:/home/cheon/Documents/dyros/piper-mou/piper_ros/install/piper_humble:/home/cheon/Documents/dyros/piper-mou/piper_ros/install/piper_gazebo:/home/cheon/Documents/dyros/piper-mou/install/xela_server_ros2:/home/cheon/Documents/dyros/piper-mou/install/topic_based_ros2_control:/home/cheon/Documents/dyros/piper-mou/install/piper_with_gripper_moveit:/home/cheon/Documents/dyros/piper-mou/install/piper_no_gripper_moveit:/home/cheon/Documents/dyros/piper-mou/install/piper_msgs:/home/cheon/Documents/dyros/piper-mou/install/piper_humble:/home/cheon/Documents/dyros/piper-mou/install/piper_gazebo:/home/cheon/Documents/dyros/piper-mou/install/piper_description:/home/cheon/Documents/dyros/piper-mou/install/moveit_mujoco_interface:/home/cheon/Documents/dyros/piper-mou/piper_ros/install/piper:/home/cheon/Documents/dyros/piper-mou/install/piper_mujoco:/home/cheon/Documents/dyros/piper-mou/install/piper:/opt/ros/humble CONDA_PROMPT_MODIFIER=(base) /usr/bin/cmake --install /home/cheon/Documents/dyros/piper-mou/piper_ros/build/piper_no_gripper_moveit
[1.432s] Level 1:colcon.colcon_core.environment:create_environment_scripts_only(piper_no_gripper_moveit)
[1.433s] Level 1:colcon.colcon_core.environment:checking '/home/cheon/Documents/dyros/piper-mou/piper_ros/install/piper_no_gripper_moveit' for CMake module files
[1.435s] DEBUG:colcon.colcon_core.event_handler.log_command:Invoked command in '/home/cheon/Documents/dyros/piper-mou/piper_ros/build/piper_no_gripper_moveit' returned '0': CMAKE_PREFIX_PATH=/home/cheon/Documents/dyros/piper-mou/piper_ros/install/piper_description:/home/cheon/Documents/dyros/piper-mou/piper_ros/install/piper_with_gripper_moveit:/home/cheon/Documents/dyros/piper-mou/piper_ros/install/piper_no_gripper_moveit:/home/cheon/Documents/dyros/piper-mou/piper_ros/install/piper_msgs:/home/cheon/Documents/dyros/piper-mou/piper_ros/install/piper_humble:/home/cheon/Documents/dyros/piper-mou/piper_ros/install/piper_gazebo:/home/cheon/Documents/dyros/piper-mou/install/xela_server_ros2:/home/cheon/Documents/dyros/piper-mou/install/topic_based_ros2_control:/home/cheon/Documents/dyros/piper-mou/install/piper_with_gripper_moveit:/home/cheon/Documents/dyros/piper-mou/install/piper_no_gripper_moveit:/home/cheon/Documents/dyros/piper-mou/install/piper_msgs:/home/cheon/Documents/dyros/piper-mou/install/piper_humble:/home/cheon/Documents/dyros/piper-mou/install/piper_gazebo:/home/cheon/Documents/dyros/piper-mou/install/piper_description:/home/cheon/Documents/dyros/piper-mou/install/moveit_mujoco_interface:/home/cheon/Documents/dyros/piper-mou/piper_ros/install/piper:/home/cheon/Documents/dyros/piper-mou/install/piper_mujoco:/home/cheon/Documents/dyros/piper-mou/install/piper:/opt/ros/humble CONDA_PROMPT_MODIFIER=(base) /usr/bin/cmake --install /home/cheon/Documents/dyros/piper-mou/piper_ros/build/piper_no_gripper_moveit
[1.437s] Level 1:colcon.colcon_core.environment:checking '/home/cheon/Documents/dyros/piper-mou/piper_ros/install/piper_no_gripper_moveit' for CMake config files
[1.439s] Level 1:colcon.colcon_core.shell:create_environment_hook('piper_no_gripper_moveit', 'cmake_prefix_path')
[1.441s] INFO:colcon.colcon_core.shell:Creating environment hook '/home/cheon/Documents/dyros/piper-mou/piper_ros/install/piper_no_gripper_moveit/share/piper_no_gripper_moveit/hook/cmake_prefix_path.ps1'
[1.443s] INFO:colcon.colcon_core.shell:Creating environment descriptor '/home/cheon/Documents/dyros/piper-mou/piper_ros/install/piper_no_gripper_moveit/share/piper_no_gripper_moveit/hook/cmake_prefix_path.dsv'
[1.446s] INFO:colcon.colcon_core.shell:Creating environment hook '/home/cheon/Documents/dyros/piper-mou/piper_ros/install/piper_no_gripper_moveit/share/piper_no_gripper_moveit/hook/cmake_prefix_path.sh'
[1.451s] Level 1:colcon.colcon_core.environment:checking '/home/cheon/Documents/dyros/piper-mou/piper_ros/install/piper_no_gripper_moveit/bin'
[1.451s] Level 1:colcon.colcon_core.environment:checking '/home/cheon/Documents/dyros/piper-mou/piper_ros/install/piper_no_gripper_moveit/lib/pkgconfig/piper_no_gripper_moveit.pc'
[1.452s] Level 1:colcon.colcon_core.environment:checking '/home/cheon/Documents/dyros/piper-mou/piper_ros/install/piper_no_gripper_moveit/lib/python3.10/site-packages'
[1.452s] Level 1:colcon.colcon_core.environment:checking '/home/cheon/Documents/dyros/piper-mou/piper_ros/install/piper_no_gripper_moveit/bin'
[1.453s] INFO:colcon.colcon_core.shell:Creating package script '/home/cheon/Documents/dyros/piper-mou/piper_ros/install/piper_no_gripper_moveit/share/piper_no_gripper_moveit/package.ps1'
[1.457s] INFO:colcon.colcon_core.shell:Creating package descriptor '/home/cheon/Documents/dyros/piper-mou/piper_ros/install/piper_no_gripper_moveit/share/piper_no_gripper_moveit/package.dsv'
[1.468s] INFO:colcon.colcon_core.shell:Creating package script '/home/cheon/Documents/dyros/piper-mou/piper_ros/install/piper_no_gripper_moveit/share/piper_no_gripper_moveit/package.sh'
[1.474s] INFO:colcon.colcon_core.shell:Creating package script '/home/cheon/Documents/dyros/piper-mou/piper_ros/install/piper_no_gripper_moveit/share/piper_no_gripper_moveit/package.bash'
[1.476s] INFO:colcon.colcon_core.shell:Creating package script '/home/cheon/Documents/dyros/piper-mou/piper_ros/install/piper_no_gripper_moveit/share/piper_no_gripper_moveit/package.zsh'
[1.478s] Level 1:colcon.colcon_core.environment:create_file_with_runtime_dependencies(/home/cheon/Documents/dyros/piper-mou/piper_ros/install/piper_no_gripper_moveit/share/colcon-core/packages/piper_no_gripper_moveit)
[1.482s] Level 1:colcon.colcon_core.environment:create_environment_scripts_only(piper_no_gripper_moveit)
[1.483s] Level 1:colcon.colcon_core.environment:checking '/home/cheon/Documents/dyros/piper-mou/piper_ros/install/piper_no_gripper_moveit' for CMake module files
[1.486s] Level 1:colcon.colcon_core.environment:checking '/home/cheon/Documents/dyros/piper-mou/piper_ros/install/piper_no_gripper_moveit' for CMake config files
[1.488s] Level 1:colcon.colcon_core.shell:create_environment_hook('piper_no_gripper_moveit', 'cmake_prefix_path')
[1.490s] INFO:colcon.colcon_core.shell:Creating environment hook '/home/cheon/Documents/dyros/piper-mou/piper_ros/install/piper_no_gripper_moveit/share/piper_no_gripper_moveit/hook/cmake_prefix_path.ps1'
[1.496s] INFO:colcon.colcon_core.shell:Creating environment descriptor '/home/cheon/Documents/dyros/piper-mou/piper_ros/install/piper_no_gripper_moveit/share/piper_no_gripper_moveit/hook/cmake_prefix_path.dsv'
[1.497s] INFO:colcon.colcon_core.shell:Creating environment hook '/home/cheon/Documents/dyros/piper-mou/piper_ros/install/piper_no_gripper_moveit/share/piper_no_gripper_moveit/hook/cmake_prefix_path.sh'
[1.499s] Level 1:colcon.colcon_core.environment:checking '/home/cheon/Documents/dyros/piper-mou/piper_ros/install/piper_no_gripper_moveit/bin'
[1.499s] Level 1:colcon.colcon_core.environment:checking '/home/cheon/Documents/dyros/piper-mou/piper_ros/install/piper_no_gripper_moveit/lib/pkgconfig/piper_no_gripper_moveit.pc'
[1.500s] Level 1:colcon.colcon_core.environment:checking '/home/cheon/Documents/dyros/piper-mou/piper_ros/install/piper_no_gripper_moveit/lib/python3.10/site-packages'
[1.501s] Level 1:colcon.colcon_core.environment:checking '/home/cheon/Documents/dyros/piper-mou/piper_ros/install/piper_no_gripper_moveit/bin'
[1.502s] INFO:colcon.colcon_core.shell:Creating package script '/home/cheon/Documents/dyros/piper-mou/piper_ros/install/piper_no_gripper_moveit/share/piper_no_gripper_moveit/package.ps1'
[1.505s] INFO:colcon.colcon_core.shell:Creating package descriptor '/home/cheon/Documents/dyros/piper-mou/piper_ros/install/piper_no_gripper_moveit/share/piper_no_gripper_moveit/package.dsv'
[1.508s] INFO:colcon.colcon_core.shell:Creating package script '/home/cheon/Documents/dyros/piper-mou/piper_ros/install/piper_no_gripper_moveit/share/piper_no_gripper_moveit/package.sh'
[1.511s] INFO:colcon.colcon_core.shell:Creating package script '/home/cheon/Documents/dyros/piper-mou/piper_ros/install/piper_no_gripper_moveit/share/piper_no_gripper_moveit/package.bash'
[1.518s] INFO:colcon.colcon_core.shell:Creating package script '/home/cheon/Documents/dyros/piper-mou/piper_ros/install/piper_no_gripper_moveit/share/piper_no_gripper_moveit/package.zsh'
[1.519s] Level 1:colcon.colcon_core.environment:create_file_with_runtime_dependencies(/home/cheon/Documents/dyros/piper-mou/piper_ros/install/piper_no_gripper_moveit/share/colcon-core/packages/piper_no_gripper_moveit)
[2.129s] DEBUG:colcon.colcon_core.event_handler.log_command:Invoked command in '/home/cheon/Documents/dyros/piper-mou/piper_ros/build/piper_msgs' returned '0': CMAKE_PREFIX_PATH=${CMAKE_PREFIX_PATH}:/home/cheon/Documents/dyros/piper-mou/piper_ros/install/piper:/home/cheon/Documents/dyros/piper-mou/install/piper_mujoco:/home/cheon/Documents/dyros/piper-mou/install/piper:/opt/ros/humble CONDA_PROMPT_MODIFIER=(base) /usr/bin/cmake --build /home/cheon/Documents/dyros/piper-mou/piper_ros/build/piper_msgs -- -j12 -l12
[2.133s] DEBUG:colcon.colcon_core.event_handler.log_command:Invoking command in '/home/cheon/Documents/dyros/piper-mou/piper_ros/build/piper_msgs': CMAKE_PREFIX_PATH=${CMAKE_PREFIX_PATH}:/home/cheon/Documents/dyros/piper-mou/piper_ros/install/piper:/home/cheon/Documents/dyros/piper-mou/install/piper_mujoco:/home/cheon/Documents/dyros/piper-mou/install/piper:/opt/ros/humble CONDA_PROMPT_MODIFIER=(base) /usr/bin/cmake --install /home/cheon/Documents/dyros/piper-mou/piper_ros/build/piper_msgs
[2.323s] DEBUG:colcon.colcon_core.event_handler.log_command:Invoking command in '/home/cheon/Documents/dyros/piper-mou/piper_ros/src/piper': CONDA_PROMPT_MODIFIER=(base) PYTHONPATH=/home/cheon/Documents/dyros/piper-mou/piper_ros/build/piper/prefix_override:/usr/lib/python3/dist-packages/colcon_core/task/python/colcon_distutils_commands:/home/cheon/Documents/dyros/piper-mou/piper_ros/install/piper/lib/python3.10/site-packages:${PYTHONPATH} /usr/bin/python3 -W ignore:setup.py install is deprecated -W ignore:easy_install command is deprecated setup.py egg_info --egg-base ../../build/piper build --build-base /home/cheon/Documents/dyros/piper-mou/piper_ros/build/piper/build install --record /home/cheon/Documents/dyros/piper-mou/piper_ros/build/piper/install.log --single-version-externally-managed install_data
[2.334s] Level 1:colcon.colcon_core.environment:create_environment_scripts_only(piper_msgs)
[2.335s] Level 1:colcon.colcon_core.environment:checking '/home/cheon/Documents/dyros/piper-mou/piper_ros/install/piper_msgs' for CMake module files
[2.336s] DEBUG:colcon.colcon_core.event_handler.log_command:Invoked command in '/home/cheon/Documents/dyros/piper-mou/piper_ros/build/piper_msgs' returned '0': CMAKE_PREFIX_PATH=${CMAKE_PREFIX_PATH}:/home/cheon/Documents/dyros/piper-mou/piper_ros/install/piper:/home/cheon/Documents/dyros/piper-mou/install/piper_mujoco:/home/cheon/Documents/dyros/piper-mou/install/piper:/opt/ros/humble CONDA_PROMPT_MODIFIER=(base) /usr/bin/cmake --install /home/cheon/Documents/dyros/piper-mou/piper_ros/build/piper_msgs
[2.338s] Level 1:colcon.colcon_core.environment:checking '/home/cheon/Documents/dyros/piper-mou/piper_ros/install/piper_msgs' for CMake config files
[2.341s] Level 1:colcon.colcon_core.shell:create_environment_hook('piper_msgs', 'cmake_prefix_path')
[2.341s] INFO:colcon.colcon_core.shell:Creating environment hook '/home/cheon/Documents/dyros/piper-mou/piper_ros/install/piper_msgs/share/piper_msgs/hook/cmake_prefix_path.ps1'
[2.343s] INFO:colcon.colcon_core.shell:Creating environment descriptor '/home/cheon/Documents/dyros/piper-mou/piper_ros/install/piper_msgs/share/piper_msgs/hook/cmake_prefix_path.dsv'
[2.344s] INFO:colcon.colcon_core.shell:Creating environment hook '/home/cheon/Documents/dyros/piper-mou/piper_ros/install/piper_msgs/share/piper_msgs/hook/cmake_prefix_path.sh'
[2.346s] Level 1:colcon.colcon_core.environment:checking '/home/cheon/Documents/dyros/piper-mou/piper_ros/install/piper_msgs/lib'
[2.346s] Level 1:colcon.colcon_core.shell:create_environment_hook('piper_msgs', 'ld_library_path_lib')
[2.347s] INFO:colcon.colcon_core.shell:Creating environment hook '/home/cheon/Documents/dyros/piper-mou/piper_ros/install/piper_msgs/share/piper_msgs/hook/ld_library_path_lib.ps1'
[2.348s] INFO:colcon.colcon_core.shell:Creating environment descriptor '/home/cheon/Documents/dyros/piper-mou/piper_ros/install/piper_msgs/share/piper_msgs/hook/ld_library_path_lib.dsv'
[2.349s] INFO:colcon.colcon_core.shell:Creating environment hook '/home/cheon/Documents/dyros/piper-mou/piper_ros/install/piper_msgs/share/piper_msgs/hook/ld_library_path_lib.sh'
[2.351s] Level 1:colcon.colcon_core.environment:checking '/home/cheon/Documents/dyros/piper-mou/piper_ros/install/piper_msgs/bin'
[2.351s] Level 1:colcon.colcon_core.environment:checking '/home/cheon/Documents/dyros/piper-mou/piper_ros/install/piper_msgs/lib/pkgconfig/piper_msgs.pc'
[2.352s] Level 1:colcon.colcon_core.environment:checking '/home/cheon/Documents/dyros/piper-mou/piper_ros/install/piper_msgs/lib/python3.10/site-packages'
[2.353s] Level 1:colcon.colcon_core.environment:checking '/home/cheon/Documents/dyros/piper-mou/piper_ros/install/piper_msgs/bin'
[2.353s] INFO:colcon.colcon_core.shell:Creating package script '/home/cheon/Documents/dyros/piper-mou/piper_ros/install/piper_msgs/share/piper_msgs/package.ps1'
[2.355s] INFO:colcon.colcon_core.shell:Creating package descriptor '/home/cheon/Documents/dyros/piper-mou/piper_ros/install/piper_msgs/share/piper_msgs/package.dsv'
[2.356s] INFO:colcon.colcon_core.shell:Creating package script '/home/cheon/Documents/dyros/piper-mou/piper_ros/install/piper_msgs/share/piper_msgs/package.sh'
[2.357s] INFO:colcon.colcon_core.shell:Creating package script '/home/cheon/Documents/dyros/piper-mou/piper_ros/install/piper_msgs/share/piper_msgs/package.bash'
[2.358s] INFO:colcon.colcon_core.shell:Creating package script '/home/cheon/Documents/dyros/piper-mou/piper_ros/install/piper_msgs/share/piper_msgs/package.zsh'
[2.358s] Level 1:colcon.colcon_core.environment:create_file_with_runtime_dependencies(/home/cheon/Documents/dyros/piper-mou/piper_ros/install/piper_msgs/share/colcon-core/packages/piper_msgs)
[2.360s] Level 1:colcon.colcon_core.environment:create_environment_scripts_only(piper_msgs)
[2.361s] Level 1:colcon.colcon_core.environment:checking '/home/cheon/Documents/dyros/piper-mou/piper_ros/install/piper_msgs' for CMake module files
[2.362s] Level 1:colcon.colcon_core.environment:checking '/home/cheon/Documents/dyros/piper-mou/piper_ros/install/piper_msgs' for CMake config files
[2.364s] Level 1:colcon.colcon_core.shell:create_environment_hook('piper_msgs', 'cmake_prefix_path')
[2.365s] INFO:colcon.colcon_core.shell:Creating environment hook '/home/cheon/Documents/dyros/piper-mou/piper_ros/install/piper_msgs/share/piper_msgs/hook/cmake_prefix_path.ps1'
[2.366s] INFO:colcon.colcon_core.shell:Creating environment descriptor '/home/cheon/Documents/dyros/piper-mou/piper_ros/install/piper_msgs/share/piper_msgs/hook/cmake_prefix_path.dsv'
[2.367s] INFO:colcon.colcon_core.shell:Creating environment hook '/home/cheon/Documents/dyros/piper-mou/piper_ros/install/piper_msgs/share/piper_msgs/hook/cmake_prefix_path.sh'
[2.368s] Level 1:colcon.colcon_core.environment:checking '/home/cheon/Documents/dyros/piper-mou/piper_ros/install/piper_msgs/lib'
[2.368s] Level 1:colcon.colcon_core.shell:create_environment_hook('piper_msgs', 'ld_library_path_lib')
[2.369s] INFO:colcon.colcon_core.shell:Creating environment hook '/home/cheon/Documents/dyros/piper-mou/piper_ros/install/piper_msgs/share/piper_msgs/hook/ld_library_path_lib.ps1'
[2.370s] INFO:colcon.colcon_core.shell:Creating environment descriptor '/home/cheon/Documents/dyros/piper-mou/piper_ros/install/piper_msgs/share/piper_msgs/hook/ld_library_path_lib.dsv'
[2.370s] INFO:colcon.colcon_core.shell:Creating environment hook '/home/cheon/Documents/dyros/piper-mou/piper_ros/install/piper_msgs/share/piper_msgs/hook/ld_library_path_lib.sh'
[2.371s] Level 1:colcon.colcon_core.environment:checking '/home/cheon/Documents/dyros/piper-mou/piper_ros/install/piper_msgs/bin'
[2.372s] Level 1:colcon.colcon_core.environment:checking '/home/cheon/Documents/dyros/piper-mou/piper_ros/install/piper_msgs/lib/pkgconfig/piper_msgs.pc'
[2.372s] Level 1:colcon.colcon_core.environment:checking '/home/cheon/Documents/dyros/piper-mou/piper_ros/install/piper_msgs/lib/python3.10/site-packages'
[2.373s] Level 1:colcon.colcon_core.environment:checking '/home/cheon/Documents/dyros/piper-mou/piper_ros/install/piper_msgs/bin'
[2.374s] INFO:colcon.colcon_core.shell:Creating package script '/home/cheon/Documents/dyros/piper-mou/piper_ros/install/piper_msgs/share/piper_msgs/package.ps1'
[2.375s] INFO:colcon.colcon_core.shell:Creating package descriptor '/home/cheon/Documents/dyros/piper-mou/piper_ros/install/piper_msgs/share/piper_msgs/package.dsv'
[2.377s] INFO:colcon.colcon_core.shell:Creating package script '/home/cheon/Documents/dyros/piper-mou/piper_ros/install/piper_msgs/share/piper_msgs/package.sh'
[2.378s] INFO:colcon.colcon_core.shell:Creating package script '/home/cheon/Documents/dyros/piper-mou/piper_ros/install/piper_msgs/share/piper_msgs/package.bash'
[2.379s] INFO:colcon.colcon_core.shell:Creating package script '/home/cheon/Documents/dyros/piper-mou/piper_ros/install/piper_msgs/share/piper_msgs/package.zsh'
[2.380s] Level 1:colcon.colcon_core.environment:create_file_with_runtime_dependencies(/home/cheon/Documents/dyros/piper-mou/piper_ros/install/piper_msgs/share/colcon-core/packages/piper_msgs)
[3.353s] Level 1:colcon.colcon_core.environment:checking '/home/cheon/Documents/dyros/piper-mou/piper_ros/install/piper' for CMake module files
[3.354s] DEBUG:colcon.colcon_core.event_handler.log_command:Invoked command in '/home/cheon/Documents/dyros/piper-mou/piper_ros/src/piper' returned '0': CONDA_PROMPT_MODIFIER=(base) PYTHONPATH=/home/cheon/Documents/dyros/piper-mou/piper_ros/build/piper/prefix_override:/usr/lib/python3/dist-packages/colcon_core/task/python/colcon_distutils_commands:/home/cheon/Documents/dyros/piper-mou/piper_ros/install/piper/lib/python3.10/site-packages:${PYTHONPATH} /usr/bin/python3 -W ignore:setup.py install is deprecated -W ignore:easy_install command is deprecated setup.py egg_info --egg-base ../../build/piper build --build-base /home/cheon/Documents/dyros/piper-mou/piper_ros/build/piper/build install --record /home/cheon/Documents/dyros/piper-mou/piper_ros/build/piper/install.log --single-version-externally-managed install_data
[3.355s] Level 1:colcon.colcon_core.environment:checking '/home/cheon/Documents/dyros/piper-mou/piper_ros/install/piper' for CMake config files
[3.356s] Level 1:colcon.colcon_core.environment:checking '/home/cheon/Documents/dyros/piper-mou/piper_ros/install/piper/lib'
[3.356s] Level 1:colcon.colcon_core.environment:checking '/home/cheon/Documents/dyros/piper-mou/piper_ros/install/piper/bin'
[3.356s] Level 1:colcon.colcon_core.environment:checking '/home/cheon/Documents/dyros/piper-mou/piper_ros/install/piper/lib/pkgconfig/piper.pc'
[3.357s] Level 1:colcon.colcon_core.environment:checking '/home/cheon/Documents/dyros/piper-mou/piper_ros/install/piper/lib/python3.10/site-packages'
[3.357s] Level 1:colcon.colcon_core.shell:create_environment_hook('piper', 'pythonpath')
[3.358s] INFO:colcon.colcon_core.shell:Creating environment hook '/home/cheon/Documents/dyros/piper-mou/piper_ros/install/piper/share/piper/hook/pythonpath.ps1'
[3.359s] INFO:colcon.colcon_core.shell:Creating environment descriptor '/home/cheon/Documents/dyros/piper-mou/piper_ros/install/piper/share/piper/hook/pythonpath.dsv'
[3.360s] INFO:colcon.colcon_core.shell:Creating environment hook '/home/cheon/Documents/dyros/piper-mou/piper_ros/install/piper/share/piper/hook/pythonpath.sh'
[3.361s] Level 1:colcon.colcon_core.environment:checking '/home/cheon/Documents/dyros/piper-mou/piper_ros/install/piper/bin'
[3.361s] Level 1:colcon.colcon_core.environment:create_environment_scripts_only(piper)
[3.362s] INFO:colcon.colcon_core.shell:Creating package script '/home/cheon/Documents/dyros/piper-mou/piper_ros/install/piper/share/piper/package.ps1'
[3.363s] INFO:colcon.colcon_core.shell:Creating package descriptor '/home/cheon/Documents/dyros/piper-mou/piper_ros/install/piper/share/piper/package.dsv'
[3.364s] INFO:colcon.colcon_core.shell:Creating package script '/home/cheon/Documents/dyros/piper-mou/piper_ros/install/piper/share/piper/package.sh'
[3.365s] INFO:colcon.colcon_core.shell:Creating package script '/home/cheon/Documents/dyros/piper-mou/piper_ros/install/piper/share/piper/package.bash'
[3.366s] INFO:colcon.colcon_core.shell:Creating package script '/home/cheon/Documents/dyros/piper-mou/piper_ros/install/piper/share/piper/package.zsh'
[3.367s] Level 1:colcon.colcon_core.environment:create_file_with_runtime_dependencies(/home/cheon/Documents/dyros/piper-mou/piper_ros/install/piper/share/colcon-core/packages/piper)
[15.188s] DEBUG:colcon.colcon_core.event_handler.log_command:Invoked command in '/home/cheon/Documents/dyros/piper-mou/piper_ros/build/piper_with_gripper_moveit' returned '2': CMAKE_PREFIX_PATH=/home/cheon/Documents/dyros/piper-mou/piper_ros/install/piper_description:/home/cheon/Documents/dyros/piper-mou/piper_ros/install/piper_with_gripper_moveit:/home/cheon/Documents/dyros/piper-mou/piper_ros/install/piper_no_gripper_moveit:/home/cheon/Documents/dyros/piper-mou/piper_ros/install/piper_msgs:/home/cheon/Documents/dyros/piper-mou/piper_ros/install/piper_humble:/home/cheon/Documents/dyros/piper-mou/piper_ros/install/piper_gazebo:/home/cheon/Documents/dyros/piper-mou/install/xela_server_ros2:/home/cheon/Documents/dyros/piper-mou/install/topic_based_ros2_control:/home/cheon/Documents/dyros/piper-mou/install/piper_with_gripper_moveit:/home/cheon/Documents/dyros/piper-mou/install/piper_no_gripper_moveit:/home/cheon/Documents/dyros/piper-mou/install/piper_msgs:/home/cheon/Documents/dyros/piper-mou/install/piper_humble:/home/cheon/Documents/dyros/piper-mou/install/piper_gazebo:/home/cheon/Documents/dyros/piper-mou/install/piper_description:/home/cheon/Documents/dyros/piper-mou/install/moveit_mujoco_interface:/home/cheon/Documents/dyros/piper-mou/piper_ros/install/piper:/home/cheon/Documents/dyros/piper-mou/install/piper_mujoco:/home/cheon/Documents/dyros/piper-mou/install/piper:/opt/ros/humble CONDA_PROMPT_MODIFIER=(base) /usr/bin/cmake --build /home/cheon/Documents/dyros/piper-mou/piper_ros/build/piper_with_gripper_moveit -- -j12 -l12
[15.189s] Level 1:colcon.colcon_core.environment:create_environment_scripts_only(piper_with_gripper_moveit)
[15.189s] Level 1:colcon.colcon_core.environment:checking '/home/cheon/Documents/dyros/piper-mou/piper_ros/install/piper_with_gripper_moveit' for CMake module files
[15.190s] Level 1:colcon.colcon_core.environment:checking '/home/cheon/Documents/dyros/piper-mou/piper_ros/install/piper_with_gripper_moveit' for CMake config files
[15.192s] Level 1:colcon.colcon_core.shell:create_environment_hook('piper_with_gripper_moveit', 'cmake_prefix_path')
[15.192s] INFO:colcon.colcon_core.shell:Creating environment hook '/home/cheon/Documents/dyros/piper-mou/piper_ros/install/piper_with_gripper_moveit/share/piper_with_gripper_moveit/hook/cmake_prefix_path.ps1'
[15.193s] INFO:colcon.colcon_core.shell:Creating environment descriptor '/home/cheon/Documents/dyros/piper-mou/piper_ros/install/piper_with_gripper_moveit/share/piper_with_gripper_moveit/hook/cmake_prefix_path.dsv'
[15.194s] INFO:colcon.colcon_core.shell:Creating environment hook '/home/cheon/Documents/dyros/piper-mou/piper_ros/install/piper_with_gripper_moveit/share/piper_with_gripper_moveit/hook/cmake_prefix_path.sh'
[15.195s] Level 1:colcon.colcon_core.environment:checking '/home/cheon/Documents/dyros/piper-mou/piper_ros/install/piper_with_gripper_moveit/lib'
[15.195s] Level 1:colcon.colcon_core.shell:create_environment_hook('piper_with_gripper_moveit', 'ld_library_path_lib')
[15.195s] INFO:colcon.colcon_core.shell:Creating environment hook '/home/cheon/Documents/dyros/piper-mou/piper_ros/install/piper_with_gripper_moveit/share/piper_with_gripper_moveit/hook/ld_library_path_lib.ps1'
[15.196s] INFO:colcon.colcon_core.shell:Creating environment descriptor '/home/cheon/Documents/dyros/piper-mou/piper_ros/install/piper_with_gripper_moveit/share/piper_with_gripper_moveit/hook/ld_library_path_lib.dsv'
[15.197s] INFO:colcon.colcon_core.shell:Creating environment hook '/home/cheon/Documents/dyros/piper-mou/piper_ros/install/piper_with_gripper_moveit/share/piper_with_gripper_moveit/hook/ld_library_path_lib.sh'
[15.198s] Level 1:colcon.colcon_core.environment:checking '/home/cheon/Documents/dyros/piper-mou/piper_ros/install/piper_with_gripper_moveit/bin'
[15.198s] Level 1:colcon.colcon_core.environment:checking '/home/cheon/Documents/dyros/piper-mou/piper_ros/install/piper_with_gripper_moveit/lib/pkgconfig/piper_with_gripper_moveit.pc'
[15.198s] Level 1:colcon.colcon_core.environment:checking '/home/cheon/Documents/dyros/piper-mou/piper_ros/install/piper_with_gripper_moveit/lib/python3.10/site-packages'
[15.199s] Level 1:colcon.colcon_core.environment:checking '/home/cheon/Documents/dyros/piper-mou/piper_ros/install/piper_with_gripper_moveit/bin'
[15.199s] INFO:colcon.colcon_core.shell:Creating package script '/home/cheon/Documents/dyros/piper-mou/piper_ros/install/piper_with_gripper_moveit/share/piper_with_gripper_moveit/package.ps1'
[15.200s] INFO:colcon.colcon_core.shell:Creating package descriptor '/home/cheon/Documents/dyros/piper-mou/piper_ros/install/piper_with_gripper_moveit/share/piper_with_gripper_moveit/package.dsv'
[15.201s] INFO:colcon.colcon_core.shell:Creating package script '/home/cheon/Documents/dyros/piper-mou/piper_ros/install/piper_with_gripper_moveit/share/piper_with_gripper_moveit/package.sh'
[15.202s] INFO:colcon.colcon_core.shell:Creating package script '/home/cheon/Documents/dyros/piper-mou/piper_ros/install/piper_with_gripper_moveit/share/piper_with_gripper_moveit/package.bash'
[15.203s] INFO:colcon.colcon_core.shell:Creating package script '/home/cheon/Documents/dyros/piper-mou/piper_ros/install/piper_with_gripper_moveit/share/piper_with_gripper_moveit/package.zsh'
[15.204s] Level 1:colcon.colcon_core.environment:create_file_with_runtime_dependencies(/home/cheon/Documents/dyros/piper-mou/piper_ros/install/piper_with_gripper_moveit/share/colcon-core/packages/piper_with_gripper_moveit)
[15.214s] DEBUG:colcon.colcon_parallel_executor.executor.parallel:closing loop
[15.214s] DEBUG:colcon.colcon_parallel_executor.executor.parallel:loop closed
[15.214s] DEBUG:colcon.colcon_parallel_executor.executor.parallel:run_until_complete finished with '2'
[15.215s] DEBUG:colcon.colcon_core.event_reactor:joining thread
[15.225s] INFO:colcon.colcon_core.plugin_system:Skipping extension 'colcon_notification.desktop_notification.terminal_notifier': Not used on non-Darwin systems
[15.226s] INFO:colcon.colcon_core.plugin_system:Skipping extension 'colcon_notification.desktop_notification.win32': Not used on non-Windows systems
[15.226s] INFO:colcon.colcon_notification.desktop_notification:Sending desktop notification using 'notify2'
[15.243s] DEBUG:colcon.colcon_core.event_reactor:joined thread
[15.244s] INFO:colcon.colcon_core.shell:Creating prefix script '/home/cheon/Documents/dyros/piper-mou/piper_ros/install/local_setup.ps1'
[15.246s] INFO:colcon.colcon_core.shell:Creating prefix util module '/home/cheon/Documents/dyros/piper-mou/piper_ros/install/_local_setup_util_ps1.py'
[15.249s] INFO:colcon.colcon_core.shell:Creating prefix chain script '/home/cheon/Documents/dyros/piper-mou/piper_ros/install/setup.ps1'
[15.253s] INFO:colcon.colcon_core.shell:Creating prefix script '/home/cheon/Documents/dyros/piper-mou/piper_ros/install/local_setup.sh'
[15.255s] INFO:colcon.colcon_core.shell:Creating prefix util module '/home/cheon/Documents/dyros/piper-mou/piper_ros/install/_local_setup_util_sh.py'
[15.256s] INFO:colcon.colcon_core.shell:Creating prefix chain script '/home/cheon/Documents/dyros/piper-mou/piper_ros/install/setup.sh'
[15.261s] INFO:colcon.colcon_core.shell:Creating prefix script '/home/cheon/Documents/dyros/piper-mou/piper_ros/install/local_setup.bash'
[15.262s] INFO:colcon.colcon_core.shell:Creating prefix chain script '/home/cheon/Documents/dyros/piper-mou/piper_ros/install/setup.bash'
[15.266s] INFO:colcon.colcon_core.shell:Creating prefix script '/home/cheon/Documents/dyros/piper-mou/piper_ros/install/local_setup.zsh'
[15.267s] INFO:colcon.colcon_core.shell:Creating prefix chain script '/home/cheon/Documents/dyros/piper-mou/piper_ros/install/setup.zsh'
