[0.065s] Invoking command in '/home/dyros/mcy_ws/piper-mou/build/piper_no_gripper_moveit': CMAKE_PREFIX_PATH=/home/dyros/mcy_ws/piper-mou/install/piper_description:/home/dyros/mcy_ws/piper-mou/install/trac_ik:/home/dyros/mcy_ws/piper-mou/install/trac_ik_lib:/home/dyros/mcy_ws/piper-mou/install/xela_server_ros2:/home/dyros/mcy_ws/piper-mou/install/topic_based_ros2_control:/home/dyros/mcy_ws/piper-mou/install/piper_with_gripper_moveit:/home/dyros/mcy_ws/piper-mou/install/piper_no_gripper_moveit:/home/dyros/mcy_ws/piper-mou/install/piper_msgs:/home/dyros/mcy_ws/piper-mou/install/piper_humble:/home/dyros/mcy_ws/piper-mou/install/piper_gazebo:/home/dyros/mcy_ws/piper-mou/install/moveit_mujoco_interface:/home/dyros/tocabi_isaac_ws/install/tocabi_cc_ros2:/home/dyros/tocabi_isaac_ws/install/tocabi_lib:/home/dyros/tocabi_isaac_ws/install/tocabi_msgs:/home/dyros/tocabi_isaac_ws/install/tocabi_isaacsim_ros2:/home/dyros/mcy_ws/piper-mou/install/piper:/opt/ros/humble CONDA_PROMPT_MODIFIER=(base) /usr/bin/cmake --build /home/dyros/mcy_ws/piper-mou/build/piper_no_gripper_moveit -- -j20 -l20
[0.142s] Invoked command in '/home/dyros/mcy_ws/piper-mou/build/piper_no_gripper_moveit' returned '0': CMAKE_PREFIX_PATH=/home/dyros/mcy_ws/piper-mou/install/piper_description:/home/dyros/mcy_ws/piper-mou/install/trac_ik:/home/dyros/mcy_ws/piper-mou/install/trac_ik_lib:/home/dyros/mcy_ws/piper-mou/install/xela_server_ros2:/home/dyros/mcy_ws/piper-mou/install/topic_based_ros2_control:/home/dyros/mcy_ws/piper-mou/install/piper_with_gripper_moveit:/home/dyros/mcy_ws/piper-mou/install/piper_no_gripper_moveit:/home/dyros/mcy_ws/piper-mou/install/piper_msgs:/home/dyros/mcy_ws/piper-mou/install/piper_humble:/home/dyros/mcy_ws/piper-mou/install/piper_gazebo:/home/dyros/mcy_ws/piper-mou/install/moveit_mujoco_interface:/home/dyros/tocabi_isaac_ws/install/tocabi_cc_ros2:/home/dyros/tocabi_isaac_ws/install/tocabi_lib:/home/dyros/tocabi_isaac_ws/install/tocabi_msgs:/home/dyros/tocabi_isaac_ws/install/tocabi_isaacsim_ros2:/home/dyros/mcy_ws/piper-mou/install/piper:/opt/ros/humble CONDA_PROMPT_MODIFIER=(base) /usr/bin/cmake --build /home/dyros/mcy_ws/piper-mou/build/piper_no_gripper_moveit -- -j20 -l20
[0.144s] Invoking command in '/home/dyros/mcy_ws/piper-mou/build/piper_no_gripper_moveit': CMAKE_PREFIX_PATH=/home/dyros/mcy_ws/piper-mou/install/piper_description:/home/dyros/mcy_ws/piper-mou/install/trac_ik:/home/dyros/mcy_ws/piper-mou/install/trac_ik_lib:/home/dyros/mcy_ws/piper-mou/install/xela_server_ros2:/home/dyros/mcy_ws/piper-mou/install/topic_based_ros2_control:/home/dyros/mcy_ws/piper-mou/install/piper_with_gripper_moveit:/home/dyros/mcy_ws/piper-mou/install/piper_no_gripper_moveit:/home/dyros/mcy_ws/piper-mou/install/piper_msgs:/home/dyros/mcy_ws/piper-mou/install/piper_humble:/home/dyros/mcy_ws/piper-mou/install/piper_gazebo:/home/dyros/mcy_ws/piper-mou/install/moveit_mujoco_interface:/home/dyros/tocabi_isaac_ws/install/tocabi_cc_ros2:/home/dyros/tocabi_isaac_ws/install/tocabi_lib:/home/dyros/tocabi_isaac_ws/install/tocabi_msgs:/home/dyros/tocabi_isaac_ws/install/tocabi_isaacsim_ros2:/home/dyros/mcy_ws/piper-mou/install/piper:/opt/ros/humble CONDA_PROMPT_MODIFIER=(base) /usr/bin/cmake --install /home/dyros/mcy_ws/piper-mou/build/piper_no_gripper_moveit
[0.152s] -- Install configuration: ""
[0.153s] -- Up-to-date: /home/dyros/mcy_ws/piper-mou/install/piper_no_gripper_moveit/share/ament_index/resource_index/package_run_dependencies/piper_no_gripper_moveit
[0.154s] -- Up-to-date: /home/dyros/mcy_ws/piper-mou/install/piper_no_gripper_moveit/share/ament_index/resource_index/parent_prefix_path/piper_no_gripper_moveit
[0.154s] -- Up-to-date: /home/dyros/mcy_ws/piper-mou/install/piper_no_gripper_moveit/share/piper_no_gripper_moveit/environment/ament_prefix_path.sh
[0.155s] -- Up-to-date: /home/dyros/mcy_ws/piper-mou/install/piper_no_gripper_moveit/share/piper_no_gripper_moveit/environment/ament_prefix_path.dsv
[0.155s] -- Up-to-date: /home/dyros/mcy_ws/piper-mou/install/piper_no_gripper_moveit/share/piper_no_gripper_moveit/environment/path.sh
[0.156s] -- Up-to-date: /home/dyros/mcy_ws/piper-mou/install/piper_no_gripper_moveit/share/piper_no_gripper_moveit/environment/path.dsv
[0.156s] -- Up-to-date: /home/dyros/mcy_ws/piper-mou/install/piper_no_gripper_moveit/share/piper_no_gripper_moveit/local_setup.bash
[0.157s] -- Up-to-date: /home/dyros/mcy_ws/piper-mou/install/piper_no_gripper_moveit/share/piper_no_gripper_moveit/local_setup.sh
[0.157s] -- Up-to-date: /home/dyros/mcy_ws/piper-mou/install/piper_no_gripper_moveit/share/piper_no_gripper_moveit/local_setup.zsh
[0.157s] -- Up-to-date: /home/dyros/mcy_ws/piper-mou/install/piper_no_gripper_moveit/share/piper_no_gripper_moveit/local_setup.dsv
[0.157s] -- Installing: /home/dyros/mcy_ws/piper-mou/install/piper_no_gripper_moveit/share/piper_no_gripper_moveit/package.dsv
[0.157s] -- Up-to-date: /home/dyros/mcy_ws/piper-mou/install/piper_no_gripper_moveit/share/ament_index/resource_index/packages/piper_no_gripper_moveit
[0.157s] -- Up-to-date: /home/dyros/mcy_ws/piper-mou/install/piper_no_gripper_moveit/share/piper_no_gripper_moveit/cmake/piper_no_gripper_moveitConfig.cmake
[0.157s] -- Up-to-date: /home/dyros/mcy_ws/piper-mou/install/piper_no_gripper_moveit/share/piper_no_gripper_moveit/cmake/piper_no_gripper_moveitConfig-version.cmake
[0.157s] -- Up-to-date: /home/dyros/mcy_ws/piper-mou/install/piper_no_gripper_moveit/share/piper_no_gripper_moveit/package.xml
[0.157s] -- Up-to-date: /home/dyros/mcy_ws/piper-mou/install/piper_no_gripper_moveit/share/piper_no_gripper_moveit/launch
[0.157s] -- Up-to-date: /home/dyros/mcy_ws/piper-mou/install/piper_no_gripper_moveit/share/piper_no_gripper_moveit/launch/setup_assistant.launch.py
[0.158s] -- Up-to-date: /home/dyros/mcy_ws/piper-mou/install/piper_no_gripper_moveit/share/piper_no_gripper_moveit/launch/demo.launch.py
[0.158s] -- Up-to-date: /home/dyros/mcy_ws/piper-mou/install/piper_no_gripper_moveit/share/piper_no_gripper_moveit/launch/piper_moveit.launch.py
[0.158s] -- Up-to-date: /home/dyros/mcy_ws/piper-mou/install/piper_no_gripper_moveit/share/piper_no_gripper_moveit/launch/moveit_rviz.launch.py
[0.158s] -- Up-to-date: /home/dyros/mcy_ws/piper-mou/install/piper_no_gripper_moveit/share/piper_no_gripper_moveit/launch/spawn_controllers.launch.py
[0.158s] -- Up-to-date: /home/dyros/mcy_ws/piper-mou/install/piper_no_gripper_moveit/share/piper_no_gripper_moveit/launch/move_group.launch.py
[0.158s] -- Up-to-date: /home/dyros/mcy_ws/piper-mou/install/piper_no_gripper_moveit/share/piper_no_gripper_moveit/launch/warehouse_db.launch.py
[0.158s] -- Up-to-date: /home/dyros/mcy_ws/piper-mou/install/piper_no_gripper_moveit/share/piper_no_gripper_moveit/launch/rsp.launch.py
[0.158s] -- Up-to-date: /home/dyros/mcy_ws/piper-mou/install/piper_no_gripper_moveit/share/piper_no_gripper_moveit/launch/static_virtual_joint_tfs.launch.py
[0.158s] -- Up-to-date: /home/dyros/mcy_ws/piper-mou/install/piper_no_gripper_moveit/share/piper_no_gripper_moveit/config
[0.158s] -- Up-to-date: /home/dyros/mcy_ws/piper-mou/install/piper_no_gripper_moveit/share/piper_no_gripper_moveit/config/kinematics.yaml
[0.159s] -- Up-to-date: /home/dyros/mcy_ws/piper-mou/install/piper_no_gripper_moveit/share/piper_no_gripper_moveit/config/piper.urdf.xacro
[0.160s] -- Up-to-date: /home/dyros/mcy_ws/piper-mou/install/piper_no_gripper_moveit/share/piper_no_gripper_moveit/config/joint_limits.yaml
[0.161s] -- Up-to-date: /home/dyros/mcy_ws/piper-mou/install/piper_no_gripper_moveit/share/piper_no_gripper_moveit/config/pilz_cartesian_limits.yaml
[0.162s] -- Up-to-date: /home/dyros/mcy_ws/piper-mou/install/piper_no_gripper_moveit/share/piper_no_gripper_moveit/config/moveit.rviz
[0.163s] -- Up-to-date: /home/dyros/mcy_ws/piper-mou/install/piper_no_gripper_moveit/share/piper_no_gripper_moveit/config/initial_positions.yaml
[0.163s] -- Up-to-date: /home/dyros/mcy_ws/piper-mou/install/piper_no_gripper_moveit/share/piper_no_gripper_moveit/config/piper.ros2_control.xacro
[0.163s] -- Up-to-date: /home/dyros/mcy_ws/piper-mou/install/piper_no_gripper_moveit/share/piper_no_gripper_moveit/config/piper.srdf
[0.164s] -- Up-to-date: /home/dyros/mcy_ws/piper-mou/install/piper_no_gripper_moveit/share/piper_no_gripper_moveit/config/moveit_controllers.yaml
[0.164s] -- Up-to-date: /home/dyros/mcy_ws/piper-mou/install/piper_no_gripper_moveit/share/piper_no_gripper_moveit/config/ros2_controllers.yaml
[0.164s] -- Up-to-date: /home/dyros/mcy_ws/piper-mou/install/piper_no_gripper_moveit/share/piper_no_gripper_moveit/.setup_assistant
