[0.598s] Invoking command in '/home/cheon/Documents/dyros/piper-mou/piper_ros/build/piper_gazebo': CMAKE_PREFIX_PATH=${CMAKE_PREFIX_PATH}:/home/cheon/Documents/dyros/piper-mou/piper_ros/install/piper:/home/cheon/Documents/dyros/piper-mou/install/piper_mujoco:/home/cheon/Documents/dyros/piper-mou/install/piper:/opt/ros/humble CONDA_PROMPT_MODIFIER=(base) /usr/bin/cmake --build /home/cheon/Documents/dyros/piper-mou/piper_ros/build/piper_gazebo -- -j12 -l12
[0.745s] Invoked command in '/home/cheon/Documents/dyros/piper-mou/piper_ros/build/piper_gazebo' returned '0': CMAKE_PREFIX_PATH=${CMAKE_PREFIX_PATH}:/home/cheon/Documents/dyros/piper-mou/piper_ros/install/piper:/home/cheon/Documents/dyros/piper-mou/install/piper_mujoco:/home/cheon/Documents/dyros/piper-mou/install/piper:/opt/ros/humble CONDA_PROMPT_MODIFIER=(base) /usr/bin/cmake --build /home/cheon/Documents/dyros/piper-mou/piper_ros/build/piper_gazebo -- -j12 -l12
[0.747s] Invoking command in '/home/cheon/Documents/dyros/piper-mou/piper_ros/build/piper_gazebo': CMAKE_PREFIX_PATH=${CMAKE_PREFIX_PATH}:/home/cheon/Documents/dyros/piper-mou/piper_ros/install/piper:/home/cheon/Documents/dyros/piper-mou/install/piper_mujoco:/home/cheon/Documents/dyros/piper-mou/install/piper:/opt/ros/humble CONDA_PROMPT_MODIFIER=(base) /usr/bin/cmake --install /home/cheon/Documents/dyros/piper-mou/piper_ros/build/piper_gazebo
[0.760s] -- Install configuration: ""
[0.769s] -- Execute custom install script
[0.780s] -- Up-to-date symlink: /home/cheon/Documents/dyros/piper-mou/piper_ros/install/piper_gazebo/share/piper_gazebo/launch/piper_no_gripper/piper_no_gripper_gazebo.launch.py
[0.782s] -- Up-to-date symlink: /home/cheon/Documents/dyros/piper-mou/piper_ros/install/piper_gazebo/share/piper_gazebo/launch/piper_with_gripper/piper_gazebo.launch.py
[0.784s] -- Up-to-date symlink: /home/cheon/Documents/dyros/piper-mou/piper_ros/install/piper_gazebo/share/piper_gazebo/config/ros2_controllers.yaml
[0.790s] -- Up-to-date symlink: /home/cheon/Documents/dyros/piper-mou/piper_ros/install/piper_gazebo/share/piper_gazebo/config/ros2_no_gripper_controllers.yaml
[0.791s] -- Up-to-date symlink: /home/cheon/Documents/dyros/piper-mou/piper_ros/install/piper_gazebo/share/piper_gazebo/scripts/joint8_ctrl.py
[0.791s] -- Up-to-date symlink: /home/cheon/Documents/dyros/piper-mou/piper_ros/install/piper_gazebo/lib/piper_gazebo/joint8_ctrl.py
[0.792s] -- Up-to-date symlink: /home/cheon/Documents/dyros/piper-mou/piper_ros/install/piper_gazebo/share/ament_index/resource_index/package_run_dependencies/piper_gazebo
[0.792s] -- Up-to-date symlink: /home/cheon/Documents/dyros/piper-mou/piper_ros/install/piper_gazebo/share/ament_index/resource_index/parent_prefix_path/piper_gazebo
[0.792s] -- Up-to-date symlink: /home/cheon/Documents/dyros/piper-mou/piper_ros/install/piper_gazebo/share/piper_gazebo/environment/ament_prefix_path.sh
[0.792s] -- Up-to-date symlink: /home/cheon/Documents/dyros/piper-mou/piper_ros/install/piper_gazebo/share/piper_gazebo/environment/ament_prefix_path.dsv
[0.793s] -- Up-to-date symlink: /home/cheon/Documents/dyros/piper-mou/piper_ros/install/piper_gazebo/share/piper_gazebo/environment/path.sh
[0.793s] -- Up-to-date symlink: /home/cheon/Documents/dyros/piper-mou/piper_ros/install/piper_gazebo/share/piper_gazebo/environment/path.dsv
[0.793s] -- Up-to-date symlink: /home/cheon/Documents/dyros/piper-mou/piper_ros/install/piper_gazebo/share/piper_gazebo/local_setup.bash
[0.793s] -- Up-to-date symlink: /home/cheon/Documents/dyros/piper-mou/piper_ros/install/piper_gazebo/share/piper_gazebo/local_setup.sh
[0.798s] -- Up-to-date symlink: /home/cheon/Documents/dyros/piper-mou/piper_ros/install/piper_gazebo/share/piper_gazebo/local_setup.zsh
[0.798s] -- Up-to-date symlink: /home/cheon/Documents/dyros/piper-mou/piper_ros/install/piper_gazebo/share/piper_gazebo/local_setup.dsv
[0.798s] -- Symlinking: /home/cheon/Documents/dyros/piper-mou/piper_ros/install/piper_gazebo/share/piper_gazebo/package.dsv
[0.822s] -- Up-to-date symlink: /home/cheon/Documents/dyros/piper-mou/piper_ros/install/piper_gazebo/share/ament_index/resource_index/packages/piper_gazebo
[0.828s] -- Up-to-date symlink: /home/cheon/Documents/dyros/piper-mou/piper_ros/install/piper_gazebo/share/piper_gazebo/cmake/piper_gazeboConfig.cmake
[0.831s] -- Up-to-date symlink: /home/cheon/Documents/dyros/piper-mou/piper_ros/install/piper_gazebo/share/piper_gazebo/cmake/piper_gazeboConfig-version.cmake
[0.833s] -- Up-to-date symlink: /home/cheon/Documents/dyros/piper-mou/piper_ros/install/piper_gazebo/share/piper_gazebo/package.xml
[0.960s] Invoked command in '/home/cheon/Documents/dyros/piper-mou/piper_ros/build/piper_gazebo' returned '0': CMAKE_PREFIX_PATH=${CMAKE_PREFIX_PATH}:/home/cheon/Documents/dyros/piper-mou/piper_ros/install/piper:/home/cheon/Documents/dyros/piper-mou/install/piper_mujoco:/home/cheon/Documents/dyros/piper-mou/install/piper:/opt/ros/humble CONDA_PROMPT_MODIFIER=(base) /usr/bin/cmake --install /home/cheon/Documents/dyros/piper-mou/piper_ros/build/piper_gazebo
