[0.094s] Invoking command in '/home/dyros/mcy_ws/piper-mou/build/piper_with_gripper_moveit': CMAKE_PREFIX_PATH=/home/dyros/mcy_ws/piper-mou/install/piper_description:/home/dyros/mcy_ws/piper-mou/install/trac_ik:/home/dyros/mcy_ws/piper-mou/install/trac_ik_lib:/home/dyros/mcy_ws/piper-mou/install/xela_server_ros2:/home/dyros/mcy_ws/piper-mou/install/topic_based_ros2_control:/home/dyros/mcy_ws/piper-mou/install/piper_with_gripper_moveit:/home/dyros/mcy_ws/piper-mou/install/piper_no_gripper_moveit:/home/dyros/mcy_ws/piper-mou/install/piper_msgs:/home/dyros/mcy_ws/piper-mou/install/piper_humble:/home/dyros/mcy_ws/piper-mou/install/piper_gazebo:/home/dyros/mcy_ws/piper-mou/install/moveit_mujoco_interface:/home/dyros/tocabi_isaac_ws/install/tocabi_cc_ros2:/home/dyros/tocabi_isaac_ws/install/tocabi_lib:/home/dyros/tocabi_isaac_ws/install/tocabi_msgs:/home/dyros/tocabi_isaac_ws/install/tocabi_isaacsim_ros2:/home/dyros/mcy_ws/piper-mou/install/piper:/opt/ros/humble /usr/bin/cmake --build /home/dyros/mcy_ws/piper-mou/build/piper_with_gripper_moveit -- -j20 -l20
[0.149s] [  2%] Built target piper_with_gripper_moveit__cpp
[0.150s] [ 10%] Built target piper_with_gripper_moveit__rosidl_generator_c
[0.164s] [ 10%] Built target ament_cmake_python_copy_piper_with_gripper_moveit
[0.166s] [ 14%] Built target joint_goal_cmd_node
[0.167s] [ 19%] Built target joint_goal_node
[0.170s] [ 23%] Built target planning_scene_node
[0.176s] [ 46%] Built target piper_with_gripper_moveit__rosidl_typesupport_introspection_c
[0.179s] [ 46%] Built target piper_with_gripper_moveit__rosidl_typesupport_cpp
[0.180s] [ 48%] Built target piper_with_gripper_moveit__rosidl_typesupport_c
[0.180s] [ 57%] Built target piper_with_gripper_moveit__rosidl_typesupport_fastrtps_cpp
[0.181s] [ 65%] Built target piper_with_gripper_moveit__rosidl_typesupport_introspection_cpp
[0.187s] [ 74%] Built target piper_with_gripper_moveit__rosidl_typesupport_fastrtps_c
[0.207s] [ 74%] Built target piper_with_gripper_moveit
[0.207s] [ 78%] Built target pose_goal_node
[0.227s] [ 80%] Built target piper_with_gripper_moveit__py
[0.247s] [ 87%] Built target piper_with_gripper_moveit__rosidl_generator_py
[0.268s] [ 97%] Built target piper_with_gripper_moveit__rosidl_typesupport_introspection_c__pyext
[0.268s] [ 97%] Built target piper_with_gripper_moveit__rosidl_typesupport_c__pyext
[0.268s] [100%] Built target piper_with_gripper_moveit__rosidl_typesupport_fastrtps_c__pyext
[0.419s] running egg_info
[0.436s] writing piper_with_gripper_moveit.egg-info/PKG-INFO
[0.436s] writing dependency_links to piper_with_gripper_moveit.egg-info/dependency_links.txt
[0.437s] writing top-level names to piper_with_gripper_moveit.egg-info/top_level.txt
[0.519s] reading manifest file 'piper_with_gripper_moveit.egg-info/SOURCES.txt'
[0.520s] writing manifest file 'piper_with_gripper_moveit.egg-info/SOURCES.txt'
[0.549s] [100%] Built target ament_cmake_python_build_piper_with_gripper_moveit_egg
[0.561s] Invoked command in '/home/dyros/mcy_ws/piper-mou/build/piper_with_gripper_moveit' returned '0': CMAKE_PREFIX_PATH=/home/dyros/mcy_ws/piper-mou/install/piper_description:/home/dyros/mcy_ws/piper-mou/install/trac_ik:/home/dyros/mcy_ws/piper-mou/install/trac_ik_lib:/home/dyros/mcy_ws/piper-mou/install/xela_server_ros2:/home/dyros/mcy_ws/piper-mou/install/topic_based_ros2_control:/home/dyros/mcy_ws/piper-mou/install/piper_with_gripper_moveit:/home/dyros/mcy_ws/piper-mou/install/piper_no_gripper_moveit:/home/dyros/mcy_ws/piper-mou/install/piper_msgs:/home/dyros/mcy_ws/piper-mou/install/piper_humble:/home/dyros/mcy_ws/piper-mou/install/piper_gazebo:/home/dyros/mcy_ws/piper-mou/install/moveit_mujoco_interface:/home/dyros/tocabi_isaac_ws/install/tocabi_cc_ros2:/home/dyros/tocabi_isaac_ws/install/tocabi_lib:/home/dyros/tocabi_isaac_ws/install/tocabi_msgs:/home/dyros/tocabi_isaac_ws/install/tocabi_isaacsim_ros2:/home/dyros/mcy_ws/piper-mou/install/piper:/opt/ros/humble /usr/bin/cmake --build /home/dyros/mcy_ws/piper-mou/build/piper_with_gripper_moveit -- -j20 -l20
[0.562s] Invoking command in '/home/dyros/mcy_ws/piper-mou/build/piper_with_gripper_moveit': CMAKE_PREFIX_PATH=/home/dyros/mcy_ws/piper-mou/install/piper_description:/home/dyros/mcy_ws/piper-mou/install/trac_ik:/home/dyros/mcy_ws/piper-mou/install/trac_ik_lib:/home/dyros/mcy_ws/piper-mou/install/xela_server_ros2:/home/dyros/mcy_ws/piper-mou/install/topic_based_ros2_control:/home/dyros/mcy_ws/piper-mou/install/piper_with_gripper_moveit:/home/dyros/mcy_ws/piper-mou/install/piper_no_gripper_moveit:/home/dyros/mcy_ws/piper-mou/install/piper_msgs:/home/dyros/mcy_ws/piper-mou/install/piper_humble:/home/dyros/mcy_ws/piper-mou/install/piper_gazebo:/home/dyros/mcy_ws/piper-mou/install/moveit_mujoco_interface:/home/dyros/tocabi_isaac_ws/install/tocabi_cc_ros2:/home/dyros/tocabi_isaac_ws/install/tocabi_lib:/home/dyros/tocabi_isaac_ws/install/tocabi_msgs:/home/dyros/tocabi_isaac_ws/install/tocabi_isaacsim_ros2:/home/dyros/mcy_ws/piper-mou/install/piper:/opt/ros/humble /usr/bin/cmake --install /home/dyros/mcy_ws/piper-mou/build/piper_with_gripper_moveit
[0.569s] -- Install configuration: ""
[0.570s] -- Up-to-date: /home/dyros/mcy_ws/piper-mou/install/piper_with_gripper_moveit/share/ament_index/resource_index/rosidl_interfaces/piper_with_gripper_moveit
[0.570s] -- Up-to-date: /home/dyros/mcy_ws/piper-mou/install/piper_with_gripper_moveit/include/piper_with_gripper_moveit/piper_with_gripper_moveit
[0.570s] -- Up-to-date: /home/dyros/mcy_ws/piper-mou/install/piper_with_gripper_moveit/include/piper_with_gripper_moveit/piper_with_gripper_moveit/msg
[0.570s] -- Up-to-date: /home/dyros/mcy_ws/piper-mou/install/piper_with_gripper_moveit/include/piper_with_gripper_moveit/piper_with_gripper_moveit/msg/rosidl_generator_c__visibility_control.h
[0.570s] -- Up-to-date: /home/dyros/mcy_ws/piper-mou/install/piper_with_gripper_moveit/include/piper_with_gripper_moveit/piper_with_gripper_moveit/action
[0.570s] -- Up-to-date: /home/dyros/mcy_ws/piper-mou/install/piper_with_gripper_moveit/include/piper_with_gripper_moveit/piper_with_gripper_moveit/action/pose_goal.h
[0.570s] -- Up-to-date: /home/dyros/mcy_ws/piper-mou/install/piper_with_gripper_moveit/include/piper_with_gripper_moveit/piper_with_gripper_moveit/action/detail
[0.570s] -- Up-to-date: /home/dyros/mcy_ws/piper-mou/install/piper_with_gripper_moveit/include/piper_with_gripper_moveit/piper_with_gripper_moveit/action/detail/pose_goal__struct.h
[0.570s] -- Up-to-date: /home/dyros/mcy_ws/piper-mou/install/piper_with_gripper_moveit/include/piper_with_gripper_moveit/piper_with_gripper_moveit/action/detail/target_pose__type_support.h
[0.570s] -- Up-to-date: /home/dyros/mcy_ws/piper-mou/install/piper_with_gripper_moveit/include/piper_with_gripper_moveit/piper_with_gripper_moveit/action/detail/pose_goal__functions.h
[0.570s] -- Up-to-date: /home/dyros/mcy_ws/piper-mou/install/piper_with_gripper_moveit/include/piper_with_gripper_moveit/piper_with_gripper_moveit/action/detail/pose_goal__type_support.h
[0.570s] -- Up-to-date: /home/dyros/mcy_ws/piper-mou/install/piper_with_gripper_moveit/include/piper_with_gripper_moveit/piper_with_gripper_moveit/action/detail/target_pose__struct.h
[0.571s] -- Up-to-date: /home/dyros/mcy_ws/piper-mou/install/piper_with_gripper_moveit/include/piper_with_gripper_moveit/piper_with_gripper_moveit/action/detail/target_pose__functions.h
[0.571s] -- Up-to-date: /home/dyros/mcy_ws/piper-mou/install/piper_with_gripper_moveit/include/piper_with_gripper_moveit/piper_with_gripper_moveit/action/detail/target_pose__functions.c
[0.571s] -- Up-to-date: /home/dyros/mcy_ws/piper-mou/install/piper_with_gripper_moveit/include/piper_with_gripper_moveit/piper_with_gripper_moveit/action/detail/pose_goal__functions.c
[0.571s] -- Up-to-date: /home/dyros/mcy_ws/piper-mou/install/piper_with_gripper_moveit/include/piper_with_gripper_moveit/piper_with_gripper_moveit/action/target_pose.h
[0.571s] -- Up-to-date: /home/dyros/mcy_ws/piper-mou/install/piper_with_gripper_moveit/share/piper_with_gripper_moveit/environment/library_path.sh
[0.571s] -- Up-to-date: /home/dyros/mcy_ws/piper-mou/install/piper_with_gripper_moveit/share/piper_with_gripper_moveit/environment/library_path.dsv
[0.571s] -- Up-to-date: /home/dyros/mcy_ws/piper-mou/install/piper_with_gripper_moveit/lib/libpiper_with_gripper_moveit__rosidl_generator_c.so
[0.571s] -- Up-to-date: /home/dyros/mcy_ws/piper-mou/install/piper_with_gripper_moveit/include/piper_with_gripper_moveit/piper_with_gripper_moveit
[0.571s] -- Up-to-date: /home/dyros/mcy_ws/piper-mou/install/piper_with_gripper_moveit/include/piper_with_gripper_moveit/piper_with_gripper_moveit/msg
[0.571s] -- Up-to-date: /home/dyros/mcy_ws/piper-mou/install/piper_with_gripper_moveit/include/piper_with_gripper_moveit/piper_with_gripper_moveit/msg/rosidl_typesupport_fastrtps_c__visibility_control.h
[0.572s] -- Up-to-date: /home/dyros/mcy_ws/piper-mou/install/piper_with_gripper_moveit/include/piper_with_gripper_moveit/piper_with_gripper_moveit/action
[0.572s] -- Up-to-date: /home/dyros/mcy_ws/piper-mou/install/piper_with_gripper_moveit/include/piper_with_gripper_moveit/piper_with_gripper_moveit/action/detail
[0.572s] -- Up-to-date: /home/dyros/mcy_ws/piper-mou/install/piper_with_gripper_moveit/include/piper_with_gripper_moveit/piper_with_gripper_moveit/action/detail/target_pose__rosidl_typesupport_fastrtps_c.h
[0.572s] -- Up-to-date: /home/dyros/mcy_ws/piper-mou/install/piper_with_gripper_moveit/include/piper_with_gripper_moveit/piper_with_gripper_moveit/action/detail/pose_goal__rosidl_typesupport_fastrtps_c.h
[0.572s] -- Up-to-date: /home/dyros/mcy_ws/piper-mou/install/piper_with_gripper_moveit/lib/libpiper_with_gripper_moveit__rosidl_typesupport_fastrtps_c.so
[0.572s] -- Up-to-date: /home/dyros/mcy_ws/piper-mou/install/piper_with_gripper_moveit/include/piper_with_gripper_moveit/piper_with_gripper_moveit
[0.572s] -- Up-to-date: /home/dyros/mcy_ws/piper-mou/install/piper_with_gripper_moveit/include/piper_with_gripper_moveit/piper_with_gripper_moveit/msg
[0.572s] -- Up-to-date: /home/dyros/mcy_ws/piper-mou/install/piper_with_gripper_moveit/include/piper_with_gripper_moveit/piper_with_gripper_moveit/msg/rosidl_generator_cpp__visibility_control.hpp
[0.572s] -- Up-to-date: /home/dyros/mcy_ws/piper-mou/install/piper_with_gripper_moveit/include/piper_with_gripper_moveit/piper_with_gripper_moveit/action
[0.572s] -- Up-to-date: /home/dyros/mcy_ws/piper-mou/install/piper_with_gripper_moveit/include/piper_with_gripper_moveit/piper_with_gripper_moveit/action/pose_goal.hpp
[0.572s] -- Up-to-date: /home/dyros/mcy_ws/piper-mou/install/piper_with_gripper_moveit/include/piper_with_gripper_moveit/piper_with_gripper_moveit/action/detail
[0.573s] -- Up-to-date: /home/dyros/mcy_ws/piper-mou/install/piper_with_gripper_moveit/include/piper_with_gripper_moveit/piper_with_gripper_moveit/action/detail/target_pose__type_support.hpp
[0.573s] -- Up-to-date: /home/dyros/mcy_ws/piper-mou/install/piper_with_gripper_moveit/include/piper_with_gripper_moveit/piper_with_gripper_moveit/action/detail/pose_goal__traits.hpp
[0.573s] -- Up-to-date: /home/dyros/mcy_ws/piper-mou/install/piper_with_gripper_moveit/include/piper_with_gripper_moveit/piper_with_gripper_moveit/action/detail/target_pose__struct.hpp
[0.573s] -- Up-to-date: /home/dyros/mcy_ws/piper-mou/install/piper_with_gripper_moveit/include/piper_with_gripper_moveit/piper_with_gripper_moveit/action/detail/target_pose__traits.hpp
[0.573s] -- Up-to-date: /home/dyros/mcy_ws/piper-mou/install/piper_with_gripper_moveit/include/piper_with_gripper_moveit/piper_with_gripper_moveit/action/detail/pose_goal__type_support.hpp
[0.573s] -- Up-to-date: /home/dyros/mcy_ws/piper-mou/install/piper_with_gripper_moveit/include/piper_with_gripper_moveit/piper_with_gripper_moveit/action/detail/pose_goal__struct.hpp
[0.573s] -- Up-to-date: /home/dyros/mcy_ws/piper-mou/install/piper_with_gripper_moveit/include/piper_with_gripper_moveit/piper_with_gripper_moveit/action/detail/target_pose__builder.hpp
[0.573s] -- Up-to-date: /home/dyros/mcy_ws/piper-mou/install/piper_with_gripper_moveit/include/piper_with_gripper_moveit/piper_with_gripper_moveit/action/detail/pose_goal__builder.hpp
[0.573s] -- Up-to-date: /home/dyros/mcy_ws/piper-mou/install/piper_with_gripper_moveit/include/piper_with_gripper_moveit/piper_with_gripper_moveit/action/target_pose.hpp
[0.573s] -- Up-to-date: /home/dyros/mcy_ws/piper-mou/install/piper_with_gripper_moveit/include/piper_with_gripper_moveit/piper_with_gripper_moveit
[0.573s] -- Up-to-date: /home/dyros/mcy_ws/piper-mou/install/piper_with_gripper_moveit/include/piper_with_gripper_moveit/piper_with_gripper_moveit/msg
[0.573s] -- Up-to-date: /home/dyros/mcy_ws/piper-mou/install/piper_with_gripper_moveit/include/piper_with_gripper_moveit/piper_with_gripper_moveit/msg/rosidl_typesupport_fastrtps_cpp__visibility_control.h
[0.574s] -- Up-to-date: /home/dyros/mcy_ws/piper-mou/install/piper_with_gripper_moveit/include/piper_with_gripper_moveit/piper_with_gripper_moveit/action
[0.574s] -- Up-to-date: /home/dyros/mcy_ws/piper-mou/install/piper_with_gripper_moveit/include/piper_with_gripper_moveit/piper_with_gripper_moveit/action/detail
[0.574s] -- Up-to-date: /home/dyros/mcy_ws/piper-mou/install/piper_with_gripper_moveit/include/piper_with_gripper_moveit/piper_with_gripper_moveit/action/detail/dds_fastrtps
[0.574s] -- Up-to-date: /home/dyros/mcy_ws/piper-mou/install/piper_with_gripper_moveit/include/piper_with_gripper_moveit/piper_with_gripper_moveit/action/detail/target_pose__rosidl_typesupport_fastrtps_cpp.hpp
[0.574s] -- Up-to-date: /home/dyros/mcy_ws/piper-mou/install/piper_with_gripper_moveit/include/piper_with_gripper_moveit/piper_with_gripper_moveit/action/detail/pose_goal__rosidl_typesupport_fastrtps_cpp.hpp
[0.574s] -- Up-to-date: /home/dyros/mcy_ws/piper-mou/install/piper_with_gripper_moveit/lib/libpiper_with_gripper_moveit__rosidl_typesupport_fastrtps_cpp.so
[0.574s] -- Up-to-date: /home/dyros/mcy_ws/piper-mou/install/piper_with_gripper_moveit/include/piper_with_gripper_moveit/piper_with_gripper_moveit
[0.574s] -- Up-to-date: /home/dyros/mcy_ws/piper-mou/install/piper_with_gripper_moveit/include/piper_with_gripper_moveit/piper_with_gripper_moveit/msg
[0.574s] -- Up-to-date: /home/dyros/mcy_ws/piper-mou/install/piper_with_gripper_moveit/include/piper_with_gripper_moveit/piper_with_gripper_moveit/msg/rosidl_typesupport_introspection_c__visibility_control.h
[0.574s] -- Up-to-date: /home/dyros/mcy_ws/piper-mou/install/piper_with_gripper_moveit/include/piper_with_gripper_moveit/piper_with_gripper_moveit/action
[0.574s] -- Up-to-date: /home/dyros/mcy_ws/piper-mou/install/piper_with_gripper_moveit/include/piper_with_gripper_moveit/piper_with_gripper_moveit/action/detail
[0.574s] -- Up-to-date: /home/dyros/mcy_ws/piper-mou/install/piper_with_gripper_moveit/include/piper_with_gripper_moveit/piper_with_gripper_moveit/action/detail/pose_goal__rosidl_typesupport_introspection_c.h
[0.574s] -- Up-to-date: /home/dyros/mcy_ws/piper-mou/install/piper_with_gripper_moveit/include/piper_with_gripper_moveit/piper_with_gripper_moveit/action/detail/target_pose__rosidl_typesupport_introspection_c.h
[0.574s] -- Up-to-date: /home/dyros/mcy_ws/piper-mou/install/piper_with_gripper_moveit/include/piper_with_gripper_moveit/piper_with_gripper_moveit/action/detail/target_pose__type_support.c
[0.575s] -- Up-to-date: /home/dyros/mcy_ws/piper-mou/install/piper_with_gripper_moveit/include/piper_with_gripper_moveit/piper_with_gripper_moveit/action/detail/pose_goal__type_support.c
[0.575s] -- Up-to-date: /home/dyros/mcy_ws/piper-mou/install/piper_with_gripper_moveit/lib/libpiper_with_gripper_moveit__rosidl_typesupport_introspection_c.so
[0.575s] -- Up-to-date: /home/dyros/mcy_ws/piper-mou/install/piper_with_gripper_moveit/lib/libpiper_with_gripper_moveit__rosidl_typesupport_c.so
[0.575s] -- Up-to-date: /home/dyros/mcy_ws/piper-mou/install/piper_with_gripper_moveit/include/piper_with_gripper_moveit/piper_with_gripper_moveit
[0.575s] -- Up-to-date: /home/dyros/mcy_ws/piper-mou/install/piper_with_gripper_moveit/include/piper_with_gripper_moveit/piper_with_gripper_moveit/action
[0.575s] -- Up-to-date: /home/dyros/mcy_ws/piper-mou/install/piper_with_gripper_moveit/include/piper_with_gripper_moveit/piper_with_gripper_moveit/action/detail
[0.575s] -- Up-to-date: /home/dyros/mcy_ws/piper-mou/install/piper_with_gripper_moveit/include/piper_with_gripper_moveit/piper_with_gripper_moveit/action/detail/target_pose__rosidl_typesupport_introspection_cpp.hpp
[0.575s] -- Up-to-date: /home/dyros/mcy_ws/piper-mou/install/piper_with_gripper_moveit/include/piper_with_gripper_moveit/piper_with_gripper_moveit/action/detail/target_pose__type_support.cpp
[0.575s] -- Up-to-date: /home/dyros/mcy_ws/piper-mou/install/piper_with_gripper_moveit/include/piper_with_gripper_moveit/piper_with_gripper_moveit/action/detail/pose_goal__type_support.cpp
[0.575s] -- Up-to-date: /home/dyros/mcy_ws/piper-mou/install/piper_with_gripper_moveit/include/piper_with_gripper_moveit/piper_with_gripper_moveit/action/detail/pose_goal__rosidl_typesupport_introspection_cpp.hpp
[0.575s] -- Up-to-date: /home/dyros/mcy_ws/piper-mou/install/piper_with_gripper_moveit/lib/libpiper_with_gripper_moveit__rosidl_typesupport_introspection_cpp.so
[0.575s] -- Up-to-date: /home/dyros/mcy_ws/piper-mou/install/piper_with_gripper_moveit/lib/libpiper_with_gripper_moveit__rosidl_typesupport_cpp.so
[0.575s] -- Up-to-date: /home/dyros/mcy_ws/piper-mou/install/piper_with_gripper_moveit/share/piper_with_gripper_moveit/environment/pythonpath.sh
[0.575s] -- Up-to-date: /home/dyros/mcy_ws/piper-mou/install/piper_with_gripper_moveit/share/piper_with_gripper_moveit/environment/pythonpath.dsv
[0.575s] -- Up-to-date: /home/dyros/mcy_ws/piper-mou/install/piper_with_gripper_moveit/local/lib/python3.10/dist-packages/piper_with_gripper_moveit-0.3.0-py3.10.egg-info
[0.575s] -- Installing: /home/dyros/mcy_ws/piper-mou/install/piper_with_gripper_moveit/local/lib/python3.10/dist-packages/piper_with_gripper_moveit-0.3.0-py3.10.egg-info/dependency_links.txt
[0.576s] -- Installing: /home/dyros/mcy_ws/piper-mou/install/piper_with_gripper_moveit/local/lib/python3.10/dist-packages/piper_with_gripper_moveit-0.3.0-py3.10.egg-info/SOURCES.txt
[0.576s] -- Installing: /home/dyros/mcy_ws/piper-mou/install/piper_with_gripper_moveit/local/lib/python3.10/dist-packages/piper_with_gripper_moveit-0.3.0-py3.10.egg-info/top_level.txt
[0.576s] -- Installing: /home/dyros/mcy_ws/piper-mou/install/piper_with_gripper_moveit/local/lib/python3.10/dist-packages/piper_with_gripper_moveit-0.3.0-py3.10.egg-info/PKG-INFO
[0.576s] -- Up-to-date: /home/dyros/mcy_ws/piper-mou/install/piper_with_gripper_moveit/local/lib/python3.10/dist-packages/piper_with_gripper_moveit
[0.576s] -- Up-to-date: /home/dyros/mcy_ws/piper-mou/install/piper_with_gripper_moveit/local/lib/python3.10/dist-packages/piper_with_gripper_moveit/__init__.py
[0.576s] -- Up-to-date: /home/dyros/mcy_ws/piper-mou/install/piper_with_gripper_moveit/local/lib/python3.10/dist-packages/piper_with_gripper_moveit/_piper_with_gripper_moveit_s.ep.rosidl_typesupport_fastrtps_c.c
[0.576s] -- Up-to-date: /home/dyros/mcy_ws/piper-mou/install/piper_with_gripper_moveit/local/lib/python3.10/dist-packages/piper_with_gripper_moveit/_piper_with_gripper_moveit_s.ep.rosidl_typesupport_c.c
[0.576s] -- Up-to-date: /home/dyros/mcy_ws/piper-mou/install/piper_with_gripper_moveit/local/lib/python3.10/dist-packages/piper_with_gripper_moveit/_piper_with_gripper_moveit_s.ep.rosidl_typesupport_introspection_c.c
[0.576s] -- Up-to-date: /home/dyros/mcy_ws/piper-mou/install/piper_with_gripper_moveit/local/lib/python3.10/dist-packages/piper_with_gripper_moveit/piper_with_gripper_moveit_s__rosidl_typesupport_c.cpython-310-x86_64-linux-gnu.so
[0.576s] -- Up-to-date: /home/dyros/mcy_ws/piper-mou/install/piper_with_gripper_moveit/local/lib/python3.10/dist-packages/piper_with_gripper_moveit/piper_with_gripper_moveit_s__rosidl_typesupport_fastrtps_c.cpython-310-x86_64-linux-gnu.so
[0.576s] -- Up-to-date: /home/dyros/mcy_ws/piper-mou/install/piper_with_gripper_moveit/local/lib/python3.10/dist-packages/piper_with_gripper_moveit/piper_with_gripper_moveit_s__rosidl_typesupport_introspection_c.cpython-310-x86_64-linux-gnu.so
[0.576s] -- Up-to-date: /home/dyros/mcy_ws/piper-mou/install/piper_with_gripper_moveit/local/lib/python3.10/dist-packages/piper_with_gripper_moveit/action
[0.576s] -- Up-to-date: /home/dyros/mcy_ws/piper-mou/install/piper_with_gripper_moveit/local/lib/python3.10/dist-packages/piper_with_gripper_moveit/action/__init__.py
[0.576s] -- Up-to-date: /home/dyros/mcy_ws/piper-mou/install/piper_with_gripper_moveit/local/lib/python3.10/dist-packages/piper_with_gripper_moveit/action/_pose_goal_s.c
[0.576s] -- Up-to-date: /home/dyros/mcy_ws/piper-mou/install/piper_with_gripper_moveit/local/lib/python3.10/dist-packages/piper_with_gripper_moveit/action/_target_pose_s.c
[0.576s] -- Up-to-date: /home/dyros/mcy_ws/piper-mou/install/piper_with_gripper_moveit/local/lib/python3.10/dist-packages/piper_with_gripper_moveit/action/_pose_goal.py
[0.577s] -- Up-to-date: /home/dyros/mcy_ws/piper-mou/install/piper_with_gripper_moveit/local/lib/python3.10/dist-packages/piper_with_gripper_moveit/action/_target_pose.py
[0.577s] -- Up-to-date: /home/dyros/mcy_ws/piper-mou/install/piper_with_gripper_moveit/local/lib/python3.10/dist-packages/piper_with_gripper_moveit/libpiper_with_gripper_moveit__rosidl_generator_py.so
[0.608s] Listing '/home/dyros/mcy_ws/piper-mou/install/piper_with_gripper_moveit/local/lib/python3.10/dist-packages/piper_with_gripper_moveit'...
[0.608s] Listing '/home/dyros/mcy_ws/piper-mou/install/piper_with_gripper_moveit/local/lib/python3.10/dist-packages/piper_with_gripper_moveit/action'...
[0.612s] -- Up-to-date: /home/dyros/mcy_ws/piper-mou/install/piper_with_gripper_moveit/local/lib/python3.10/dist-packages/piper_with_gripper_moveit/piper_with_gripper_moveit_s__rosidl_typesupport_fastrtps_c.cpython-310-x86_64-linux-gnu.so
[0.612s] -- Up-to-date: /home/dyros/mcy_ws/piper-mou/install/piper_with_gripper_moveit/local/lib/python3.10/dist-packages/piper_with_gripper_moveit/piper_with_gripper_moveit_s__rosidl_typesupport_introspection_c.cpython-310-x86_64-linux-gnu.so
[0.613s] -- Up-to-date: /home/dyros/mcy_ws/piper-mou/install/piper_with_gripper_moveit/local/lib/python3.10/dist-packages/piper_with_gripper_moveit/piper_with_gripper_moveit_s__rosidl_typesupport_c.cpython-310-x86_64-linux-gnu.so
[0.613s] -- Up-to-date: /home/dyros/mcy_ws/piper-mou/install/piper_with_gripper_moveit/lib/libpiper_with_gripper_moveit__rosidl_generator_py.so
[0.613s] -- Up-to-date: /home/dyros/mcy_ws/piper-mou/install/piper_with_gripper_moveit/share/piper_with_gripper_moveit/action/PoseGoal.idl
[0.613s] -- Up-to-date: /home/dyros/mcy_ws/piper-mou/install/piper_with_gripper_moveit/share/piper_with_gripper_moveit/action/TargetPose.idl
[0.614s] -- Up-to-date: /home/dyros/mcy_ws/piper-mou/install/piper_with_gripper_moveit/share/piper_with_gripper_moveit/action/PoseGoal.action
[0.614s] -- Up-to-date: /home/dyros/mcy_ws/piper-mou/install/piper_with_gripper_moveit/share/piper_with_gripper_moveit/action/TargetPose.action
[0.614s] -- Up-to-date: /home/dyros/mcy_ws/piper-mou/install/piper_with_gripper_moveit/share/ament_index/resource_index/package_run_dependencies/piper_with_gripper_moveit
[0.614s] -- Up-to-date: /home/dyros/mcy_ws/piper-mou/install/piper_with_gripper_moveit/share/ament_index/resource_index/parent_prefix_path/piper_with_gripper_moveit
[0.614s] -- Up-to-date: /home/dyros/mcy_ws/piper-mou/install/piper_with_gripper_moveit/share/piper_with_gripper_moveit/environment/ament_prefix_path.sh
[0.614s] -- Up-to-date: /home/dyros/mcy_ws/piper-mou/install/piper_with_gripper_moveit/share/piper_with_gripper_moveit/environment/ament_prefix_path.dsv
[0.614s] -- Up-to-date: /home/dyros/mcy_ws/piper-mou/install/piper_with_gripper_moveit/share/piper_with_gripper_moveit/environment/path.sh
[0.614s] -- Up-to-date: /home/dyros/mcy_ws/piper-mou/install/piper_with_gripper_moveit/share/piper_with_gripper_moveit/environment/path.dsv
[0.614s] -- Up-to-date: /home/dyros/mcy_ws/piper-mou/install/piper_with_gripper_moveit/share/piper_with_gripper_moveit/local_setup.bash
[0.614s] -- Up-to-date: /home/dyros/mcy_ws/piper-mou/install/piper_with_gripper_moveit/share/piper_with_gripper_moveit/local_setup.sh
[0.615s] -- Up-to-date: /home/dyros/mcy_ws/piper-mou/install/piper_with_gripper_moveit/share/piper_with_gripper_moveit/local_setup.zsh
[0.615s] -- Up-to-date: /home/dyros/mcy_ws/piper-mou/install/piper_with_gripper_moveit/share/piper_with_gripper_moveit/local_setup.dsv
[0.615s] -- Installing: /home/dyros/mcy_ws/piper-mou/install/piper_with_gripper_moveit/share/piper_with_gripper_moveit/package.dsv
[0.615s] -- Up-to-date: /home/dyros/mcy_ws/piper-mou/install/piper_with_gripper_moveit/share/ament_index/resource_index/packages/piper_with_gripper_moveit
[0.615s] -- Up-to-date: /home/dyros/mcy_ws/piper-mou/install/piper_with_gripper_moveit/share/piper_with_gripper_moveit/cmake/export_piper_with_gripper_moveit__rosidl_generator_cExport.cmake
[0.615s] -- Up-to-date: /home/dyros/mcy_ws/piper-mou/install/piper_with_gripper_moveit/share/piper_with_gripper_moveit/cmake/export_piper_with_gripper_moveit__rosidl_generator_cExport-noconfig.cmake
[0.615s] -- Up-to-date: /home/dyros/mcy_ws/piper-mou/install/piper_with_gripper_moveit/share/piper_with_gripper_moveit/cmake/export_piper_with_gripper_moveit__rosidl_typesupport_fastrtps_cExport.cmake
[0.615s] -- Up-to-date: /home/dyros/mcy_ws/piper-mou/install/piper_with_gripper_moveit/share/piper_with_gripper_moveit/cmake/export_piper_with_gripper_moveit__rosidl_typesupport_fastrtps_cExport-noconfig.cmake
[0.615s] -- Up-to-date: /home/dyros/mcy_ws/piper-mou/install/piper_with_gripper_moveit/share/piper_with_gripper_moveit/cmake/export_piper_with_gripper_moveit__rosidl_generator_cppExport.cmake
[0.615s] -- Up-to-date: /home/dyros/mcy_ws/piper-mou/install/piper_with_gripper_moveit/share/piper_with_gripper_moveit/cmake/export_piper_with_gripper_moveit__rosidl_typesupport_fastrtps_cppExport.cmake
[0.615s] -- Up-to-date: /home/dyros/mcy_ws/piper-mou/install/piper_with_gripper_moveit/share/piper_with_gripper_moveit/cmake/export_piper_with_gripper_moveit__rosidl_typesupport_fastrtps_cppExport-noconfig.cmake
[0.615s] -- Up-to-date: /home/dyros/mcy_ws/piper-mou/install/piper_with_gripper_moveit/share/piper_with_gripper_moveit/cmake/piper_with_gripper_moveit__rosidl_typesupport_introspection_cExport.cmake
[0.616s] -- Up-to-date: /home/dyros/mcy_ws/piper-mou/install/piper_with_gripper_moveit/share/piper_with_gripper_moveit/cmake/piper_with_gripper_moveit__rosidl_typesupport_introspection_cExport-noconfig.cmake
[0.616s] -- Up-to-date: /home/dyros/mcy_ws/piper-mou/install/piper_with_gripper_moveit/share/piper_with_gripper_moveit/cmake/piper_with_gripper_moveit__rosidl_typesupport_cExport.cmake
[0.616s] -- Up-to-date: /home/dyros/mcy_ws/piper-mou/install/piper_with_gripper_moveit/share/piper_with_gripper_moveit/cmake/piper_with_gripper_moveit__rosidl_typesupport_cExport-noconfig.cmake
[0.616s] -- Up-to-date: /home/dyros/mcy_ws/piper-mou/install/piper_with_gripper_moveit/share/piper_with_gripper_moveit/cmake/piper_with_gripper_moveit__rosidl_typesupport_introspection_cppExport.cmake
[0.616s] -- Up-to-date: /home/dyros/mcy_ws/piper-mou/install/piper_with_gripper_moveit/share/piper_with_gripper_moveit/cmake/piper_with_gripper_moveit__rosidl_typesupport_introspection_cppExport-noconfig.cmake
[0.616s] -- Up-to-date: /home/dyros/mcy_ws/piper-mou/install/piper_with_gripper_moveit/share/piper_with_gripper_moveit/cmake/piper_with_gripper_moveit__rosidl_typesupport_cppExport.cmake
[0.616s] -- Up-to-date: /home/dyros/mcy_ws/piper-mou/install/piper_with_gripper_moveit/share/piper_with_gripper_moveit/cmake/piper_with_gripper_moveit__rosidl_typesupport_cppExport-noconfig.cmake
[0.616s] -- Up-to-date: /home/dyros/mcy_ws/piper-mou/install/piper_with_gripper_moveit/share/piper_with_gripper_moveit/cmake/export_piper_with_gripper_moveit__rosidl_generator_pyExport.cmake
[0.616s] -- Up-to-date: /home/dyros/mcy_ws/piper-mou/install/piper_with_gripper_moveit/share/piper_with_gripper_moveit/cmake/export_piper_with_gripper_moveit__rosidl_generator_pyExport-noconfig.cmake
[0.616s] -- Up-to-date: /home/dyros/mcy_ws/piper-mou/install/piper_with_gripper_moveit/share/piper_with_gripper_moveit/cmake/rosidl_cmake-extras.cmake
[0.616s] -- Up-to-date: /home/dyros/mcy_ws/piper-mou/install/piper_with_gripper_moveit/share/piper_with_gripper_moveit/cmake/ament_cmake_export_dependencies-extras.cmake
[0.616s] -- Up-to-date: /home/dyros/mcy_ws/piper-mou/install/piper_with_gripper_moveit/share/piper_with_gripper_moveit/cmake/ament_cmake_export_include_directories-extras.cmake
[0.616s] -- Up-to-date: /home/dyros/mcy_ws/piper-mou/install/piper_with_gripper_moveit/share/piper_with_gripper_moveit/cmake/ament_cmake_export_libraries-extras.cmake
[0.617s] -- Up-to-date: /home/dyros/mcy_ws/piper-mou/install/piper_with_gripper_moveit/share/piper_with_gripper_moveit/cmake/ament_cmake_export_targets-extras.cmake
[0.617s] -- Up-to-date: /home/dyros/mcy_ws/piper-mou/install/piper_with_gripper_moveit/share/piper_with_gripper_moveit/cmake/rosidl_cmake_export_typesupport_targets-extras.cmake
[0.617s] -- Up-to-date: /home/dyros/mcy_ws/piper-mou/install/piper_with_gripper_moveit/share/piper_with_gripper_moveit/cmake/rosidl_cmake_export_typesupport_libraries-extras.cmake
[0.617s] -- Up-to-date: /home/dyros/mcy_ws/piper-mou/install/piper_with_gripper_moveit/share/piper_with_gripper_moveit/cmake/piper_with_gripper_moveitConfig.cmake
[0.617s] -- Up-to-date: /home/dyros/mcy_ws/piper-mou/install/piper_with_gripper_moveit/share/piper_with_gripper_moveit/cmake/piper_with_gripper_moveitConfig-version.cmake
[0.617s] -- Up-to-date: /home/dyros/mcy_ws/piper-mou/install/piper_with_gripper_moveit/share/piper_with_gripper_moveit/package.xml
[0.617s] -- Up-to-date: /home/dyros/mcy_ws/piper-mou/install/piper_with_gripper_moveit/share/piper_with_gripper_moveit/launch
[0.617s] -- Up-to-date: /home/dyros/mcy_ws/piper-mou/install/piper_with_gripper_moveit/share/piper_with_gripper_moveit/launch/setup_assistant.launch.py
[0.617s] -- Up-to-date: /home/dyros/mcy_ws/piper-mou/install/piper_with_gripper_moveit/share/piper_with_gripper_moveit/launch/demo.launch.py
[0.617s] -- Up-to-date: /home/dyros/mcy_ws/piper-mou/install/piper_with_gripper_moveit/share/piper_with_gripper_moveit/launch/piper_moveit.launch.py
[0.617s] -- Up-to-date: /home/dyros/mcy_ws/piper-mou/install/piper_with_gripper_moveit/share/piper_with_gripper_moveit/launch/wm_demo.launch.py
[0.617s] -- Up-to-date: /home/dyros/mcy_ws/piper-mou/install/piper_with_gripper_moveit/share/piper_with_gripper_moveit/launch/moveit_rviz.launch.py
[0.617s] -- Up-to-date: /home/dyros/mcy_ws/piper-mou/install/piper_with_gripper_moveit/share/piper_with_gripper_moveit/launch/params_demo.launch.py
[0.617s] -- Up-to-date: /home/dyros/mcy_ws/piper-mou/install/piper_with_gripper_moveit/share/piper_with_gripper_moveit/launch/spawn_controllers.launch.py
[0.618s] -- Up-to-date: /home/dyros/mcy_ws/piper-mou/install/piper_with_gripper_moveit/share/piper_with_gripper_moveit/launch/move_group.launch.py
[0.618s] -- Up-to-date: /home/dyros/mcy_ws/piper-mou/install/piper_with_gripper_moveit/share/piper_with_gripper_moveit/launch/warehouse_db.launch.py
[0.618s] -- Up-to-date: /home/dyros/mcy_ws/piper-mou/install/piper_with_gripper_moveit/share/piper_with_gripper_moveit/launch/rsp.launch.py
[0.618s] -- Up-to-date: /home/dyros/mcy_ws/piper-mou/install/piper_with_gripper_moveit/share/piper_with_gripper_moveit/launch/static_virtual_joint_tfs.launch.py
[0.618s] -- Up-to-date: /home/dyros/mcy_ws/piper-mou/install/piper_with_gripper_moveit/share/piper_with_gripper_moveit/launch/interface.launch.py
[0.618s] -- Up-to-date: /home/dyros/mcy_ws/piper-mou/install/piper_with_gripper_moveit/share/piper_with_gripper_moveit/config
[0.618s] -- Installing: /home/dyros/mcy_ws/piper-mou/install/piper_with_gripper_moveit/share/piper_with_gripper_moveit/config/kinematics.yaml
[0.618s] -- Up-to-date: /home/dyros/mcy_ws/piper-mou/install/piper_with_gripper_moveit/share/piper_with_gripper_moveit/config/piper.urdf.xacro
[0.618s] -- Up-to-date: /home/dyros/mcy_ws/piper-mou/install/piper_with_gripper_moveit/share/piper_with_gripper_moveit/config/joint_limits.yaml
[0.618s] -- Up-to-date: /home/dyros/mcy_ws/piper-mou/install/piper_with_gripper_moveit/share/piper_with_gripper_moveit/config/ompl_plainning.yaml
[0.618s] -- Up-to-date: /home/dyros/mcy_ws/piper-mou/install/piper_with_gripper_moveit/share/piper_with_gripper_moveit/config/pilz_cartesian_limits.yaml
[0.618s] -- Up-to-date: /home/dyros/mcy_ws/piper-mou/install/piper_with_gripper_moveit/share/piper_with_gripper_moveit/config/moveit.rviz
[0.618s] -- Up-to-date: /home/dyros/mcy_ws/piper-mou/install/piper_with_gripper_moveit/share/piper_with_gripper_moveit/config/initial_positions.yaml
[0.618s] -- Up-to-date: /home/dyros/mcy_ws/piper-mou/install/piper_with_gripper_moveit/share/piper_with_gripper_moveit/config/sensors_3d.yaml
[0.618s] -- Up-to-date: /home/dyros/mcy_ws/piper-mou/install/piper_with_gripper_moveit/share/piper_with_gripper_moveit/config/piper.ros2_control.xacro
[0.619s] -- Up-to-date: /home/dyros/mcy_ws/piper-mou/install/piper_with_gripper_moveit/share/piper_with_gripper_moveit/config/trajectory_execution.yaml
[0.619s] -- Up-to-date: /home/dyros/mcy_ws/piper-mou/install/piper_with_gripper_moveit/share/piper_with_gripper_moveit/config/piper.srdf
[0.620s] -- Up-to-date: /home/dyros/mcy_ws/piper-mou/install/piper_with_gripper_moveit/share/piper_with_gripper_moveit/config/moveit_controllers.yaml
[0.620s] -- Up-to-date: /home/dyros/mcy_ws/piper-mou/install/piper_with_gripper_moveit/share/piper_with_gripper_moveit/config/pilz_industrial_motion_planner_planning.yaml
[0.620s] -- Up-to-date: /home/dyros/mcy_ws/piper-mou/install/piper_with_gripper_moveit/share/piper_with_gripper_moveit/config/ros2_controllers.yaml
[0.620s] -- Up-to-date: /home/dyros/mcy_ws/piper-mou/install/piper_with_gripper_moveit/share/piper_with_gripper_moveit/.setup_assistant
[0.620s] -- Up-to-date: /home/dyros/mcy_ws/piper-mou/install/piper_with_gripper_moveit/lib/piper_with_gripper_moveit/planning_scene_node
[0.621s] -- Up-to-date: /home/dyros/mcy_ws/piper-mou/install/piper_with_gripper_moveit/lib/piper_with_gripper_moveit/joint_goal_node
[0.621s] -- Up-to-date: /home/dyros/mcy_ws/piper-mou/install/piper_with_gripper_moveit/lib/piper_with_gripper_moveit/joint_goal_cmd_node
[0.621s] -- Up-to-date: /home/dyros/mcy_ws/piper-mou/install/piper_with_gripper_moveit/lib/piper_with_gripper_moveit/pose_goal_node
[0.621s] -- Up-to-date: /home/dyros/mcy_ws/piper-mou/install/piper_with_gripper_moveit/lib/piper_with_gripper_moveit/cA.py
[0.621s] -- Up-to-date: /home/dyros/mcy_ws/piper-mou/install/piper_with_gripper_moveit/lib/piper_with_gripper_moveit/Logic_inte.py
[0.621s] -- Up-to-date: /home/dyros/mcy_ws/piper-mou/install/piper_with_gripper_moveit/lib/piper_with_gripper_moveit/TEST.py
[0.621s] Invoked command in '/home/dyros/mcy_ws/piper-mou/build/piper_with_gripper_moveit' returned '0': CMAKE_PREFIX_PATH=/home/dyros/mcy_ws/piper-mou/install/piper_description:/home/dyros/mcy_ws/piper-mou/install/trac_ik:/home/dyros/mcy_ws/piper-mou/install/trac_ik_lib:/home/dyros/mcy_ws/piper-mou/install/xela_server_ros2:/home/dyros/mcy_ws/piper-mou/install/topic_based_ros2_control:/home/dyros/mcy_ws/piper-mou/install/piper_with_gripper_moveit:/home/dyros/mcy_ws/piper-mou/install/piper_no_gripper_moveit:/home/dyros/mcy_ws/piper-mou/install/piper_msgs:/home/dyros/mcy_ws/piper-mou/install/piper_humble:/home/dyros/mcy_ws/piper-mou/install/piper_gazebo:/home/dyros/mcy_ws/piper-mou/install/moveit_mujoco_interface:/home/dyros/tocabi_isaac_ws/install/tocabi_cc_ros2:/home/dyros/tocabi_isaac_ws/install/tocabi_lib:/home/dyros/tocabi_isaac_ws/install/tocabi_msgs:/home/dyros/tocabi_isaac_ws/install/tocabi_isaacsim_ros2:/home/dyros/mcy_ws/piper-mou/install/piper:/opt/ros/humble /usr/bin/cmake --install /home/dyros/mcy_ws/piper-mou/build/piper_with_gripper_moveit
