[  2%] Built target piper_with_gripper_moveit__cpp
[ 10%] Built target piper_with_gripper_moveit__rosidl_generator_c
[ 10%] Built target ament_cmake_python_symlink_piper_with_gripper_moveit
[ 14%] Built target joint_goal_node
[ 19%] Built target planning_scene_node
[ 23%] Built target joint_goal_cmd_node
[ 31%] Built target piper_with_gripper_moveit__rosidl_typesupport_fastrtps_c
[ 40%] Built target piper_with_gripper_moveit__rosidl_typesupport_introspection_c
[ 48%] Built target piper_with_gripper_moveit__rosidl_typesupport_c
[ 57%] Built target piper_with_gripper_moveit__rosidl_typesupport_introspection_cpp
[ 65%] Built target piper_with_gripper_moveit__rosidl_typesupport_cpp
[ 74%] Built target piper_with_gripper_moveit__rosidl_typesupport_fastrtps_cpp
[35m[1mConsolidate compiler generated dependencies of target pose_goal_node[0m
[ 74%] Built target piper_with_gripper_moveit
[ 76%] Built target piper_with_gripper_moveit__py
[ 78%] [32mBuilding CXX object CMakeFiles/pose_goal_node.dir/src/pose_goal.cpp.o[0m
[ 85%] Built target piper_with_gripper_moveit__rosidl_generator_py
[ 93%] Built target piper_with_gripper_moveit__rosidl_typesupport_c__pyext
[ 93%] Built target piper_with_gripper_moveit__rosidl_typesupport_introspection_c__pyext
[ 97%] Built target piper_with_gripper_moveit__rosidl_typesupport_fastrtps_c__pyext
running egg_info
writing piper_with_gripper_moveit.egg-info/PKG-INFO
writing dependency_links to piper_with_gripper_moveit.egg-info/dependency_links.txt
writing top-level names to piper_with_gripper_moveit.egg-info/top_level.txt
reading manifest file 'piper_with_gripper_moveit.egg-info/SOURCES.txt'
writing manifest file 'piper_with_gripper_moveit.egg-info/SOURCES.txt'
[ 97%] Built target ament_cmake_python_build_piper_with_gripper_moveit_egg
[01m[K/home/cheon/Documents/dyros/piper-mou/piper_ros/src/piper_moveit/piper_with_gripper_moveit/src/pose_goal.cpp:[m[K In member function ‘[01m[Kvoid PoseGoalActionServer::execute(const std::shared_ptr<rclcpp_action::ServerGoalHandle<piper_with_gripper_moveit::action::PoseGoal> >&)[m[K’:
[01m[K/home/cheon/Documents/dyros/piper-mou/piper_ros/src/piper_moveit/piper_with_gripper_moveit/src/pose_goal.cpp:93:44:[m[K [01;31m[Kerror: [m[K‘[01m[Kusing element_type = const struct piper_with_gripper_moveit::action::PoseGoal_Goal_<std::allocator<void> >[m[K’ {aka ‘[01m[Kconst struct piper_with_gripper_moveit::action::PoseGoal_Goal_<std::allocator<void> >[m[K’} has no member named ‘[01m[Kroll_tol_rad[m[K’; did you mean ‘[01m[Krp_tol_rad[m[K’?
   93 |     const double roll_tol_rad     = (goal->[01;31m[Kroll_tol_rad[m[K     > 0.0) ? goal->roll_tol_rad     : 1.0;
      |                                            [01;31m[K^~~~~~~~~~~~[m[K
      |                                            [32m[Krp_tol_rad[m[K
[01m[K/home/cheon/Documents/dyros/piper-mou/piper_ros/src/piper_moveit/piper_with_gripper_moveit/src/pose_goal.cpp:93:76:[m[K [01;31m[Kerror: [m[K‘[01m[Kusing element_type = const struct piper_with_gripper_moveit::action::PoseGoal_Goal_<std::allocator<void> >[m[K’ {aka ‘[01m[Kconst struct piper_with_gripper_moveit::action::PoseGoal_Goal_<std::allocator<void> >[m[K’} has no member named ‘[01m[Kroll_tol_rad[m[K’; did you mean ‘[01m[Krp_tol_rad[m[K’?
   93 |     const double roll_tol_rad     = (goal->roll_tol_rad     > 0.0) ? goal->[01;31m[Kroll_tol_rad[m[K     : 1.0;
      |                                                                            [01;31m[K^~~~~~~~~~~~[m[K
      |                                                                            [32m[Krp_tol_rad[m[K
[01m[K/home/cheon/Documents/dyros/piper-mou/piper_ros/src/piper_moveit/piper_with_gripper_moveit/src/pose_goal.cpp:94:42:[m[K [01;31m[Kerror: [m[K‘[01m[Kusing element_type = const struct piper_with_gripper_moveit::action::PoseGoal_Goal_<std::allocator<void> >[m[K’ {aka ‘[01m[Kconst struct piper_with_gripper_moveit::action::PoseGoal_Goal_<std::allocator<void> >[m[K’} has no member named ‘[01m[Kpich_tol_rad[m[K’; did you mean ‘[01m[Krp_tol_rad[m[K’?
   94 |   const double pich_tol_rad     = (goal->[01;31m[Kpich_tol_rad[m[K     > 0.0) ? goal->pich_tol_rad     : 1.0;
      |                                          [01;31m[K^~~~~~~~~~~~[m[K
      |                                          [32m[Krp_tol_rad[m[K
[01m[K/home/cheon/Documents/dyros/piper-mou/piper_ros/src/piper_moveit/piper_with_gripper_moveit/src/pose_goal.cpp:94:74:[m[K [01;31m[Kerror: [m[K‘[01m[Kusing element_type = const struct piper_with_gripper_moveit::action::PoseGoal_Goal_<std::allocator<void> >[m[K’ {aka ‘[01m[Kconst struct piper_with_gripper_moveit::action::PoseGoal_Goal_<std::allocator<void> >[m[K’} has no member named ‘[01m[Kpich_tol_rad[m[K’; did you mean ‘[01m[Krp_tol_rad[m[K’?
   94 |   const double pich_tol_rad     = (goal->pich_tol_rad     > 0.0) ? goal->[01;31m[Kpich_tol_rad[m[K     : 1.0;
      |                                                                          [01;31m[K^~~~~~~~~~~~[m[K
      |                                                                          [32m[Krp_tol_rad[m[K
gmake[2]: *** [CMakeFiles/pose_goal_node.dir/build.make:76: CMakeFiles/pose_goal_node.dir/src/pose_goal.cpp.o] Error 1
gmake[1]: *** [CMakeFiles/Makefile2:677: CMakeFiles/pose_goal_node.dir/all] Error 2
gmake: *** [Makefile:146: all] Error 2
