[0.466s] Invoking command in '/home/cheon/Documents/dyros/piper-mou/piper_ros/build/piper_msgs': CMAKE_PREFIX_PATH=${CMAKE_PREFIX_PATH}:/home/cheon/Documents/dyros/piper-mou/piper_ros/install/piper:/home/cheon/Documents/dyros/piper-mou/install/piper_mujoco:/home/cheon/Documents/dyros/piper-mou/install/piper:/opt/ros/humble /usr/bin/cmake --build /home/cheon/Documents/dyros/piper-mou/piper_ros/build/piper_msgs -- -j12 -l12
[0.609s] [  2%] Built target piper_msgs__cpp
[0.611s] [ 12%] Built target piper_msgs__rosidl_generator_c
[0.623s] [ 12%] Built target ament_cmake_python_symlink_piper_msgs
[0.668s] [ 36%] Built target piper_msgs__rosidl_typesupport_introspection_cpp
[0.671s] [ 36%] Built target piper_msgs__rosidl_typesupport_cpp
[0.671s] [ 53%] Built target piper_msgs__rosidl_typesupport_introspection_c
[0.673s] [ 63%] Built target piper_msgs__rosidl_typesupport_fastrtps_cpp
[0.673s] [ 65%] Built target piper_msgs__rosidl_typesupport_fastrtps_c
[0.673s] [ 76%] Built target piper_msgs__rosidl_typesupport_c
[0.716s] [ 76%] Built target piper_msgs
[0.775s] [ 78%] Built target piper_msgs__py
[0.834s] [ 87%] Built target piper_msgs__rosidl_generator_py
[0.896s] [ 93%] Built target piper_msgs__rosidl_typesupport_c__pyext
[0.900s] [ 95%] Built target piper_msgs__rosidl_typesupport_fastrtps_c__pyext
[0.900s] [100%] Built target piper_msgs__rosidl_typesupport_introspection_c__pyext
[1.441s] running egg_info
[1.512s] writing piper_msgs.egg-info/PKG-INFO
[1.514s] writing dependency_links to piper_msgs.egg-info/dependency_links.txt
[1.515s] writing top-level names to piper_msgs.egg-info/top_level.txt
[1.724s] reading manifest file 'piper_msgs.egg-info/SOURCES.txt'
[1.727s] writing manifest file 'piper_msgs.egg-info/SOURCES.txt'
[1.810s] [100%] Built target ament_cmake_python_build_piper_msgs_egg
[1.836s] Invoked command in '/home/cheon/Documents/dyros/piper-mou/piper_ros/build/piper_msgs' returned '0': CMAKE_PREFIX_PATH=${CMAKE_PREFIX_PATH}:/home/cheon/Documents/dyros/piper-mou/piper_ros/install/piper:/home/cheon/Documents/dyros/piper-mou/install/piper_mujoco:/home/cheon/Documents/dyros/piper-mou/install/piper:/opt/ros/humble /usr/bin/cmake --build /home/cheon/Documents/dyros/piper-mou/piper_ros/build/piper_msgs -- -j12 -l12
[1.840s] Invoking command in '/home/cheon/Documents/dyros/piper-mou/piper_ros/build/piper_msgs': CMAKE_PREFIX_PATH=${CMAKE_PREFIX_PATH}:/home/cheon/Documents/dyros/piper-mou/piper_ros/install/piper:/home/cheon/Documents/dyros/piper-mou/install/piper_mujoco:/home/cheon/Documents/dyros/piper-mou/install/piper:/opt/ros/humble /usr/bin/cmake --install /home/cheon/Documents/dyros/piper-mou/piper_ros/build/piper_msgs
[1.857s] -- Install configuration: ""
[1.858s] -- Execute custom install script
[1.859s] -- Up-to-date symlink: /home/cheon/Documents/dyros/piper-mou/piper_ros/install/piper_msgs/share/ament_index/resource_index/rosidl_interfaces/piper_msgs
[1.860s] -- Up-to-date symlink: /home/cheon/Documents/dyros/piper-mou/piper_ros/install/piper_msgs/include/piper_msgs/piper_msgs/msg/detail/piper_status_msg__functions.h
[1.860s] -- Up-to-date symlink: /home/cheon/Documents/dyros/piper-mou/piper_ros/install/piper_msgs/include/piper_msgs/piper_msgs/msg/detail/piper_status_msg__struct.h
[1.861s] -- Up-to-date symlink: /home/cheon/Documents/dyros/piper-mou/piper_ros/install/piper_msgs/include/piper_msgs/piper_msgs/msg/detail/piper_status_msg__type_support.h
[1.861s] -- Up-to-date symlink: /home/cheon/Documents/dyros/piper-mou/piper_ros/install/piper_msgs/include/piper_msgs/piper_msgs/msg/detail/pos_cmd__functions.h
[1.862s] -- Up-to-date symlink: /home/cheon/Documents/dyros/piper-mou/piper_ros/install/piper_msgs/include/piper_msgs/piper_msgs/msg/detail/pos_cmd__struct.h
[1.863s] -- Up-to-date symlink: /home/cheon/Documents/dyros/piper-mou/piper_ros/install/piper_msgs/include/piper_msgs/piper_msgs/msg/detail/pos_cmd__type_support.h
[1.863s] -- Up-to-date symlink: /home/cheon/Documents/dyros/piper-mou/piper_ros/install/piper_msgs/include/piper_msgs/piper_msgs/msg/piper_status_msg.h
[1.863s] -- Up-to-date symlink: /home/cheon/Documents/dyros/piper-mou/piper_ros/install/piper_msgs/include/piper_msgs/piper_msgs/msg/pos_cmd.h
[1.864s] -- Up-to-date symlink: /home/cheon/Documents/dyros/piper-mou/piper_ros/install/piper_msgs/include/piper_msgs/piper_msgs/msg/rosidl_generator_c__visibility_control.h
[1.864s] -- Up-to-date symlink: /home/cheon/Documents/dyros/piper-mou/piper_ros/install/piper_msgs/include/piper_msgs/piper_msgs/srv/detail/enable__functions.h
[1.865s] -- Up-to-date symlink: /home/cheon/Documents/dyros/piper-mou/piper_ros/install/piper_msgs/include/piper_msgs/piper_msgs/srv/detail/enable__struct.h
[1.865s] -- Up-to-date symlink: /home/cheon/Documents/dyros/piper-mou/piper_ros/install/piper_msgs/include/piper_msgs/piper_msgs/srv/detail/enable__type_support.h
[1.866s] -- Up-to-date symlink: /home/cheon/Documents/dyros/piper-mou/piper_ros/install/piper_msgs/include/piper_msgs/piper_msgs/srv/enable.h
[1.866s] -- Up-to-date symlink: /home/cheon/Documents/dyros/piper-mou/piper_ros/install/piper_msgs/share/piper_msgs/environment/library_path.sh
[1.866s] -- Up-to-date symlink: /home/cheon/Documents/dyros/piper-mou/piper_ros/install/piper_msgs/share/piper_msgs/environment/library_path.dsv
[1.867s] -- Up-to-date symlink: /home/cheon/Documents/dyros/piper-mou/piper_ros/install/piper_msgs/include/piper_msgs/piper_msgs/msg/detail/piper_status_msg__rosidl_typesupport_fastrtps_c.h
[1.868s] -- Up-to-date symlink: /home/cheon/Documents/dyros/piper-mou/piper_ros/install/piper_msgs/include/piper_msgs/piper_msgs/msg/detail/pos_cmd__rosidl_typesupport_fastrtps_c.h
[1.868s] -- Up-to-date symlink: /home/cheon/Documents/dyros/piper-mou/piper_ros/install/piper_msgs/include/piper_msgs/piper_msgs/msg/rosidl_typesupport_fastrtps_c__visibility_control.h
[1.868s] -- Up-to-date symlink: /home/cheon/Documents/dyros/piper-mou/piper_ros/install/piper_msgs/include/piper_msgs/piper_msgs/srv/detail/enable__rosidl_typesupport_fastrtps_c.h
[1.869s] -- Up-to-date symlink: /home/cheon/Documents/dyros/piper-mou/piper_ros/install/piper_msgs/include/piper_msgs/piper_msgs/msg/detail/piper_status_msg__rosidl_typesupport_introspection_c.h
[1.870s] -- Up-to-date symlink: /home/cheon/Documents/dyros/piper-mou/piper_ros/install/piper_msgs/include/piper_msgs/piper_msgs/msg/detail/pos_cmd__rosidl_typesupport_introspection_c.h
[1.870s] -- Up-to-date symlink: /home/cheon/Documents/dyros/piper-mou/piper_ros/install/piper_msgs/include/piper_msgs/piper_msgs/msg/rosidl_typesupport_introspection_c__visibility_control.h
[1.871s] -- Up-to-date symlink: /home/cheon/Documents/dyros/piper-mou/piper_ros/install/piper_msgs/include/piper_msgs/piper_msgs/srv/detail/enable__rosidl_typesupport_introspection_c.h
[1.874s] -- Up-to-date symlink: /home/cheon/Documents/dyros/piper-mou/piper_ros/install/piper_msgs/include/piper_msgs/piper_msgs/msg/detail/piper_status_msg__builder.hpp
[1.874s] -- Up-to-date symlink: /home/cheon/Documents/dyros/piper-mou/piper_ros/install/piper_msgs/include/piper_msgs/piper_msgs/msg/detail/piper_status_msg__struct.hpp
[1.874s] -- Up-to-date symlink: /home/cheon/Documents/dyros/piper-mou/piper_ros/install/piper_msgs/include/piper_msgs/piper_msgs/msg/detail/piper_status_msg__traits.hpp
[1.874s] -- Up-to-date symlink: /home/cheon/Documents/dyros/piper-mou/piper_ros/install/piper_msgs/include/piper_msgs/piper_msgs/msg/detail/piper_status_msg__type_support.hpp
[1.875s] -- Up-to-date symlink: /home/cheon/Documents/dyros/piper-mou/piper_ros/install/piper_msgs/include/piper_msgs/piper_msgs/msg/detail/pos_cmd__builder.hpp
[1.875s] -- Up-to-date symlink: /home/cheon/Documents/dyros/piper-mou/piper_ros/install/piper_msgs/include/piper_msgs/piper_msgs/msg/detail/pos_cmd__struct.hpp
[1.875s] -- Up-to-date symlink: /home/cheon/Documents/dyros/piper-mou/piper_ros/install/piper_msgs/include/piper_msgs/piper_msgs/msg/detail/pos_cmd__traits.hpp
[1.876s] -- Up-to-date symlink: /home/cheon/Documents/dyros/piper-mou/piper_ros/install/piper_msgs/include/piper_msgs/piper_msgs/msg/detail/pos_cmd__type_support.hpp
[1.876s] -- Up-to-date symlink: /home/cheon/Documents/dyros/piper-mou/piper_ros/install/piper_msgs/include/piper_msgs/piper_msgs/msg/piper_status_msg.hpp
[1.877s] -- Up-to-date symlink: /home/cheon/Documents/dyros/piper-mou/piper_ros/install/piper_msgs/include/piper_msgs/piper_msgs/msg/pos_cmd.hpp
[1.877s] -- Up-to-date symlink: /home/cheon/Documents/dyros/piper-mou/piper_ros/install/piper_msgs/include/piper_msgs/piper_msgs/msg/rosidl_generator_cpp__visibility_control.hpp
[1.877s] -- Up-to-date symlink: /home/cheon/Documents/dyros/piper-mou/piper_ros/install/piper_msgs/include/piper_msgs/piper_msgs/srv/detail/enable__builder.hpp
[1.878s] -- Up-to-date symlink: /home/cheon/Documents/dyros/piper-mou/piper_ros/install/piper_msgs/include/piper_msgs/piper_msgs/srv/detail/enable__struct.hpp
[1.878s] -- Up-to-date symlink: /home/cheon/Documents/dyros/piper-mou/piper_ros/install/piper_msgs/include/piper_msgs/piper_msgs/srv/detail/enable__traits.hpp
[1.878s] -- Up-to-date symlink: /home/cheon/Documents/dyros/piper-mou/piper_ros/install/piper_msgs/include/piper_msgs/piper_msgs/srv/detail/enable__type_support.hpp
[1.878s] -- Up-to-date symlink: /home/cheon/Documents/dyros/piper-mou/piper_ros/install/piper_msgs/include/piper_msgs/piper_msgs/srv/enable.hpp
[1.879s] -- Up-to-date symlink: /home/cheon/Documents/dyros/piper-mou/piper_ros/install/piper_msgs/include/piper_msgs/piper_msgs/msg/detail/piper_status_msg__rosidl_typesupport_fastrtps_cpp.hpp
[1.879s] -- Up-to-date symlink: /home/cheon/Documents/dyros/piper-mou/piper_ros/install/piper_msgs/include/piper_msgs/piper_msgs/msg/detail/pos_cmd__rosidl_typesupport_fastrtps_cpp.hpp
[1.880s] -- Up-to-date symlink: /home/cheon/Documents/dyros/piper-mou/piper_ros/install/piper_msgs/include/piper_msgs/piper_msgs/msg/rosidl_typesupport_fastrtps_cpp__visibility_control.h
[1.880s] -- Up-to-date symlink: /home/cheon/Documents/dyros/piper-mou/piper_ros/install/piper_msgs/include/piper_msgs/piper_msgs/srv/detail/enable__rosidl_typesupport_fastrtps_cpp.hpp
[1.881s] -- Up-to-date symlink: /home/cheon/Documents/dyros/piper-mou/piper_ros/install/piper_msgs/include/piper_msgs/piper_msgs/msg/detail/piper_status_msg__rosidl_typesupport_introspection_cpp.hpp
[1.882s] -- Up-to-date symlink: /home/cheon/Documents/dyros/piper-mou/piper_ros/install/piper_msgs/include/piper_msgs/piper_msgs/msg/detail/pos_cmd__rosidl_typesupport_introspection_cpp.hpp
[1.882s] -- Up-to-date symlink: /home/cheon/Documents/dyros/piper-mou/piper_ros/install/piper_msgs/include/piper_msgs/piper_msgs/srv/detail/enable__rosidl_typesupport_introspection_cpp.hpp
[1.882s] -- Up-to-date symlink: /home/cheon/Documents/dyros/piper-mou/piper_ros/install/piper_msgs/share/piper_msgs/environment/pythonpath.sh
[1.883s] -- Up-to-date symlink: /home/cheon/Documents/dyros/piper-mou/piper_ros/install/piper_msgs/share/piper_msgs/environment/pythonpath.dsv
[1.884s] -- Up-to-date symlink: /home/cheon/Documents/dyros/piper-mou/piper_ros/install/piper_msgs/local/lib/python3.10/dist-packages/piper_msgs-0.0.0-py3.10.egg-info/PKG-INFO
[1.884s] -- Up-to-date symlink: /home/cheon/Documents/dyros/piper-mou/piper_ros/install/piper_msgs/local/lib/python3.10/dist-packages/piper_msgs-0.0.0-py3.10.egg-info/SOURCES.txt
[1.885s] -- Up-to-date symlink: /home/cheon/Documents/dyros/piper-mou/piper_ros/install/piper_msgs/local/lib/python3.10/dist-packages/piper_msgs-0.0.0-py3.10.egg-info/dependency_links.txt
[1.885s] -- Up-to-date symlink: /home/cheon/Documents/dyros/piper-mou/piper_ros/install/piper_msgs/local/lib/python3.10/dist-packages/piper_msgs-0.0.0-py3.10.egg-info/top_level.txt
[1.886s] -- Up-to-date symlink: /home/cheon/Documents/dyros/piper-mou/piper_ros/install/piper_msgs/local/lib/python3.10/dist-packages/piper_msgs/__init__.py
[1.887s] -- Up-to-date symlink: /home/cheon/Documents/dyros/piper-mou/piper_ros/install/piper_msgs/local/lib/python3.10/dist-packages/piper_msgs/_piper_msgs_s.ep.rosidl_typesupport_c.c
[1.887s] -- Up-to-date symlink: /home/cheon/Documents/dyros/piper-mou/piper_ros/install/piper_msgs/local/lib/python3.10/dist-packages/piper_msgs/_piper_msgs_s.ep.rosidl_typesupport_fastrtps_c.c
[1.887s] -- Up-to-date symlink: /home/cheon/Documents/dyros/piper-mou/piper_ros/install/piper_msgs/local/lib/python3.10/dist-packages/piper_msgs/_piper_msgs_s.ep.rosidl_typesupport_introspection_c.c
[1.888s] -- Up-to-date symlink: /home/cheon/Documents/dyros/piper-mou/piper_ros/install/piper_msgs/local/lib/python3.10/dist-packages/piper_msgs/libpiper_msgs__rosidl_generator_py.so
[1.888s] -- Up-to-date symlink: /home/cheon/Documents/dyros/piper-mou/piper_ros/install/piper_msgs/local/lib/python3.10/dist-packages/piper_msgs/msg/__init__.py
[1.888s] -- Up-to-date symlink: /home/cheon/Documents/dyros/piper-mou/piper_ros/install/piper_msgs/local/lib/python3.10/dist-packages/piper_msgs/msg/_piper_status_msg.py
[1.890s] -- Up-to-date symlink: /home/cheon/Documents/dyros/piper-mou/piper_ros/install/piper_msgs/local/lib/python3.10/dist-packages/piper_msgs/msg/_piper_status_msg_s.c
[1.891s] -- Up-to-date symlink: /home/cheon/Documents/dyros/piper-mou/piper_ros/install/piper_msgs/local/lib/python3.10/dist-packages/piper_msgs/msg/_pos_cmd.py
[1.892s] -- Up-to-date symlink: /home/cheon/Documents/dyros/piper-mou/piper_ros/install/piper_msgs/local/lib/python3.10/dist-packages/piper_msgs/msg/_pos_cmd_s.c
[1.892s] -- Up-to-date symlink: /home/cheon/Documents/dyros/piper-mou/piper_ros/install/piper_msgs/local/lib/python3.10/dist-packages/piper_msgs/piper_msgs_s__rosidl_typesupport_c.cpython-310-x86_64-linux-gnu.so
[1.892s] -- Up-to-date symlink: /home/cheon/Documents/dyros/piper-mou/piper_ros/install/piper_msgs/local/lib/python3.10/dist-packages/piper_msgs/piper_msgs_s__rosidl_typesupport_fastrtps_c.cpython-310-x86_64-linux-gnu.so
[1.892s] -- Up-to-date symlink: /home/cheon/Documents/dyros/piper-mou/piper_ros/install/piper_msgs/local/lib/python3.10/dist-packages/piper_msgs/piper_msgs_s__rosidl_typesupport_introspection_c.cpython-310-x86_64-linux-gnu.so
[1.893s] -- Up-to-date symlink: /home/cheon/Documents/dyros/piper-mou/piper_ros/install/piper_msgs/local/lib/python3.10/dist-packages/piper_msgs/srv/__init__.py
[1.893s] -- Up-to-date symlink: /home/cheon/Documents/dyros/piper-mou/piper_ros/install/piper_msgs/local/lib/python3.10/dist-packages/piper_msgs/srv/_enable.py
[1.895s] -- Up-to-date symlink: /home/cheon/Documents/dyros/piper-mou/piper_ros/install/piper_msgs/local/lib/python3.10/dist-packages/piper_msgs/srv/_enable_s.c
[1.896s] -- Up-to-date symlink: /home/cheon/Documents/dyros/piper-mou/piper_ros/install/piper_msgs/local/lib/python3.10/dist-packages/piper_msgs/piper_msgs_s__rosidl_typesupport_fastrtps_c.cpython-310-x86_64-linux-gnu.so
[1.896s] -- Up-to-date symlink: /home/cheon/Documents/dyros/piper-mou/piper_ros/install/piper_msgs/local/lib/python3.10/dist-packages/piper_msgs/piper_msgs_s__rosidl_typesupport_introspection_c.cpython-310-x86_64-linux-gnu.so
[1.897s] -- Up-to-date symlink: /home/cheon/Documents/dyros/piper-mou/piper_ros/install/piper_msgs/local/lib/python3.10/dist-packages/piper_msgs/piper_msgs_s__rosidl_typesupport_c.cpython-310-x86_64-linux-gnu.so
[1.897s] -- Up-to-date symlink: /home/cheon/Documents/dyros/piper-mou/piper_ros/install/piper_msgs/share/piper_msgs/msg/PiperStatusMsg.idl
[1.897s] -- Up-to-date symlink: /home/cheon/Documents/dyros/piper-mou/piper_ros/install/piper_msgs/share/piper_msgs/msg/PosCmd.idl
[1.897s] -- Up-to-date symlink: /home/cheon/Documents/dyros/piper-mou/piper_ros/install/piper_msgs/share/piper_msgs/srv/Enable.idl
[1.898s] -- Up-to-date symlink: /home/cheon/Documents/dyros/piper-mou/piper_ros/install/piper_msgs/share/piper_msgs/msg/PiperStatusMsg.msg
[1.898s] -- Up-to-date symlink: /home/cheon/Documents/dyros/piper-mou/piper_ros/install/piper_msgs/share/piper_msgs/msg/PosCmd.msg
[1.899s] -- Up-to-date symlink: /home/cheon/Documents/dyros/piper-mou/piper_ros/install/piper_msgs/share/piper_msgs/srv/Enable.srv
[1.899s] -- Up-to-date symlink: /home/cheon/Documents/dyros/piper-mou/piper_ros/install/piper_msgs/share/piper_msgs/srv/Enable_Request.msg
[1.899s] -- Up-to-date symlink: /home/cheon/Documents/dyros/piper-mou/piper_ros/install/piper_msgs/share/piper_msgs/srv/Enable_Response.msg
[1.900s] -- Up-to-date symlink: /home/cheon/Documents/dyros/piper-mou/piper_ros/install/piper_msgs/share/ament_index/resource_index/package_run_dependencies/piper_msgs
[1.901s] -- Up-to-date symlink: /home/cheon/Documents/dyros/piper-mou/piper_ros/install/piper_msgs/share/ament_index/resource_index/parent_prefix_path/piper_msgs
[1.901s] -- Up-to-date symlink: /home/cheon/Documents/dyros/piper-mou/piper_ros/install/piper_msgs/share/piper_msgs/environment/ament_prefix_path.sh
[1.902s] -- Up-to-date symlink: /home/cheon/Documents/dyros/piper-mou/piper_ros/install/piper_msgs/share/piper_msgs/environment/ament_prefix_path.dsv
[1.903s] -- Up-to-date symlink: /home/cheon/Documents/dyros/piper-mou/piper_ros/install/piper_msgs/share/piper_msgs/environment/path.sh
[1.904s] -- Up-to-date symlink: /home/cheon/Documents/dyros/piper-mou/piper_ros/install/piper_msgs/share/piper_msgs/environment/path.dsv
[1.904s] -- Up-to-date symlink: /home/cheon/Documents/dyros/piper-mou/piper_ros/install/piper_msgs/share/piper_msgs/local_setup.bash
[1.904s] -- Up-to-date symlink: /home/cheon/Documents/dyros/piper-mou/piper_ros/install/piper_msgs/share/piper_msgs/local_setup.sh
[1.905s] -- Up-to-date symlink: /home/cheon/Documents/dyros/piper-mou/piper_ros/install/piper_msgs/share/piper_msgs/local_setup.zsh
[1.905s] -- Up-to-date symlink: /home/cheon/Documents/dyros/piper-mou/piper_ros/install/piper_msgs/share/piper_msgs/local_setup.dsv
[1.905s] -- Symlinking: /home/cheon/Documents/dyros/piper-mou/piper_ros/install/piper_msgs/share/piper_msgs/package.dsv
[1.924s] -- Up-to-date symlink: /home/cheon/Documents/dyros/piper-mou/piper_ros/install/piper_msgs/share/ament_index/resource_index/packages/piper_msgs
[1.925s] -- Up-to-date symlink: /home/cheon/Documents/dyros/piper-mou/piper_ros/install/piper_msgs/share/piper_msgs/cmake/rosidl_cmake-extras.cmake
[1.925s] -- Up-to-date symlink: /home/cheon/Documents/dyros/piper-mou/piper_ros/install/piper_msgs/share/piper_msgs/cmake/ament_cmake_export_include_directories-extras.cmake
[1.926s] -- Up-to-date symlink: /home/cheon/Documents/dyros/piper-mou/piper_ros/install/piper_msgs/share/piper_msgs/cmake/ament_cmake_export_libraries-extras.cmake
[1.926s] -- Up-to-date symlink: /home/cheon/Documents/dyros/piper-mou/piper_ros/install/piper_msgs/share/piper_msgs/cmake/ament_cmake_export_targets-extras.cmake
[1.927s] -- Up-to-date symlink: /home/cheon/Documents/dyros/piper-mou/piper_ros/install/piper_msgs/share/piper_msgs/cmake/rosidl_cmake_export_typesupport_targets-extras.cmake
[1.927s] -- Up-to-date symlink: /home/cheon/Documents/dyros/piper-mou/piper_ros/install/piper_msgs/share/piper_msgs/cmake/ament_cmake_export_dependencies-extras.cmake
[1.929s] -- Up-to-date symlink: /home/cheon/Documents/dyros/piper-mou/piper_ros/install/piper_msgs/share/piper_msgs/cmake/rosidl_cmake_export_typesupport_libraries-extras.cmake
[1.929s] -- Up-to-date symlink: /home/cheon/Documents/dyros/piper-mou/piper_ros/install/piper_msgs/share/piper_msgs/cmake/piper_msgsConfig.cmake
[1.930s] -- Up-to-date symlink: /home/cheon/Documents/dyros/piper-mou/piper_ros/install/piper_msgs/share/piper_msgs/cmake/piper_msgsConfig-version.cmake
[1.930s] -- Up-to-date symlink: /home/cheon/Documents/dyros/piper-mou/piper_ros/install/piper_msgs/share/piper_msgs/package.xml
[1.930s] -- Up-to-date: /home/cheon/Documents/dyros/piper-mou/piper_ros/install/piper_msgs/lib/libpiper_msgs__rosidl_generator_c.so
[1.931s] -- Up-to-date: /home/cheon/Documents/dyros/piper-mou/piper_ros/install/piper_msgs/lib/libpiper_msgs__rosidl_typesupport_fastrtps_c.so
[1.932s] -- Up-to-date: /home/cheon/Documents/dyros/piper-mou/piper_ros/install/piper_msgs/lib/libpiper_msgs__rosidl_typesupport_introspection_c.so
[1.932s] -- Up-to-date: /home/cheon/Documents/dyros/piper-mou/piper_ros/install/piper_msgs/lib/libpiper_msgs__rosidl_typesupport_c.so
[1.934s] -- Up-to-date: /home/cheon/Documents/dyros/piper-mou/piper_ros/install/piper_msgs/lib/libpiper_msgs__rosidl_typesupport_fastrtps_cpp.so
[1.935s] -- Up-to-date: /home/cheon/Documents/dyros/piper-mou/piper_ros/install/piper_msgs/lib/libpiper_msgs__rosidl_typesupport_introspection_cpp.so
[1.938s] -- Up-to-date: /home/cheon/Documents/dyros/piper-mou/piper_ros/install/piper_msgs/lib/libpiper_msgs__rosidl_typesupport_cpp.so
[2.045s] Listing '/home/cheon/Documents/dyros/piper-mou/piper_ros/install/piper_msgs/local/lib/python3.10/dist-packages/piper_msgs'...
[2.045s] Listing '/home/cheon/Documents/dyros/piper-mou/piper_ros/install/piper_msgs/local/lib/python3.10/dist-packages/piper_msgs/msg'...
[2.046s] Listing '/home/cheon/Documents/dyros/piper-mou/piper_ros/install/piper_msgs/local/lib/python3.10/dist-packages/piper_msgs/srv'...
[2.065s] -- Up-to-date: /home/cheon/Documents/dyros/piper-mou/piper_ros/install/piper_msgs/lib/libpiper_msgs__rosidl_generator_py.so
[2.065s] -- Up-to-date: /home/cheon/Documents/dyros/piper-mou/piper_ros/install/piper_msgs/share/piper_msgs/cmake/export_piper_msgs__rosidl_generator_cExport.cmake
[2.065s] -- Up-to-date: /home/cheon/Documents/dyros/piper-mou/piper_ros/install/piper_msgs/share/piper_msgs/cmake/export_piper_msgs__rosidl_generator_cExport-noconfig.cmake
[2.067s] -- Up-to-date: /home/cheon/Documents/dyros/piper-mou/piper_ros/install/piper_msgs/share/piper_msgs/cmake/export_piper_msgs__rosidl_typesupport_fastrtps_cExport.cmake
[2.067s] -- Up-to-date: /home/cheon/Documents/dyros/piper-mou/piper_ros/install/piper_msgs/share/piper_msgs/cmake/export_piper_msgs__rosidl_typesupport_fastrtps_cExport-noconfig.cmake
[2.068s] -- Up-to-date: /home/cheon/Documents/dyros/piper-mou/piper_ros/install/piper_msgs/share/piper_msgs/cmake/piper_msgs__rosidl_typesupport_introspection_cExport.cmake
[2.068s] -- Up-to-date: /home/cheon/Documents/dyros/piper-mou/piper_ros/install/piper_msgs/share/piper_msgs/cmake/piper_msgs__rosidl_typesupport_introspection_cExport-noconfig.cmake
[2.068s] -- Up-to-date: /home/cheon/Documents/dyros/piper-mou/piper_ros/install/piper_msgs/share/piper_msgs/cmake/piper_msgs__rosidl_typesupport_cExport.cmake
[2.068s] -- Up-to-date: /home/cheon/Documents/dyros/piper-mou/piper_ros/install/piper_msgs/share/piper_msgs/cmake/piper_msgs__rosidl_typesupport_cExport-noconfig.cmake
[2.069s] -- Up-to-date: /home/cheon/Documents/dyros/piper-mou/piper_ros/install/piper_msgs/share/piper_msgs/cmake/export_piper_msgs__rosidl_generator_cppExport.cmake
[2.069s] -- Up-to-date: /home/cheon/Documents/dyros/piper-mou/piper_ros/install/piper_msgs/share/piper_msgs/cmake/export_piper_msgs__rosidl_typesupport_fastrtps_cppExport.cmake
[2.069s] -- Up-to-date: /home/cheon/Documents/dyros/piper-mou/piper_ros/install/piper_msgs/share/piper_msgs/cmake/export_piper_msgs__rosidl_typesupport_fastrtps_cppExport-noconfig.cmake
[2.069s] -- Up-to-date: /home/cheon/Documents/dyros/piper-mou/piper_ros/install/piper_msgs/share/piper_msgs/cmake/piper_msgs__rosidl_typesupport_introspection_cppExport.cmake
[2.070s] -- Up-to-date: /home/cheon/Documents/dyros/piper-mou/piper_ros/install/piper_msgs/share/piper_msgs/cmake/piper_msgs__rosidl_typesupport_introspection_cppExport-noconfig.cmake
[2.070s] -- Up-to-date: /home/cheon/Documents/dyros/piper-mou/piper_ros/install/piper_msgs/share/piper_msgs/cmake/piper_msgs__rosidl_typesupport_cppExport.cmake
[2.070s] -- Up-to-date: /home/cheon/Documents/dyros/piper-mou/piper_ros/install/piper_msgs/share/piper_msgs/cmake/piper_msgs__rosidl_typesupport_cppExport-noconfig.cmake
[2.070s] -- Up-to-date: /home/cheon/Documents/dyros/piper-mou/piper_ros/install/piper_msgs/share/piper_msgs/cmake/export_piper_msgs__rosidl_generator_pyExport.cmake
[2.070s] -- Up-to-date: /home/cheon/Documents/dyros/piper-mou/piper_ros/install/piper_msgs/share/piper_msgs/cmake/export_piper_msgs__rosidl_generator_pyExport-noconfig.cmake
[2.079s] Invoked command in '/home/cheon/Documents/dyros/piper-mou/piper_ros/build/piper_msgs' returned '0': CMAKE_PREFIX_PATH=${CMAKE_PREFIX_PATH}:/home/cheon/Documents/dyros/piper-mou/piper_ros/install/piper:/home/cheon/Documents/dyros/piper-mou/install/piper_mujoco:/home/cheon/Documents/dyros/piper-mou/install/piper:/opt/ros/humble /usr/bin/cmake --install /home/cheon/Documents/dyros/piper-mou/piper_ros/build/piper_msgs
