[0.049s] Invoking command in '/home/dyros/mcy_ws/piper-mou/build/piper_description': CMAKE_PREFIX_PATH=${CMAKE_PREFIX_PATH}:/home/dyros/mcy_ws/piper-mou/install/piper:/opt/ros/humble /usr/bin/cmake /home/dyros/mcy_ws/piper-mou/src/piper_ros/src/piper_description -DCMAKE_INSTALL_PREFIX=/home/dyros/mcy_ws/piper-mou/install/piper_description
[0.299s] -- The C compiler identification is GNU 11.4.0
[0.299s] -- The CXX compiler identification is GNU 11.4.0
[0.300s] -- Detecting C compiler ABI info
[0.300s] -- Detecting C compiler ABI info - done
[0.300s] -- Check for working C compiler: /usr/bin/cc - skipped
[0.301s] -- Detecting C compile features
[0.301s] -- Detecting C compile features - done
[0.301s] -- Detecting CXX compiler ABI info
[0.301s] -- Detecting CXX compiler ABI info - done
[0.303s] -- Check for working CXX compiler: /usr/bin/c++ - skipped
[0.305s] -- Detecting CXX compile features
[0.305s] -- Detecting CXX compile features - done
[0.307s] -- Found ament_cmake: 1.3.11 (/opt/ros/humble/share/ament_cmake/cmake)
[0.842s] -- Found Python3: /usr/bin/python3 (found version "3.10.12") found components: Interpreter 
[0.995s] -- Found ament_lint_auto: 0.12.12 (/opt/ros/humble/share/ament_lint_auto/cmake)
[1.111s] -- Added test 'copyright' to check source files copyright and LICENSE
[1.117s] -- Added test 'flake8' to check Python code syntax and style conventions
[1.118s] -- Added test 'lint_cmake' to check CMake code style
[1.119s] -- Added test 'pep257' to check Python code against some of the docstring style conventions in PEP 257
[1.123s] -- Added test 'xmllint' to check XML markup files
[1.125s] -- Configuring done
[1.129s] -- Generating done
[1.132s] -- Build files have been written to: /home/dyros/mcy_ws/piper-mou/build/piper_description
[1.138s] Invoked command in '/home/dyros/mcy_ws/piper-mou/build/piper_description' returned '0': CMAKE_PREFIX_PATH=${CMAKE_PREFIX_PATH}:/home/dyros/mcy_ws/piper-mou/install/piper:/opt/ros/humble /usr/bin/cmake /home/dyros/mcy_ws/piper-mou/src/piper_ros/src/piper_description -DCMAKE_INSTALL_PREFIX=/home/dyros/mcy_ws/piper-mou/install/piper_description
[1.141s] Invoking command in '/home/dyros/mcy_ws/piper-mou/build/piper_description': CMAKE_PREFIX_PATH=${CMAKE_PREFIX_PATH}:/home/dyros/mcy_ws/piper-mou/install/piper:/opt/ros/humble /usr/bin/cmake --build /home/dyros/mcy_ws/piper-mou/build/piper_description -- -j20 -l20
[1.177s] Invoked command in '/home/dyros/mcy_ws/piper-mou/build/piper_description' returned '0': CMAKE_PREFIX_PATH=${CMAKE_PREFIX_PATH}:/home/dyros/mcy_ws/piper-mou/install/piper:/opt/ros/humble /usr/bin/cmake --build /home/dyros/mcy_ws/piper-mou/build/piper_description -- -j20 -l20
[1.188s] Invoking command in '/home/dyros/mcy_ws/piper-mou/build/piper_description': CMAKE_PREFIX_PATH=${CMAKE_PREFIX_PATH}:/home/dyros/mcy_ws/piper-mou/install/piper:/opt/ros/humble /usr/bin/cmake --install /home/dyros/mcy_ws/piper-mou/build/piper_description
[1.194s] -- Install configuration: ""
[1.194s] -- Installing: /home/dyros/mcy_ws/piper-mou/install/piper_description/share/piper_description/launch
[1.194s] -- Installing: /home/dyros/mcy_ws/piper-mou/install/piper_description/share/piper_description/launch/piper_no_gripper
[1.195s] -- Installing: /home/dyros/mcy_ws/piper-mou/install/piper_description/share/piper_description/launch/piper_no_gripper/display_no_gripper_xacro.launch.py
[1.195s] -- Installing: /home/dyros/mcy_ws/piper-mou/install/piper_description/share/piper_description/launch/piper_no_gripper/display_no_gripper_urdf.launch.py
[1.195s] -- Installing: /home/dyros/mcy_ws/piper-mou/install/piper_description/share/piper_description/launch/piper_with_gripper
[1.195s] -- Installing: /home/dyros/mcy_ws/piper-mou/install/piper_description/share/piper_description/launch/piper_with_gripper/display_xacro.launch.py
[1.195s] -- Installing: /home/dyros/mcy_ws/piper-mou/install/piper_description/share/piper_description/launch/piper_with_gripper/display_urdf.launch.py
[1.195s] -- Installing: /home/dyros/mcy_ws/piper-mou/install/piper_description/share/piper_description/meshes
[1.195s] -- Installing: /home/dyros/mcy_ws/piper-mou/install/piper_description/share/piper_description/meshes/link4.STL
[1.196s] -- Installing: /home/dyros/mcy_ws/piper-mou/install/piper_description/share/piper_description/meshes/link6.STL
[1.196s] -- Installing: /home/dyros/mcy_ws/piper-mou/install/piper_description/share/piper_description/meshes/link8.STL
[1.196s] -- Installing: /home/dyros/mcy_ws/piper-mou/install/piper_description/share/piper_description/meshes/link7.STL
[1.196s] -- Installing: /home/dyros/mcy_ws/piper-mou/install/piper_description/share/piper_description/meshes/link3.STL
[1.197s] -- Installing: /home/dyros/mcy_ws/piper-mou/install/piper_description/share/piper_description/meshes/link1.STL
[1.198s] -- Installing: /home/dyros/mcy_ws/piper-mou/install/piper_description/share/piper_description/meshes/link5.STL
[1.198s] -- Installing: /home/dyros/mcy_ws/piper-mou/install/piper_description/share/piper_description/meshes/gripper_base.STL
[1.199s] -- Installing: /home/dyros/mcy_ws/piper-mou/install/piper_description/share/piper_description/meshes/base_link.STL
[1.199s] -- Installing: /home/dyros/mcy_ws/piper-mou/install/piper_description/share/piper_description/meshes/D435i.STL
[1.201s] -- Installing: /home/dyros/mcy_ws/piper-mou/install/piper_description/share/piper_description/meshes/link2.STL
[1.204s] -- Installing: /home/dyros/mcy_ws/piper-mou/install/piper_description/share/piper_description/rviz
[1.204s] -- Installing: /home/dyros/mcy_ws/piper-mou/install/piper_description/share/piper_description/rviz/piper_ctrl.rviz
[1.205s] -- Installing: /home/dyros/mcy_ws/piper-mou/install/piper_description/share/piper_description/rviz/piper_no_gripper.rviz
[1.205s] -- Installing: /home/dyros/mcy_ws/piper-mou/install/piper_description/share/piper_description/urdf
[1.205s] -- Installing: /home/dyros/mcy_ws/piper-mou/install/piper_description/share/piper_description/urdf/piper_no_gripper_description_gazebo.xacro
[1.205s] -- Installing: /home/dyros/mcy_ws/piper-mou/install/piper_description/share/piper_description/urdf/objects
[1.205s] -- Installing: /home/dyros/mcy_ws/piper-mou/install/piper_description/share/piper_description/urdf/objects/basket.xacro
[1.205s] -- Installing: /home/dyros/mcy_ws/piper-mou/install/piper_description/share/piper_description/urdf/objects/shelf.xacro
[1.205s] -- Installing: /home/dyros/mcy_ws/piper-mou/install/piper_description/share/piper_description/urdf/piper_description.csv
[1.205s] -- Installing: /home/dyros/mcy_ws/piper-mou/install/piper_description/share/piper_description/urdf/piper_no_gripper_description.urdf
[1.206s] -- Installing: /home/dyros/mcy_ws/piper-mou/install/piper_description/share/piper_description/urdf/piper_no_gripper_description_old.urdf
[1.206s] -- Installing: /home/dyros/mcy_ws/piper-mou/install/piper_description/share/piper_description/urdf/piper_description.xacro
[1.206s] -- Installing: /home/dyros/mcy_ws/piper-mou/install/piper_description/share/piper_description/urdf/piper_description.urdf
[1.206s] -- Installing: /home/dyros/mcy_ws/piper-mou/install/piper_description/share/piper_description/urdf/piper_description_gazebo.xacro
[1.206s] -- Installing: /home/dyros/mcy_ws/piper-mou/install/piper_description/share/piper_description/urdf/piper_description_old.urdf
[1.206s] -- Installing: /home/dyros/mcy_ws/piper-mou/install/piper_description/share/piper_description/urdf/piper_no_gripper_description.csv
[1.206s] -- Installing: /home/dyros/mcy_ws/piper-mou/install/piper_description/share/piper_description/urdf/piper_no_gripper_description.xacro
[1.206s] -- Installing: /home/dyros/mcy_ws/piper-mou/install/piper_description/share/piper_description/mujoco_model
[1.207s] -- Installing: /home/dyros/mcy_ws/piper-mou/install/piper_description/share/piper_description/mujoco_model/piper_no_gripper_description.xml
[1.207s] -- Installing: /home/dyros/mcy_ws/piper-mou/install/piper_description/share/piper_description/mujoco_model/piper_description.xml
[1.207s] -- Installing: /home/dyros/mcy_ws/piper-mou/install/piper_description/share/ament_index/resource_index/package_run_dependencies/piper_description
[1.207s] -- Installing: /home/dyros/mcy_ws/piper-mou/install/piper_description/share/ament_index/resource_index/parent_prefix_path/piper_description
[1.207s] -- Installing: /home/dyros/mcy_ws/piper-mou/install/piper_description/share/piper_description/environment/ament_prefix_path.sh
[1.207s] -- Installing: /home/dyros/mcy_ws/piper-mou/install/piper_description/share/piper_description/environment/ament_prefix_path.dsv
[1.207s] -- Installing: /home/dyros/mcy_ws/piper-mou/install/piper_description/share/piper_description/environment/path.sh
[1.208s] -- Installing: /home/dyros/mcy_ws/piper-mou/install/piper_description/share/piper_description/environment/path.dsv
[1.208s] -- Installing: /home/dyros/mcy_ws/piper-mou/install/piper_description/share/piper_description/local_setup.bash
[1.208s] -- Installing: /home/dyros/mcy_ws/piper-mou/install/piper_description/share/piper_description/local_setup.sh
[1.208s] -- Installing: /home/dyros/mcy_ws/piper-mou/install/piper_description/share/piper_description/local_setup.zsh
[1.208s] -- Installing: /home/dyros/mcy_ws/piper-mou/install/piper_description/share/piper_description/local_setup.dsv
[1.208s] -- Installing: /home/dyros/mcy_ws/piper-mou/install/piper_description/share/piper_description/package.dsv
[1.208s] -- Installing: /home/dyros/mcy_ws/piper-mou/install/piper_description/share/ament_index/resource_index/packages/piper_description
[1.208s] -- Installing: /home/dyros/mcy_ws/piper-mou/install/piper_description/share/piper_description/cmake/piper_descriptionConfig.cmake
[1.209s] -- Installing: /home/dyros/mcy_ws/piper-mou/install/piper_description/share/piper_description/cmake/piper_descriptionConfig-version.cmake
[1.209s] -- Installing: /home/dyros/mcy_ws/piper-mou/install/piper_description/share/piper_description/package.xml
[1.211s] Invoked command in '/home/dyros/mcy_ws/piper-mou/build/piper_description' returned '0': CMAKE_PREFIX_PATH=${CMAKE_PREFIX_PATH}:/home/dyros/mcy_ws/piper-mou/install/piper:/opt/ros/humble /usr/bin/cmake --install /home/dyros/mcy_ws/piper-mou/build/piper_description
