/home/dyros/.local/lib/python3.10/site-packages/setuptools/_distutils/dist.py:289: UserWarning: Unknown distribution option: 'tests_require'
  warnings.warn(msg)
running egg_info
writing ../../../../build/piper/piper.egg-info/PKG-INFO
writing dependency_links to ../../../../build/piper/piper.egg-info/dependency_links.txt
writing entry points to ../../../../build/piper/piper.egg-info/entry_points.txt
writing requirements to ../../../../build/piper/piper.egg-info/requires.txt
writing top-level names to ../../../../build/piper/piper.egg-info/top_level.txt
reading manifest file '../../../../build/piper/piper.egg-info/SOURCES.txt'
adding license file 'LICENSE'
writing manifest file '../../../../build/piper/piper.egg-info/SOURCES.txt'
running build
running build_py
copying piper/__init__.py -> /home/dyros/mcy_ws/piper-mou/build/piper/build/lib/piper
copying piper/piper_ctrl_single_node.py -> /home/dyros/mcy_ws/piper-mou/build/piper/build/lib/piper
running install
running install_lib
running install_data
copying resource/piper -> /home/dyros/mcy_ws/piper-mou/install/piper/share/ament_index/resource_index/packages
copying package.xml -> /home/dyros/mcy_ws/piper-mou/install/piper/share/piper
copying launch/start_single_piper_rviz.launch.py -> /home/dyros/mcy_ws/piper-mou/install/piper/share/piper/launch
copying launch/start_single_piper.launch.py -> /home/dyros/mcy_ws/piper-mou/install/piper/share/piper/launch
running install_egg_info
removing '/home/dyros/mcy_ws/piper-mou/install/piper/lib/python3.10/site-packages/piper-0.0.0-py3.10.egg-info' (and everything under it)
Copying ../../../../build/piper/piper.egg-info to /home/dyros/mcy_ws/piper-mou/install/piper/lib/python3.10/site-packages/piper-0.0.0-py3.10.egg-info
running install_scripts
Installing piper_ms_ctrl script to /home/dyros/mcy_ws/piper-mou/install/piper/lib/piper
Installing piper_read_master script to /home/dyros/mcy_ws/piper-mou/install/piper/lib/piper
Installing piper_single_ctrl script to /home/dyros/mcy_ws/piper-mou/install/piper/lib/piper
writing list of installed files to '/home/dyros/mcy_ws/piper-mou/build/piper/install.log'
