[0.775s] Invoking command in '/home/dyros/mcy_ws/piper-mou/src/piper_ros/src/piper': CONDA_PROMPT_MODIFIER=(base) PYTHONPATH=/home/dyros/mcy_ws/piper-mou/build/piper/prefix_override:/home/dyros/miniconda3/lib/python3.10/site-packages/colcon_core/task/python/colcon_distutils_commands:/home/dyros/mcy_ws/piper-mou/install/piper/lib/python3.10/site-packages:${PYTHONPATH} /home/dyros/miniconda3/bin/python3.10 -W ignore:setup.py install is deprecated -W ignore:easy_install command is deprecated setup.py egg_info --egg-base ../../../../build/piper build --build-base /home/dyros/mcy_ws/piper-mou/build/piper/build install --record /home/dyros/mcy_ws/piper-mou/build/piper/install.log --single-version-externally-managed install_data
[0.977s] /home/dyros/.local/lib/python3.10/site-packages/setuptools/_distutils/dist.py:289: UserWarning: Unknown distribution option: 'tests_require'
[0.977s]   warnings.warn(msg)
[1.083s] running egg_info
[1.100s] writing ../../../../build/piper/piper.egg-info/PKG-INFO
[1.101s] writing dependency_links to ../../../../build/piper/piper.egg-info/dependency_links.txt
[1.101s] writing entry points to ../../../../build/piper/piper.egg-info/entry_points.txt
[1.101s] writing requirements to ../../../../build/piper/piper.egg-info/requires.txt
[1.101s] writing top-level names to ../../../../build/piper/piper.egg-info/top_level.txt
[1.136s] reading manifest file '../../../../build/piper/piper.egg-info/SOURCES.txt'
[1.137s] adding license file 'LICENSE'
[1.138s] writing manifest file '../../../../build/piper/piper.egg-info/SOURCES.txt'
[1.138s] running build
[1.138s] running build_py
[1.138s] copying piper/__init__.py -> /home/dyros/mcy_ws/piper-mou/build/piper/build/lib/piper
[1.138s] copying piper/piper_ctrl_single_node.py -> /home/dyros/mcy_ws/piper-mou/build/piper/build/lib/piper
[1.139s] running install
[1.143s] running install_lib
[1.160s] running install_data
[1.160s] copying resource/piper -> /home/dyros/mcy_ws/piper-mou/install/piper/share/ament_index/resource_index/packages
[1.160s] copying package.xml -> /home/dyros/mcy_ws/piper-mou/install/piper/share/piper
[1.161s] copying launch/start_single_piper_rviz.launch.py -> /home/dyros/mcy_ws/piper-mou/install/piper/share/piper/launch
[1.161s] copying launch/start_single_piper.launch.py -> /home/dyros/mcy_ws/piper-mou/install/piper/share/piper/launch
[1.161s] running install_egg_info
[1.179s] removing '/home/dyros/mcy_ws/piper-mou/install/piper/lib/python3.10/site-packages/piper-0.0.0-py3.10.egg-info' (and everything under it)
[1.180s] Copying ../../../../build/piper/piper.egg-info to /home/dyros/mcy_ws/piper-mou/install/piper/lib/python3.10/site-packages/piper-0.0.0-py3.10.egg-info
[1.180s] running install_scripts
[1.216s] Installing piper_ms_ctrl script to /home/dyros/mcy_ws/piper-mou/install/piper/lib/piper
[1.216s] Installing piper_read_master script to /home/dyros/mcy_ws/piper-mou/install/piper/lib/piper
[1.217s] Installing piper_single_ctrl script to /home/dyros/mcy_ws/piper-mou/install/piper/lib/piper
[1.217s] writing list of installed files to '/home/dyros/mcy_ws/piper-mou/build/piper/install.log'
[1.237s] Invoked command in '/home/dyros/mcy_ws/piper-mou/src/piper_ros/src/piper' returned '0': CONDA_PROMPT_MODIFIER=(base) PYTHONPATH=/home/dyros/mcy_ws/piper-mou/build/piper/prefix_override:/home/dyros/miniconda3/lib/python3.10/site-packages/colcon_core/task/python/colcon_distutils_commands:/home/dyros/mcy_ws/piper-mou/install/piper/lib/python3.10/site-packages:${PYTHONPATH} /home/dyros/miniconda3/bin/python3.10 -W ignore:setup.py install is deprecated -W ignore:easy_install command is deprecated setup.py egg_info --egg-base ../../../../build/piper build --build-base /home/dyros/mcy_ws/piper-mou/build/piper/build install --record /home/dyros/mcy_ws/piper-mou/build/piper/install.log --single-version-externally-managed install_data
