[0.042s] Invoking command in '/home/cheon/Documents/dyros/piper-mou/piper_ros/build/piper_description': CMAKE_PREFIX_PATH=${CMAKE_PREFIX_PATH}:/home/cheon/Documents/dyros/piper-mou/piper_ros/install/piper:/home/cheon/Documents/dyros/piper-mou/install/piper_mujoco:/home/cheon/Documents/dyros/piper-mou/install/piper:/opt/ros/humble /usr/bin/cmake /home/cheon/Documents/dyros/piper-mou/piper_ros/src/piper_description -DAMENT_CMAKE_SYMLINK_INSTALL=1 -DCMAKE_INSTALL_PREFIX=/home/cheon/Documents/dyros/piper-mou/piper_ros/install/piper_description
[0.469s] -- The C compiler identification is GNU 10.5.0
[0.469s] -- The CXX compiler identification is GNU 10.5.0
[0.470s] -- Detecting C compiler ABI info
[0.470s] -- Detecting C compiler ABI info - done
[0.470s] -- Check for working C compiler: /usr/bin/cc - skipped
[0.470s] -- Detecting C compile features
[0.470s] -- Detecting C compile features - done
[0.471s] -- Detecting CXX compiler ABI info
[0.471s] -- Detecting CXX compiler ABI info - done
[0.471s] -- Check for working CXX compiler: /usr/bin/c++ - skipped
[0.471s] -- Detecting CXX compile features
[0.471s] -- Detecting CXX compile features - done
[0.472s] -- Found ament_cmake: 1.3.11 (/opt/ros/humble/share/ament_cmake/cmake)
[0.790s] -- Found Python3: /usr/bin/python3 (found version "3.10.12") found components: Interpreter 
[0.926s] -- Override CMake install command with custom implementation using symlinks instead of copying resources
[0.997s] -- Found ament_lint_auto: 0.12.12 (/opt/ros/humble/share/ament_lint_auto/cmake)
[1.186s] -- Added test 'copyright' to check source files copyright and LICENSE
[1.196s] -- Added test 'flake8' to check Python code syntax and style conventions
[1.198s] -- Added test 'lint_cmake' to check CMake code style
[1.201s] -- Added test 'pep257' to check Python code against some of the docstring style conventions in PEP 257
[1.207s] -- Added test 'xmllint' to check XML markup files
[1.211s] -- Configuring done
[1.217s] -- Generating done
[1.221s] -- Build files have been written to: /home/cheon/Documents/dyros/piper-mou/piper_ros/build/piper_description
[1.229s] Invoked command in '/home/cheon/Documents/dyros/piper-mou/piper_ros/build/piper_description' returned '0': CMAKE_PREFIX_PATH=${CMAKE_PREFIX_PATH}:/home/cheon/Documents/dyros/piper-mou/piper_ros/install/piper:/home/cheon/Documents/dyros/piper-mou/install/piper_mujoco:/home/cheon/Documents/dyros/piper-mou/install/piper:/opt/ros/humble /usr/bin/cmake /home/cheon/Documents/dyros/piper-mou/piper_ros/src/piper_description -DAMENT_CMAKE_SYMLINK_INSTALL=1 -DCMAKE_INSTALL_PREFIX=/home/cheon/Documents/dyros/piper-mou/piper_ros/install/piper_description
[1.233s] Invoking command in '/home/cheon/Documents/dyros/piper-mou/piper_ros/build/piper_description': CMAKE_PREFIX_PATH=${CMAKE_PREFIX_PATH}:/home/cheon/Documents/dyros/piper-mou/piper_ros/install/piper:/home/cheon/Documents/dyros/piper-mou/install/piper_mujoco:/home/cheon/Documents/dyros/piper-mou/install/piper:/opt/ros/humble /usr/bin/cmake --build /home/cheon/Documents/dyros/piper-mou/piper_ros/build/piper_description -- -j12 -l12
[1.298s] Invoked command in '/home/cheon/Documents/dyros/piper-mou/piper_ros/build/piper_description' returned '0': CMAKE_PREFIX_PATH=${CMAKE_PREFIX_PATH}:/home/cheon/Documents/dyros/piper-mou/piper_ros/install/piper:/home/cheon/Documents/dyros/piper-mou/install/piper_mujoco:/home/cheon/Documents/dyros/piper-mou/install/piper:/opt/ros/humble /usr/bin/cmake --build /home/cheon/Documents/dyros/piper-mou/piper_ros/build/piper_description -- -j12 -l12
[1.314s] Invoking command in '/home/cheon/Documents/dyros/piper-mou/piper_ros/build/piper_description': CMAKE_PREFIX_PATH=${CMAKE_PREFIX_PATH}:/home/cheon/Documents/dyros/piper-mou/piper_ros/install/piper:/home/cheon/Documents/dyros/piper-mou/install/piper_mujoco:/home/cheon/Documents/dyros/piper-mou/install/piper:/opt/ros/humble /usr/bin/cmake --install /home/cheon/Documents/dyros/piper-mou/piper_ros/build/piper_description
[1.325s] -- Install configuration: ""
[1.326s] -- Execute custom install script
[1.327s] -- Symlinking: /home/cheon/Documents/dyros/piper-mou/piper_ros/install/piper_description/share/piper_description/launch/piper_no_gripper/display_no_gripper_urdf.launch.py
[1.340s] -- Symlinking: /home/cheon/Documents/dyros/piper-mou/piper_ros/install/piper_description/share/piper_description/launch/piper_no_gripper/display_no_gripper_xacro.launch.py
[1.356s] -- Symlinking: /home/cheon/Documents/dyros/piper-mou/piper_ros/install/piper_description/share/piper_description/launch/piper_with_gripper/display_urdf.launch.py
[1.370s] -- Symlinking: /home/cheon/Documents/dyros/piper-mou/piper_ros/install/piper_description/share/piper_description/launch/piper_with_gripper/display_xacro.launch.py
[1.383s] -- Symlinking: /home/cheon/Documents/dyros/piper-mou/piper_ros/install/piper_description/share/piper_description/meshes/D435i.STL
[1.397s] -- Symlinking: /home/cheon/Documents/dyros/piper-mou/piper_ros/install/piper_description/share/piper_description/meshes/base_link.STL
[1.411s] -- Symlinking: /home/cheon/Documents/dyros/piper-mou/piper_ros/install/piper_description/share/piper_description/meshes/gripper_base.STL
[1.424s] -- Symlinking: /home/cheon/Documents/dyros/piper-mou/piper_ros/install/piper_description/share/piper_description/meshes/link1.STL
[1.439s] -- Symlinking: /home/cheon/Documents/dyros/piper-mou/piper_ros/install/piper_description/share/piper_description/meshes/link2.STL
[1.453s] -- Symlinking: /home/cheon/Documents/dyros/piper-mou/piper_ros/install/piper_description/share/piper_description/meshes/link3.STL
[1.470s] -- Symlinking: /home/cheon/Documents/dyros/piper-mou/piper_ros/install/piper_description/share/piper_description/meshes/link4.STL
[1.484s] -- Symlinking: /home/cheon/Documents/dyros/piper-mou/piper_ros/install/piper_description/share/piper_description/meshes/link5.STL
[1.498s] -- Symlinking: /home/cheon/Documents/dyros/piper-mou/piper_ros/install/piper_description/share/piper_description/meshes/link6.STL
[1.511s] -- Symlinking: /home/cheon/Documents/dyros/piper-mou/piper_ros/install/piper_description/share/piper_description/meshes/link7.STL
[1.524s] -- Symlinking: /home/cheon/Documents/dyros/piper-mou/piper_ros/install/piper_description/share/piper_description/meshes/link8.STL
[1.539s] -- Symlinking: /home/cheon/Documents/dyros/piper-mou/piper_ros/install/piper_description/share/piper_description/rviz/piper_ctrl.rviz
[1.554s] -- Symlinking: /home/cheon/Documents/dyros/piper-mou/piper_ros/install/piper_description/share/piper_description/rviz/piper_no_gripper.rviz
[1.570s] -- Symlinking: /home/cheon/Documents/dyros/piper-mou/piper_ros/install/piper_description/share/piper_description/urdf/objects/basket.xacro
[1.585s] -- Symlinking: /home/cheon/Documents/dyros/piper-mou/piper_ros/install/piper_description/share/piper_description/urdf/objects/shelf.xacro
[1.600s] -- Symlinking: /home/cheon/Documents/dyros/piper-mou/piper_ros/install/piper_description/share/piper_description/urdf/piper_description.csv
[1.614s] -- Symlinking: /home/cheon/Documents/dyros/piper-mou/piper_ros/install/piper_description/share/piper_description/urdf/piper_description.urdf
[1.629s] -- Symlinking: /home/cheon/Documents/dyros/piper-mou/piper_ros/install/piper_description/share/piper_description/urdf/piper_description.xacro
[1.645s] -- Symlinking: /home/cheon/Documents/dyros/piper-mou/piper_ros/install/piper_description/share/piper_description/urdf/piper_description_gazebo.xacro
[1.660s] -- Symlinking: /home/cheon/Documents/dyros/piper-mou/piper_ros/install/piper_description/share/piper_description/urdf/piper_description_old.urdf
[1.672s] -- Symlinking: /home/cheon/Documents/dyros/piper-mou/piper_ros/install/piper_description/share/piper_description/urdf/piper_no_gripper_description.csv
[1.687s] -- Symlinking: /home/cheon/Documents/dyros/piper-mou/piper_ros/install/piper_description/share/piper_description/urdf/piper_no_gripper_description.urdf
[1.701s] -- Symlinking: /home/cheon/Documents/dyros/piper-mou/piper_ros/install/piper_description/share/piper_description/urdf/piper_no_gripper_description.xacro
[1.715s] -- Symlinking: /home/cheon/Documents/dyros/piper-mou/piper_ros/install/piper_description/share/piper_description/urdf/piper_no_gripper_description_gazebo.xacro
[1.731s] -- Symlinking: /home/cheon/Documents/dyros/piper-mou/piper_ros/install/piper_description/share/piper_description/urdf/piper_no_gripper_description_old.urdf
[1.750s] -- Symlinking: /home/cheon/Documents/dyros/piper-mou/piper_ros/install/piper_description/share/piper_description/mujoco_model/piper_description.xml
[1.765s] -- Symlinking: /home/cheon/Documents/dyros/piper-mou/piper_ros/install/piper_description/share/piper_description/mujoco_model/piper_no_gripper_description.xml
[1.780s] -- Symlinking: /home/cheon/Documents/dyros/piper-mou/piper_ros/install/piper_description/share/ament_index/resource_index/package_run_dependencies/piper_description
[1.795s] -- Symlinking: /home/cheon/Documents/dyros/piper-mou/piper_ros/install/piper_description/share/ament_index/resource_index/parent_prefix_path/piper_description
[1.812s] -- Symlinking: /home/cheon/Documents/dyros/piper-mou/piper_ros/install/piper_description/share/piper_description/environment/ament_prefix_path.sh
[1.826s] -- Symlinking: /home/cheon/Documents/dyros/piper-mou/piper_ros/install/piper_description/share/piper_description/environment/ament_prefix_path.dsv
[1.842s] -- Symlinking: /home/cheon/Documents/dyros/piper-mou/piper_ros/install/piper_description/share/piper_description/environment/path.sh
[1.859s] -- Symlinking: /home/cheon/Documents/dyros/piper-mou/piper_ros/install/piper_description/share/piper_description/environment/path.dsv
[1.875s] -- Symlinking: /home/cheon/Documents/dyros/piper-mou/piper_ros/install/piper_description/share/piper_description/local_setup.bash
[1.890s] -- Symlinking: /home/cheon/Documents/dyros/piper-mou/piper_ros/install/piper_description/share/piper_description/local_setup.sh
[1.904s] -- Symlinking: /home/cheon/Documents/dyros/piper-mou/piper_ros/install/piper_description/share/piper_description/local_setup.zsh
[1.918s] -- Symlinking: /home/cheon/Documents/dyros/piper-mou/piper_ros/install/piper_description/share/piper_description/local_setup.dsv
[1.931s] -- Symlinking: /home/cheon/Documents/dyros/piper-mou/piper_ros/install/piper_description/share/piper_description/package.dsv
[1.945s] -- Symlinking: /home/cheon/Documents/dyros/piper-mou/piper_ros/install/piper_description/share/ament_index/resource_index/packages/piper_description
[1.961s] -- Symlinking: /home/cheon/Documents/dyros/piper-mou/piper_ros/install/piper_description/share/piper_description/cmake/piper_descriptionConfig.cmake
[1.976s] -- Symlinking: /home/cheon/Documents/dyros/piper-mou/piper_ros/install/piper_description/share/piper_description/cmake/piper_descriptionConfig-version.cmake
[1.990s] -- Symlinking: /home/cheon/Documents/dyros/piper-mou/piper_ros/install/piper_description/share/piper_description/package.xml
[2.034s] Invoked command in '/home/cheon/Documents/dyros/piper-mou/piper_ros/build/piper_description' returned '0': CMAKE_PREFIX_PATH=${CMAKE_PREFIX_PATH}:/home/cheon/Documents/dyros/piper-mou/piper_ros/install/piper:/home/cheon/Documents/dyros/piper-mou/install/piper_mujoco:/home/cheon/Documents/dyros/piper-mou/install/piper:/opt/ros/humble /usr/bin/cmake --install /home/cheon/Documents/dyros/piper-mou/piper_ros/build/piper_description
