[0.207s] Invoking command in '/home/dyros/mcy_ws/piper-mou/src/piper_ros/build/piper_gazebo': CMAKE_PREFIX_PATH=${CMAKE_PREFIX_PATH}:/home/dyros/mcy_ws/piper-mou/install/piper:/opt/ros/humble CONDA_PROMPT_MODIFIER=(base) /usr/bin/cmake --build /home/dyros/mcy_ws/piper-mou/src/piper_ros/build/piper_gazebo -- -j20 -l20
[0.520s] Invoked command in '/home/dyros/mcy_ws/piper-mou/src/piper_ros/build/piper_gazebo' returned '0': CMAKE_PREFIX_PATH=${CMAKE_PREFIX_PATH}:/home/dyros/mcy_ws/piper-mou/install/piper:/opt/ros/humble CONDA_PROMPT_MODIFIER=(base) /usr/bin/cmake --build /home/dyros/mcy_ws/piper-mou/src/piper_ros/build/piper_gazebo -- -j20 -l20
[0.529s] Invoking command in '/home/dyros/mcy_ws/piper-mou/src/piper_ros/build/piper_gazebo': CMAKE_PREFIX_PATH=${CMAKE_PREFIX_PATH}:/home/dyros/mcy_ws/piper-mou/install/piper:/opt/ros/humble CONDA_PROMPT_MODIFIER=(base) /usr/bin/cmake --install /home/dyros/mcy_ws/piper-mou/src/piper_ros/build/piper_gazebo
[0.534s] -- Install configuration: ""
[0.534s] -- Up-to-date: /home/dyros/mcy_ws/piper-mou/src/piper_ros/install/piper_gazebo/share/piper_gazebo/launch
[0.534s] -- Up-to-date: /home/dyros/mcy_ws/piper-mou/src/piper_ros/install/piper_gazebo/share/piper_gazebo/launch/piper_no_gripper
[0.534s] -- Up-to-date: /home/dyros/mcy_ws/piper-mou/src/piper_ros/install/piper_gazebo/share/piper_gazebo/launch/piper_no_gripper/piper_no_gripper_gazebo.launch.py
[0.534s] -- Up-to-date: /home/dyros/mcy_ws/piper-mou/src/piper_ros/install/piper_gazebo/share/piper_gazebo/launch/piper_with_gripper
[0.534s] -- Up-to-date: /home/dyros/mcy_ws/piper-mou/src/piper_ros/install/piper_gazebo/share/piper_gazebo/launch/piper_with_gripper/piper_gazebo.launch.py
[0.534s] -- Up-to-date: /home/dyros/mcy_ws/piper-mou/src/piper_ros/install/piper_gazebo/share/piper_gazebo/config
[0.535s] -- Up-to-date: /home/dyros/mcy_ws/piper-mou/src/piper_ros/install/piper_gazebo/share/piper_gazebo/config/ros2_no_gripper_controllers.yaml
[0.535s] -- Up-to-date: /home/dyros/mcy_ws/piper-mou/src/piper_ros/install/piper_gazebo/share/piper_gazebo/config/ros2_controllers.yaml
[0.535s] -- Up-to-date: /home/dyros/mcy_ws/piper-mou/src/piper_ros/install/piper_gazebo/share/piper_gazebo/scripts
[0.535s] -- Up-to-date: /home/dyros/mcy_ws/piper-mou/src/piper_ros/install/piper_gazebo/share/piper_gazebo/scripts/joint8_ctrl.py
[0.535s] -- Up-to-date: /home/dyros/mcy_ws/piper-mou/src/piper_ros/install/piper_gazebo/lib/piper_gazebo/joint8_ctrl.py
[0.535s] -- Up-to-date: /home/dyros/mcy_ws/piper-mou/src/piper_ros/install/piper_gazebo/share/ament_index/resource_index/package_run_dependencies/piper_gazebo
[0.535s] -- Up-to-date: /home/dyros/mcy_ws/piper-mou/src/piper_ros/install/piper_gazebo/share/ament_index/resource_index/parent_prefix_path/piper_gazebo
[0.535s] -- Up-to-date: /home/dyros/mcy_ws/piper-mou/src/piper_ros/install/piper_gazebo/share/piper_gazebo/environment/ament_prefix_path.sh
[0.535s] -- Up-to-date: /home/dyros/mcy_ws/piper-mou/src/piper_ros/install/piper_gazebo/share/piper_gazebo/environment/ament_prefix_path.dsv
[0.536s] -- Up-to-date: /home/dyros/mcy_ws/piper-mou/src/piper_ros/install/piper_gazebo/share/piper_gazebo/environment/path.sh
[0.536s] -- Up-to-date: /home/dyros/mcy_ws/piper-mou/src/piper_ros/install/piper_gazebo/share/piper_gazebo/environment/path.dsv
[0.536s] -- Up-to-date: /home/dyros/mcy_ws/piper-mou/src/piper_ros/install/piper_gazebo/share/piper_gazebo/local_setup.bash
[0.536s] -- Up-to-date: /home/dyros/mcy_ws/piper-mou/src/piper_ros/install/piper_gazebo/share/piper_gazebo/local_setup.sh
[0.536s] -- Up-to-date: /home/dyros/mcy_ws/piper-mou/src/piper_ros/install/piper_gazebo/share/piper_gazebo/local_setup.zsh
[0.536s] -- Up-to-date: /home/dyros/mcy_ws/piper-mou/src/piper_ros/install/piper_gazebo/share/piper_gazebo/local_setup.dsv
[0.536s] -- Up-to-date: /home/dyros/mcy_ws/piper-mou/src/piper_ros/install/piper_gazebo/share/piper_gazebo/package.dsv
[0.536s] -- Up-to-date: /home/dyros/mcy_ws/piper-mou/src/piper_ros/install/piper_gazebo/share/ament_index/resource_index/packages/piper_gazebo
[0.536s] -- Up-to-date: /home/dyros/mcy_ws/piper-mou/src/piper_ros/install/piper_gazebo/share/piper_gazebo/cmake/piper_gazeboConfig.cmake
[0.536s] -- Up-to-date: /home/dyros/mcy_ws/piper-mou/src/piper_ros/install/piper_gazebo/share/piper_gazebo/cmake/piper_gazeboConfig-version.cmake
[0.537s] -- Up-to-date: /home/dyros/mcy_ws/piper-mou/src/piper_ros/install/piper_gazebo/share/piper_gazebo/package.xml
[0.590s] Invoked command in '/home/dyros/mcy_ws/piper-mou/src/piper_ros/build/piper_gazebo' returned '0': CMAKE_PREFIX_PATH=${CMAKE_PREFIX_PATH}:/home/dyros/mcy_ws/piper-mou/install/piper:/opt/ros/humble CONDA_PROMPT_MODIFIER=(base) /usr/bin/cmake --install /home/dyros/mcy_ws/piper-mou/src/piper_ros/build/piper_gazebo
