[0.077s] Invoking command in '/home/dyros/mcy_ws/piper-mou/build/piper_with_gripper_moveit': CMAKE_PREFIX_PATH=/home/dyros/mcy_ws/piper-mou/install/piper_description:/home/dyros/mcy_ws/piper-mou/install/trac_ik:/home/dyros/mcy_ws/piper-mou/install/trac_ik_lib:/home/dyros/mcy_ws/piper-mou/install/xela_server_ros2:/home/dyros/mcy_ws/piper-mou/install/topic_based_ros2_control:/home/dyros/mcy_ws/piper-mou/install/piper_with_gripper_moveit:/home/dyros/mcy_ws/piper-mou/install/piper_no_gripper_moveit:/home/dyros/mcy_ws/piper-mou/install/piper_msgs:/home/dyros/mcy_ws/piper-mou/install/piper_humble:/home/dyros/mcy_ws/piper-mou/install/piper_gazebo:/home/dyros/mcy_ws/piper-mou/install/moveit_mujoco_interface:/home/dyros/tocabi_isaac_ws/install/tocabi_cc_ros2:/home/dyros/tocabi_isaac_ws/install/tocabi_lib:/home/dyros/tocabi_isaac_ws/install/tocabi_msgs:/home/dyros/tocabi_isaac_ws/install/tocabi_isaacsim_ros2:/home/dyros/mcy_ws/piper-mou/install/piper:/opt/ros/humble CONDA_PROMPT_MODIFIER=(base) /usr/bin/cmake --build /home/dyros/mcy_ws/piper-mou/build/piper_with_gripper_moveit -- -j20 -l20
[0.104s] [  2%] Built target piper_with_gripper_moveit__cpp
[0.117s] [ 10%] Built target piper_with_gripper_moveit__rosidl_generator_c
[0.119s] [ 10%] Built target ament_cmake_python_copy_piper_with_gripper_moveit
[0.124s] [ 14%] Built target joint_goal_node
[0.127s] [ 19%] Built target planning_scene_node
[0.133s] [ 23%] Built target joint_goal_cmd_node
[0.133s] [ 31%] Built target piper_with_gripper_moveit__rosidl_typesupport_cpp
[0.134s] [ 40%] Built target piper_with_gripper_moveit__rosidl_typesupport_introspection_cpp
[0.135s] [ 48%] Built target piper_with_gripper_moveit__rosidl_typesupport_fastrtps_cpp
[0.138s] [ 59%] Built target piper_with_gripper_moveit__rosidl_typesupport_c
[0.138s] [ 65%] Built target piper_with_gripper_moveit__rosidl_typesupport_introspection_c
[0.139s] [ 74%] Built target piper_with_gripper_moveit__rosidl_typesupport_fastrtps_c
[0.159s] [ 74%] Built target piper_with_gripper_moveit
[0.169s] [ 78%] Built target pose_goal_node
[0.179s] [ 80%] Built target piper_with_gripper_moveit__py
[0.202s] [ 87%] Built target piper_with_gripper_moveit__rosidl_generator_py
[0.223s] [ 91%] Built target piper_with_gripper_moveit__rosidl_typesupport_c__pyext
[0.224s] [ 95%] Built target piper_with_gripper_moveit__rosidl_typesupport_introspection_c__pyext
[0.226s] [100%] Built target piper_with_gripper_moveit__rosidl_typesupport_fastrtps_c__pyext
[0.394s] running egg_info
[0.416s] writing piper_with_gripper_moveit.egg-info/PKG-INFO
[0.416s] writing dependency_links to piper_with_gripper_moveit.egg-info/dependency_links.txt
[0.417s] writing top-level names to piper_with_gripper_moveit.egg-info/top_level.txt
[0.504s] reading manifest file 'piper_with_gripper_moveit.egg-info/SOURCES.txt'
[0.504s] writing manifest file 'piper_with_gripper_moveit.egg-info/SOURCES.txt'
[0.522s] [100%] Built target ament_cmake_python_build_piper_with_gripper_moveit_egg
[0.535s] Invoked command in '/home/dyros/mcy_ws/piper-mou/build/piper_with_gripper_moveit' returned '0': CMAKE_PREFIX_PATH=/home/dyros/mcy_ws/piper-mou/install/piper_description:/home/dyros/mcy_ws/piper-mou/install/trac_ik:/home/dyros/mcy_ws/piper-mou/install/trac_ik_lib:/home/dyros/mcy_ws/piper-mou/install/xela_server_ros2:/home/dyros/mcy_ws/piper-mou/install/topic_based_ros2_control:/home/dyros/mcy_ws/piper-mou/install/piper_with_gripper_moveit:/home/dyros/mcy_ws/piper-mou/install/piper_no_gripper_moveit:/home/dyros/mcy_ws/piper-mou/install/piper_msgs:/home/dyros/mcy_ws/piper-mou/install/piper_humble:/home/dyros/mcy_ws/piper-mou/install/piper_gazebo:/home/dyros/mcy_ws/piper-mou/install/moveit_mujoco_interface:/home/dyros/tocabi_isaac_ws/install/tocabi_cc_ros2:/home/dyros/tocabi_isaac_ws/install/tocabi_lib:/home/dyros/tocabi_isaac_ws/install/tocabi_msgs:/home/dyros/tocabi_isaac_ws/install/tocabi_isaacsim_ros2:/home/dyros/mcy_ws/piper-mou/install/piper:/opt/ros/humble CONDA_PROMPT_MODIFIER=(base) /usr/bin/cmake --build /home/dyros/mcy_ws/piper-mou/build/piper_with_gripper_moveit -- -j20 -l20
[0.537s] Invoking command in '/home/dyros/mcy_ws/piper-mou/build/piper_with_gripper_moveit': CMAKE_PREFIX_PATH=/home/dyros/mcy_ws/piper-mou/install/piper_description:/home/dyros/mcy_ws/piper-mou/install/trac_ik:/home/dyros/mcy_ws/piper-mou/install/trac_ik_lib:/home/dyros/mcy_ws/piper-mou/install/xela_server_ros2:/home/dyros/mcy_ws/piper-mou/install/topic_based_ros2_control:/home/dyros/mcy_ws/piper-mou/install/piper_with_gripper_moveit:/home/dyros/mcy_ws/piper-mou/install/piper_no_gripper_moveit:/home/dyros/mcy_ws/piper-mou/install/piper_msgs:/home/dyros/mcy_ws/piper-mou/install/piper_humble:/home/dyros/mcy_ws/piper-mou/install/piper_gazebo:/home/dyros/mcy_ws/piper-mou/install/moveit_mujoco_interface:/home/dyros/tocabi_isaac_ws/install/tocabi_cc_ros2:/home/dyros/tocabi_isaac_ws/install/tocabi_lib:/home/dyros/tocabi_isaac_ws/install/tocabi_msgs:/home/dyros/tocabi_isaac_ws/install/tocabi_isaacsim_ros2:/home/dyros/mcy_ws/piper-mou/install/piper:/opt/ros/humble CONDA_PROMPT_MODIFIER=(base) /usr/bin/cmake --install /home/dyros/mcy_ws/piper-mou/build/piper_with_gripper_moveit
[0.545s] -- Install configuration: ""
[0.545s] -- Up-to-date: /home/dyros/mcy_ws/piper-mou/install/piper_with_gripper_moveit/share/ament_index/resource_index/rosidl_interfaces/piper_with_gripper_moveit
[0.545s] -- Up-to-date: /home/dyros/mcy_ws/piper-mou/install/piper_with_gripper_moveit/include/piper_with_gripper_moveit/piper_with_gripper_moveit
[0.545s] -- Up-to-date: /home/dyros/mcy_ws/piper-mou/install/piper_with_gripper_moveit/include/piper_with_gripper_moveit/piper_with_gripper_moveit/msg
[0.545s] -- Up-to-date: /home/dyros/mcy_ws/piper-mou/install/piper_with_gripper_moveit/include/piper_with_gripper_moveit/piper_with_gripper_moveit/msg/rosidl_generator_c__visibility_control.h
[0.545s] -- Up-to-date: /home/dyros/mcy_ws/piper-mou/install/piper_with_gripper_moveit/include/piper_with_gripper_moveit/piper_with_gripper_moveit/action
[0.545s] -- Up-to-date: /home/dyros/mcy_ws/piper-mou/install/piper_with_gripper_moveit/include/piper_with_gripper_moveit/piper_with_gripper_moveit/action/pose_goal.h
[0.546s] -- Up-to-date: /home/dyros/mcy_ws/piper-mou/install/piper_with_gripper_moveit/include/piper_with_gripper_moveit/piper_with_gripper_moveit/action/detail
[0.546s] -- Up-to-date: /home/dyros/mcy_ws/piper-mou/install/piper_with_gripper_moveit/include/piper_with_gripper_moveit/piper_with_gripper_moveit/action/detail/pose_goal__struct.h
[0.546s] -- Up-to-date: /home/dyros/mcy_ws/piper-mou/install/piper_with_gripper_moveit/include/piper_with_gripper_moveit/piper_with_gripper_moveit/action/detail/target_pose__type_support.h
[0.546s] -- Up-to-date: /home/dyros/mcy_ws/piper-mou/install/piper_with_gripper_moveit/include/piper_with_gripper_moveit/piper_with_gripper_moveit/action/detail/pose_goal__functions.h
[0.546s] -- Up-to-date: /home/dyros/mcy_ws/piper-mou/install/piper_with_gripper_moveit/include/piper_with_gripper_moveit/piper_with_gripper_moveit/action/detail/pose_goal__type_support.h
[0.546s] -- Up-to-date: /home/dyros/mcy_ws/piper-mou/install/piper_with_gripper_moveit/include/piper_with_gripper_moveit/piper_with_gripper_moveit/action/detail/target_pose__struct.h
[0.546s] -- Up-to-date: /home/dyros/mcy_ws/piper-mou/install/piper_with_gripper_moveit/include/piper_with_gripper_moveit/piper_with_gripper_moveit/action/detail/target_pose__functions.h
[0.547s] -- Up-to-date: /home/dyros/mcy_ws/piper-mou/install/piper_with_gripper_moveit/include/piper_with_gripper_moveit/piper_with_gripper_moveit/action/detail/target_pose__functions.c
[0.547s] -- Up-to-date: /home/dyros/mcy_ws/piper-mou/install/piper_with_gripper_moveit/include/piper_with_gripper_moveit/piper_with_gripper_moveit/action/detail/pose_goal__functions.c
[0.547s] -- Up-to-date: /home/dyros/mcy_ws/piper-mou/install/piper_with_gripper_moveit/include/piper_with_gripper_moveit/piper_with_gripper_moveit/action/target_pose.h
[0.547s] -- Up-to-date: /home/dyros/mcy_ws/piper-mou/install/piper_with_gripper_moveit/share/piper_with_gripper_moveit/environment/library_path.sh
[0.547s] -- Up-to-date: /home/dyros/mcy_ws/piper-mou/install/piper_with_gripper_moveit/share/piper_with_gripper_moveit/environment/library_path.dsv
[0.547s] -- Up-to-date: /home/dyros/mcy_ws/piper-mou/install/piper_with_gripper_moveit/lib/libpiper_with_gripper_moveit__rosidl_generator_c.so
[0.547s] -- Up-to-date: /home/dyros/mcy_ws/piper-mou/install/piper_with_gripper_moveit/include/piper_with_gripper_moveit/piper_with_gripper_moveit
[0.547s] -- Up-to-date: /home/dyros/mcy_ws/piper-mou/install/piper_with_gripper_moveit/include/piper_with_gripper_moveit/piper_with_gripper_moveit/msg
[0.547s] -- Up-to-date: /home/dyros/mcy_ws/piper-mou/install/piper_with_gripper_moveit/include/piper_with_gripper_moveit/piper_with_gripper_moveit/msg/rosidl_typesupport_fastrtps_c__visibility_control.h
[0.547s] -- Up-to-date: /home/dyros/mcy_ws/piper-mou/install/piper_with_gripper_moveit/include/piper_with_gripper_moveit/piper_with_gripper_moveit/action
[0.547s] -- Up-to-date: /home/dyros/mcy_ws/piper-mou/install/piper_with_gripper_moveit/include/piper_with_gripper_moveit/piper_with_gripper_moveit/action/detail
[0.548s] -- Up-to-date: /home/dyros/mcy_ws/piper-mou/install/piper_with_gripper_moveit/include/piper_with_gripper_moveit/piper_with_gripper_moveit/action/detail/target_pose__rosidl_typesupport_fastrtps_c.h
[0.548s] -- Up-to-date: /home/dyros/mcy_ws/piper-mou/install/piper_with_gripper_moveit/include/piper_with_gripper_moveit/piper_with_gripper_moveit/action/detail/pose_goal__rosidl_typesupport_fastrtps_c.h
[0.548s] -- Up-to-date: /home/dyros/mcy_ws/piper-mou/install/piper_with_gripper_moveit/lib/libpiper_with_gripper_moveit__rosidl_typesupport_fastrtps_c.so
[0.548s] -- Up-to-date: /home/dyros/mcy_ws/piper-mou/install/piper_with_gripper_moveit/include/piper_with_gripper_moveit/piper_with_gripper_moveit
[0.548s] -- Up-to-date: /home/dyros/mcy_ws/piper-mou/install/piper_with_gripper_moveit/include/piper_with_gripper_moveit/piper_with_gripper_moveit/msg
[0.548s] -- Up-to-date: /home/dyros/mcy_ws/piper-mou/install/piper_with_gripper_moveit/include/piper_with_gripper_moveit/piper_with_gripper_moveit/msg/rosidl_generator_cpp__visibility_control.hpp
[0.548s] -- Up-to-date: /home/dyros/mcy_ws/piper-mou/install/piper_with_gripper_moveit/include/piper_with_gripper_moveit/piper_with_gripper_moveit/action
[0.548s] -- Up-to-date: /home/dyros/mcy_ws/piper-mou/install/piper_with_gripper_moveit/include/piper_with_gripper_moveit/piper_with_gripper_moveit/action/pose_goal.hpp
[0.548s] -- Up-to-date: /home/dyros/mcy_ws/piper-mou/install/piper_with_gripper_moveit/include/piper_with_gripper_moveit/piper_with_gripper_moveit/action/detail
[0.549s] -- Up-to-date: /home/dyros/mcy_ws/piper-mou/install/piper_with_gripper_moveit/include/piper_with_gripper_moveit/piper_with_gripper_moveit/action/detail/target_pose__type_support.hpp
[0.549s] -- Up-to-date: /home/dyros/mcy_ws/piper-mou/install/piper_with_gripper_moveit/include/piper_with_gripper_moveit/piper_with_gripper_moveit/action/detail/pose_goal__traits.hpp
[0.549s] -- Up-to-date: /home/dyros/mcy_ws/piper-mou/install/piper_with_gripper_moveit/include/piper_with_gripper_moveit/piper_with_gripper_moveit/action/detail/target_pose__struct.hpp
[0.549s] -- Up-to-date: /home/dyros/mcy_ws/piper-mou/install/piper_with_gripper_moveit/include/piper_with_gripper_moveit/piper_with_gripper_moveit/action/detail/target_pose__traits.hpp
[0.549s] -- Up-to-date: /home/dyros/mcy_ws/piper-mou/install/piper_with_gripper_moveit/include/piper_with_gripper_moveit/piper_with_gripper_moveit/action/detail/pose_goal__type_support.hpp
[0.549s] -- Up-to-date: /home/dyros/mcy_ws/piper-mou/install/piper_with_gripper_moveit/include/piper_with_gripper_moveit/piper_with_gripper_moveit/action/detail/pose_goal__struct.hpp
[0.549s] -- Up-to-date: /home/dyros/mcy_ws/piper-mou/install/piper_with_gripper_moveit/include/piper_with_gripper_moveit/piper_with_gripper_moveit/action/detail/target_pose__builder.hpp
[0.549s] -- Up-to-date: /home/dyros/mcy_ws/piper-mou/install/piper_with_gripper_moveit/include/piper_with_gripper_moveit/piper_with_gripper_moveit/action/detail/pose_goal__builder.hpp
[0.550s] -- Up-to-date: /home/dyros/mcy_ws/piper-mou/install/piper_with_gripper_moveit/include/piper_with_gripper_moveit/piper_with_gripper_moveit/action/target_pose.hpp
[0.550s] -- Up-to-date: /home/dyros/mcy_ws/piper-mou/install/piper_with_gripper_moveit/include/piper_with_gripper_moveit/piper_with_gripper_moveit
[0.550s] -- Up-to-date: /home/dyros/mcy_ws/piper-mou/install/piper_with_gripper_moveit/include/piper_with_gripper_moveit/piper_with_gripper_moveit/msg
[0.550s] -- Up-to-date: /home/dyros/mcy_ws/piper-mou/install/piper_with_gripper_moveit/include/piper_with_gripper_moveit/piper_with_gripper_moveit/msg/rosidl_typesupport_fastrtps_cpp__visibility_control.h
[0.550s] -- Up-to-date: /home/dyros/mcy_ws/piper-mou/install/piper_with_gripper_moveit/include/piper_with_gripper_moveit/piper_with_gripper_moveit/action
[0.550s] -- Up-to-date: /home/dyros/mcy_ws/piper-mou/install/piper_with_gripper_moveit/include/piper_with_gripper_moveit/piper_with_gripper_moveit/action/detail
[0.550s] -- Up-to-date: /home/dyros/mcy_ws/piper-mou/install/piper_with_gripper_moveit/include/piper_with_gripper_moveit/piper_with_gripper_moveit/action/detail/dds_fastrtps
[0.550s] -- Up-to-date: /home/dyros/mcy_ws/piper-mou/install/piper_with_gripper_moveit/include/piper_with_gripper_moveit/piper_with_gripper_moveit/action/detail/target_pose__rosidl_typesupport_fastrtps_cpp.hpp
[0.550s] -- Up-to-date: /home/dyros/mcy_ws/piper-mou/install/piper_with_gripper_moveit/include/piper_with_gripper_moveit/piper_with_gripper_moveit/action/detail/pose_goal__rosidl_typesupport_fastrtps_cpp.hpp
[0.550s] -- Up-to-date: /home/dyros/mcy_ws/piper-mou/install/piper_with_gripper_moveit/lib/libpiper_with_gripper_moveit__rosidl_typesupport_fastrtps_cpp.so
[0.550s] -- Up-to-date: /home/dyros/mcy_ws/piper-mou/install/piper_with_gripper_moveit/include/piper_with_gripper_moveit/piper_with_gripper_moveit
[0.550s] -- Up-to-date: /home/dyros/mcy_ws/piper-mou/install/piper_with_gripper_moveit/include/piper_with_gripper_moveit/piper_with_gripper_moveit/msg
[0.550s] -- Up-to-date: /home/dyros/mcy_ws/piper-mou/install/piper_with_gripper_moveit/include/piper_with_gripper_moveit/piper_with_gripper_moveit/msg/rosidl_typesupport_introspection_c__visibility_control.h
[0.550s] -- Up-to-date: /home/dyros/mcy_ws/piper-mou/install/piper_with_gripper_moveit/include/piper_with_gripper_moveit/piper_with_gripper_moveit/action
[0.550s] -- Up-to-date: /home/dyros/mcy_ws/piper-mou/install/piper_with_gripper_moveit/include/piper_with_gripper_moveit/piper_with_gripper_moveit/action/detail
[0.551s] -- Up-to-date: /home/dyros/mcy_ws/piper-mou/install/piper_with_gripper_moveit/include/piper_with_gripper_moveit/piper_with_gripper_moveit/action/detail/pose_goal__rosidl_typesupport_introspection_c.h
[0.551s] -- Up-to-date: /home/dyros/mcy_ws/piper-mou/install/piper_with_gripper_moveit/include/piper_with_gripper_moveit/piper_with_gripper_moveit/action/detail/target_pose__rosidl_typesupport_introspection_c.h
[0.551s] -- Up-to-date: /home/dyros/mcy_ws/piper-mou/install/piper_with_gripper_moveit/include/piper_with_gripper_moveit/piper_with_gripper_moveit/action/detail/target_pose__type_support.c
[0.551s] -- Up-to-date: /home/dyros/mcy_ws/piper-mou/install/piper_with_gripper_moveit/include/piper_with_gripper_moveit/piper_with_gripper_moveit/action/detail/pose_goal__type_support.c
[0.551s] -- Up-to-date: /home/dyros/mcy_ws/piper-mou/install/piper_with_gripper_moveit/lib/libpiper_with_gripper_moveit__rosidl_typesupport_introspection_c.so
[0.551s] -- Up-to-date: /home/dyros/mcy_ws/piper-mou/install/piper_with_gripper_moveit/lib/libpiper_with_gripper_moveit__rosidl_typesupport_c.so
[0.551s] -- Up-to-date: /home/dyros/mcy_ws/piper-mou/install/piper_with_gripper_moveit/include/piper_with_gripper_moveit/piper_with_gripper_moveit
[0.551s] -- Up-to-date: /home/dyros/mcy_ws/piper-mou/install/piper_with_gripper_moveit/include/piper_with_gripper_moveit/piper_with_gripper_moveit/action
[0.551s] -- Up-to-date: /home/dyros/mcy_ws/piper-mou/install/piper_with_gripper_moveit/include/piper_with_gripper_moveit/piper_with_gripper_moveit/action/detail
[0.551s] -- Up-to-date: /home/dyros/mcy_ws/piper-mou/install/piper_with_gripper_moveit/include/piper_with_gripper_moveit/piper_with_gripper_moveit/action/detail/target_pose__rosidl_typesupport_introspection_cpp.hpp
[0.551s] -- Up-to-date: /home/dyros/mcy_ws/piper-mou/install/piper_with_gripper_moveit/include/piper_with_gripper_moveit/piper_with_gripper_moveit/action/detail/target_pose__type_support.cpp
[0.551s] -- Up-to-date: /home/dyros/mcy_ws/piper-mou/install/piper_with_gripper_moveit/include/piper_with_gripper_moveit/piper_with_gripper_moveit/action/detail/pose_goal__type_support.cpp
[0.551s] -- Up-to-date: /home/dyros/mcy_ws/piper-mou/install/piper_with_gripper_moveit/include/piper_with_gripper_moveit/piper_with_gripper_moveit/action/detail/pose_goal__rosidl_typesupport_introspection_cpp.hpp
[0.551s] -- Up-to-date: /home/dyros/mcy_ws/piper-mou/install/piper_with_gripper_moveit/lib/libpiper_with_gripper_moveit__rosidl_typesupport_introspection_cpp.so
[0.551s] -- Up-to-date: /home/dyros/mcy_ws/piper-mou/install/piper_with_gripper_moveit/lib/libpiper_with_gripper_moveit__rosidl_typesupport_cpp.so
[0.551s] -- Up-to-date: /home/dyros/mcy_ws/piper-mou/install/piper_with_gripper_moveit/share/piper_with_gripper_moveit/environment/pythonpath.sh
[0.552s] -- Up-to-date: /home/dyros/mcy_ws/piper-mou/install/piper_with_gripper_moveit/share/piper_with_gripper_moveit/environment/pythonpath.dsv
[0.552s] -- Up-to-date: /home/dyros/mcy_ws/piper-mou/install/piper_with_gripper_moveit/local/lib/python3.10/dist-packages/piper_with_gripper_moveit-0.3.0-py3.10.egg-info
[0.552s] -- Installing: /home/dyros/mcy_ws/piper-mou/install/piper_with_gripper_moveit/local/lib/python3.10/dist-packages/piper_with_gripper_moveit-0.3.0-py3.10.egg-info/dependency_links.txt
[0.552s] -- Installing: /home/dyros/mcy_ws/piper-mou/install/piper_with_gripper_moveit/local/lib/python3.10/dist-packages/piper_with_gripper_moveit-0.3.0-py3.10.egg-info/SOURCES.txt
[0.552s] -- Installing: /home/dyros/mcy_ws/piper-mou/install/piper_with_gripper_moveit/local/lib/python3.10/dist-packages/piper_with_gripper_moveit-0.3.0-py3.10.egg-info/top_level.txt
[0.552s] -- Installing: /home/dyros/mcy_ws/piper-mou/install/piper_with_gripper_moveit/local/lib/python3.10/dist-packages/piper_with_gripper_moveit-0.3.0-py3.10.egg-info/PKG-INFO
[0.552s] -- Up-to-date: /home/dyros/mcy_ws/piper-mou/install/piper_with_gripper_moveit/local/lib/python3.10/dist-packages/piper_with_gripper_moveit
[0.552s] -- Up-to-date: /home/dyros/mcy_ws/piper-mou/install/piper_with_gripper_moveit/local/lib/python3.10/dist-packages/piper_with_gripper_moveit/__init__.py
[0.552s] -- Up-to-date: /home/dyros/mcy_ws/piper-mou/install/piper_with_gripper_moveit/local/lib/python3.10/dist-packages/piper_with_gripper_moveit/_piper_with_gripper_moveit_s.ep.rosidl_typesupport_fastrtps_c.c
[0.552s] -- Up-to-date: /home/dyros/mcy_ws/piper-mou/install/piper_with_gripper_moveit/local/lib/python3.10/dist-packages/piper_with_gripper_moveit/_piper_with_gripper_moveit_s.ep.rosidl_typesupport_c.c
[0.552s] -- Up-to-date: /home/dyros/mcy_ws/piper-mou/install/piper_with_gripper_moveit/local/lib/python3.10/dist-packages/piper_with_gripper_moveit/_piper_with_gripper_moveit_s.ep.rosidl_typesupport_introspection_c.c
[0.553s] -- Up-to-date: /home/dyros/mcy_ws/piper-mou/install/piper_with_gripper_moveit/local/lib/python3.10/dist-packages/piper_with_gripper_moveit/piper_with_gripper_moveit_s__rosidl_typesupport_c.cpython-310-x86_64-linux-gnu.so
[0.553s] -- Up-to-date: /home/dyros/mcy_ws/piper-mou/install/piper_with_gripper_moveit/local/lib/python3.10/dist-packages/piper_with_gripper_moveit/piper_with_gripper_moveit_s__rosidl_typesupport_fastrtps_c.cpython-310-x86_64-linux-gnu.so
[0.553s] -- Up-to-date: /home/dyros/mcy_ws/piper-mou/install/piper_with_gripper_moveit/local/lib/python3.10/dist-packages/piper_with_gripper_moveit/piper_with_gripper_moveit_s__rosidl_typesupport_introspection_c.cpython-310-x86_64-linux-gnu.so
[0.553s] -- Up-to-date: /home/dyros/mcy_ws/piper-mou/install/piper_with_gripper_moveit/local/lib/python3.10/dist-packages/piper_with_gripper_moveit/action
[0.553s] -- Up-to-date: /home/dyros/mcy_ws/piper-mou/install/piper_with_gripper_moveit/local/lib/python3.10/dist-packages/piper_with_gripper_moveit/action/__init__.py
[0.553s] -- Up-to-date: /home/dyros/mcy_ws/piper-mou/install/piper_with_gripper_moveit/local/lib/python3.10/dist-packages/piper_with_gripper_moveit/action/_pose_goal_s.c
[0.553s] -- Up-to-date: /home/dyros/mcy_ws/piper-mou/install/piper_with_gripper_moveit/local/lib/python3.10/dist-packages/piper_with_gripper_moveit/action/_target_pose_s.c
[0.553s] -- Up-to-date: /home/dyros/mcy_ws/piper-mou/install/piper_with_gripper_moveit/local/lib/python3.10/dist-packages/piper_with_gripper_moveit/action/_pose_goal.py
[0.553s] -- Up-to-date: /home/dyros/mcy_ws/piper-mou/install/piper_with_gripper_moveit/local/lib/python3.10/dist-packages/piper_with_gripper_moveit/action/_target_pose.py
[0.553s] -- Up-to-date: /home/dyros/mcy_ws/piper-mou/install/piper_with_gripper_moveit/local/lib/python3.10/dist-packages/piper_with_gripper_moveit/libpiper_with_gripper_moveit__rosidl_generator_py.so
[0.585s] Listing '/home/dyros/mcy_ws/piper-mou/install/piper_with_gripper_moveit/local/lib/python3.10/dist-packages/piper_with_gripper_moveit'...
[0.585s] Listing '/home/dyros/mcy_ws/piper-mou/install/piper_with_gripper_moveit/local/lib/python3.10/dist-packages/piper_with_gripper_moveit/action'...
[0.589s] -- Up-to-date: /home/dyros/mcy_ws/piper-mou/install/piper_with_gripper_moveit/local/lib/python3.10/dist-packages/piper_with_gripper_moveit/piper_with_gripper_moveit_s__rosidl_typesupport_fastrtps_c.cpython-310-x86_64-linux-gnu.so
[0.590s] -- Up-to-date: /home/dyros/mcy_ws/piper-mou/install/piper_with_gripper_moveit/local/lib/python3.10/dist-packages/piper_with_gripper_moveit/piper_with_gripper_moveit_s__rosidl_typesupport_introspection_c.cpython-310-x86_64-linux-gnu.so
[0.590s] -- Up-to-date: /home/dyros/mcy_ws/piper-mou/install/piper_with_gripper_moveit/local/lib/python3.10/dist-packages/piper_with_gripper_moveit/piper_with_gripper_moveit_s__rosidl_typesupport_c.cpython-310-x86_64-linux-gnu.so
[0.590s] -- Up-to-date: /home/dyros/mcy_ws/piper-mou/install/piper_with_gripper_moveit/lib/libpiper_with_gripper_moveit__rosidl_generator_py.so
[0.590s] -- Up-to-date: /home/dyros/mcy_ws/piper-mou/install/piper_with_gripper_moveit/share/piper_with_gripper_moveit/action/PoseGoal.idl
[0.590s] -- Up-to-date: /home/dyros/mcy_ws/piper-mou/install/piper_with_gripper_moveit/share/piper_with_gripper_moveit/action/TargetPose.idl
[0.591s] -- Up-to-date: /home/dyros/mcy_ws/piper-mou/install/piper_with_gripper_moveit/share/piper_with_gripper_moveit/action/PoseGoal.action
[0.591s] -- Up-to-date: /home/dyros/mcy_ws/piper-mou/install/piper_with_gripper_moveit/share/piper_with_gripper_moveit/action/TargetPose.action
[0.591s] -- Up-to-date: /home/dyros/mcy_ws/piper-mou/install/piper_with_gripper_moveit/share/ament_index/resource_index/package_run_dependencies/piper_with_gripper_moveit
[0.591s] -- Up-to-date: /home/dyros/mcy_ws/piper-mou/install/piper_with_gripper_moveit/share/ament_index/resource_index/parent_prefix_path/piper_with_gripper_moveit
[0.591s] -- Up-to-date: /home/dyros/mcy_ws/piper-mou/install/piper_with_gripper_moveit/share/piper_with_gripper_moveit/environment/ament_prefix_path.sh
[0.591s] -- Up-to-date: /home/dyros/mcy_ws/piper-mou/install/piper_with_gripper_moveit/share/piper_with_gripper_moveit/environment/ament_prefix_path.dsv
[0.591s] -- Up-to-date: /home/dyros/mcy_ws/piper-mou/install/piper_with_gripper_moveit/share/piper_with_gripper_moveit/environment/path.sh
[0.591s] -- Up-to-date: /home/dyros/mcy_ws/piper-mou/install/piper_with_gripper_moveit/share/piper_with_gripper_moveit/environment/path.dsv
[0.591s] -- Up-to-date: /home/dyros/mcy_ws/piper-mou/install/piper_with_gripper_moveit/share/piper_with_gripper_moveit/local_setup.bash
[0.591s] -- Up-to-date: /home/dyros/mcy_ws/piper-mou/install/piper_with_gripper_moveit/share/piper_with_gripper_moveit/local_setup.sh
[0.591s] -- Up-to-date: /home/dyros/mcy_ws/piper-mou/install/piper_with_gripper_moveit/share/piper_with_gripper_moveit/local_setup.zsh
[0.591s] -- Up-to-date: /home/dyros/mcy_ws/piper-mou/install/piper_with_gripper_moveit/share/piper_with_gripper_moveit/local_setup.dsv
[0.592s] -- Installing: /home/dyros/mcy_ws/piper-mou/install/piper_with_gripper_moveit/share/piper_with_gripper_moveit/package.dsv
[0.592s] -- Up-to-date: /home/dyros/mcy_ws/piper-mou/install/piper_with_gripper_moveit/share/ament_index/resource_index/packages/piper_with_gripper_moveit
[0.592s] -- Up-to-date: /home/dyros/mcy_ws/piper-mou/install/piper_with_gripper_moveit/share/piper_with_gripper_moveit/cmake/export_piper_with_gripper_moveit__rosidl_generator_cExport.cmake
[0.592s] -- Up-to-date: /home/dyros/mcy_ws/piper-mou/install/piper_with_gripper_moveit/share/piper_with_gripper_moveit/cmake/export_piper_with_gripper_moveit__rosidl_generator_cExport-noconfig.cmake
[0.592s] -- Up-to-date: /home/dyros/mcy_ws/piper-mou/install/piper_with_gripper_moveit/share/piper_with_gripper_moveit/cmake/export_piper_with_gripper_moveit__rosidl_typesupport_fastrtps_cExport.cmake
[0.592s] -- Up-to-date: /home/dyros/mcy_ws/piper-mou/install/piper_with_gripper_moveit/share/piper_with_gripper_moveit/cmake/export_piper_with_gripper_moveit__rosidl_typesupport_fastrtps_cExport-noconfig.cmake
[0.592s] -- Up-to-date: /home/dyros/mcy_ws/piper-mou/install/piper_with_gripper_moveit/share/piper_with_gripper_moveit/cmake/export_piper_with_gripper_moveit__rosidl_generator_cppExport.cmake
[0.592s] -- Up-to-date: /home/dyros/mcy_ws/piper-mou/install/piper_with_gripper_moveit/share/piper_with_gripper_moveit/cmake/export_piper_with_gripper_moveit__rosidl_typesupport_fastrtps_cppExport.cmake
[0.592s] -- Up-to-date: /home/dyros/mcy_ws/piper-mou/install/piper_with_gripper_moveit/share/piper_with_gripper_moveit/cmake/export_piper_with_gripper_moveit__rosidl_typesupport_fastrtps_cppExport-noconfig.cmake
[0.593s] -- Up-to-date: /home/dyros/mcy_ws/piper-mou/install/piper_with_gripper_moveit/share/piper_with_gripper_moveit/cmake/piper_with_gripper_moveit__rosidl_typesupport_introspection_cExport.cmake
[0.593s] -- Up-to-date: /home/dyros/mcy_ws/piper-mou/install/piper_with_gripper_moveit/share/piper_with_gripper_moveit/cmake/piper_with_gripper_moveit__rosidl_typesupport_introspection_cExport-noconfig.cmake
[0.593s] -- Up-to-date: /home/dyros/mcy_ws/piper-mou/install/piper_with_gripper_moveit/share/piper_with_gripper_moveit/cmake/piper_with_gripper_moveit__rosidl_typesupport_cExport.cmake
[0.593s] -- Up-to-date: /home/dyros/mcy_ws/piper-mou/install/piper_with_gripper_moveit/share/piper_with_gripper_moveit/cmake/piper_with_gripper_moveit__rosidl_typesupport_cExport-noconfig.cmake
[0.593s] -- Up-to-date: /home/dyros/mcy_ws/piper-mou/install/piper_with_gripper_moveit/share/piper_with_gripper_moveit/cmake/piper_with_gripper_moveit__rosidl_typesupport_introspection_cppExport.cmake
[0.593s] -- Up-to-date: /home/dyros/mcy_ws/piper-mou/install/piper_with_gripper_moveit/share/piper_with_gripper_moveit/cmake/piper_with_gripper_moveit__rosidl_typesupport_introspection_cppExport-noconfig.cmake
[0.593s] -- Up-to-date: /home/dyros/mcy_ws/piper-mou/install/piper_with_gripper_moveit/share/piper_with_gripper_moveit/cmake/piper_with_gripper_moveit__rosidl_typesupport_cppExport.cmake
[0.593s] -- Up-to-date: /home/dyros/mcy_ws/piper-mou/install/piper_with_gripper_moveit/share/piper_with_gripper_moveit/cmake/piper_with_gripper_moveit__rosidl_typesupport_cppExport-noconfig.cmake
[0.593s] -- Up-to-date: /home/dyros/mcy_ws/piper-mou/install/piper_with_gripper_moveit/share/piper_with_gripper_moveit/cmake/export_piper_with_gripper_moveit__rosidl_generator_pyExport.cmake
[0.594s] -- Up-to-date: /home/dyros/mcy_ws/piper-mou/install/piper_with_gripper_moveit/share/piper_with_gripper_moveit/cmake/export_piper_with_gripper_moveit__rosidl_generator_pyExport-noconfig.cmake
[0.594s] -- Up-to-date: /home/dyros/mcy_ws/piper-mou/install/piper_with_gripper_moveit/share/piper_with_gripper_moveit/cmake/rosidl_cmake-extras.cmake
[0.594s] -- Up-to-date: /home/dyros/mcy_ws/piper-mou/install/piper_with_gripper_moveit/share/piper_with_gripper_moveit/cmake/ament_cmake_export_dependencies-extras.cmake
[0.594s] -- Up-to-date: /home/dyros/mcy_ws/piper-mou/install/piper_with_gripper_moveit/share/piper_with_gripper_moveit/cmake/ament_cmake_export_include_directories-extras.cmake
[0.594s] -- Up-to-date: /home/dyros/mcy_ws/piper-mou/install/piper_with_gripper_moveit/share/piper_with_gripper_moveit/cmake/ament_cmake_export_libraries-extras.cmake
[0.594s] -- Up-to-date: /home/dyros/mcy_ws/piper-mou/install/piper_with_gripper_moveit/share/piper_with_gripper_moveit/cmake/ament_cmake_export_targets-extras.cmake
[0.594s] -- Up-to-date: /home/dyros/mcy_ws/piper-mou/install/piper_with_gripper_moveit/share/piper_with_gripper_moveit/cmake/rosidl_cmake_export_typesupport_targets-extras.cmake
[0.594s] -- Up-to-date: /home/dyros/mcy_ws/piper-mou/install/piper_with_gripper_moveit/share/piper_with_gripper_moveit/cmake/rosidl_cmake_export_typesupport_libraries-extras.cmake
[0.594s] -- Up-to-date: /home/dyros/mcy_ws/piper-mou/install/piper_with_gripper_moveit/share/piper_with_gripper_moveit/cmake/piper_with_gripper_moveitConfig.cmake
[0.594s] -- Up-to-date: /home/dyros/mcy_ws/piper-mou/install/piper_with_gripper_moveit/share/piper_with_gripper_moveit/cmake/piper_with_gripper_moveitConfig-version.cmake
[0.594s] -- Up-to-date: /home/dyros/mcy_ws/piper-mou/install/piper_with_gripper_moveit/share/piper_with_gripper_moveit/package.xml
[0.595s] -- Up-to-date: /home/dyros/mcy_ws/piper-mou/install/piper_with_gripper_moveit/share/piper_with_gripper_moveit/launch
[0.595s] -- Up-to-date: /home/dyros/mcy_ws/piper-mou/install/piper_with_gripper_moveit/share/piper_with_gripper_moveit/launch/setup_assistant.launch.py
[0.595s] -- Up-to-date: /home/dyros/mcy_ws/piper-mou/install/piper_with_gripper_moveit/share/piper_with_gripper_moveit/launch/demo.launch.py
[0.595s] -- Up-to-date: /home/dyros/mcy_ws/piper-mou/install/piper_with_gripper_moveit/share/piper_with_gripper_moveit/launch/piper_moveit.launch.py
[0.595s] -- Up-to-date: /home/dyros/mcy_ws/piper-mou/install/piper_with_gripper_moveit/share/piper_with_gripper_moveit/launch/wm_demo.launch.py
[0.595s] -- Up-to-date: /home/dyros/mcy_ws/piper-mou/install/piper_with_gripper_moveit/share/piper_with_gripper_moveit/launch/moveit_rviz.launch.py
[0.595s] -- Up-to-date: /home/dyros/mcy_ws/piper-mou/install/piper_with_gripper_moveit/share/piper_with_gripper_moveit/launch/params_demo.launch.py
[0.595s] -- Up-to-date: /home/dyros/mcy_ws/piper-mou/install/piper_with_gripper_moveit/share/piper_with_gripper_moveit/launch/spawn_controllers.launch.py
[0.595s] -- Up-to-date: /home/dyros/mcy_ws/piper-mou/install/piper_with_gripper_moveit/share/piper_with_gripper_moveit/launch/move_group.launch.py
[0.595s] -- Up-to-date: /home/dyros/mcy_ws/piper-mou/install/piper_with_gripper_moveit/share/piper_with_gripper_moveit/launch/warehouse_db.launch.py
[0.595s] -- Up-to-date: /home/dyros/mcy_ws/piper-mou/install/piper_with_gripper_moveit/share/piper_with_gripper_moveit/launch/rsp.launch.py
[0.595s] -- Up-to-date: /home/dyros/mcy_ws/piper-mou/install/piper_with_gripper_moveit/share/piper_with_gripper_moveit/launch/static_virtual_joint_tfs.launch.py
[0.595s] -- Up-to-date: /home/dyros/mcy_ws/piper-mou/install/piper_with_gripper_moveit/share/piper_with_gripper_moveit/launch/interface.launch.py
[0.595s] -- Up-to-date: /home/dyros/mcy_ws/piper-mou/install/piper_with_gripper_moveit/share/piper_with_gripper_moveit/config
[0.595s] -- Up-to-date: /home/dyros/mcy_ws/piper-mou/install/piper_with_gripper_moveit/share/piper_with_gripper_moveit/config/kinematics.yaml
[0.596s] -- Up-to-date: /home/dyros/mcy_ws/piper-mou/install/piper_with_gripper_moveit/share/piper_with_gripper_moveit/config/piper.urdf.xacro
[0.596s] -- Up-to-date: /home/dyros/mcy_ws/piper-mou/install/piper_with_gripper_moveit/share/piper_with_gripper_moveit/config/joint_limits.yaml
[0.596s] -- Up-to-date: /home/dyros/mcy_ws/piper-mou/install/piper_with_gripper_moveit/share/piper_with_gripper_moveit/config/ompl_plainning.yaml
[0.596s] -- Up-to-date: /home/dyros/mcy_ws/piper-mou/install/piper_with_gripper_moveit/share/piper_with_gripper_moveit/config/pilz_cartesian_limits.yaml
[0.597s] -- Up-to-date: /home/dyros/mcy_ws/piper-mou/install/piper_with_gripper_moveit/share/piper_with_gripper_moveit/config/moveit.rviz
[0.597s] -- Up-to-date: /home/dyros/mcy_ws/piper-mou/install/piper_with_gripper_moveit/share/piper_with_gripper_moveit/config/initial_positions.yaml
[0.597s] -- Up-to-date: /home/dyros/mcy_ws/piper-mou/install/piper_with_gripper_moveit/share/piper_with_gripper_moveit/config/sensors_3d.yaml
[0.597s] -- Up-to-date: /home/dyros/mcy_ws/piper-mou/install/piper_with_gripper_moveit/share/piper_with_gripper_moveit/config/piper.ros2_control.xacro
[0.597s] -- Up-to-date: /home/dyros/mcy_ws/piper-mou/install/piper_with_gripper_moveit/share/piper_with_gripper_moveit/config/trajectory_execution.yaml
[0.598s] -- Up-to-date: /home/dyros/mcy_ws/piper-mou/install/piper_with_gripper_moveit/share/piper_with_gripper_moveit/config/piper.srdf
[0.598s] -- Up-to-date: /home/dyros/mcy_ws/piper-mou/install/piper_with_gripper_moveit/share/piper_with_gripper_moveit/config/moveit_controllers.yaml
[0.598s] -- Up-to-date: /home/dyros/mcy_ws/piper-mou/install/piper_with_gripper_moveit/share/piper_with_gripper_moveit/config/pilz_industrial_motion_planner_planning.yaml
[0.598s] -- Up-to-date: /home/dyros/mcy_ws/piper-mou/install/piper_with_gripper_moveit/share/piper_with_gripper_moveit/config/ros2_controllers.yaml
[0.598s] -- Up-to-date: /home/dyros/mcy_ws/piper-mou/install/piper_with_gripper_moveit/share/piper_with_gripper_moveit/.setup_assistant
[0.598s] -- Up-to-date: /home/dyros/mcy_ws/piper-mou/install/piper_with_gripper_moveit/lib/piper_with_gripper_moveit/planning_scene_node
[0.598s] -- Up-to-date: /home/dyros/mcy_ws/piper-mou/install/piper_with_gripper_moveit/lib/piper_with_gripper_moveit/joint_goal_node
[0.598s] -- Up-to-date: /home/dyros/mcy_ws/piper-mou/install/piper_with_gripper_moveit/lib/piper_with_gripper_moveit/joint_goal_cmd_node
[0.599s] -- Up-to-date: /home/dyros/mcy_ws/piper-mou/install/piper_with_gripper_moveit/lib/piper_with_gripper_moveit/pose_goal_node
[0.599s] -- Up-to-date: /home/dyros/mcy_ws/piper-mou/install/piper_with_gripper_moveit/lib/piper_with_gripper_moveit/cA.py
[0.599s] -- Up-to-date: /home/dyros/mcy_ws/piper-mou/install/piper_with_gripper_moveit/lib/piper_with_gripper_moveit/Logic_inte.py
[0.599s] -- Up-to-date: /home/dyros/mcy_ws/piper-mou/install/piper_with_gripper_moveit/lib/piper_with_gripper_moveit/TEST.py
[0.599s] Invoked command in '/home/dyros/mcy_ws/piper-mou/build/piper_with_gripper_moveit' returned '0': CMAKE_PREFIX_PATH=/home/dyros/mcy_ws/piper-mou/install/piper_description:/home/dyros/mcy_ws/piper-mou/install/trac_ik:/home/dyros/mcy_ws/piper-mou/install/trac_ik_lib:/home/dyros/mcy_ws/piper-mou/install/xela_server_ros2:/home/dyros/mcy_ws/piper-mou/install/topic_based_ros2_control:/home/dyros/mcy_ws/piper-mou/install/piper_with_gripper_moveit:/home/dyros/mcy_ws/piper-mou/install/piper_no_gripper_moveit:/home/dyros/mcy_ws/piper-mou/install/piper_msgs:/home/dyros/mcy_ws/piper-mou/install/piper_humble:/home/dyros/mcy_ws/piper-mou/install/piper_gazebo:/home/dyros/mcy_ws/piper-mou/install/moveit_mujoco_interface:/home/dyros/tocabi_isaac_ws/install/tocabi_cc_ros2:/home/dyros/tocabi_isaac_ws/install/tocabi_lib:/home/dyros/tocabi_isaac_ws/install/tocabi_msgs:/home/dyros/tocabi_isaac_ws/install/tocabi_isaacsim_ros2:/home/dyros/mcy_ws/piper-mou/install/piper:/opt/ros/humble CONDA_PROMPT_MODIFIER=(base) /usr/bin/cmake --install /home/dyros/mcy_ws/piper-mou/build/piper_with_gripper_moveit
