[0.940s] Invoking command in '/home/dyros/mcy_ws/piper-mou/src/piper_ros/src/piper': CONDA_PROMPT_MODIFIER=(base) PYTHONPATH=/home/dyros/mcy_ws/piper-mou/src/piper_ros/build/piper/prefix_override:/home/dyros/miniconda3/lib/python3.10/site-packages/colcon_core/task/python/colcon_distutils_commands:/home/dyros/mcy_ws/piper-mou/src/piper_ros/install/piper/lib/python3.10/site-packages:${PYTHONPATH} /home/dyros/miniconda3/bin/python3.10 -W ignore:setup.py install is deprecated -W ignore:easy_install command is deprecated setup.py egg_info --egg-base ../../build/piper build --build-base /home/dyros/mcy_ws/piper-mou/src/piper_ros/build/piper/build install --record /home/dyros/mcy_ws/piper-mou/src/piper_ros/build/piper/install.log --single-version-externally-managed install_data
[1.090s] /home/dyros/.local/lib/python3.10/site-packages/setuptools/_distutils/dist.py:289: UserWarning: Unknown distribution option: 'tests_require'
[1.090s]   warnings.warn(msg)
[1.186s] running egg_info
[1.201s] writing ../../build/piper/piper.egg-info/PKG-INFO
[1.202s] writing dependency_links to ../../build/piper/piper.egg-info/dependency_links.txt
[1.202s] writing entry points to ../../build/piper/piper.egg-info/entry_points.txt
[1.202s] writing requirements to ../../build/piper/piper.egg-info/requires.txt
[1.203s] writing top-level names to ../../build/piper/piper.egg-info/top_level.txt
[1.236s] reading manifest file '../../build/piper/piper.egg-info/SOURCES.txt'
[1.236s] adding license file 'LICENSE'
[1.237s] writing manifest file '../../build/piper/piper.egg-info/SOURCES.txt'
[1.237s] running build
[1.238s] running build_py
[1.238s] copying piper/__init__.py -> /home/dyros/mcy_ws/piper-mou/src/piper_ros/build/piper/build/lib/piper
[1.238s] copying piper/piper_ctrl_single_node.py -> /home/dyros/mcy_ws/piper-mou/src/piper_ros/build/piper/build/lib/piper
[1.238s] running install
[1.243s] running install_lib
[1.259s] running install_data
[1.259s] copying resource/piper -> /home/dyros/mcy_ws/piper-mou/src/piper_ros/install/piper/share/ament_index/resource_index/packages
[1.260s] copying package.xml -> /home/dyros/mcy_ws/piper-mou/src/piper_ros/install/piper/share/piper
[1.260s] copying launch/start_single_piper_rviz.launch.py -> /home/dyros/mcy_ws/piper-mou/src/piper_ros/install/piper/share/piper/launch
[1.260s] copying launch/start_single_piper.launch.py -> /home/dyros/mcy_ws/piper-mou/src/piper_ros/install/piper/share/piper/launch
[1.260s] running install_egg_info
[1.278s] removing '/home/dyros/mcy_ws/piper-mou/src/piper_ros/install/piper/lib/python3.10/site-packages/piper-0.0.0-py3.10.egg-info' (and everything under it)
[1.278s] Copying ../../build/piper/piper.egg-info to /home/dyros/mcy_ws/piper-mou/src/piper_ros/install/piper/lib/python3.10/site-packages/piper-0.0.0-py3.10.egg-info
[1.279s] running install_scripts
[1.312s] Installing piper_ms_ctrl script to /home/dyros/mcy_ws/piper-mou/src/piper_ros/install/piper/lib/piper
[1.312s] Installing piper_read_master script to /home/dyros/mcy_ws/piper-mou/src/piper_ros/install/piper/lib/piper
[1.312s] Installing piper_single_ctrl script to /home/dyros/mcy_ws/piper-mou/src/piper_ros/install/piper/lib/piper
[1.313s] writing list of installed files to '/home/dyros/mcy_ws/piper-mou/src/piper_ros/build/piper/install.log'
[1.336s] Invoked command in '/home/dyros/mcy_ws/piper-mou/src/piper_ros/src/piper' returned '0': CONDA_PROMPT_MODIFIER=(base) PYTHONPATH=/home/dyros/mcy_ws/piper-mou/src/piper_ros/build/piper/prefix_override:/home/dyros/miniconda3/lib/python3.10/site-packages/colcon_core/task/python/colcon_distutils_commands:/home/dyros/mcy_ws/piper-mou/src/piper_ros/install/piper/lib/python3.10/site-packages:${PYTHONPATH} /home/dyros/miniconda3/bin/python3.10 -W ignore:setup.py install is deprecated -W ignore:easy_install command is deprecated setup.py egg_info --egg-base ../../build/piper build --build-base /home/dyros/mcy_ws/piper-mou/src/piper_ros/build/piper/build install --record /home/dyros/mcy_ws/piper-mou/src/piper_ros/build/piper/install.log --single-version-externally-managed install_data
