[0.265s] Invoking command in '/home/dyros/mcy_ws/piper-mou/build/piper_gazebo': CMAKE_PREFIX_PATH=${CMAKE_PREFIX_PATH}:/home/dyros/mcy_ws/piper-mou/install/piper:/opt/ros/humble /usr/bin/cmake /home/dyros/mcy_ws/piper-mou/src/piper_ros/src/piper_sim/piper_gazebo -DCMAKE_INSTALL_PREFIX=/home/dyros/mcy_ws/piper-mou/install/piper_gazebo
[0.319s] -- The C compiler identification is GNU 11.4.0
[0.382s] -- The CXX compiler identification is GNU 11.4.0
[0.391s] -- Detecting C compiler ABI info
[0.468s] -- Detecting C compiler ABI info - done
[0.486s] -- Check for working C compiler: /usr/bin/cc - skipped
[0.486s] -- Detecting C compile features
[0.487s] -- Detecting C compile features - done
[0.493s] -- Detecting CXX compiler ABI info
[0.590s] -- Detecting CXX compiler ABI info - done
[0.599s] -- Check for working CXX compiler: /usr/bin/c++ - skipped
[0.599s] -- Detecting CXX compile features
[0.600s] -- Detecting CXX compile features - done
[0.602s] -- Found ament_cmake: 1.3.11 (/opt/ros/humble/share/ament_cmake/cmake)
[1.082s] -- Found Python3: /usr/bin/python3 (found version "3.10.12") found components: Interpreter 
[1.191s] -- Found ament_lint_auto: 0.12.12 (/opt/ros/humble/share/ament_lint_auto/cmake)
[1.323s] -- Added test 'copyright' to check source files copyright and LICENSE
[1.324s] -- Added test 'flake8' to check Python code syntax and style conventions
[1.325s] -- Added test 'lint_cmake' to check CMake code style
[1.326s] -- Added test 'pep257' to check Python code against some of the docstring style conventions in PEP 257
[1.328s] -- Added test 'xmllint' to check XML markup files
[1.329s] -- Configuring done
[1.332s] -- Generating done
[1.337s] -- Build files have been written to: /home/dyros/mcy_ws/piper-mou/build/piper_gazebo
[1.344s] Invoked command in '/home/dyros/mcy_ws/piper-mou/build/piper_gazebo' returned '0': CMAKE_PREFIX_PATH=${CMAKE_PREFIX_PATH}:/home/dyros/mcy_ws/piper-mou/install/piper:/opt/ros/humble /usr/bin/cmake /home/dyros/mcy_ws/piper-mou/src/piper_ros/src/piper_sim/piper_gazebo -DCMAKE_INSTALL_PREFIX=/home/dyros/mcy_ws/piper-mou/install/piper_gazebo
[1.346s] Invoking command in '/home/dyros/mcy_ws/piper-mou/build/piper_gazebo': CMAKE_PREFIX_PATH=${CMAKE_PREFIX_PATH}:/home/dyros/mcy_ws/piper-mou/install/piper:/opt/ros/humble /usr/bin/cmake --build /home/dyros/mcy_ws/piper-mou/build/piper_gazebo -- -j20 -l20
[1.386s] Invoked command in '/home/dyros/mcy_ws/piper-mou/build/piper_gazebo' returned '0': CMAKE_PREFIX_PATH=${CMAKE_PREFIX_PATH}:/home/dyros/mcy_ws/piper-mou/install/piper:/opt/ros/humble /usr/bin/cmake --build /home/dyros/mcy_ws/piper-mou/build/piper_gazebo -- -j20 -l20
[1.388s] Invoking command in '/home/dyros/mcy_ws/piper-mou/build/piper_gazebo': CMAKE_PREFIX_PATH=${CMAKE_PREFIX_PATH}:/home/dyros/mcy_ws/piper-mou/install/piper:/opt/ros/humble /usr/bin/cmake --install /home/dyros/mcy_ws/piper-mou/build/piper_gazebo
[1.395s] -- Install configuration: ""
[1.395s] -- Installing: /home/dyros/mcy_ws/piper-mou/install/piper_gazebo/share/piper_gazebo/launch
[1.395s] -- Installing: /home/dyros/mcy_ws/piper-mou/install/piper_gazebo/share/piper_gazebo/launch/piper_no_gripper
[1.395s] -- Installing: /home/dyros/mcy_ws/piper-mou/install/piper_gazebo/share/piper_gazebo/launch/piper_no_gripper/piper_no_gripper_gazebo.launch.py
[1.396s] -- Installing: /home/dyros/mcy_ws/piper-mou/install/piper_gazebo/share/piper_gazebo/launch/piper_with_gripper
[1.396s] -- Installing: /home/dyros/mcy_ws/piper-mou/install/piper_gazebo/share/piper_gazebo/launch/piper_with_gripper/piper_gazebo.launch.py
[1.396s] -- Installing: /home/dyros/mcy_ws/piper-mou/install/piper_gazebo/share/piper_gazebo/config
[1.396s] -- Installing: /home/dyros/mcy_ws/piper-mou/install/piper_gazebo/share/piper_gazebo/config/ros2_no_gripper_controllers.yaml
[1.396s] -- Installing: /home/dyros/mcy_ws/piper-mou/install/piper_gazebo/share/piper_gazebo/config/ros2_controllers.yaml
[1.396s] -- Installing: /home/dyros/mcy_ws/piper-mou/install/piper_gazebo/share/piper_gazebo/scripts
[1.396s] -- Installing: /home/dyros/mcy_ws/piper-mou/install/piper_gazebo/share/piper_gazebo/scripts/joint8_ctrl.py
[1.396s] -- Installing: /home/dyros/mcy_ws/piper-mou/install/piper_gazebo/lib/piper_gazebo/joint8_ctrl.py
[1.397s] -- Installing: /home/dyros/mcy_ws/piper-mou/install/piper_gazebo/share/ament_index/resource_index/package_run_dependencies/piper_gazebo
[1.397s] -- Installing: /home/dyros/mcy_ws/piper-mou/install/piper_gazebo/share/ament_index/resource_index/parent_prefix_path/piper_gazebo
[1.397s] -- Installing: /home/dyros/mcy_ws/piper-mou/install/piper_gazebo/share/piper_gazebo/environment/ament_prefix_path.sh
[1.397s] -- Installing: /home/dyros/mcy_ws/piper-mou/install/piper_gazebo/share/piper_gazebo/environment/ament_prefix_path.dsv
[1.397s] -- Installing: /home/dyros/mcy_ws/piper-mou/install/piper_gazebo/share/piper_gazebo/environment/path.sh
[1.397s] -- Installing: /home/dyros/mcy_ws/piper-mou/install/piper_gazebo/share/piper_gazebo/environment/path.dsv
[1.398s] -- Installing: /home/dyros/mcy_ws/piper-mou/install/piper_gazebo/share/piper_gazebo/local_setup.bash
[1.398s] -- Installing: /home/dyros/mcy_ws/piper-mou/install/piper_gazebo/share/piper_gazebo/local_setup.sh
[1.398s] -- Installing: /home/dyros/mcy_ws/piper-mou/install/piper_gazebo/share/piper_gazebo/local_setup.zsh
[1.398s] -- Installing: /home/dyros/mcy_ws/piper-mou/install/piper_gazebo/share/piper_gazebo/local_setup.dsv
[1.398s] -- Installing: /home/dyros/mcy_ws/piper-mou/install/piper_gazebo/share/piper_gazebo/package.dsv
[1.398s] -- Installing: /home/dyros/mcy_ws/piper-mou/install/piper_gazebo/share/ament_index/resource_index/packages/piper_gazebo
[1.399s] -- Installing: /home/dyros/mcy_ws/piper-mou/install/piper_gazebo/share/piper_gazebo/cmake/piper_gazeboConfig.cmake
[1.399s] -- Installing: /home/dyros/mcy_ws/piper-mou/install/piper_gazebo/share/piper_gazebo/cmake/piper_gazeboConfig-version.cmake
[1.399s] -- Installing: /home/dyros/mcy_ws/piper-mou/install/piper_gazebo/share/piper_gazebo/package.xml
[1.401s] Invoked command in '/home/dyros/mcy_ws/piper-mou/build/piper_gazebo' returned '0': CMAKE_PREFIX_PATH=${CMAKE_PREFIX_PATH}:/home/dyros/mcy_ws/piper-mou/install/piper:/opt/ros/humble /usr/bin/cmake --install /home/dyros/mcy_ws/piper-mou/build/piper_gazebo
