[0.212s] Invoking command in '/home/dyros/mcy_ws/piper-mou/src/piper_ros/build/piper_gazebo': CMAKE_PREFIX_PATH=${CMAKE_PREFIX_PATH}:/home/dyros/mcy_ws/piper-mou/src/piper_ros/install/piper:/home/dyros/mcy_ws/piper-mou/install/piper:/opt/ros/humble /usr/bin/cmake /home/dyros/mcy_ws/piper-mou/src/piper_ros/src/piper_sim/piper_gazebo -DCMAKE_INSTALL_PREFIX=/home/dyros/mcy_ws/piper-mou/src/piper_ros/install/piper_gazebo
[0.260s] -- The C compiler identification is GNU 11.4.0
[0.309s] -- The CXX compiler identification is GNU 11.4.0
[0.316s] -- Detecting C compiler ABI info
[0.375s] -- Detecting C compiler ABI info - done
[0.382s] -- Check for working C compiler: /usr/bin/cc - skipped
[0.382s] -- Detecting C compile features
[0.383s] -- Detecting C compile features - done
[0.385s] -- Detecting CXX compiler ABI info
[0.455s] -- Detecting CXX compiler ABI info - done
[0.463s] -- Check for working CXX compiler: /usr/bin/c++ - skipped
[0.463s] -- Detecting CXX compile features
[0.463s] -- Detecting CXX compile features - done
[0.466s] -- Found ament_cmake: 1.3.11 (/opt/ros/humble/share/ament_cmake/cmake)
[0.843s] -- Found Python3: /usr/bin/python3 (found version "3.10.12") found components: Interpreter 
[0.954s] -- Found ament_lint_auto: 0.12.12 (/opt/ros/humble/share/ament_lint_auto/cmake)
[1.057s] -- Added test 'copyright' to check source files copyright and LICENSE
[1.059s] -- Added test 'flake8' to check Python code syntax and style conventions
[1.060s] -- Added test 'lint_cmake' to check CMake code style
[1.061s] -- Added test 'pep257' to check Python code against some of the docstring style conventions in PEP 257
[1.065s] -- Added test 'xmllint' to check XML markup files
[1.065s] -- Configuring done
[1.066s] -- Generating done
[1.068s] -- Build files have been written to: /home/dyros/mcy_ws/piper-mou/src/piper_ros/build/piper_gazebo
[1.072s] Invoked command in '/home/dyros/mcy_ws/piper-mou/src/piper_ros/build/piper_gazebo' returned '0': CMAKE_PREFIX_PATH=${CMAKE_PREFIX_PATH}:/home/dyros/mcy_ws/piper-mou/src/piper_ros/install/piper:/home/dyros/mcy_ws/piper-mou/install/piper:/opt/ros/humble /usr/bin/cmake /home/dyros/mcy_ws/piper-mou/src/piper_ros/src/piper_sim/piper_gazebo -DCMAKE_INSTALL_PREFIX=/home/dyros/mcy_ws/piper-mou/src/piper_ros/install/piper_gazebo
[1.074s] Invoking command in '/home/dyros/mcy_ws/piper-mou/src/piper_ros/build/piper_gazebo': CMAKE_PREFIX_PATH=${CMAKE_PREFIX_PATH}:/home/dyros/mcy_ws/piper-mou/src/piper_ros/install/piper:/home/dyros/mcy_ws/piper-mou/install/piper:/opt/ros/humble /usr/bin/cmake --build /home/dyros/mcy_ws/piper-mou/src/piper_ros/build/piper_gazebo -- -j20 -l20
[1.114s] Invoked command in '/home/dyros/mcy_ws/piper-mou/src/piper_ros/build/piper_gazebo' returned '0': CMAKE_PREFIX_PATH=${CMAKE_PREFIX_PATH}:/home/dyros/mcy_ws/piper-mou/src/piper_ros/install/piper:/home/dyros/mcy_ws/piper-mou/install/piper:/opt/ros/humble /usr/bin/cmake --build /home/dyros/mcy_ws/piper-mou/src/piper_ros/build/piper_gazebo -- -j20 -l20
[1.115s] Invoking command in '/home/dyros/mcy_ws/piper-mou/src/piper_ros/build/piper_gazebo': CMAKE_PREFIX_PATH=${CMAKE_PREFIX_PATH}:/home/dyros/mcy_ws/piper-mou/src/piper_ros/install/piper:/home/dyros/mcy_ws/piper-mou/install/piper:/opt/ros/humble /usr/bin/cmake --install /home/dyros/mcy_ws/piper-mou/src/piper_ros/build/piper_gazebo
[1.121s] -- Install configuration: ""
[1.121s] -- Installing: /home/dyros/mcy_ws/piper-mou/src/piper_ros/install/piper_gazebo/share/piper_gazebo/launch
[1.122s] -- Installing: /home/dyros/mcy_ws/piper-mou/src/piper_ros/install/piper_gazebo/share/piper_gazebo/launch/piper_no_gripper
[1.122s] -- Installing: /home/dyros/mcy_ws/piper-mou/src/piper_ros/install/piper_gazebo/share/piper_gazebo/launch/piper_no_gripper/piper_no_gripper_gazebo.launch.py
[1.122s] -- Installing: /home/dyros/mcy_ws/piper-mou/src/piper_ros/install/piper_gazebo/share/piper_gazebo/launch/piper_with_gripper
[1.122s] -- Installing: /home/dyros/mcy_ws/piper-mou/src/piper_ros/install/piper_gazebo/share/piper_gazebo/launch/piper_with_gripper/piper_gazebo.launch.py
[1.122s] -- Installing: /home/dyros/mcy_ws/piper-mou/src/piper_ros/install/piper_gazebo/share/piper_gazebo/config
[1.122s] -- Installing: /home/dyros/mcy_ws/piper-mou/src/piper_ros/install/piper_gazebo/share/piper_gazebo/config/ros2_no_gripper_controllers.yaml
[1.122s] -- Installing: /home/dyros/mcy_ws/piper-mou/src/piper_ros/install/piper_gazebo/share/piper_gazebo/config/ros2_controllers.yaml
[1.123s] -- Installing: /home/dyros/mcy_ws/piper-mou/src/piper_ros/install/piper_gazebo/share/piper_gazebo/scripts
[1.123s] -- Installing: /home/dyros/mcy_ws/piper-mou/src/piper_ros/install/piper_gazebo/share/piper_gazebo/scripts/joint8_ctrl.py
[1.123s] -- Installing: /home/dyros/mcy_ws/piper-mou/src/piper_ros/install/piper_gazebo/lib/piper_gazebo/joint8_ctrl.py
[1.123s] -- Installing: /home/dyros/mcy_ws/piper-mou/src/piper_ros/install/piper_gazebo/share/ament_index/resource_index/package_run_dependencies/piper_gazebo
[1.123s] -- Installing: /home/dyros/mcy_ws/piper-mou/src/piper_ros/install/piper_gazebo/share/ament_index/resource_index/parent_prefix_path/piper_gazebo
[1.123s] -- Installing: /home/dyros/mcy_ws/piper-mou/src/piper_ros/install/piper_gazebo/share/piper_gazebo/environment/ament_prefix_path.sh
[1.123s] -- Installing: /home/dyros/mcy_ws/piper-mou/src/piper_ros/install/piper_gazebo/share/piper_gazebo/environment/ament_prefix_path.dsv
[1.123s] -- Installing: /home/dyros/mcy_ws/piper-mou/src/piper_ros/install/piper_gazebo/share/piper_gazebo/environment/path.sh
[1.123s] -- Installing: /home/dyros/mcy_ws/piper-mou/src/piper_ros/install/piper_gazebo/share/piper_gazebo/environment/path.dsv
[1.124s] -- Installing: /home/dyros/mcy_ws/piper-mou/src/piper_ros/install/piper_gazebo/share/piper_gazebo/local_setup.bash
[1.124s] -- Installing: /home/dyros/mcy_ws/piper-mou/src/piper_ros/install/piper_gazebo/share/piper_gazebo/local_setup.sh
[1.124s] -- Installing: /home/dyros/mcy_ws/piper-mou/src/piper_ros/install/piper_gazebo/share/piper_gazebo/local_setup.zsh
[1.124s] -- Installing: /home/dyros/mcy_ws/piper-mou/src/piper_ros/install/piper_gazebo/share/piper_gazebo/local_setup.dsv
[1.124s] -- Installing: /home/dyros/mcy_ws/piper-mou/src/piper_ros/install/piper_gazebo/share/piper_gazebo/package.dsv
[1.124s] -- Installing: /home/dyros/mcy_ws/piper-mou/src/piper_ros/install/piper_gazebo/share/ament_index/resource_index/packages/piper_gazebo
[1.124s] -- Installing: /home/dyros/mcy_ws/piper-mou/src/piper_ros/install/piper_gazebo/share/piper_gazebo/cmake/piper_gazeboConfig.cmake
[1.124s] -- Installing: /home/dyros/mcy_ws/piper-mou/src/piper_ros/install/piper_gazebo/share/piper_gazebo/cmake/piper_gazeboConfig-version.cmake
[1.125s] -- Installing: /home/dyros/mcy_ws/piper-mou/src/piper_ros/install/piper_gazebo/share/piper_gazebo/package.xml
[1.126s] Invoked command in '/home/dyros/mcy_ws/piper-mou/src/piper_ros/build/piper_gazebo' returned '0': CMAKE_PREFIX_PATH=${CMAKE_PREFIX_PATH}:/home/dyros/mcy_ws/piper-mou/src/piper_ros/install/piper:/home/dyros/mcy_ws/piper-mou/install/piper:/opt/ros/humble /usr/bin/cmake --install /home/dyros/mcy_ws/piper-mou/src/piper_ros/build/piper_gazebo
