[0.242s] Invoking command in '/home/dyros/mcy_ws/piper-mou/build/piper_msgs': CMAKE_PREFIX_PATH=${CMAKE_PREFIX_PATH}:/home/dyros/mcy_ws/piper-mou/install/piper:/opt/ros/humble /usr/bin/cmake --build /home/dyros/mcy_ws/piper-mou/build/piper_msgs -- -j20 -l20
[0.320s] [35m[1mConsolidate compiler generated dependencies of target piper_msgs__rosidl_generator_c[0m
[0.330s] [  2%] Built target piper_msgs__cpp
[0.330s] [ 12%] Built target piper_msgs__rosidl_generator_c
[0.330s] [35m[1mConsolidate compiler generated dependencies of target piper_msgs__rosidl_typesupport_introspection_cpp[0m
[0.330s] [35m[1mConsolidate compiler generated dependencies of target piper_msgs__rosidl_typesupport_cpp[0m
[0.331s] [35m[1mConsolidate compiler generated dependencies of target piper_msgs__rosidl_typesupport_fastrtps_cpp[0m
[0.331s] [ 12%] Built target ament_cmake_python_copy_piper_msgs
[0.331s] [35m[1mConsolidate compiler generated dependencies of target piper_msgs__rosidl_typesupport_c[0m
[0.332s] [35m[1mConsolidate compiler generated dependencies of target piper_msgs__rosidl_typesupport_introspection_c[0m
[0.332s] [35m[1mConsolidate compiler generated dependencies of target piper_msgs__rosidl_typesupport_fastrtps_c[0m
[0.334s] [ 23%] Built target piper_msgs__rosidl_typesupport_cpp
[0.334s] [ 34%] Built target piper_msgs__rosidl_typesupport_introspection_cpp
[0.334s] [ 44%] Built target piper_msgs__rosidl_typesupport_fastrtps_cpp
[0.334s] [ 55%] Built target piper_msgs__rosidl_typesupport_introspection_c
[0.335s] [ 65%] Built target piper_msgs__rosidl_typesupport_c
[0.335s] [ 76%] Built target piper_msgs__rosidl_typesupport_fastrtps_c
[0.350s] [ 76%] Built target piper_msgs
[0.368s] [ 78%] Built target piper_msgs__py
[0.379s] [35m[1mConsolidate compiler generated dependencies of target piper_msgs__rosidl_generator_py[0m
[0.397s] [ 87%] Built target piper_msgs__rosidl_generator_py
[0.413s] [35m[1mConsolidate compiler generated dependencies of target piper_msgs__rosidl_typesupport_fastrtps_c__pyext[0m
[0.413s] [35m[1mConsolidate compiler generated dependencies of target piper_msgs__rosidl_typesupport_c__pyext[0m
[0.418s] [35m[1mConsolidate compiler generated dependencies of target piper_msgs__rosidl_typesupport_introspection_c__pyext[0m
[0.435s] [ 95%] Built target piper_msgs__rosidl_typesupport_c__pyext
[0.436s] [ 95%] Built target piper_msgs__rosidl_typesupport_fastrtps_c__pyext
[0.438s] [100%] Built target piper_msgs__rosidl_typesupport_introspection_c__pyext
[0.607s] running egg_info
[0.628s] writing piper_msgs.egg-info/PKG-INFO
[0.629s] writing dependency_links to piper_msgs.egg-info/dependency_links.txt
[0.629s] writing top-level names to piper_msgs.egg-info/top_level.txt
[0.691s] reading manifest file 'piper_msgs.egg-info/SOURCES.txt'
[0.692s] writing manifest file 'piper_msgs.egg-info/SOURCES.txt'
[0.719s] [100%] Built target ament_cmake_python_build_piper_msgs_egg
[0.729s] Invoked command in '/home/dyros/mcy_ws/piper-mou/build/piper_msgs' returned '0': CMAKE_PREFIX_PATH=${CMAKE_PREFIX_PATH}:/home/dyros/mcy_ws/piper-mou/install/piper:/opt/ros/humble /usr/bin/cmake --build /home/dyros/mcy_ws/piper-mou/build/piper_msgs -- -j20 -l20
[0.730s] Invoking command in '/home/dyros/mcy_ws/piper-mou/build/piper_msgs': CMAKE_PREFIX_PATH=${CMAKE_PREFIX_PATH}:/home/dyros/mcy_ws/piper-mou/install/piper:/opt/ros/humble /usr/bin/cmake --install /home/dyros/mcy_ws/piper-mou/build/piper_msgs
[0.737s] -- Install configuration: ""
[0.737s] -- Up-to-date: /home/dyros/mcy_ws/piper-mou/install/piper_msgs/share/ament_index/resource_index/rosidl_interfaces/piper_msgs
[0.737s] -- Up-to-date: /home/dyros/mcy_ws/piper-mou/install/piper_msgs/include/piper_msgs/piper_msgs
[0.738s] -- Up-to-date: /home/dyros/mcy_ws/piper-mou/install/piper_msgs/include/piper_msgs/piper_msgs/msg
[0.738s] -- Up-to-date: /home/dyros/mcy_ws/piper-mou/install/piper_msgs/include/piper_msgs/piper_msgs/msg/pos_cmd.h
[0.738s] -- Up-to-date: /home/dyros/mcy_ws/piper-mou/install/piper_msgs/include/piper_msgs/piper_msgs/msg/piper_status_msg.h
[0.738s] -- Up-to-date: /home/dyros/mcy_ws/piper-mou/install/piper_msgs/include/piper_msgs/piper_msgs/msg/rosidl_generator_c__visibility_control.h
[0.738s] -- Up-to-date: /home/dyros/mcy_ws/piper-mou/install/piper_msgs/include/piper_msgs/piper_msgs/msg/detail
[0.738s] -- Up-to-date: /home/dyros/mcy_ws/piper-mou/install/piper_msgs/include/piper_msgs/piper_msgs/msg/detail/piper_status_msg__type_support.h
[0.738s] -- Up-to-date: /home/dyros/mcy_ws/piper-mou/install/piper_msgs/include/piper_msgs/piper_msgs/msg/detail/pos_cmd__functions.h
[0.738s] -- Up-to-date: /home/dyros/mcy_ws/piper-mou/install/piper_msgs/include/piper_msgs/piper_msgs/msg/detail/piper_status_msg__functions.h
[0.738s] -- Up-to-date: /home/dyros/mcy_ws/piper-mou/install/piper_msgs/include/piper_msgs/piper_msgs/msg/detail/pos_cmd__functions.c
[0.738s] -- Up-to-date: /home/dyros/mcy_ws/piper-mou/install/piper_msgs/include/piper_msgs/piper_msgs/msg/detail/pos_cmd__type_support.h
[0.739s] -- Up-to-date: /home/dyros/mcy_ws/piper-mou/install/piper_msgs/include/piper_msgs/piper_msgs/msg/detail/piper_status_msg__struct.h
[0.739s] -- Up-to-date: /home/dyros/mcy_ws/piper-mou/install/piper_msgs/include/piper_msgs/piper_msgs/msg/detail/piper_status_msg__functions.c
[0.739s] -- Up-to-date: /home/dyros/mcy_ws/piper-mou/install/piper_msgs/include/piper_msgs/piper_msgs/msg/detail/pos_cmd__struct.h
[0.739s] -- Up-to-date: /home/dyros/mcy_ws/piper-mou/install/piper_msgs/include/piper_msgs/piper_msgs/srv
[0.739s] -- Up-to-date: /home/dyros/mcy_ws/piper-mou/install/piper_msgs/include/piper_msgs/piper_msgs/srv/enable.h
[0.739s] -- Up-to-date: /home/dyros/mcy_ws/piper-mou/install/piper_msgs/include/piper_msgs/piper_msgs/srv/detail
[0.739s] -- Up-to-date: /home/dyros/mcy_ws/piper-mou/install/piper_msgs/include/piper_msgs/piper_msgs/srv/detail/enable__type_support.h
[0.739s] -- Up-to-date: /home/dyros/mcy_ws/piper-mou/install/piper_msgs/include/piper_msgs/piper_msgs/srv/detail/enable__functions.c
[0.740s] -- Up-to-date: /home/dyros/mcy_ws/piper-mou/install/piper_msgs/include/piper_msgs/piper_msgs/srv/detail/enable__struct.h
[0.740s] -- Up-to-date: /home/dyros/mcy_ws/piper-mou/install/piper_msgs/include/piper_msgs/piper_msgs/srv/detail/enable__functions.h
[0.740s] -- Up-to-date: /home/dyros/mcy_ws/piper-mou/install/piper_msgs/share/piper_msgs/environment/library_path.sh
[0.740s] -- Up-to-date: /home/dyros/mcy_ws/piper-mou/install/piper_msgs/share/piper_msgs/environment/library_path.dsv
[0.740s] -- Up-to-date: /home/dyros/mcy_ws/piper-mou/install/piper_msgs/lib/libpiper_msgs__rosidl_generator_c.so
[0.740s] -- Up-to-date: /home/dyros/mcy_ws/piper-mou/install/piper_msgs/include/piper_msgs/piper_msgs
[0.741s] -- Up-to-date: /home/dyros/mcy_ws/piper-mou/install/piper_msgs/include/piper_msgs/piper_msgs/msg
[0.741s] -- Up-to-date: /home/dyros/mcy_ws/piper-mou/install/piper_msgs/include/piper_msgs/piper_msgs/msg/rosidl_typesupport_fastrtps_c__visibility_control.h
[0.741s] -- Up-to-date: /home/dyros/mcy_ws/piper-mou/install/piper_msgs/include/piper_msgs/piper_msgs/msg/detail
[0.741s] -- Up-to-date: /home/dyros/mcy_ws/piper-mou/install/piper_msgs/include/piper_msgs/piper_msgs/msg/detail/piper_status_msg__rosidl_typesupport_fastrtps_c.h
[0.741s] -- Up-to-date: /home/dyros/mcy_ws/piper-mou/install/piper_msgs/include/piper_msgs/piper_msgs/msg/detail/pos_cmd__rosidl_typesupport_fastrtps_c.h
[0.742s] -- Up-to-date: /home/dyros/mcy_ws/piper-mou/install/piper_msgs/include/piper_msgs/piper_msgs/srv
[0.742s] -- Up-to-date: /home/dyros/mcy_ws/piper-mou/install/piper_msgs/include/piper_msgs/piper_msgs/srv/detail
[0.742s] -- Up-to-date: /home/dyros/mcy_ws/piper-mou/install/piper_msgs/include/piper_msgs/piper_msgs/srv/detail/enable__rosidl_typesupport_fastrtps_c.h
[0.742s] -- Up-to-date: /home/dyros/mcy_ws/piper-mou/install/piper_msgs/lib/libpiper_msgs__rosidl_typesupport_fastrtps_c.so
[0.742s] -- Up-to-date: /home/dyros/mcy_ws/piper-mou/install/piper_msgs/include/piper_msgs/piper_msgs
[0.742s] -- Up-to-date: /home/dyros/mcy_ws/piper-mou/install/piper_msgs/include/piper_msgs/piper_msgs/msg
[0.742s] -- Up-to-date: /home/dyros/mcy_ws/piper-mou/install/piper_msgs/include/piper_msgs/piper_msgs/msg/detail
[0.742s] -- Up-to-date: /home/dyros/mcy_ws/piper-mou/install/piper_msgs/include/piper_msgs/piper_msgs/msg/detail/pos_cmd__rosidl_typesupport_introspection_c.h
[0.742s] -- Up-to-date: /home/dyros/mcy_ws/piper-mou/install/piper_msgs/include/piper_msgs/piper_msgs/msg/detail/piper_status_msg__rosidl_typesupport_introspection_c.h
[0.742s] -- Up-to-date: /home/dyros/mcy_ws/piper-mou/install/piper_msgs/include/piper_msgs/piper_msgs/msg/detail/piper_status_msg__type_support.c
[0.743s] -- Up-to-date: /home/dyros/mcy_ws/piper-mou/install/piper_msgs/include/piper_msgs/piper_msgs/msg/detail/pos_cmd__type_support.c
[0.743s] -- Up-to-date: /home/dyros/mcy_ws/piper-mou/install/piper_msgs/include/piper_msgs/piper_msgs/msg/rosidl_typesupport_introspection_c__visibility_control.h
[0.743s] -- Up-to-date: /home/dyros/mcy_ws/piper-mou/install/piper_msgs/include/piper_msgs/piper_msgs/srv
[0.743s] -- Up-to-date: /home/dyros/mcy_ws/piper-mou/install/piper_msgs/include/piper_msgs/piper_msgs/srv/detail
[0.743s] -- Up-to-date: /home/dyros/mcy_ws/piper-mou/install/piper_msgs/include/piper_msgs/piper_msgs/srv/detail/enable__rosidl_typesupport_introspection_c.h
[0.743s] -- Up-to-date: /home/dyros/mcy_ws/piper-mou/install/piper_msgs/include/piper_msgs/piper_msgs/srv/detail/enable__type_support.c
[0.743s] -- Up-to-date: /home/dyros/mcy_ws/piper-mou/install/piper_msgs/lib/libpiper_msgs__rosidl_typesupport_introspection_c.so
[0.743s] -- Up-to-date: /home/dyros/mcy_ws/piper-mou/install/piper_msgs/lib/libpiper_msgs__rosidl_typesupport_c.so
[0.743s] -- Up-to-date: /home/dyros/mcy_ws/piper-mou/install/piper_msgs/include/piper_msgs/piper_msgs
[0.743s] -- Up-to-date: /home/dyros/mcy_ws/piper-mou/install/piper_msgs/include/piper_msgs/piper_msgs/msg
[0.744s] -- Up-to-date: /home/dyros/mcy_ws/piper-mou/install/piper_msgs/include/piper_msgs/piper_msgs/msg/rosidl_generator_cpp__visibility_control.hpp
[0.744s] -- Up-to-date: /home/dyros/mcy_ws/piper-mou/install/piper_msgs/include/piper_msgs/piper_msgs/msg/piper_status_msg.hpp
[0.744s] -- Up-to-date: /home/dyros/mcy_ws/piper-mou/install/piper_msgs/include/piper_msgs/piper_msgs/msg/detail
[0.744s] -- Up-to-date: /home/dyros/mcy_ws/piper-mou/install/piper_msgs/include/piper_msgs/piper_msgs/msg/detail/piper_status_msg__traits.hpp
[0.744s] -- Up-to-date: /home/dyros/mcy_ws/piper-mou/install/piper_msgs/include/piper_msgs/piper_msgs/msg/detail/piper_status_msg__type_support.hpp
[0.744s] -- Up-to-date: /home/dyros/mcy_ws/piper-mou/install/piper_msgs/include/piper_msgs/piper_msgs/msg/detail/piper_status_msg__builder.hpp
[0.744s] -- Up-to-date: /home/dyros/mcy_ws/piper-mou/install/piper_msgs/include/piper_msgs/piper_msgs/msg/detail/pos_cmd__struct.hpp
[0.744s] -- Up-to-date: /home/dyros/mcy_ws/piper-mou/install/piper_msgs/include/piper_msgs/piper_msgs/msg/detail/pos_cmd__builder.hpp
[0.744s] -- Up-to-date: /home/dyros/mcy_ws/piper-mou/install/piper_msgs/include/piper_msgs/piper_msgs/msg/detail/piper_status_msg__struct.hpp
[0.744s] -- Up-to-date: /home/dyros/mcy_ws/piper-mou/install/piper_msgs/include/piper_msgs/piper_msgs/msg/detail/pos_cmd__type_support.hpp
[0.744s] -- Up-to-date: /home/dyros/mcy_ws/piper-mou/install/piper_msgs/include/piper_msgs/piper_msgs/msg/detail/pos_cmd__traits.hpp
[0.745s] -- Up-to-date: /home/dyros/mcy_ws/piper-mou/install/piper_msgs/include/piper_msgs/piper_msgs/msg/pos_cmd.hpp
[0.745s] -- Up-to-date: /home/dyros/mcy_ws/piper-mou/install/piper_msgs/include/piper_msgs/piper_msgs/srv
[0.745s] -- Up-to-date: /home/dyros/mcy_ws/piper-mou/install/piper_msgs/include/piper_msgs/piper_msgs/srv/enable.hpp
[0.745s] -- Up-to-date: /home/dyros/mcy_ws/piper-mou/install/piper_msgs/include/piper_msgs/piper_msgs/srv/detail
[0.745s] -- Up-to-date: /home/dyros/mcy_ws/piper-mou/install/piper_msgs/include/piper_msgs/piper_msgs/srv/detail/enable__traits.hpp
[0.745s] -- Up-to-date: /home/dyros/mcy_ws/piper-mou/install/piper_msgs/include/piper_msgs/piper_msgs/srv/detail/enable__builder.hpp
[0.745s] -- Up-to-date: /home/dyros/mcy_ws/piper-mou/install/piper_msgs/include/piper_msgs/piper_msgs/srv/detail/enable__struct.hpp
[0.745s] -- Up-to-date: /home/dyros/mcy_ws/piper-mou/install/piper_msgs/include/piper_msgs/piper_msgs/srv/detail/enable__type_support.hpp
[0.745s] -- Up-to-date: /home/dyros/mcy_ws/piper-mou/install/piper_msgs/include/piper_msgs/piper_msgs
[0.745s] -- Up-to-date: /home/dyros/mcy_ws/piper-mou/install/piper_msgs/include/piper_msgs/piper_msgs/msg
[0.745s] -- Up-to-date: /home/dyros/mcy_ws/piper-mou/install/piper_msgs/include/piper_msgs/piper_msgs/msg/rosidl_typesupport_fastrtps_cpp__visibility_control.h
[0.745s] -- Up-to-date: /home/dyros/mcy_ws/piper-mou/install/piper_msgs/include/piper_msgs/piper_msgs/msg/detail
[0.746s] -- Up-to-date: /home/dyros/mcy_ws/piper-mou/install/piper_msgs/include/piper_msgs/piper_msgs/msg/detail/pos_cmd__rosidl_typesupport_fastrtps_cpp.hpp
[0.747s] -- Up-to-date: /home/dyros/mcy_ws/piper-mou/install/piper_msgs/include/piper_msgs/piper_msgs/msg/detail/dds_fastrtps
[0.747s] -- Up-to-date: /home/dyros/mcy_ws/piper-mou/install/piper_msgs/include/piper_msgs/piper_msgs/msg/detail/piper_status_msg__rosidl_typesupport_fastrtps_cpp.hpp
[0.747s] -- Up-to-date: /home/dyros/mcy_ws/piper-mou/install/piper_msgs/include/piper_msgs/piper_msgs/srv
[0.747s] -- Up-to-date: /home/dyros/mcy_ws/piper-mou/install/piper_msgs/include/piper_msgs/piper_msgs/srv/detail
[0.747s] -- Up-to-date: /home/dyros/mcy_ws/piper-mou/install/piper_msgs/include/piper_msgs/piper_msgs/srv/detail/enable__rosidl_typesupport_fastrtps_cpp.hpp
[0.747s] -- Up-to-date: /home/dyros/mcy_ws/piper-mou/install/piper_msgs/include/piper_msgs/piper_msgs/srv/detail/dds_fastrtps
[0.747s] -- Up-to-date: /home/dyros/mcy_ws/piper-mou/install/piper_msgs/lib/libpiper_msgs__rosidl_typesupport_fastrtps_cpp.so
[0.747s] -- Up-to-date: /home/dyros/mcy_ws/piper-mou/install/piper_msgs/include/piper_msgs/piper_msgs
[0.748s] -- Up-to-date: /home/dyros/mcy_ws/piper-mou/install/piper_msgs/include/piper_msgs/piper_msgs/msg
[0.748s] -- Up-to-date: /home/dyros/mcy_ws/piper-mou/install/piper_msgs/include/piper_msgs/piper_msgs/msg/detail
[0.748s] -- Up-to-date: /home/dyros/mcy_ws/piper-mou/install/piper_msgs/include/piper_msgs/piper_msgs/msg/detail/piper_status_msg__rosidl_typesupport_introspection_cpp.hpp
[0.748s] -- Up-to-date: /home/dyros/mcy_ws/piper-mou/install/piper_msgs/include/piper_msgs/piper_msgs/msg/detail/pos_cmd__rosidl_typesupport_introspection_cpp.hpp
[0.748s] -- Up-to-date: /home/dyros/mcy_ws/piper-mou/install/piper_msgs/include/piper_msgs/piper_msgs/msg/detail/pos_cmd__type_support.cpp
[0.748s] -- Up-to-date: /home/dyros/mcy_ws/piper-mou/install/piper_msgs/include/piper_msgs/piper_msgs/msg/detail/piper_status_msg__type_support.cpp
[0.748s] -- Up-to-date: /home/dyros/mcy_ws/piper-mou/install/piper_msgs/include/piper_msgs/piper_msgs/srv
[0.748s] -- Up-to-date: /home/dyros/mcy_ws/piper-mou/install/piper_msgs/include/piper_msgs/piper_msgs/srv/detail
[0.748s] -- Up-to-date: /home/dyros/mcy_ws/piper-mou/install/piper_msgs/include/piper_msgs/piper_msgs/srv/detail/enable__type_support.cpp
[0.748s] -- Up-to-date: /home/dyros/mcy_ws/piper-mou/install/piper_msgs/include/piper_msgs/piper_msgs/srv/detail/enable__rosidl_typesupport_introspection_cpp.hpp
[0.749s] -- Up-to-date: /home/dyros/mcy_ws/piper-mou/install/piper_msgs/lib/libpiper_msgs__rosidl_typesupport_introspection_cpp.so
[0.749s] -- Up-to-date: /home/dyros/mcy_ws/piper-mou/install/piper_msgs/lib/libpiper_msgs__rosidl_typesupport_cpp.so
[0.749s] -- Up-to-date: /home/dyros/mcy_ws/piper-mou/install/piper_msgs/share/piper_msgs/environment/pythonpath.sh
[0.749s] -- Up-to-date: /home/dyros/mcy_ws/piper-mou/install/piper_msgs/share/piper_msgs/environment/pythonpath.dsv
[0.749s] -- Up-to-date: /home/dyros/mcy_ws/piper-mou/install/piper_msgs/local/lib/python3.10/dist-packages/piper_msgs-0.0.0-py3.10.egg-info
[0.749s] -- Installing: /home/dyros/mcy_ws/piper-mou/install/piper_msgs/local/lib/python3.10/dist-packages/piper_msgs-0.0.0-py3.10.egg-info/dependency_links.txt
[0.750s] -- Installing: /home/dyros/mcy_ws/piper-mou/install/piper_msgs/local/lib/python3.10/dist-packages/piper_msgs-0.0.0-py3.10.egg-info/SOURCES.txt
[0.750s] -- Installing: /home/dyros/mcy_ws/piper-mou/install/piper_msgs/local/lib/python3.10/dist-packages/piper_msgs-0.0.0-py3.10.egg-info/top_level.txt
[0.750s] -- Installing: /home/dyros/mcy_ws/piper-mou/install/piper_msgs/local/lib/python3.10/dist-packages/piper_msgs-0.0.0-py3.10.egg-info/PKG-INFO
[0.751s] -- Up-to-date: /home/dyros/mcy_ws/piper-mou/install/piper_msgs/local/lib/python3.10/dist-packages/piper_msgs
[0.751s] -- Up-to-date: /home/dyros/mcy_ws/piper-mou/install/piper_msgs/local/lib/python3.10/dist-packages/piper_msgs/__init__.py
[0.751s] -- Up-to-date: /home/dyros/mcy_ws/piper-mou/install/piper_msgs/local/lib/python3.10/dist-packages/piper_msgs/_piper_msgs_s.ep.rosidl_typesupport_c.c
[0.751s] -- Up-to-date: /home/dyros/mcy_ws/piper-mou/install/piper_msgs/local/lib/python3.10/dist-packages/piper_msgs/msg
[0.751s] -- Up-to-date: /home/dyros/mcy_ws/piper-mou/install/piper_msgs/local/lib/python3.10/dist-packages/piper_msgs/msg/__init__.py
[0.751s] -- Up-to-date: /home/dyros/mcy_ws/piper-mou/install/piper_msgs/local/lib/python3.10/dist-packages/piper_msgs/msg/_pos_cmd_s.c
[0.751s] -- Up-to-date: /home/dyros/mcy_ws/piper-mou/install/piper_msgs/local/lib/python3.10/dist-packages/piper_msgs/msg/_piper_status_msg.py
[0.752s] -- Up-to-date: /home/dyros/mcy_ws/piper-mou/install/piper_msgs/local/lib/python3.10/dist-packages/piper_msgs/msg/_piper_status_msg_s.c
[0.752s] -- Up-to-date: /home/dyros/mcy_ws/piper-mou/install/piper_msgs/local/lib/python3.10/dist-packages/piper_msgs/msg/_pos_cmd.py
[0.752s] -- Up-to-date: /home/dyros/mcy_ws/piper-mou/install/piper_msgs/local/lib/python3.10/dist-packages/piper_msgs/srv
[0.752s] -- Up-to-date: /home/dyros/mcy_ws/piper-mou/install/piper_msgs/local/lib/python3.10/dist-packages/piper_msgs/srv/__init__.py
[0.752s] -- Up-to-date: /home/dyros/mcy_ws/piper-mou/install/piper_msgs/local/lib/python3.10/dist-packages/piper_msgs/srv/_enable.py
[0.752s] -- Up-to-date: /home/dyros/mcy_ws/piper-mou/install/piper_msgs/local/lib/python3.10/dist-packages/piper_msgs/srv/_enable_s.c
[0.752s] -- Up-to-date: /home/dyros/mcy_ws/piper-mou/install/piper_msgs/local/lib/python3.10/dist-packages/piper_msgs/piper_msgs_s__rosidl_typesupport_fastrtps_c.cpython-310-x86_64-linux-gnu.so
[0.752s] -- Up-to-date: /home/dyros/mcy_ws/piper-mou/install/piper_msgs/local/lib/python3.10/dist-packages/piper_msgs/piper_msgs_s__rosidl_typesupport_c.cpython-310-x86_64-linux-gnu.so
[0.753s] -- Up-to-date: /home/dyros/mcy_ws/piper-mou/install/piper_msgs/local/lib/python3.10/dist-packages/piper_msgs/_piper_msgs_s.ep.rosidl_typesupport_fastrtps_c.c
[0.753s] -- Up-to-date: /home/dyros/mcy_ws/piper-mou/install/piper_msgs/local/lib/python3.10/dist-packages/piper_msgs/libpiper_msgs__rosidl_generator_py.so
[0.753s] -- Up-to-date: /home/dyros/mcy_ws/piper-mou/install/piper_msgs/local/lib/python3.10/dist-packages/piper_msgs/_piper_msgs_s.ep.rosidl_typesupport_introspection_c.c
[0.753s] -- Up-to-date: /home/dyros/mcy_ws/piper-mou/install/piper_msgs/local/lib/python3.10/dist-packages/piper_msgs/piper_msgs_s__rosidl_typesupport_introspection_c.cpython-310-x86_64-linux-gnu.so
[0.773s] Listing '/home/dyros/mcy_ws/piper-mou/install/piper_msgs/local/lib/python3.10/dist-packages/piper_msgs'...
[0.773s] Listing '/home/dyros/mcy_ws/piper-mou/install/piper_msgs/local/lib/python3.10/dist-packages/piper_msgs/msg'...
[0.773s] Listing '/home/dyros/mcy_ws/piper-mou/install/piper_msgs/local/lib/python3.10/dist-packages/piper_msgs/srv'...
[0.778s] -- Up-to-date: /home/dyros/mcy_ws/piper-mou/install/piper_msgs/local/lib/python3.10/dist-packages/piper_msgs/piper_msgs_s__rosidl_typesupport_fastrtps_c.cpython-310-x86_64-linux-gnu.so
[0.778s] -- Up-to-date: /home/dyros/mcy_ws/piper-mou/install/piper_msgs/local/lib/python3.10/dist-packages/piper_msgs/piper_msgs_s__rosidl_typesupport_introspection_c.cpython-310-x86_64-linux-gnu.so
[0.778s] -- Up-to-date: /home/dyros/mcy_ws/piper-mou/install/piper_msgs/local/lib/python3.10/dist-packages/piper_msgs/piper_msgs_s__rosidl_typesupport_c.cpython-310-x86_64-linux-gnu.so
[0.778s] -- Up-to-date: /home/dyros/mcy_ws/piper-mou/install/piper_msgs/lib/libpiper_msgs__rosidl_generator_py.so
[0.778s] -- Up-to-date: /home/dyros/mcy_ws/piper-mou/install/piper_msgs/share/piper_msgs/msg/PiperStatusMsg.idl
[0.778s] -- Up-to-date: /home/dyros/mcy_ws/piper-mou/install/piper_msgs/share/piper_msgs/msg/PosCmd.idl
[0.779s] -- Up-to-date: /home/dyros/mcy_ws/piper-mou/install/piper_msgs/share/piper_msgs/srv/Enable.idl
[0.779s] -- Up-to-date: /home/dyros/mcy_ws/piper-mou/install/piper_msgs/share/piper_msgs/msg/PiperStatusMsg.msg
[0.779s] -- Up-to-date: /home/dyros/mcy_ws/piper-mou/install/piper_msgs/share/piper_msgs/msg/PosCmd.msg
[0.779s] -- Up-to-date: /home/dyros/mcy_ws/piper-mou/install/piper_msgs/share/piper_msgs/srv/Enable.srv
[0.779s] -- Up-to-date: /home/dyros/mcy_ws/piper-mou/install/piper_msgs/share/piper_msgs/srv/Enable_Request.msg
[0.779s] -- Up-to-date: /home/dyros/mcy_ws/piper-mou/install/piper_msgs/share/piper_msgs/srv/Enable_Response.msg
[0.779s] -- Up-to-date: /home/dyros/mcy_ws/piper-mou/install/piper_msgs/share/ament_index/resource_index/package_run_dependencies/piper_msgs
[0.779s] -- Up-to-date: /home/dyros/mcy_ws/piper-mou/install/piper_msgs/share/ament_index/resource_index/parent_prefix_path/piper_msgs
[0.779s] -- Up-to-date: /home/dyros/mcy_ws/piper-mou/install/piper_msgs/share/piper_msgs/environment/ament_prefix_path.sh
[0.779s] -- Up-to-date: /home/dyros/mcy_ws/piper-mou/install/piper_msgs/share/piper_msgs/environment/ament_prefix_path.dsv
[0.779s] -- Up-to-date: /home/dyros/mcy_ws/piper-mou/install/piper_msgs/share/piper_msgs/environment/path.sh
[0.779s] -- Up-to-date: /home/dyros/mcy_ws/piper-mou/install/piper_msgs/share/piper_msgs/environment/path.dsv
[0.780s] -- Up-to-date: /home/dyros/mcy_ws/piper-mou/install/piper_msgs/share/piper_msgs/local_setup.bash
[0.780s] -- Up-to-date: /home/dyros/mcy_ws/piper-mou/install/piper_msgs/share/piper_msgs/local_setup.sh
[0.780s] -- Up-to-date: /home/dyros/mcy_ws/piper-mou/install/piper_msgs/share/piper_msgs/local_setup.zsh
[0.780s] -- Up-to-date: /home/dyros/mcy_ws/piper-mou/install/piper_msgs/share/piper_msgs/local_setup.dsv
[0.780s] -- Installing: /home/dyros/mcy_ws/piper-mou/install/piper_msgs/share/piper_msgs/package.dsv
[0.780s] -- Up-to-date: /home/dyros/mcy_ws/piper-mou/install/piper_msgs/share/ament_index/resource_index/packages/piper_msgs
[0.780s] -- Up-to-date: /home/dyros/mcy_ws/piper-mou/install/piper_msgs/share/piper_msgs/cmake/export_piper_msgs__rosidl_generator_cExport.cmake
[0.780s] -- Up-to-date: /home/dyros/mcy_ws/piper-mou/install/piper_msgs/share/piper_msgs/cmake/export_piper_msgs__rosidl_generator_cExport-noconfig.cmake
[0.780s] -- Up-to-date: /home/dyros/mcy_ws/piper-mou/install/piper_msgs/share/piper_msgs/cmake/export_piper_msgs__rosidl_typesupport_fastrtps_cExport.cmake
[0.780s] -- Up-to-date: /home/dyros/mcy_ws/piper-mou/install/piper_msgs/share/piper_msgs/cmake/export_piper_msgs__rosidl_typesupport_fastrtps_cExport-noconfig.cmake
[0.780s] -- Up-to-date: /home/dyros/mcy_ws/piper-mou/install/piper_msgs/share/piper_msgs/cmake/piper_msgs__rosidl_typesupport_introspection_cExport.cmake
[0.780s] -- Up-to-date: /home/dyros/mcy_ws/piper-mou/install/piper_msgs/share/piper_msgs/cmake/piper_msgs__rosidl_typesupport_introspection_cExport-noconfig.cmake
[0.780s] -- Up-to-date: /home/dyros/mcy_ws/piper-mou/install/piper_msgs/share/piper_msgs/cmake/piper_msgs__rosidl_typesupport_cExport.cmake
[0.781s] -- Up-to-date: /home/dyros/mcy_ws/piper-mou/install/piper_msgs/share/piper_msgs/cmake/piper_msgs__rosidl_typesupport_cExport-noconfig.cmake
[0.781s] -- Up-to-date: /home/dyros/mcy_ws/piper-mou/install/piper_msgs/share/piper_msgs/cmake/export_piper_msgs__rosidl_generator_cppExport.cmake
[0.781s] -- Up-to-date: /home/dyros/mcy_ws/piper-mou/install/piper_msgs/share/piper_msgs/cmake/export_piper_msgs__rosidl_typesupport_fastrtps_cppExport.cmake
[0.781s] -- Up-to-date: /home/dyros/mcy_ws/piper-mou/install/piper_msgs/share/piper_msgs/cmake/export_piper_msgs__rosidl_typesupport_fastrtps_cppExport-noconfig.cmake
[0.781s] -- Up-to-date: /home/dyros/mcy_ws/piper-mou/install/piper_msgs/share/piper_msgs/cmake/piper_msgs__rosidl_typesupport_introspection_cppExport.cmake
[0.781s] -- Up-to-date: /home/dyros/mcy_ws/piper-mou/install/piper_msgs/share/piper_msgs/cmake/piper_msgs__rosidl_typesupport_introspection_cppExport-noconfig.cmake
[0.781s] -- Up-to-date: /home/dyros/mcy_ws/piper-mou/install/piper_msgs/share/piper_msgs/cmake/piper_msgs__rosidl_typesupport_cppExport.cmake
[0.781s] -- Up-to-date: /home/dyros/mcy_ws/piper-mou/install/piper_msgs/share/piper_msgs/cmake/piper_msgs__rosidl_typesupport_cppExport-noconfig.cmake
[0.781s] -- Up-to-date: /home/dyros/mcy_ws/piper-mou/install/piper_msgs/share/piper_msgs/cmake/export_piper_msgs__rosidl_generator_pyExport.cmake
[0.781s] -- Up-to-date: /home/dyros/mcy_ws/piper-mou/install/piper_msgs/share/piper_msgs/cmake/export_piper_msgs__rosidl_generator_pyExport-noconfig.cmake
[0.781s] -- Up-to-date: /home/dyros/mcy_ws/piper-mou/install/piper_msgs/share/piper_msgs/cmake/rosidl_cmake-extras.cmake
[0.781s] -- Up-to-date: /home/dyros/mcy_ws/piper-mou/install/piper_msgs/share/piper_msgs/cmake/ament_cmake_export_include_directories-extras.cmake
[0.781s] -- Up-to-date: /home/dyros/mcy_ws/piper-mou/install/piper_msgs/share/piper_msgs/cmake/ament_cmake_export_libraries-extras.cmake
[0.782s] -- Up-to-date: /home/dyros/mcy_ws/piper-mou/install/piper_msgs/share/piper_msgs/cmake/ament_cmake_export_targets-extras.cmake
[0.782s] -- Up-to-date: /home/dyros/mcy_ws/piper-mou/install/piper_msgs/share/piper_msgs/cmake/rosidl_cmake_export_typesupport_targets-extras.cmake
[0.783s] -- Up-to-date: /home/dyros/mcy_ws/piper-mou/install/piper_msgs/share/piper_msgs/cmake/ament_cmake_export_dependencies-extras.cmake
[0.783s] -- Up-to-date: /home/dyros/mcy_ws/piper-mou/install/piper_msgs/share/piper_msgs/cmake/rosidl_cmake_export_typesupport_libraries-extras.cmake
[0.783s] -- Up-to-date: /home/dyros/mcy_ws/piper-mou/install/piper_msgs/share/piper_msgs/cmake/piper_msgsConfig.cmake
[0.783s] -- Up-to-date: /home/dyros/mcy_ws/piper-mou/install/piper_msgs/share/piper_msgs/cmake/piper_msgsConfig-version.cmake
[0.784s] -- Up-to-date: /home/dyros/mcy_ws/piper-mou/install/piper_msgs/share/piper_msgs/package.xml
[0.784s] Invoked command in '/home/dyros/mcy_ws/piper-mou/build/piper_msgs' returned '0': CMAKE_PREFIX_PATH=${CMAKE_PREFIX_PATH}:/home/dyros/mcy_ws/piper-mou/install/piper:/opt/ros/humble /usr/bin/cmake --install /home/dyros/mcy_ws/piper-mou/build/piper_msgs
