[  4%] Built target piper_with_gripper_moveit__cpp
[ 10%] Built target piper_with_gripper_moveit__rosidl_generator_c
[ 10%] Built target ament_cmake_python_copy_piper_with_gripper_moveit
[ 14%] Built target joint_goal_node
[ 19%] Built target joint_goal_cmd_node
[ 23%] Built target planning_scene_node
[ 31%] Built target piper_with_gripper_moveit__rosidl_typesupport_introspection_c
[ 40%] Built target piper_with_gripper_moveit__rosidl_typesupport_fastrtps_c
[ 48%] Built target piper_with_gripper_moveit__rosidl_typesupport_cpp
[ 57%] Built target piper_with_gripper_moveit__rosidl_typesupport_c
[ 65%] Built target piper_with_gripper_moveit__rosidl_typesupport_introspection_cpp
[ 74%] Built target piper_with_gripper_moveit__rosidl_typesupport_fastrtps_cpp
[ 74%] Built target piper_with_gripper_moveit
[ 78%] Built target pose_goal_node
[ 80%] Built target piper_with_gripper_moveit__py
[ 87%] Built target piper_with_gripper_moveit__rosidl_generator_py
[ 95%] Built target piper_with_gripper_moveit__rosidl_typesupport_fastrtps_c__pyext
[ 95%] Built target piper_with_gripper_moveit__rosidl_typesupport_c__pyext
[100%] Built target piper_with_gripper_moveit__rosidl_typesupport_introspection_c__pyext
running egg_info
writing piper_with_gripper_moveit.egg-info/PKG-INFO
writing dependency_links to piper_with_gripper_moveit.egg-info/dependency_links.txt
writing top-level names to piper_with_gripper_moveit.egg-info/top_level.txt
reading manifest file 'piper_with_gripper_moveit.egg-info/SOURCES.txt'
writing manifest file 'piper_with_gripper_moveit.egg-info/SOURCES.txt'
[100%] Built target ament_cmake_python_build_piper_with_gripper_moveit_egg
