[0.059s] Invoking command in '/home/dyros/mcy_ws/piper-mou/build/piper_with_gripper_moveit': CMAKE_PREFIX_PATH=/home/dyros/mcy_ws/piper-mou/install/piper_description:/home/dyros/mcy_ws/piper-mou/install/trac_ik:/home/dyros/mcy_ws/piper-mou/install/trac_ik_lib:/home/dyros/mcy_ws/piper-mou/install/xela_server_ros2:/home/dyros/mcy_ws/piper-mou/install/topic_based_ros2_control:/home/dyros/mcy_ws/piper-mou/install/piper_with_gripper_moveit:/home/dyros/mcy_ws/piper-mou/install/piper_no_gripper_moveit:/home/dyros/mcy_ws/piper-mou/install/piper_msgs:/home/dyros/mcy_ws/piper-mou/install/piper_humble:/home/dyros/mcy_ws/piper-mou/install/piper_gazebo:/home/dyros/mcy_ws/piper-mou/install/moveit_mujoco_interface:/home/dyros/tocabi_isaac_ws/install/tocabi_cc_ros2:/home/dyros/tocabi_isaac_ws/install/tocabi_lib:/home/dyros/tocabi_isaac_ws/install/tocabi_msgs:/home/dyros/tocabi_isaac_ws/install/tocabi_isaacsim_ros2:/home/dyros/mcy_ws/piper-mou/install/piper:/opt/ros/humble /usr/bin/cmake --build /home/dyros/mcy_ws/piper-mou/build/piper_with_gripper_moveit -- -j20 -l20
[0.118s] [  4%] Built target piper_with_gripper_moveit__cpp
[0.119s] [ 10%] Built target piper_with_gripper_moveit__rosidl_generator_c
[0.127s] [ 10%] Built target ament_cmake_python_copy_piper_with_gripper_moveit
[0.132s] [ 14%] Built target joint_goal_node
[0.133s] [ 19%] Built target joint_goal_cmd_node
[0.137s] [ 23%] Built target planning_scene_node
[0.142s] [ 31%] Built target piper_with_gripper_moveit__rosidl_typesupport_introspection_c
[0.144s] [ 40%] Built target piper_with_gripper_moveit__rosidl_typesupport_fastrtps_c
[0.144s] [ 48%] Built target piper_with_gripper_moveit__rosidl_typesupport_cpp
[0.145s] [ 57%] Built target piper_with_gripper_moveit__rosidl_typesupport_c
[0.145s] [ 65%] Built target piper_with_gripper_moveit__rosidl_typesupport_introspection_cpp
[0.146s] [ 74%] Built target piper_with_gripper_moveit__rosidl_typesupport_fastrtps_cpp
[0.167s] [ 74%] Built target piper_with_gripper_moveit
[0.176s] [ 78%] Built target pose_goal_node
[0.187s] [ 80%] Built target piper_with_gripper_moveit__py
[0.209s] [ 87%] Built target piper_with_gripper_moveit__rosidl_generator_py
[0.230s] [ 95%] Built target piper_with_gripper_moveit__rosidl_typesupport_fastrtps_c__pyext
[0.230s] [ 95%] Built target piper_with_gripper_moveit__rosidl_typesupport_c__pyext
[0.230s] [100%] Built target piper_with_gripper_moveit__rosidl_typesupport_introspection_c__pyext
[0.381s] running egg_info
[0.403s] writing piper_with_gripper_moveit.egg-info/PKG-INFO
[0.403s] writing dependency_links to piper_with_gripper_moveit.egg-info/dependency_links.txt
[0.404s] writing top-level names to piper_with_gripper_moveit.egg-info/top_level.txt
[0.465s] reading manifest file 'piper_with_gripper_moveit.egg-info/SOURCES.txt'
[0.467s] writing manifest file 'piper_with_gripper_moveit.egg-info/SOURCES.txt'
[0.492s] [100%] Built target ament_cmake_python_build_piper_with_gripper_moveit_egg
