[1.318s] Invoking command in '/home/dyros/mcy_ws/piper-mou/src/piper_ros/src/piper': PYTHONPATH=/home/dyros/mcy_ws/piper-mou/src/piper_ros/build/piper/prefix_override:/usr/lib/python3/dist-packages/colcon_core/task/python/colcon_distutils_commands:/home/dyros/mcy_ws/piper-mou/src/piper_ros/install/piper/lib/python3.10/site-packages:${PYTHONPATH} /usr/bin/python3 -W ignore:setup.py install is deprecated -W ignore:easy_install command is deprecated setup.py egg_info --egg-base ../../build/piper build --build-base /home/dyros/mcy_ws/piper-mou/src/piper_ros/build/piper/build install --record /home/dyros/mcy_ws/piper-mou/src/piper_ros/build/piper/install.log --single-version-externally-managed install_data
[1.490s] /home/dyros/.local/lib/python3.10/site-packages/setuptools/_distutils/dist.py:289: UserWarning: Unknown distribution option: 'tests_require'
[1.490s]   warnings.warn(msg)
[1.609s] running egg_info
[1.629s] writing ../../build/piper/piper.egg-info/PKG-INFO
[1.630s] writing dependency_links to ../../build/piper/piper.egg-info/dependency_links.txt
[1.630s] writing entry points to ../../build/piper/piper.egg-info/entry_points.txt
[1.630s] writing requirements to ../../build/piper/piper.egg-info/requires.txt
[1.630s] writing top-level names to ../../build/piper/piper.egg-info/top_level.txt
[1.669s] reading manifest file '../../build/piper/piper.egg-info/SOURCES.txt'
[1.670s] adding license file 'LICENSE'
[1.671s] writing manifest file '../../build/piper/piper.egg-info/SOURCES.txt'
[1.671s] running build
[1.671s] running build_py
[1.671s] copying piper/__init__.py -> /home/dyros/mcy_ws/piper-mou/src/piper_ros/build/piper/build/lib/piper
[1.671s] copying piper/piper_ctrl_single_node.py -> /home/dyros/mcy_ws/piper-mou/src/piper_ros/build/piper/build/lib/piper
[1.672s] running install
[1.676s] running install_lib
[1.697s] running install_data
[1.697s] copying resource/piper -> /home/dyros/mcy_ws/piper-mou/src/piper_ros/install/piper/share/ament_index/resource_index/packages
[1.697s] copying package.xml -> /home/dyros/mcy_ws/piper-mou/src/piper_ros/install/piper/share/piper
[1.698s] copying launch/start_single_piper_rviz.launch.py -> /home/dyros/mcy_ws/piper-mou/src/piper_ros/install/piper/share/piper/launch
[1.698s] copying launch/start_single_piper.launch.py -> /home/dyros/mcy_ws/piper-mou/src/piper_ros/install/piper/share/piper/launch
[1.698s] running install_egg_info
[1.718s] removing '/home/dyros/mcy_ws/piper-mou/src/piper_ros/install/piper/lib/python3.10/site-packages/piper-0.0.0-py3.10.egg-info' (and everything under it)
[1.719s] Copying ../../build/piper/piper.egg-info to /home/dyros/mcy_ws/piper-mou/src/piper_ros/install/piper/lib/python3.10/site-packages/piper-0.0.0-py3.10.egg-info
[1.719s] running install_scripts
[1.764s] Installing piper_ms_ctrl script to /home/dyros/mcy_ws/piper-mou/src/piper_ros/install/piper/lib/piper
[1.764s] Installing piper_read_master script to /home/dyros/mcy_ws/piper-mou/src/piper_ros/install/piper/lib/piper
[1.765s] Installing piper_single_ctrl script to /home/dyros/mcy_ws/piper-mou/src/piper_ros/install/piper/lib/piper
[1.765s] writing list of installed files to '/home/dyros/mcy_ws/piper-mou/src/piper_ros/build/piper/install.log'
[1.782s] Invoked command in '/home/dyros/mcy_ws/piper-mou/src/piper_ros/src/piper' returned '0': PYTHONPATH=/home/dyros/mcy_ws/piper-mou/src/piper_ros/build/piper/prefix_override:/usr/lib/python3/dist-packages/colcon_core/task/python/colcon_distutils_commands:/home/dyros/mcy_ws/piper-mou/src/piper_ros/install/piper/lib/python3.10/site-packages:${PYTHONPATH} /usr/bin/python3 -W ignore:setup.py install is deprecated -W ignore:easy_install command is deprecated setup.py egg_info --egg-base ../../build/piper build --build-base /home/dyros/mcy_ws/piper-mou/src/piper_ros/build/piper/build install --record /home/dyros/mcy_ws/piper-mou/src/piper_ros/build/piper/install.log --single-version-externally-managed install_data
