[0.043s] Invoking command in '/home/dyros/mcy_ws/piper-mou/build/trac_ik_lib': CMAKE_PREFIX_PATH=${CMAKE_PREFIX_PATH}:/home/dyros/mcy_ws/piper-mou/install/piper:/opt/ros/humble /usr/bin/cmake /home/dyros/mcy_ws/piper-mou/src/trac_ik/trac_ik_lib -DCMAKE_INSTALL_PREFIX=/home/dyros/mcy_ws/piper-mou/install/trac_ik_lib
[0.293s] -- The C compiler identification is GNU 11.4.0
[0.293s] -- The CXX compiler identification is GNU 11.4.0
[0.293s] -- Detecting C compiler ABI info
[0.293s] -- Detecting C compiler ABI info - done
[0.293s] -- Check for working C compiler: /usr/bin/cc - skipped
[0.293s] -- Detecting C compile features
[0.293s] -- Detecting C compile features - done
[0.293s] -- Detecting CXX compiler ABI info
[0.293s] -- Detecting CXX compiler ABI info - done
[0.297s] -- Check for working CXX compiler: /usr/bin/c++ - skipped
[0.297s] -- Detecting CXX compile features
[0.297s] -- Detecting CXX compile features - done
[0.298s] -- Found ament_cmake: 1.3.11 (/opt/ros/humble/share/ament_cmake/cmake)
[0.770s] -- Found Python3: /usr/bin/python3 (found version "3.10.12") found components: Interpreter 
[0.889s] -- Found eigen3_cmake_module: 0.1.1 (/opt/ros/humble/share/eigen3_cmake_module/cmake)
[0.898s] -- Found Eigen3: TRUE (found version "3.4.0") 
[0.901s] -- Found kdl_parser: 2.6.4 (/opt/ros/humble/share/kdl_parser/cmake)
[0.920s] -- Ensuring Eigen3 include directory is part of orocos-kdl CMake target
[0.932s] -- Found rclcpp: 16.0.12 (/opt/ros/humble/share/rclcpp/cmake)
[0.977s] -- Found rosidl_generator_c: 3.1.6 (/opt/ros/humble/share/rosidl_generator_c/cmake)
[0.984s] -- Found rosidl_adapter: 3.1.6 (/opt/ros/humble/share/rosidl_adapter/cmake)
[0.995s] -- Found rosidl_generator_cpp: 3.1.6 (/opt/ros/humble/share/rosidl_generator_cpp/cmake)
[1.008s] -- Using all available rosidl_typesupport_c: rosidl_typesupport_fastrtps_c;rosidl_typesupport_introspection_c
[1.026s] -- Using all available rosidl_typesupport_cpp: rosidl_typesupport_fastrtps_cpp;rosidl_typesupport_introspection_cpp
[1.079s] -- Found rmw_implementation_cmake: 6.1.2 (/opt/ros/humble/share/rmw_implementation_cmake/cmake)
[1.084s] -- Found rmw_fastrtps_cpp: 6.2.7 (/opt/ros/humble/share/rmw_fastrtps_cpp/cmake)
[1.193s] -- Found OpenSSL: /usr/lib/x86_64-linux-gnu/libcrypto.so (found version "3.0.2")  
[1.230s] -- Found FastRTPS: /opt/ros/humble/include  
[1.276s] -- Using RMW implementation 'rmw_fastrtps_cpp' as default
[1.285s] -- Looking for pthread.h
[1.377s] -- Looking for pthread.h - found
[1.377s] -- Performing Test CMAKE_HAVE_LIBC_PTHREAD
[1.446s] -- Performing Test CMAKE_HAVE_LIBC_PTHREAD - Success
[1.447s] -- Found Threads: TRUE  
[1.518s] -- Found urdf: 2.6.1 (/opt/ros/humble/share/urdf/cmake)
[1.575s] -- Found ament_lint_auto: 0.12.12 (/opt/ros/humble/share/ament_lint_auto/cmake)
[1.689s] -- Added test 'copyright' to check source files copyright and LICENSE
[1.690s] -- Added test 'cpplint' to check C / C++ code against the Google style
[1.691s] -- Configured cpplint exclude dirs and/or files: 
[1.692s] -- Added test 'lint_cmake' to check CMake code style
[1.693s] -- Added test 'xmllint' to check XML markup files
[1.696s] -- Configuring done
[1.710s] -- Generating done
[1.716s] -- Build files have been written to: /home/dyros/mcy_ws/piper-mou/build/trac_ik_lib
[1.731s] Invoked command in '/home/dyros/mcy_ws/piper-mou/build/trac_ik_lib' returned '0': CMAKE_PREFIX_PATH=${CMAKE_PREFIX_PATH}:/home/dyros/mcy_ws/piper-mou/install/piper:/opt/ros/humble /usr/bin/cmake /home/dyros/mcy_ws/piper-mou/src/trac_ik/trac_ik_lib -DCMAKE_INSTALL_PREFIX=/home/dyros/mcy_ws/piper-mou/install/trac_ik_lib
[1.734s] Invoking command in '/home/dyros/mcy_ws/piper-mou/build/trac_ik_lib': CMAKE_PREFIX_PATH=${CMAKE_PREFIX_PATH}:/home/dyros/mcy_ws/piper-mou/install/piper:/opt/ros/humble /usr/bin/cmake --build /home/dyros/mcy_ws/piper-mou/build/trac_ik_lib -- -j20 -l20
[1.783s] [ 75%] [32mBuilding CXX object CMakeFiles/trac_ik_lib.dir/src/nlopt_ik.cpp.o[0m
[1.783s] [ 75%] [32mBuilding CXX object CMakeFiles/trac_ik_lib.dir/src/kdl_tl.cpp.o[0m
[1.783s] [ 75%] [32mBuilding CXX object CMakeFiles/trac_ik_lib.dir/src/trac_ik.cpp.o[0m
[14.740s] [100%] [32m[1mLinking CXX shared library libtrac_ik_lib.so[0m
[15.053s] [100%] Built target trac_ik_lib
[15.063s] Invoked command in '/home/dyros/mcy_ws/piper-mou/build/trac_ik_lib' returned '0': CMAKE_PREFIX_PATH=${CMAKE_PREFIX_PATH}:/home/dyros/mcy_ws/piper-mou/install/piper:/opt/ros/humble /usr/bin/cmake --build /home/dyros/mcy_ws/piper-mou/build/trac_ik_lib -- -j20 -l20
[15.066s] Invoking command in '/home/dyros/mcy_ws/piper-mou/build/trac_ik_lib': CMAKE_PREFIX_PATH=${CMAKE_PREFIX_PATH}:/home/dyros/mcy_ws/piper-mou/install/piper:/opt/ros/humble /usr/bin/cmake --install /home/dyros/mcy_ws/piper-mou/build/trac_ik_lib
[15.073s] -- Install configuration: ""
[15.073s] -- Installing: /home/dyros/mcy_ws/piper-mou/install/trac_ik_lib/share/trac_ik_lib/environment/library_path.sh
[15.073s] -- Installing: /home/dyros/mcy_ws/piper-mou/install/trac_ik_lib/share/trac_ik_lib/environment/library_path.dsv
[15.073s] -- Installing: /home/dyros/mcy_ws/piper-mou/install/trac_ik_lib/include
[15.073s] -- Installing: /home/dyros/mcy_ws/piper-mou/install/trac_ik_lib/include/trac_ik
[15.073s] -- Installing: /home/dyros/mcy_ws/piper-mou/install/trac_ik_lib/include/trac_ik/visibility_control.hpp
[15.073s] -- Installing: /home/dyros/mcy_ws/piper-mou/install/trac_ik_lib/include/trac_ik/kdl_tl.hpp
[15.073s] -- Installing: /home/dyros/mcy_ws/piper-mou/install/trac_ik_lib/include/trac_ik/math3d.h
[15.073s] -- Installing: /home/dyros/mcy_ws/piper-mou/install/trac_ik_lib/include/trac_ik/nlopt_ik.hpp
[15.074s] -- Installing: /home/dyros/mcy_ws/piper-mou/install/trac_ik_lib/include/trac_ik/dual_quaternion.h
[15.074s] -- Installing: /home/dyros/mcy_ws/piper-mou/install/trac_ik_lib/include/trac_ik/trac_ik.hpp
[15.074s] -- Installing: /home/dyros/mcy_ws/piper-mou/install/trac_ik_lib/lib/libtrac_ik_lib.so
[15.078s] -- Set runtime path of "/home/dyros/mcy_ws/piper-mou/install/trac_ik_lib/lib/libtrac_ik_lib.so" to ""
[15.078s] -- Installing: /home/dyros/mcy_ws/piper-mou/install/trac_ik_lib/share/ament_index/resource_index/package_run_dependencies/trac_ik_lib
[15.078s] -- Installing: /home/dyros/mcy_ws/piper-mou/install/trac_ik_lib/share/ament_index/resource_index/parent_prefix_path/trac_ik_lib
[15.078s] -- Installing: /home/dyros/mcy_ws/piper-mou/install/trac_ik_lib/share/trac_ik_lib/environment/ament_prefix_path.sh
[15.078s] -- Installing: /home/dyros/mcy_ws/piper-mou/install/trac_ik_lib/share/trac_ik_lib/environment/ament_prefix_path.dsv
[15.079s] -- Installing: /home/dyros/mcy_ws/piper-mou/install/trac_ik_lib/share/trac_ik_lib/environment/path.sh
[15.079s] -- Installing: /home/dyros/mcy_ws/piper-mou/install/trac_ik_lib/share/trac_ik_lib/environment/path.dsv
[15.079s] -- Installing: /home/dyros/mcy_ws/piper-mou/install/trac_ik_lib/share/trac_ik_lib/local_setup.bash
[15.079s] -- Installing: /home/dyros/mcy_ws/piper-mou/install/trac_ik_lib/share/trac_ik_lib/local_setup.sh
[15.079s] -- Installing: /home/dyros/mcy_ws/piper-mou/install/trac_ik_lib/share/trac_ik_lib/local_setup.zsh
[15.079s] -- Installing: /home/dyros/mcy_ws/piper-mou/install/trac_ik_lib/share/trac_ik_lib/local_setup.dsv
[15.079s] -- Installing: /home/dyros/mcy_ws/piper-mou/install/trac_ik_lib/share/trac_ik_lib/package.dsv
[15.079s] -- Installing: /home/dyros/mcy_ws/piper-mou/install/trac_ik_lib/share/ament_index/resource_index/packages/trac_ik_lib
[15.079s] -- Installing: /home/dyros/mcy_ws/piper-mou/install/trac_ik_lib/share/trac_ik_lib/cmake/export_trac_ik_libExport.cmake
[15.079s] -- Installing: /home/dyros/mcy_ws/piper-mou/install/trac_ik_lib/share/trac_ik_lib/cmake/export_trac_ik_libExport-noconfig.cmake
[15.080s] -- Installing: /home/dyros/mcy_ws/piper-mou/install/trac_ik_lib/share/trac_ik_lib/cmake/ament_cmake_export_targets-extras.cmake
[15.080s] -- Installing: /home/dyros/mcy_ws/piper-mou/install/trac_ik_lib/share/trac_ik_lib/cmake/ament_cmake_export_dependencies-extras.cmake
[15.080s] -- Installing: /home/dyros/mcy_ws/piper-mou/install/trac_ik_lib/share/trac_ik_lib/cmake/trac_ik_libConfig.cmake
[15.080s] -- Installing: /home/dyros/mcy_ws/piper-mou/install/trac_ik_lib/share/trac_ik_lib/cmake/trac_ik_libConfig-version.cmake
[15.080s] -- Installing: /home/dyros/mcy_ws/piper-mou/install/trac_ik_lib/share/trac_ik_lib/package.xml
[15.082s] Invoked command in '/home/dyros/mcy_ws/piper-mou/build/trac_ik_lib' returned '0': CMAKE_PREFIX_PATH=${CMAKE_PREFIX_PATH}:/home/dyros/mcy_ws/piper-mou/install/piper:/opt/ros/humble /usr/bin/cmake --install /home/dyros/mcy_ws/piper-mou/build/trac_ik_lib
