[0.259s] Invoking command in '/home/dyros/mcy_ws/piper-mou/build/piper_humble': CMAKE_PREFIX_PATH=${CMAKE_PREFIX_PATH}:/home/dyros/mcy_ws/piper-mou/install/piper:/opt/ros/humble /usr/bin/cmake --build /home/dyros/mcy_ws/piper-mou/build/piper_humble -- -j20 -l20
[0.353s] Invoked command in '/home/dyros/mcy_ws/piper-mou/build/piper_humble' returned '0': CMAKE_PREFIX_PATH=${CMAKE_PREFIX_PATH}:/home/dyros/mcy_ws/piper-mou/install/piper:/opt/ros/humble /usr/bin/cmake --build /home/dyros/mcy_ws/piper-mou/build/piper_humble -- -j20 -l20
[0.354s] Invoking command in '/home/dyros/mcy_ws/piper-mou/build/piper_humble': CMAKE_PREFIX_PATH=${CMAKE_PREFIX_PATH}:/home/dyros/mcy_ws/piper-mou/install/piper:/opt/ros/humble /usr/bin/cmake --install /home/dyros/mcy_ws/piper-mou/build/piper_humble
[0.383s] -- Install configuration: ""
[0.383s] -- Up-to-date: /home/dyros/mcy_ws/piper-mou/install/piper_humble/share/ament_index/resource_index/package_run_dependencies/piper_humble
[0.384s] -- Up-to-date: /home/dyros/mcy_ws/piper-mou/install/piper_humble/share/ament_index/resource_index/parent_prefix_path/piper_humble
[0.384s] -- Up-to-date: /home/dyros/mcy_ws/piper-mou/install/piper_humble/share/piper_humble/environment/ament_prefix_path.sh
[0.384s] -- Up-to-date: /home/dyros/mcy_ws/piper-mou/install/piper_humble/share/piper_humble/environment/ament_prefix_path.dsv
[0.384s] -- Up-to-date: /home/dyros/mcy_ws/piper-mou/install/piper_humble/share/piper_humble/environment/path.sh
[0.384s] -- Up-to-date: /home/dyros/mcy_ws/piper-mou/install/piper_humble/share/piper_humble/environment/path.dsv
[0.384s] -- Up-to-date: /home/dyros/mcy_ws/piper-mou/install/piper_humble/share/piper_humble/local_setup.bash
[0.384s] -- Up-to-date: /home/dyros/mcy_ws/piper-mou/install/piper_humble/share/piper_humble/local_setup.sh
[0.384s] -- Up-to-date: /home/dyros/mcy_ws/piper-mou/install/piper_humble/share/piper_humble/local_setup.zsh
[0.384s] -- Up-to-date: /home/dyros/mcy_ws/piper-mou/install/piper_humble/share/piper_humble/local_setup.dsv
[0.385s] -- Installing: /home/dyros/mcy_ws/piper-mou/install/piper_humble/share/piper_humble/package.dsv
[0.385s] -- Up-to-date: /home/dyros/mcy_ws/piper-mou/install/piper_humble/share/ament_index/resource_index/packages/piper_humble
[0.386s] -- Up-to-date: /home/dyros/mcy_ws/piper-mou/install/piper_humble/share/piper_humble/cmake/piper_humbleConfig.cmake
[0.386s] -- Up-to-date: /home/dyros/mcy_ws/piper-mou/install/piper_humble/share/piper_humble/cmake/piper_humbleConfig-version.cmake
[0.387s] -- Up-to-date: /home/dyros/mcy_ws/piper-mou/install/piper_humble/share/piper_humble/package.xml
[0.405s] Invoked command in '/home/dyros/mcy_ws/piper-mou/build/piper_humble' returned '0': CMAKE_PREFIX_PATH=${CMAKE_PREFIX_PATH}:/home/dyros/mcy_ws/piper-mou/install/piper:/opt/ros/humble /usr/bin/cmake --install /home/dyros/mcy_ws/piper-mou/build/piper_humble
