[0.047s] Invoking command in '/home/dyros/mcy_ws/piper-mou/build/moveit_mujoco_interface': CMAKE_PREFIX_PATH=${CMAKE_PREFIX_PATH}:/home/dyros/mcy_ws/piper-mou/install/piper:/opt/ros/humble /usr/bin/cmake --build /home/dyros/mcy_ws/piper-mou/build/moveit_mujoco_interface -- -j20 -l20
[0.287s] [ 50%] Built target moveit_mujoco_interface_lib
[0.287s] [100%] Built target moveit_mujoco_interface
[0.302s] Invoked command in '/home/dyros/mcy_ws/piper-mou/build/moveit_mujoco_interface' returned '0': CMAKE_PREFIX_PATH=${CMAKE_PREFIX_PATH}:/home/dyros/mcy_ws/piper-mou/install/piper:/opt/ros/humble /usr/bin/cmake --build /home/dyros/mcy_ws/piper-mou/build/moveit_mujoco_interface -- -j20 -l20
[0.304s] Invoking command in '/home/dyros/mcy_ws/piper-mou/build/moveit_mujoco_interface': CMAKE_PREFIX_PATH=${CMAKE_PREFIX_PATH}:/home/dyros/mcy_ws/piper-mou/install/piper:/opt/ros/humble /usr/bin/cmake --install /home/dyros/mcy_ws/piper-mou/build/moveit_mujoco_interface
[0.321s] -- Install configuration: ""
[0.321s] -- Up-to-date: /home/dyros/mcy_ws/piper-mou/install/moveit_mujoco_interface/lib/moveit_mujoco_interface/moveit_mujoco_interface
[0.323s] -- Up-to-date: /home/dyros/mcy_ws/piper-mou/install/moveit_mujoco_interface/share/ament_index/resource_index/package_run_dependencies/moveit_mujoco_interface
[0.324s] -- Up-to-date: /home/dyros/mcy_ws/piper-mou/install/moveit_mujoco_interface/share/ament_index/resource_index/parent_prefix_path/moveit_mujoco_interface
[0.324s] -- Up-to-date: /home/dyros/mcy_ws/piper-mou/install/moveit_mujoco_interface/share/moveit_mujoco_interface/environment/ament_prefix_path.sh
[0.324s] -- Up-to-date: /home/dyros/mcy_ws/piper-mou/install/moveit_mujoco_interface/share/moveit_mujoco_interface/environment/ament_prefix_path.dsv
[0.324s] -- Up-to-date: /home/dyros/mcy_ws/piper-mou/install/moveit_mujoco_interface/share/moveit_mujoco_interface/environment/path.sh
[0.324s] -- Up-to-date: /home/dyros/mcy_ws/piper-mou/install/moveit_mujoco_interface/share/moveit_mujoco_interface/environment/path.dsv
[0.324s] -- Up-to-date: /home/dyros/mcy_ws/piper-mou/install/moveit_mujoco_interface/share/moveit_mujoco_interface/local_setup.bash
[0.324s] -- Up-to-date: /home/dyros/mcy_ws/piper-mou/install/moveit_mujoco_interface/share/moveit_mujoco_interface/local_setup.sh
[0.325s] -- Up-to-date: /home/dyros/mcy_ws/piper-mou/install/moveit_mujoco_interface/share/moveit_mujoco_interface/local_setup.zsh
[0.325s] -- Up-to-date: /home/dyros/mcy_ws/piper-mou/install/moveit_mujoco_interface/share/moveit_mujoco_interface/local_setup.dsv
[0.325s] -- Installing: /home/dyros/mcy_ws/piper-mou/install/moveit_mujoco_interface/share/moveit_mujoco_interface/package.dsv
[0.325s] -- Up-to-date: /home/dyros/mcy_ws/piper-mou/install/moveit_mujoco_interface/share/ament_index/resource_index/packages/moveit_mujoco_interface
[0.325s] -- Up-to-date: /home/dyros/mcy_ws/piper-mou/install/moveit_mujoco_interface/share/moveit_mujoco_interface/cmake/moveit_mujoco_interfaceConfig.cmake
[0.326s] -- Up-to-date: /home/dyros/mcy_ws/piper-mou/install/moveit_mujoco_interface/share/moveit_mujoco_interface/cmake/moveit_mujoco_interfaceConfig-version.cmake
[0.326s] -- Up-to-date: /home/dyros/mcy_ws/piper-mou/install/moveit_mujoco_interface/share/moveit_mujoco_interface/package.xml
[0.376s] Invoked command in '/home/dyros/mcy_ws/piper-mou/build/moveit_mujoco_interface' returned '0': CMAKE_PREFIX_PATH=${CMAKE_PREFIX_PATH}:/home/dyros/mcy_ws/piper-mou/install/piper:/opt/ros/humble /usr/bin/cmake --install /home/dyros/mcy_ws/piper-mou/build/moveit_mujoco_interface
