/home/dyros/mcy_ws/piper-mou/src/piper_ros/install/piper_sdk/lib/python3.10/site-packages/piper_sdk/__init__.py
/home/dyros/mcy_ws/piper-mou/src/piper_ros/install/piper_sdk/lib/python3.10/site-packages/piper_sdk/version.py
/home/dyros/mcy_ws/piper-mou/src/piper_ros/install/piper_sdk/lib/python3.10/site-packages/piper_sdk/utils/__init__.py
/home/dyros/mcy_ws/piper-mou/src/piper_ros/install/piper_sdk/lib/python3.10/site-packages/piper_sdk/utils/logger_mag.py
/home/dyros/mcy_ws/piper-mou/src/piper_ros/install/piper_sdk/lib/python3.10/site-packages/piper_sdk/utils/tf.py
/home/dyros/mcy_ws/piper-mou/src/piper_ros/install/piper_sdk/lib/python3.10/site-packages/piper_sdk/utils/fps.py
/home/dyros/mcy_ws/piper-mou/src/piper_ros/install/piper_sdk/lib/python3.10/site-packages/piper_sdk/interface/__init__.py
/home/dyros/mcy_ws/piper-mou/src/piper_ros/install/piper_sdk/lib/python3.10/site-packages/piper_sdk/interface/piper_interface.py
/home/dyros/mcy_ws/piper-mou/src/piper_ros/install/piper_sdk/lib/python3.10/site-packages/piper_sdk/interface/interface_version.py
/home/dyros/mcy_ws/piper-mou/src/piper_ros/install/piper_sdk/lib/python3.10/site-packages/piper_sdk/interface/piper_interface_v2.py
/home/dyros/mcy_ws/piper-mou/src/piper_ros/install/piper_sdk/lib/python3.10/site-packages/piper_sdk/hardware_port/__init__.py
/home/dyros/mcy_ws/piper-mou/src/piper_ros/install/piper_sdk/lib/python3.10/site-packages/piper_sdk/hardware_port/can_encapsulation_v0_4_0.py
/home/dyros/mcy_ws/piper-mou/src/piper_ros/install/piper_sdk/lib/python3.10/site-packages/piper_sdk/hardware_port/can_encapsulation.py
/home/dyros/mcy_ws/piper-mou/src/piper_ros/install/piper_sdk/lib/python3.10/site-packages/piper_sdk/piper_param/__init__.py
/home/dyros/mcy_ws/piper-mou/src/piper_ros/install/piper_sdk/lib/python3.10/site-packages/piper_sdk/piper_param/piper_param_manager.py
/home/dyros/mcy_ws/piper-mou/src/piper_ros/install/piper_sdk/lib/python3.10/site-packages/piper_sdk/piper_msgs/__init__.py
/home/dyros/mcy_ws/piper-mou/src/piper_ros/install/piper_sdk/lib/python3.10/site-packages/piper_sdk/kinematics/__init__.py
/home/dyros/mcy_ws/piper-mou/src/piper_ros/install/piper_sdk/lib/python3.10/site-packages/piper_sdk/kinematics/piper_fk.py
/home/dyros/mcy_ws/piper-mou/src/piper_ros/install/piper_sdk/lib/python3.10/site-packages/piper_sdk/log/__init__.py
/home/dyros/mcy_ws/piper-mou/src/piper_ros/install/piper_sdk/lib/python3.10/site-packages/piper_sdk/demo/__init__.py
/home/dyros/mcy_ws/piper-mou/src/piper_ros/install/piper_sdk/lib/python3.10/site-packages/piper_sdk/demo/detect_arm.py
/home/dyros/mcy_ws/piper-mou/src/piper_ros/install/piper_sdk/lib/python3.10/site-packages/piper_sdk/demo/manage_vcan.py
/home/dyros/mcy_ws/piper-mou/src/piper_ros/install/piper_sdk/lib/python3.10/site-packages/piper_sdk/protocol/__init__.py
/home/dyros/mcy_ws/piper-mou/src/piper_ros/install/piper_sdk/lib/python3.10/site-packages/piper_sdk/protocol/piper_protocol_base.py
/home/dyros/mcy_ws/piper-mou/src/piper_ros/install/piper_sdk/lib/python3.10/site-packages/piper_sdk/piper_msgs/msg_v2/__init__.py
/home/dyros/mcy_ws/piper-mou/src/piper_ros/install/piper_sdk/lib/python3.10/site-packages/piper_sdk/piper_msgs/msg_v2/arm_id_type_map.py
/home/dyros/mcy_ws/piper-mou/src/piper_ros/install/piper_sdk/lib/python3.10/site-packages/piper_sdk/piper_msgs/msg_v2/arm_messages.py
/home/dyros/mcy_ws/piper-mou/src/piper_ros/install/piper_sdk/lib/python3.10/site-packages/piper_sdk/piper_msgs/msg_v2/can_id.py
/home/dyros/mcy_ws/piper-mou/src/piper_ros/install/piper_sdk/lib/python3.10/site-packages/piper_sdk/piper_msgs/msg_v2/arm_msg_type.py
/home/dyros/mcy_ws/piper-mou/src/piper_ros/install/piper_sdk/lib/python3.10/site-packages/piper_sdk/piper_msgs/msg_v2/feedback/__init__.py
/home/dyros/mcy_ws/piper-mou/src/piper_ros/install/piper_sdk/lib/python3.10/site-packages/piper_sdk/piper_msgs/msg_v2/feedback/arm_feedback_crash_protection_rating.py
/home/dyros/mcy_ws/piper-mou/src/piper_ros/install/piper_sdk/lib/python3.10/site-packages/piper_sdk/piper_msgs/msg_v2/feedback/arm_feedback_status.py
/home/dyros/mcy_ws/piper-mou/src/piper_ros/install/piper_sdk/lib/python3.10/site-packages/piper_sdk/piper_msgs/msg_v2/feedback/arm_feedback_high_spd.py
/home/dyros/mcy_ws/piper-mou/src/piper_ros/install/piper_sdk/lib/python3.10/site-packages/piper_sdk/piper_msgs/msg_v2/feedback/arm_feedback_end_pose.py
/home/dyros/mcy_ws/piper-mou/src/piper_ros/install/piper_sdk/lib/python3.10/site-packages/piper_sdk/piper_msgs/msg_v2/feedback/arm_feedback_joint_vel_acc.py
/home/dyros/mcy_ws/piper-mou/src/piper_ros/install/piper_sdk/lib/python3.10/site-packages/piper_sdk/piper_msgs/msg_v2/feedback/arm_feedback_joint_states.py
/home/dyros/mcy_ws/piper-mou/src/piper_ros/install/piper_sdk/lib/python3.10/site-packages/piper_sdk/piper_msgs/msg_v2/feedback/arm_feedback_gripper.py
/home/dyros/mcy_ws/piper-mou/src/piper_ros/install/piper_sdk/lib/python3.10/site-packages/piper_sdk/piper_msgs/msg_v2/feedback/arm_feedback_current_motor_angle_limit_max_spd.py
/home/dyros/mcy_ws/piper-mou/src/piper_ros/install/piper_sdk/lib/python3.10/site-packages/piper_sdk/piper_msgs/msg_v2/feedback/arm_feedback_gripper_teaching_param.py
/home/dyros/mcy_ws/piper-mou/src/piper_ros/install/piper_sdk/lib/python3.10/site-packages/piper_sdk/piper_msgs/msg_v2/feedback/arm_feedback_current_end_vel_acc_param.py
/home/dyros/mcy_ws/piper-mou/src/piper_ros/install/piper_sdk/lib/python3.10/site-packages/piper_sdk/piper_msgs/msg_v2/feedback/arm_feedback_low_spd.py
/home/dyros/mcy_ws/piper-mou/src/piper_ros/install/piper_sdk/lib/python3.10/site-packages/piper_sdk/piper_msgs/msg_v2/feedback/arm_feedback_current_motor_max_acc_limit.py
/home/dyros/mcy_ws/piper-mou/src/piper_ros/install/piper_sdk/lib/python3.10/site-packages/piper_sdk/piper_msgs/msg_v2/transmit/__init__.py
/home/dyros/mcy_ws/piper-mou/src/piper_ros/install/piper_sdk/lib/python3.10/site-packages/piper_sdk/piper_msgs/msg_v2/transmit/arm_joint_config.py
/home/dyros/mcy_ws/piper-mou/src/piper_ros/install/piper_sdk/lib/python3.10/site-packages/piper_sdk/piper_msgs/msg_v2/transmit/arm_motion_ctrl_2.py
/home/dyros/mcy_ws/piper-mou/src/piper_ros/install/piper_sdk/lib/python3.10/site-packages/piper_sdk/piper_msgs/msg_v2/transmit/arm_light_ctrl.py
/home/dyros/mcy_ws/piper-mou/src/piper_ros/install/piper_sdk/lib/python3.10/site-packages/piper_sdk/piper_msgs/msg_v2/transmit/arm_param_enquiry_and_config.py
/home/dyros/mcy_ws/piper-mou/src/piper_ros/install/piper_sdk/lib/python3.10/site-packages/piper_sdk/piper_msgs/msg_v2/transmit/arm_motion_ctrl_cartesian.py
/home/dyros/mcy_ws/piper-mou/src/piper_ros/install/piper_sdk/lib/python3.10/site-packages/piper_sdk/piper_msgs/msg_v2/transmit/arm_master_slave_config.py
/home/dyros/mcy_ws/piper-mou/src/piper_ros/install/piper_sdk/lib/python3.10/site-packages/piper_sdk/piper_msgs/msg_v2/transmit/arm_crash_protection_rating_config.py
/home/dyros/mcy_ws/piper-mou/src/piper_ros/install/piper_sdk/lib/python3.10/site-packages/piper_sdk/piper_msgs/msg_v2/transmit/arm_motor_enable_disable.py
/home/dyros/mcy_ws/piper-mou/src/piper_ros/install/piper_sdk/lib/python3.10/site-packages/piper_sdk/piper_msgs/msg_v2/transmit/arm_motor_angle_limit_max_spd_config.py
/home/dyros/mcy_ws/piper-mou/src/piper_ros/install/piper_sdk/lib/python3.10/site-packages/piper_sdk/piper_msgs/msg_v2/transmit/arm_set_instruction_response.py
/home/dyros/mcy_ws/piper-mou/src/piper_ros/install/piper_sdk/lib/python3.10/site-packages/piper_sdk/piper_msgs/msg_v2/transmit/arm_search_motor_max_angle_spd_acc_limit.py
/home/dyros/mcy_ws/piper-mou/src/piper_ros/install/piper_sdk/lib/python3.10/site-packages/piper_sdk/piper_msgs/msg_v2/transmit/arm_motion_ctrl_1.py
/home/dyros/mcy_ws/piper-mou/src/piper_ros/install/piper_sdk/lib/python3.10/site-packages/piper_sdk/piper_msgs/msg_v2/transmit/arm_end_vel_acc_param_config.py
/home/dyros/mcy_ws/piper-mou/src/piper_ros/install/piper_sdk/lib/python3.10/site-packages/piper_sdk/piper_msgs/msg_v2/transmit/arm_circular_pattern.py
/home/dyros/mcy_ws/piper-mou/src/piper_ros/install/piper_sdk/lib/python3.10/site-packages/piper_sdk/piper_msgs/msg_v2/transmit/arm_joint_mit_ctrl.py
/home/dyros/mcy_ws/piper-mou/src/piper_ros/install/piper_sdk/lib/python3.10/site-packages/piper_sdk/piper_msgs/msg_v2/transmit/arm_gripper_ctrl.py
/home/dyros/mcy_ws/piper-mou/src/piper_ros/install/piper_sdk/lib/python3.10/site-packages/piper_sdk/piper_msgs/msg_v2/transmit/arm_joint_ctrl.py
/home/dyros/mcy_ws/piper-mou/src/piper_ros/install/piper_sdk/lib/python3.10/site-packages/piper_sdk/piper_msgs/msg_v2/transmit/arm_gripper_teaching_param_config.py
/home/dyros/mcy_ws/piper-mou/src/piper_ros/install/piper_sdk/lib/python3.10/site-packages/piper_sdk/demo/V2/piper_set_motor_max_acc_limit.py
/home/dyros/mcy_ws/piper-mou/src/piper_ros/install/piper_sdk/lib/python3.10/site-packages/piper_sdk/demo/V2/__init__.py
/home/dyros/mcy_ws/piper-mou/src/piper_ros/install/piper_sdk/lib/python3.10/site-packages/piper_sdk/demo/V2/piper_read_status.py
/home/dyros/mcy_ws/piper-mou/src/piper_ros/install/piper_sdk/lib/python3.10/site-packages/piper_sdk/demo/V2/piper_set_master.py
/home/dyros/mcy_ws/piper-mou/src/piper_ros/install/piper_sdk/lib/python3.10/site-packages/piper_sdk/demo/V2/piper_set_mit.py
/home/dyros/mcy_ws/piper-mou/src/piper_ros/install/piper_sdk/lib/python3.10/site-packages/piper_sdk/demo/V2/piper_ctrl_enable.py
/home/dyros/mcy_ws/piper-mou/src/piper_ros/install/piper_sdk/lib/python3.10/site-packages/piper_sdk/demo/V2/piper_ctrl_moveC.py
/home/dyros/mcy_ws/piper-mou/src/piper_ros/install/piper_sdk/lib/python3.10/site-packages/piper_sdk/demo/V2/V2_piper_set_installation_pos.py
/home/dyros/mcy_ws/piper-mou/src/piper_ros/install/piper_sdk/lib/python3.10/site-packages/piper_sdk/demo/V2/piper_ctrl_joint.py
/home/dyros/mcy_ws/piper-mou/src/piper_ros/install/piper_sdk/lib/python3.10/site-packages/piper_sdk/demo/V2/piper_read_high_msg.py
/home/dyros/mcy_ws/piper-mou/src/piper_ros/install/piper_sdk/lib/python3.10/site-packages/piper_sdk/demo/V2/V2_piper_ctrl_motor_max_spd.py
/home/dyros/mcy_ws/piper-mou/src/piper_ros/install/piper_sdk/lib/python3.10/site-packages/piper_sdk/demo/V2/piper_ctrl_disable.py
/home/dyros/mcy_ws/piper-mou/src/piper_ros/install/piper_sdk/lib/python3.10/site-packages/piper_sdk/demo/V2/piper_read_arm_motor_max_angle_spd.py
/home/dyros/mcy_ws/piper-mou/src/piper_ros/install/piper_sdk/lib/python3.10/site-packages/piper_sdk/demo/V2/piper_set_init_default.py
/home/dyros/mcy_ws/piper-mou/src/piper_ros/install/piper_sdk/lib/python3.10/site-packages/piper_sdk/demo/V2/piper_read_joint_state.py
/home/dyros/mcy_ws/piper-mou/src/piper_ros/install/piper_sdk/lib/python3.10/site-packages/piper_sdk/demo/V2/piper_read_gripper_status.py
/home/dyros/mcy_ws/piper-mou/src/piper_ros/install/piper_sdk/lib/python3.10/site-packages/piper_sdk/demo/V2/piper_test_multi_interface_instance.py
/home/dyros/mcy_ws/piper-mou/src/piper_ros/install/piper_sdk/lib/python3.10/site-packages/piper_sdk/demo/V2/piper_read_joint_ctrl.py
/home/dyros/mcy_ws/piper-mou/src/piper_ros/install/piper_sdk/lib/python3.10/site-packages/piper_sdk/demo/V2/piper_read_crash_protectation.py
/home/dyros/mcy_ws/piper-mou/src/piper_ros/install/piper_sdk/lib/python3.10/site-packages/piper_sdk/demo/V2/piper_ctrl_line.py
/home/dyros/mcy_ws/piper-mou/src/piper_ros/install/piper_sdk/lib/python3.10/site-packages/piper_sdk/demo/V2/piper_ctrl_stop.py
/home/dyros/mcy_ws/piper-mou/src/piper_ros/install/piper_sdk/lib/python3.10/site-packages/piper_sdk/demo/V2/piper_read_mode_ctrl.py
/home/dyros/mcy_ws/piper-mou/src/piper_ros/install/piper_sdk/lib/python3.10/site-packages/piper_sdk/demo/V2/piper_read_end_pose.py
/home/dyros/mcy_ws/piper-mou/src/piper_ros/install/piper_sdk/lib/python3.10/site-packages/piper_sdk/demo/V2/piper_ctrl_end_pose.py
/home/dyros/mcy_ws/piper-mou/src/piper_ros/install/piper_sdk/lib/python3.10/site-packages/piper_sdk/demo/V2/piper_set_load.py
/home/dyros/mcy_ws/piper-mou/src/piper_ros/install/piper_sdk/lib/python3.10/site-packages/piper_sdk/demo/V2/piper_read_all_fps.py
/home/dyros/mcy_ws/piper-mou/src/piper_ros/install/piper_sdk/lib/python3.10/site-packages/piper_sdk/demo/V2/piper_read_fk.py
/home/dyros/mcy_ws/piper-mou/src/piper_ros/install/piper_sdk/lib/python3.10/site-packages/piper_sdk/demo/V2/piper_read_arm_motor_max_acc_limit.py
/home/dyros/mcy_ws/piper-mou/src/piper_ros/install/piper_sdk/lib/python3.10/site-packages/piper_sdk/demo/V2/piper_test_interface_disconnect.py
/home/dyros/mcy_ws/piper-mou/src/piper_ros/install/piper_sdk/lib/python3.10/site-packages/piper_sdk/demo/V2/piper_read_low_msg.py
/home/dyros/mcy_ws/piper-mou/src/piper_ros/install/piper_sdk/lib/python3.10/site-packages/piper_sdk/demo/V2/piper_set_slave.py
/home/dyros/mcy_ws/piper-mou/src/piper_ros/install/piper_sdk/lib/python3.10/site-packages/piper_sdk/demo/V2/piper_ctrl_go_zero.py
/home/dyros/mcy_ws/piper-mou/src/piper_ros/install/piper_sdk/lib/python3.10/site-packages/piper_sdk/demo/V2/piper_set_sdk_param.py
/home/dyros/mcy_ws/piper-mou/src/piper_ros/install/piper_sdk/lib/python3.10/site-packages/piper_sdk/demo/V2/V2_piper_set_gripper_param.py
/home/dyros/mcy_ws/piper-mou/src/piper_ros/install/piper_sdk/lib/python3.10/site-packages/piper_sdk/demo/V2/piper_ctrl_reset.py
/home/dyros/mcy_ws/piper-mou/src/piper_ros/install/piper_sdk/lib/python3.10/site-packages/piper_sdk/demo/V2/piper_ctrl_gripper.py
/home/dyros/mcy_ws/piper-mou/src/piper_ros/install/piper_sdk/lib/python3.10/site-packages/piper_sdk/demo/V2/piper_read_firmware.py
/home/dyros/mcy_ws/piper-mou/src/piper_ros/install/piper_sdk/lib/python3.10/site-packages/piper_sdk/demo/V2/piper_set_gripper_zero.py
/home/dyros/mcy_ws/piper-mou/src/piper_ros/install/piper_sdk/lib/python3.10/site-packages/piper_sdk/demo/V2/V2_piper_ctrl_joint_mit.py
/home/dyros/mcy_ws/piper-mou/src/piper_ros/install/piper_sdk/lib/python3.10/site-packages/piper_sdk/demo/V2/V2_piper_read_gripper_param_feedback.py
/home/dyros/mcy_ws/piper-mou/src/piper_ros/install/piper_sdk/lib/python3.10/site-packages/piper_sdk/demo/V2/piper_read_mode_ctrl_canid_151.py
/home/dyros/mcy_ws/piper-mou/src/piper_ros/install/piper_sdk/lib/python3.10/site-packages/piper_sdk/demo/V2/piper_set_log_level.py
/home/dyros/mcy_ws/piper-mou/src/piper_ros/install/piper_sdk/lib/python3.10/site-packages/piper_sdk/demo/V2/piper_read_version.py
/home/dyros/mcy_ws/piper-mou/src/piper_ros/install/piper_sdk/lib/python3.10/site-packages/piper_sdk/protocol/protocol_v2/__init__.py
/home/dyros/mcy_ws/piper-mou/src/piper_ros/install/piper_sdk/lib/python3.10/site-packages/piper_sdk/protocol/protocol_v2/piper_protocol_v2.py
/home/dyros/mcy_ws/piper-mou/src/piper_ros/install/piper_sdk/lib/python3.10/site-packages/piper_sdk/can_activate.sh
/home/dyros/mcy_ws/piper-mou/src/piper_ros/install/piper_sdk/lib/python3.10/site-packages/piper_sdk/can_config.sh
/home/dyros/mcy_ws/piper-mou/src/piper_ros/install/piper_sdk/lib/python3.10/site-packages/piper_sdk/can_find_and_config.sh
/home/dyros/mcy_ws/piper-mou/src/piper_ros/install/piper_sdk/lib/python3.10/site-packages/piper_sdk/can_muti_activate.sh
/home/dyros/mcy_ws/piper-mou/src/piper_ros/install/piper_sdk/lib/python3.10/site-packages/piper_sdk/find_all_can_port.sh
/home/dyros/mcy_ws/piper-mou/src/piper_ros/install/piper_sdk/lib/python3.10/site-packages/piper_sdk/demo/detect_arm.MD
/home/dyros/mcy_ws/piper-mou/src/piper_ros/install/piper_sdk/lib/python3.10/site-packages/piper_sdk/piper_msgs/msg_v2/CHANGELOG.MD
/home/dyros/mcy_ws/piper-mou/src/piper_ros/install/piper_sdk/lib/python3.10/site-packages/piper_sdk/demo/V2/README.MD
/home/dyros/mcy_ws/piper-mou/src/piper_ros/install/piper_sdk/lib/python3.10/site-packages/piper_sdk/__pycache__/__init__.cpython-310.pyc
/home/dyros/mcy_ws/piper-mou/src/piper_ros/install/piper_sdk/lib/python3.10/site-packages/piper_sdk/__pycache__/version.cpython-310.pyc
/home/dyros/mcy_ws/piper-mou/src/piper_ros/install/piper_sdk/lib/python3.10/site-packages/piper_sdk/utils/__pycache__/__init__.cpython-310.pyc
/home/dyros/mcy_ws/piper-mou/src/piper_ros/install/piper_sdk/lib/python3.10/site-packages/piper_sdk/utils/__pycache__/logger_mag.cpython-310.pyc
/home/dyros/mcy_ws/piper-mou/src/piper_ros/install/piper_sdk/lib/python3.10/site-packages/piper_sdk/utils/__pycache__/tf.cpython-310.pyc
/home/dyros/mcy_ws/piper-mou/src/piper_ros/install/piper_sdk/lib/python3.10/site-packages/piper_sdk/utils/__pycache__/fps.cpython-310.pyc
/home/dyros/mcy_ws/piper-mou/src/piper_ros/install/piper_sdk/lib/python3.10/site-packages/piper_sdk/interface/__pycache__/__init__.cpython-310.pyc
/home/dyros/mcy_ws/piper-mou/src/piper_ros/install/piper_sdk/lib/python3.10/site-packages/piper_sdk/interface/__pycache__/piper_interface.cpython-310.pyc
/home/dyros/mcy_ws/piper-mou/src/piper_ros/install/piper_sdk/lib/python3.10/site-packages/piper_sdk/interface/__pycache__/interface_version.cpython-310.pyc
/home/dyros/mcy_ws/piper-mou/src/piper_ros/install/piper_sdk/lib/python3.10/site-packages/piper_sdk/interface/__pycache__/piper_interface_v2.cpython-310.pyc
/home/dyros/mcy_ws/piper-mou/src/piper_ros/install/piper_sdk/lib/python3.10/site-packages/piper_sdk/hardware_port/__pycache__/__init__.cpython-310.pyc
/home/dyros/mcy_ws/piper-mou/src/piper_ros/install/piper_sdk/lib/python3.10/site-packages/piper_sdk/hardware_port/__pycache__/can_encapsulation_v0_4_0.cpython-310.pyc
/home/dyros/mcy_ws/piper-mou/src/piper_ros/install/piper_sdk/lib/python3.10/site-packages/piper_sdk/hardware_port/__pycache__/can_encapsulation.cpython-310.pyc
/home/dyros/mcy_ws/piper-mou/src/piper_ros/install/piper_sdk/lib/python3.10/site-packages/piper_sdk/piper_param/__pycache__/__init__.cpython-310.pyc
/home/dyros/mcy_ws/piper-mou/src/piper_ros/install/piper_sdk/lib/python3.10/site-packages/piper_sdk/piper_param/__pycache__/piper_param_manager.cpython-310.pyc
/home/dyros/mcy_ws/piper-mou/src/piper_ros/install/piper_sdk/lib/python3.10/site-packages/piper_sdk/piper_msgs/__pycache__/__init__.cpython-310.pyc
/home/dyros/mcy_ws/piper-mou/src/piper_ros/install/piper_sdk/lib/python3.10/site-packages/piper_sdk/kinematics/__pycache__/__init__.cpython-310.pyc
/home/dyros/mcy_ws/piper-mou/src/piper_ros/install/piper_sdk/lib/python3.10/site-packages/piper_sdk/kinematics/__pycache__/piper_fk.cpython-310.pyc
/home/dyros/mcy_ws/piper-mou/src/piper_ros/install/piper_sdk/lib/python3.10/site-packages/piper_sdk/log/__pycache__/__init__.cpython-310.pyc
/home/dyros/mcy_ws/piper-mou/src/piper_ros/install/piper_sdk/lib/python3.10/site-packages/piper_sdk/demo/__pycache__/__init__.cpython-310.pyc
/home/dyros/mcy_ws/piper-mou/src/piper_ros/install/piper_sdk/lib/python3.10/site-packages/piper_sdk/demo/__pycache__/detect_arm.cpython-310.pyc
/home/dyros/mcy_ws/piper-mou/src/piper_ros/install/piper_sdk/lib/python3.10/site-packages/piper_sdk/demo/__pycache__/manage_vcan.cpython-310.pyc
/home/dyros/mcy_ws/piper-mou/src/piper_ros/install/piper_sdk/lib/python3.10/site-packages/piper_sdk/protocol/__pycache__/__init__.cpython-310.pyc
/home/dyros/mcy_ws/piper-mou/src/piper_ros/install/piper_sdk/lib/python3.10/site-packages/piper_sdk/protocol/__pycache__/piper_protocol_base.cpython-310.pyc
/home/dyros/mcy_ws/piper-mou/src/piper_ros/install/piper_sdk/lib/python3.10/site-packages/piper_sdk/piper_msgs/msg_v2/__pycache__/__init__.cpython-310.pyc
/home/dyros/mcy_ws/piper-mou/src/piper_ros/install/piper_sdk/lib/python3.10/site-packages/piper_sdk/piper_msgs/msg_v2/__pycache__/arm_id_type_map.cpython-310.pyc
/home/dyros/mcy_ws/piper-mou/src/piper_ros/install/piper_sdk/lib/python3.10/site-packages/piper_sdk/piper_msgs/msg_v2/__pycache__/arm_messages.cpython-310.pyc
/home/dyros/mcy_ws/piper-mou/src/piper_ros/install/piper_sdk/lib/python3.10/site-packages/piper_sdk/piper_msgs/msg_v2/__pycache__/can_id.cpython-310.pyc
/home/dyros/mcy_ws/piper-mou/src/piper_ros/install/piper_sdk/lib/python3.10/site-packages/piper_sdk/piper_msgs/msg_v2/__pycache__/arm_msg_type.cpython-310.pyc
/home/dyros/mcy_ws/piper-mou/src/piper_ros/install/piper_sdk/lib/python3.10/site-packages/piper_sdk/piper_msgs/msg_v2/feedback/__pycache__/__init__.cpython-310.pyc
/home/dyros/mcy_ws/piper-mou/src/piper_ros/install/piper_sdk/lib/python3.10/site-packages/piper_sdk/piper_msgs/msg_v2/feedback/__pycache__/arm_feedback_crash_protection_rating.cpython-310.pyc
/home/dyros/mcy_ws/piper-mou/src/piper_ros/install/piper_sdk/lib/python3.10/site-packages/piper_sdk/piper_msgs/msg_v2/feedback/__pycache__/arm_feedback_status.cpython-310.pyc
/home/dyros/mcy_ws/piper-mou/src/piper_ros/install/piper_sdk/lib/python3.10/site-packages/piper_sdk/piper_msgs/msg_v2/feedback/__pycache__/arm_feedback_high_spd.cpython-310.pyc
/home/dyros/mcy_ws/piper-mou/src/piper_ros/install/piper_sdk/lib/python3.10/site-packages/piper_sdk/piper_msgs/msg_v2/feedback/__pycache__/arm_feedback_end_pose.cpython-310.pyc
/home/dyros/mcy_ws/piper-mou/src/piper_ros/install/piper_sdk/lib/python3.10/site-packages/piper_sdk/piper_msgs/msg_v2/feedback/__pycache__/arm_feedback_joint_vel_acc.cpython-310.pyc
/home/dyros/mcy_ws/piper-mou/src/piper_ros/install/piper_sdk/lib/python3.10/site-packages/piper_sdk/piper_msgs/msg_v2/feedback/__pycache__/arm_feedback_joint_states.cpython-310.pyc
/home/dyros/mcy_ws/piper-mou/src/piper_ros/install/piper_sdk/lib/python3.10/site-packages/piper_sdk/piper_msgs/msg_v2/feedback/__pycache__/arm_feedback_gripper.cpython-310.pyc
/home/dyros/mcy_ws/piper-mou/src/piper_ros/install/piper_sdk/lib/python3.10/site-packages/piper_sdk/piper_msgs/msg_v2/feedback/__pycache__/arm_feedback_current_motor_angle_limit_max_spd.cpython-310.pyc
/home/dyros/mcy_ws/piper-mou/src/piper_ros/install/piper_sdk/lib/python3.10/site-packages/piper_sdk/piper_msgs/msg_v2/feedback/__pycache__/arm_feedback_gripper_teaching_param.cpython-310.pyc
/home/dyros/mcy_ws/piper-mou/src/piper_ros/install/piper_sdk/lib/python3.10/site-packages/piper_sdk/piper_msgs/msg_v2/feedback/__pycache__/arm_feedback_current_end_vel_acc_param.cpython-310.pyc
/home/dyros/mcy_ws/piper-mou/src/piper_ros/install/piper_sdk/lib/python3.10/site-packages/piper_sdk/piper_msgs/msg_v2/feedback/__pycache__/arm_feedback_low_spd.cpython-310.pyc
/home/dyros/mcy_ws/piper-mou/src/piper_ros/install/piper_sdk/lib/python3.10/site-packages/piper_sdk/piper_msgs/msg_v2/feedback/__pycache__/arm_feedback_current_motor_max_acc_limit.cpython-310.pyc
/home/dyros/mcy_ws/piper-mou/src/piper_ros/install/piper_sdk/lib/python3.10/site-packages/piper_sdk/piper_msgs/msg_v2/transmit/__pycache__/__init__.cpython-310.pyc
/home/dyros/mcy_ws/piper-mou/src/piper_ros/install/piper_sdk/lib/python3.10/site-packages/piper_sdk/piper_msgs/msg_v2/transmit/__pycache__/arm_joint_config.cpython-310.pyc
/home/dyros/mcy_ws/piper-mou/src/piper_ros/install/piper_sdk/lib/python3.10/site-packages/piper_sdk/piper_msgs/msg_v2/transmit/__pycache__/arm_motion_ctrl_2.cpython-310.pyc
/home/dyros/mcy_ws/piper-mou/src/piper_ros/install/piper_sdk/lib/python3.10/site-packages/piper_sdk/piper_msgs/msg_v2/transmit/__pycache__/arm_light_ctrl.cpython-310.pyc
/home/dyros/mcy_ws/piper-mou/src/piper_ros/install/piper_sdk/lib/python3.10/site-packages/piper_sdk/piper_msgs/msg_v2/transmit/__pycache__/arm_param_enquiry_and_config.cpython-310.pyc
/home/dyros/mcy_ws/piper-mou/src/piper_ros/install/piper_sdk/lib/python3.10/site-packages/piper_sdk/piper_msgs/msg_v2/transmit/__pycache__/arm_motion_ctrl_cartesian.cpython-310.pyc
/home/dyros/mcy_ws/piper-mou/src/piper_ros/install/piper_sdk/lib/python3.10/site-packages/piper_sdk/piper_msgs/msg_v2/transmit/__pycache__/arm_master_slave_config.cpython-310.pyc
/home/dyros/mcy_ws/piper-mou/src/piper_ros/install/piper_sdk/lib/python3.10/site-packages/piper_sdk/piper_msgs/msg_v2/transmit/__pycache__/arm_crash_protection_rating_config.cpython-310.pyc
/home/dyros/mcy_ws/piper-mou/src/piper_ros/install/piper_sdk/lib/python3.10/site-packages/piper_sdk/piper_msgs/msg_v2/transmit/__pycache__/arm_motor_enable_disable.cpython-310.pyc
/home/dyros/mcy_ws/piper-mou/src/piper_ros/install/piper_sdk/lib/python3.10/site-packages/piper_sdk/piper_msgs/msg_v2/transmit/__pycache__/arm_motor_angle_limit_max_spd_config.cpython-310.pyc
/home/dyros/mcy_ws/piper-mou/src/piper_ros/install/piper_sdk/lib/python3.10/site-packages/piper_sdk/piper_msgs/msg_v2/transmit/__pycache__/arm_set_instruction_response.cpython-310.pyc
/home/dyros/mcy_ws/piper-mou/src/piper_ros/install/piper_sdk/lib/python3.10/site-packages/piper_sdk/piper_msgs/msg_v2/transmit/__pycache__/arm_search_motor_max_angle_spd_acc_limit.cpython-310.pyc
/home/dyros/mcy_ws/piper-mou/src/piper_ros/install/piper_sdk/lib/python3.10/site-packages/piper_sdk/piper_msgs/msg_v2/transmit/__pycache__/arm_motion_ctrl_1.cpython-310.pyc
/home/dyros/mcy_ws/piper-mou/src/piper_ros/install/piper_sdk/lib/python3.10/site-packages/piper_sdk/piper_msgs/msg_v2/transmit/__pycache__/arm_end_vel_acc_param_config.cpython-310.pyc
/home/dyros/mcy_ws/piper-mou/src/piper_ros/install/piper_sdk/lib/python3.10/site-packages/piper_sdk/piper_msgs/msg_v2/transmit/__pycache__/arm_circular_pattern.cpython-310.pyc
/home/dyros/mcy_ws/piper-mou/src/piper_ros/install/piper_sdk/lib/python3.10/site-packages/piper_sdk/piper_msgs/msg_v2/transmit/__pycache__/arm_joint_mit_ctrl.cpython-310.pyc
/home/dyros/mcy_ws/piper-mou/src/piper_ros/install/piper_sdk/lib/python3.10/site-packages/piper_sdk/piper_msgs/msg_v2/transmit/__pycache__/arm_gripper_ctrl.cpython-310.pyc
/home/dyros/mcy_ws/piper-mou/src/piper_ros/install/piper_sdk/lib/python3.10/site-packages/piper_sdk/piper_msgs/msg_v2/transmit/__pycache__/arm_joint_ctrl.cpython-310.pyc
/home/dyros/mcy_ws/piper-mou/src/piper_ros/install/piper_sdk/lib/python3.10/site-packages/piper_sdk/piper_msgs/msg_v2/transmit/__pycache__/arm_gripper_teaching_param_config.cpython-310.pyc
/home/dyros/mcy_ws/piper-mou/src/piper_ros/install/piper_sdk/lib/python3.10/site-packages/piper_sdk/demo/V2/__pycache__/piper_set_motor_max_acc_limit.cpython-310.pyc
/home/dyros/mcy_ws/piper-mou/src/piper_ros/install/piper_sdk/lib/python3.10/site-packages/piper_sdk/demo/V2/__pycache__/__init__.cpython-310.pyc
/home/dyros/mcy_ws/piper-mou/src/piper_ros/install/piper_sdk/lib/python3.10/site-packages/piper_sdk/demo/V2/__pycache__/piper_read_status.cpython-310.pyc
/home/dyros/mcy_ws/piper-mou/src/piper_ros/install/piper_sdk/lib/python3.10/site-packages/piper_sdk/demo/V2/__pycache__/piper_set_master.cpython-310.pyc
/home/dyros/mcy_ws/piper-mou/src/piper_ros/install/piper_sdk/lib/python3.10/site-packages/piper_sdk/demo/V2/__pycache__/piper_set_mit.cpython-310.pyc
/home/dyros/mcy_ws/piper-mou/src/piper_ros/install/piper_sdk/lib/python3.10/site-packages/piper_sdk/demo/V2/__pycache__/piper_ctrl_enable.cpython-310.pyc
/home/dyros/mcy_ws/piper-mou/src/piper_ros/install/piper_sdk/lib/python3.10/site-packages/piper_sdk/demo/V2/__pycache__/piper_ctrl_moveC.cpython-310.pyc
/home/dyros/mcy_ws/piper-mou/src/piper_ros/install/piper_sdk/lib/python3.10/site-packages/piper_sdk/demo/V2/__pycache__/V2_piper_set_installation_pos.cpython-310.pyc
/home/dyros/mcy_ws/piper-mou/src/piper_ros/install/piper_sdk/lib/python3.10/site-packages/piper_sdk/demo/V2/__pycache__/piper_ctrl_joint.cpython-310.pyc
/home/dyros/mcy_ws/piper-mou/src/piper_ros/install/piper_sdk/lib/python3.10/site-packages/piper_sdk/demo/V2/__pycache__/piper_read_high_msg.cpython-310.pyc
/home/dyros/mcy_ws/piper-mou/src/piper_ros/install/piper_sdk/lib/python3.10/site-packages/piper_sdk/demo/V2/__pycache__/V2_piper_ctrl_motor_max_spd.cpython-310.pyc
/home/dyros/mcy_ws/piper-mou/src/piper_ros/install/piper_sdk/lib/python3.10/site-packages/piper_sdk/demo/V2/__pycache__/piper_ctrl_disable.cpython-310.pyc
/home/dyros/mcy_ws/piper-mou/src/piper_ros/install/piper_sdk/lib/python3.10/site-packages/piper_sdk/demo/V2/__pycache__/piper_read_arm_motor_max_angle_spd.cpython-310.pyc
/home/dyros/mcy_ws/piper-mou/src/piper_ros/install/piper_sdk/lib/python3.10/site-packages/piper_sdk/demo/V2/__pycache__/piper_set_init_default.cpython-310.pyc
/home/dyros/mcy_ws/piper-mou/src/piper_ros/install/piper_sdk/lib/python3.10/site-packages/piper_sdk/demo/V2/__pycache__/piper_read_joint_state.cpython-310.pyc
/home/dyros/mcy_ws/piper-mou/src/piper_ros/install/piper_sdk/lib/python3.10/site-packages/piper_sdk/demo/V2/__pycache__/piper_read_gripper_status.cpython-310.pyc
/home/dyros/mcy_ws/piper-mou/src/piper_ros/install/piper_sdk/lib/python3.10/site-packages/piper_sdk/demo/V2/__pycache__/piper_test_multi_interface_instance.cpython-310.pyc
/home/dyros/mcy_ws/piper-mou/src/piper_ros/install/piper_sdk/lib/python3.10/site-packages/piper_sdk/demo/V2/__pycache__/piper_read_joint_ctrl.cpython-310.pyc
/home/dyros/mcy_ws/piper-mou/src/piper_ros/install/piper_sdk/lib/python3.10/site-packages/piper_sdk/demo/V2/__pycache__/piper_read_crash_protectation.cpython-310.pyc
/home/dyros/mcy_ws/piper-mou/src/piper_ros/install/piper_sdk/lib/python3.10/site-packages/piper_sdk/demo/V2/__pycache__/piper_ctrl_line.cpython-310.pyc
/home/dyros/mcy_ws/piper-mou/src/piper_ros/install/piper_sdk/lib/python3.10/site-packages/piper_sdk/demo/V2/__pycache__/piper_ctrl_stop.cpython-310.pyc
/home/dyros/mcy_ws/piper-mou/src/piper_ros/install/piper_sdk/lib/python3.10/site-packages/piper_sdk/demo/V2/__pycache__/piper_read_mode_ctrl.cpython-310.pyc
/home/dyros/mcy_ws/piper-mou/src/piper_ros/install/piper_sdk/lib/python3.10/site-packages/piper_sdk/demo/V2/__pycache__/piper_read_end_pose.cpython-310.pyc
/home/dyros/mcy_ws/piper-mou/src/piper_ros/install/piper_sdk/lib/python3.10/site-packages/piper_sdk/demo/V2/__pycache__/piper_ctrl_end_pose.cpython-310.pyc
/home/dyros/mcy_ws/piper-mou/src/piper_ros/install/piper_sdk/lib/python3.10/site-packages/piper_sdk/demo/V2/__pycache__/piper_set_load.cpython-310.pyc
/home/dyros/mcy_ws/piper-mou/src/piper_ros/install/piper_sdk/lib/python3.10/site-packages/piper_sdk/demo/V2/__pycache__/piper_read_all_fps.cpython-310.pyc
/home/dyros/mcy_ws/piper-mou/src/piper_ros/install/piper_sdk/lib/python3.10/site-packages/piper_sdk/demo/V2/__pycache__/piper_read_fk.cpython-310.pyc
/home/dyros/mcy_ws/piper-mou/src/piper_ros/install/piper_sdk/lib/python3.10/site-packages/piper_sdk/demo/V2/__pycache__/piper_read_arm_motor_max_acc_limit.cpython-310.pyc
/home/dyros/mcy_ws/piper-mou/src/piper_ros/install/piper_sdk/lib/python3.10/site-packages/piper_sdk/demo/V2/__pycache__/piper_test_interface_disconnect.cpython-310.pyc
/home/dyros/mcy_ws/piper-mou/src/piper_ros/install/piper_sdk/lib/python3.10/site-packages/piper_sdk/demo/V2/__pycache__/piper_read_low_msg.cpython-310.pyc
/home/dyros/mcy_ws/piper-mou/src/piper_ros/install/piper_sdk/lib/python3.10/site-packages/piper_sdk/demo/V2/__pycache__/piper_set_slave.cpython-310.pyc
/home/dyros/mcy_ws/piper-mou/src/piper_ros/install/piper_sdk/lib/python3.10/site-packages/piper_sdk/demo/V2/__pycache__/piper_ctrl_go_zero.cpython-310.pyc
/home/dyros/mcy_ws/piper-mou/src/piper_ros/install/piper_sdk/lib/python3.10/site-packages/piper_sdk/demo/V2/__pycache__/piper_set_sdk_param.cpython-310.pyc
/home/dyros/mcy_ws/piper-mou/src/piper_ros/install/piper_sdk/lib/python3.10/site-packages/piper_sdk/demo/V2/__pycache__/V2_piper_set_gripper_param.cpython-310.pyc
/home/dyros/mcy_ws/piper-mou/src/piper_ros/install/piper_sdk/lib/python3.10/site-packages/piper_sdk/demo/V2/__pycache__/piper_ctrl_reset.cpython-310.pyc
/home/dyros/mcy_ws/piper-mou/src/piper_ros/install/piper_sdk/lib/python3.10/site-packages/piper_sdk/demo/V2/__pycache__/piper_ctrl_gripper.cpython-310.pyc
/home/dyros/mcy_ws/piper-mou/src/piper_ros/install/piper_sdk/lib/python3.10/site-packages/piper_sdk/demo/V2/__pycache__/piper_read_firmware.cpython-310.pyc
/home/dyros/mcy_ws/piper-mou/src/piper_ros/install/piper_sdk/lib/python3.10/site-packages/piper_sdk/demo/V2/__pycache__/piper_set_gripper_zero.cpython-310.pyc
/home/dyros/mcy_ws/piper-mou/src/piper_ros/install/piper_sdk/lib/python3.10/site-packages/piper_sdk/demo/V2/__pycache__/V2_piper_ctrl_joint_mit.cpython-310.pyc
/home/dyros/mcy_ws/piper-mou/src/piper_ros/install/piper_sdk/lib/python3.10/site-packages/piper_sdk/demo/V2/__pycache__/V2_piper_read_gripper_param_feedback.cpython-310.pyc
/home/dyros/mcy_ws/piper-mou/src/piper_ros/install/piper_sdk/lib/python3.10/site-packages/piper_sdk/demo/V2/__pycache__/piper_read_mode_ctrl_canid_151.cpython-310.pyc
/home/dyros/mcy_ws/piper-mou/src/piper_ros/install/piper_sdk/lib/python3.10/site-packages/piper_sdk/demo/V2/__pycache__/piper_set_log_level.cpython-310.pyc
/home/dyros/mcy_ws/piper-mou/src/piper_ros/install/piper_sdk/lib/python3.10/site-packages/piper_sdk/demo/V2/__pycache__/piper_read_version.cpython-310.pyc
/home/dyros/mcy_ws/piper-mou/src/piper_ros/install/piper_sdk/lib/python3.10/site-packages/piper_sdk/protocol/protocol_v2/__pycache__/__init__.cpython-310.pyc
/home/dyros/mcy_ws/piper-mou/src/piper_ros/install/piper_sdk/lib/python3.10/site-packages/piper_sdk/protocol/protocol_v2/__pycache__/piper_protocol_v2.cpython-310.pyc
/home/dyros/mcy_ws/piper-mou/src/piper_ros/install/piper_sdk/lib/python3.10/site-packages/piper_sdk-0.4.2-py3.10.egg-info/requires.txt
/home/dyros/mcy_ws/piper-mou/src/piper_ros/install/piper_sdk/lib/python3.10/site-packages/piper_sdk-0.4.2-py3.10.egg-info/dependency_links.txt
/home/dyros/mcy_ws/piper-mou/src/piper_ros/install/piper_sdk/lib/python3.10/site-packages/piper_sdk-0.4.2-py3.10.egg-info/SOURCES.txt
/home/dyros/mcy_ws/piper-mou/src/piper_ros/install/piper_sdk/lib/python3.10/site-packages/piper_sdk-0.4.2-py3.10.egg-info/top_level.txt
/home/dyros/mcy_ws/piper-mou/src/piper_ros/install/piper_sdk/lib/python3.10/site-packages/piper_sdk-0.4.2-py3.10.egg-info/PKG-INFO
