[0.181s] DEBUG:colcon:Command line arguments: ['/usr/bin/colcon', 'build']
[0.181s] DEBUG:colcon:Parsed command line arguments: Namespace(log_base=None, log_level=None, verb_name='build', build_base='build', install_base='install', merge_install=False, symlink_install=False, test_result_base=None, continue_on_error=False, executor='parallel', parallel_workers=12, event_handlers=None, ignore_user_meta=False, metas=['./colcon.meta'], base_paths=['.'], packages_ignore=None, packages_ignore_regex=None, paths=None, packages_up_to=None, packages_up_to_regex=None, packages_above=None, packages_above_and_dependencies=None, packages_above_depth=None, packages_select_by_dep=None, packages_skip_by_dep=None, packages_skip_up_to=None, packages_select_build_failed=False, packages_skip_build_finished=False, packages_select_test_failures=False, packages_skip_test_passed=False, packages_select=None, packages_skip=None, packages_select_regex=None, packages_skip_regex=None, packages_start=None, packages_end=None, allow_overriding=[], cmake_args=None, cmake_target=None, cmake_target_skip_unavailable=False, cmake_clean_cache=False, cmake_clean_first=False, cmake_force_configure=False, ament_cmake_args=None, catkin_cmake_args=None, catkin_skip_building_tests=False, verb_parser=<colcon_defaults.argument_parser.defaults.DefaultArgumentsDecorator object at 0x72bea945b490>, verb_extension=<colcon_core.verb.build.BuildVerb object at 0x72bea9594fd0>, main=<bound method BuildVerb.main of <colcon_core.verb.build.BuildVerb object at 0x72bea9594fd0>>)
[0.248s] Level 1:colcon.colcon_core.package_discovery:discover_packages(colcon_meta) check parameters
[0.248s] Level 1:colcon.colcon_core.package_discovery:discover_packages(recursive) check parameters
[0.248s] Level 1:colcon.colcon_core.package_discovery:discover_packages(ignore) check parameters
[0.248s] Level 1:colcon.colcon_core.package_discovery:discover_packages(path) check parameters
[0.248s] Level 1:colcon.colcon_core.package_discovery:discover_packages(colcon_meta) discover
[0.248s] Level 1:colcon.colcon_core.package_discovery:discover_packages(recursive) discover
[0.249s] INFO:colcon.colcon_core.package_discovery:Crawling recursively for packages in '/home/cheon/Documents/dyros/piper-mou/piper_ros'
[0.249s] Level 1:colcon.colcon_core.package_identification:_identify(.) by extensions ['ignore', 'ignore_ament_install']
[0.249s] Level 1:colcon.colcon_core.package_identification:_identify(.) by extension 'ignore'
[0.249s] Level 1:colcon.colcon_core.package_identification:_identify(.) by extension 'ignore_ament_install'
[0.249s] Level 1:colcon.colcon_core.package_identification:_identify(.) by extensions ['colcon_pkg']
[0.249s] Level 1:colcon.colcon_core.package_identification:_identify(.) by extension 'colcon_pkg'
[0.249s] Level 1:colcon.colcon_core.package_identification:_identify(.) by extensions ['colcon_meta']
[0.249s] Level 1:colcon.colcon_core.package_identification:_identify(.) by extension 'colcon_meta'
[0.249s] Level 1:colcon.colcon_core.package_identification:_identify(.) by extensions ['ros']
[0.249s] Level 1:colcon.colcon_core.package_identification:_identify(.) by extension 'ros'
[0.276s] Level 1:colcon.colcon_core.package_identification:_identify(.) by extensions ['cmake', 'python']
[0.276s] Level 1:colcon.colcon_core.package_identification:_identify(.) by extension 'cmake'
[0.276s] Level 1:colcon.colcon_core.package_identification:_identify(.) by extension 'python'
[0.276s] Level 1:colcon.colcon_core.package_identification:_identify(.) by extensions ['python_setup_py']
[0.276s] Level 1:colcon.colcon_core.package_identification:_identify(.) by extension 'python_setup_py'
[0.276s] Level 1:colcon.colcon_core.package_identification:_identify(asserts) by extensions ['ignore', 'ignore_ament_install']
[0.276s] Level 1:colcon.colcon_core.package_identification:_identify(asserts) by extension 'ignore'
[0.277s] Level 1:colcon.colcon_core.package_identification:_identify(asserts) by extension 'ignore_ament_install'
[0.277s] Level 1:colcon.colcon_core.package_identification:_identify(asserts) by extensions ['colcon_pkg']
[0.277s] Level 1:colcon.colcon_core.package_identification:_identify(asserts) by extension 'colcon_pkg'
[0.277s] Level 1:colcon.colcon_core.package_identification:_identify(asserts) by extensions ['colcon_meta']
[0.277s] Level 1:colcon.colcon_core.package_identification:_identify(asserts) by extension 'colcon_meta'
[0.277s] Level 1:colcon.colcon_core.package_identification:_identify(asserts) by extensions ['ros']
[0.277s] Level 1:colcon.colcon_core.package_identification:_identify(asserts) by extension 'ros'
[0.277s] Level 1:colcon.colcon_core.package_identification:_identify(asserts) by extensions ['cmake', 'python']
[0.277s] Level 1:colcon.colcon_core.package_identification:_identify(asserts) by extension 'cmake'
[0.277s] Level 1:colcon.colcon_core.package_identification:_identify(asserts) by extension 'python'
[0.277s] Level 1:colcon.colcon_core.package_identification:_identify(asserts) by extensions ['python_setup_py']
[0.277s] Level 1:colcon.colcon_core.package_identification:_identify(asserts) by extension 'python_setup_py'
[0.277s] Level 1:colcon.colcon_core.package_identification:_identify(asserts/pictures) by extensions ['ignore', 'ignore_ament_install']
[0.278s] Level 1:colcon.colcon_core.package_identification:_identify(asserts/pictures) by extension 'ignore'
[0.278s] Level 1:colcon.colcon_core.package_identification:_identify(asserts/pictures) by extension 'ignore_ament_install'
[0.278s] Level 1:colcon.colcon_core.package_identification:_identify(asserts/pictures) by extensions ['colcon_pkg']
[0.278s] Level 1:colcon.colcon_core.package_identification:_identify(asserts/pictures) by extension 'colcon_pkg'
[0.278s] Level 1:colcon.colcon_core.package_identification:_identify(asserts/pictures) by extensions ['colcon_meta']
[0.278s] Level 1:colcon.colcon_core.package_identification:_identify(asserts/pictures) by extension 'colcon_meta'
[0.278s] Level 1:colcon.colcon_core.package_identification:_identify(asserts/pictures) by extensions ['ros']
[0.278s] Level 1:colcon.colcon_core.package_identification:_identify(asserts/pictures) by extension 'ros'
[0.278s] Level 1:colcon.colcon_core.package_identification:_identify(asserts/pictures) by extensions ['cmake', 'python']
[0.278s] Level 1:colcon.colcon_core.package_identification:_identify(asserts/pictures) by extension 'cmake'
[0.278s] Level 1:colcon.colcon_core.package_identification:_identify(asserts/pictures) by extension 'python'
[0.278s] Level 1:colcon.colcon_core.package_identification:_identify(asserts/pictures) by extensions ['python_setup_py']
[0.278s] Level 1:colcon.colcon_core.package_identification:_identify(asserts/pictures) by extension 'python_setup_py'
[0.279s] Level 1:colcon.colcon_core.package_identification:_identify(build) by extensions ['ignore', 'ignore_ament_install']
[0.279s] Level 1:colcon.colcon_core.package_identification:_identify(build) by extension 'ignore'
[0.279s] Level 1:colcon.colcon_core.package_identification:_identify(build) ignored
[0.279s] Level 1:colcon.colcon_core.package_identification:_identify(install) by extensions ['ignore', 'ignore_ament_install']
[0.279s] Level 1:colcon.colcon_core.package_identification:_identify(install) by extension 'ignore'
[0.279s] Level 1:colcon.colcon_core.package_identification:_identify(install) ignored
[0.280s] Level 1:colcon.colcon_core.package_identification:_identify(log) by extensions ['ignore', 'ignore_ament_install']
[0.280s] Level 1:colcon.colcon_core.package_identification:_identify(log) by extension 'ignore'
[0.280s] Level 1:colcon.colcon_core.package_identification:_identify(log) ignored
[0.280s] Level 1:colcon.colcon_core.package_identification:_identify(src) by extensions ['ignore', 'ignore_ament_install']
[0.280s] Level 1:colcon.colcon_core.package_identification:_identify(src) by extension 'ignore'
[0.281s] Level 1:colcon.colcon_core.package_identification:_identify(src) by extension 'ignore_ament_install'
[0.281s] Level 1:colcon.colcon_core.package_identification:_identify(src) by extensions ['colcon_pkg']
[0.281s] Level 1:colcon.colcon_core.package_identification:_identify(src) by extension 'colcon_pkg'
[0.281s] Level 1:colcon.colcon_core.package_identification:_identify(src) by extensions ['colcon_meta']
[0.281s] Level 1:colcon.colcon_core.package_identification:_identify(src) by extension 'colcon_meta'
[0.281s] Level 1:colcon.colcon_core.package_identification:_identify(src) by extensions ['ros']
[0.281s] Level 1:colcon.colcon_core.package_identification:_identify(src) by extension 'ros'
[0.281s] Level 1:colcon.colcon_core.package_identification:_identify(src) by extensions ['cmake', 'python']
[0.281s] Level 1:colcon.colcon_core.package_identification:_identify(src) by extension 'cmake'
[0.282s] Level 1:colcon.colcon_core.package_identification:_identify(src) by extension 'python'
[0.282s] Level 1:colcon.colcon_core.package_identification:_identify(src) by extensions ['python_setup_py']
[0.282s] Level 1:colcon.colcon_core.package_identification:_identify(src) by extension 'python_setup_py'
[0.282s] Level 1:colcon.colcon_core.package_identification:_identify(src/piper) by extensions ['ignore', 'ignore_ament_install']
[0.282s] Level 1:colcon.colcon_core.package_identification:_identify(src/piper) by extension 'ignore'
[0.282s] Level 1:colcon.colcon_core.package_identification:_identify(src/piper) by extension 'ignore_ament_install'
[0.282s] Level 1:colcon.colcon_core.package_identification:_identify(src/piper) by extensions ['colcon_pkg']
[0.282s] Level 1:colcon.colcon_core.package_identification:_identify(src/piper) by extension 'colcon_pkg'
[0.283s] Level 1:colcon.colcon_core.package_identification:_identify(src/piper) by extensions ['colcon_meta']
[0.283s] Level 1:colcon.colcon_core.package_identification:_identify(src/piper) by extension 'colcon_meta'
[0.283s] Level 1:colcon.colcon_core.package_identification:_identify(src/piper) by extensions ['ros']
[0.283s] Level 1:colcon.colcon_core.package_identification:_identify(src/piper) by extension 'ros'
[0.287s] DEBUG:colcon.colcon_core.package_identification:Package 'src/piper' with type 'ros.ament_python' and name 'piper'
[0.287s] Level 1:colcon.colcon_core.package_identification:_identify(src/piper_description) by extensions ['ignore', 'ignore_ament_install']
[0.287s] Level 1:colcon.colcon_core.package_identification:_identify(src/piper_description) by extension 'ignore'
[0.287s] Level 1:colcon.colcon_core.package_identification:_identify(src/piper_description) by extension 'ignore_ament_install'
[0.288s] Level 1:colcon.colcon_core.package_identification:_identify(src/piper_description) by extensions ['colcon_pkg']
[0.288s] Level 1:colcon.colcon_core.package_identification:_identify(src/piper_description) by extension 'colcon_pkg'
[0.288s] Level 1:colcon.colcon_core.package_identification:_identify(src/piper_description) by extensions ['colcon_meta']
[0.288s] Level 1:colcon.colcon_core.package_identification:_identify(src/piper_description) by extension 'colcon_meta'
[0.288s] Level 1:colcon.colcon_core.package_identification:_identify(src/piper_description) by extensions ['ros']
[0.288s] Level 1:colcon.colcon_core.package_identification:_identify(src/piper_description) by extension 'ros'
[0.289s] DEBUG:colcon.colcon_core.package_identification:Package 'src/piper_description' with type 'ros.ament_cmake' and name 'piper_description'
[0.289s] Level 1:colcon.colcon_core.package_identification:_identify(src/piper_humble) by extensions ['ignore', 'ignore_ament_install']
[0.289s] Level 1:colcon.colcon_core.package_identification:_identify(src/piper_humble) by extension 'ignore'
[0.289s] Level 1:colcon.colcon_core.package_identification:_identify(src/piper_humble) by extension 'ignore_ament_install'
[0.290s] Level 1:colcon.colcon_core.package_identification:_identify(src/piper_humble) by extensions ['colcon_pkg']
[0.290s] Level 1:colcon.colcon_core.package_identification:_identify(src/piper_humble) by extension 'colcon_pkg'
[0.290s] Level 1:colcon.colcon_core.package_identification:_identify(src/piper_humble) by extensions ['colcon_meta']
[0.290s] Level 1:colcon.colcon_core.package_identification:_identify(src/piper_humble) by extension 'colcon_meta'
[0.290s] Level 1:colcon.colcon_core.package_identification:_identify(src/piper_humble) by extensions ['ros']
[0.290s] Level 1:colcon.colcon_core.package_identification:_identify(src/piper_humble) by extension 'ros'
[0.291s] DEBUG:colcon.colcon_core.package_identification:Package 'src/piper_humble' with type 'ros.ament_cmake' and name 'piper_humble'
[0.291s] Level 1:colcon.colcon_core.package_identification:_identify(src/piper_moveit) by extensions ['ignore', 'ignore_ament_install']
[0.291s] Level 1:colcon.colcon_core.package_identification:_identify(src/piper_moveit) by extension 'ignore'
[0.291s] Level 1:colcon.colcon_core.package_identification:_identify(src/piper_moveit) by extension 'ignore_ament_install'
[0.292s] Level 1:colcon.colcon_core.package_identification:_identify(src/piper_moveit) by extensions ['colcon_pkg']
[0.292s] Level 1:colcon.colcon_core.package_identification:_identify(src/piper_moveit) by extension 'colcon_pkg'
[0.292s] Level 1:colcon.colcon_core.package_identification:_identify(src/piper_moveit) by extensions ['colcon_meta']
[0.292s] Level 1:colcon.colcon_core.package_identification:_identify(src/piper_moveit) by extension 'colcon_meta'
[0.292s] Level 1:colcon.colcon_core.package_identification:_identify(src/piper_moveit) by extensions ['ros']
[0.292s] Level 1:colcon.colcon_core.package_identification:_identify(src/piper_moveit) by extension 'ros'
[0.292s] Level 1:colcon.colcon_core.package_identification:_identify(src/piper_moveit) by extensions ['cmake', 'python']
[0.292s] Level 1:colcon.colcon_core.package_identification:_identify(src/piper_moveit) by extension 'cmake'
[0.292s] Level 1:colcon.colcon_core.package_identification:_identify(src/piper_moveit) by extension 'python'
[0.292s] Level 1:colcon.colcon_core.package_identification:_identify(src/piper_moveit) by extensions ['python_setup_py']
[0.293s] Level 1:colcon.colcon_core.package_identification:_identify(src/piper_moveit) by extension 'python_setup_py'
[0.293s] Level 1:colcon.colcon_core.package_identification:_identify(src/piper_moveit/piper_no_gripper_moveit) by extensions ['ignore', 'ignore_ament_install']
[0.293s] Level 1:colcon.colcon_core.package_identification:_identify(src/piper_moveit/piper_no_gripper_moveit) by extension 'ignore'
[0.293s] Level 1:colcon.colcon_core.package_identification:_identify(src/piper_moveit/piper_no_gripper_moveit) by extension 'ignore_ament_install'
[0.293s] Level 1:colcon.colcon_core.package_identification:_identify(src/piper_moveit/piper_no_gripper_moveit) by extensions ['colcon_pkg']
[0.293s] Level 1:colcon.colcon_core.package_identification:_identify(src/piper_moveit/piper_no_gripper_moveit) by extension 'colcon_pkg'
[0.293s] Level 1:colcon.colcon_core.package_identification:_identify(src/piper_moveit/piper_no_gripper_moveit) by extensions ['colcon_meta']
[0.293s] Level 1:colcon.colcon_core.package_identification:_identify(src/piper_moveit/piper_no_gripper_moveit) by extension 'colcon_meta'
[0.294s] Level 1:colcon.colcon_core.package_identification:_identify(src/piper_moveit/piper_no_gripper_moveit) by extensions ['ros']
[0.294s] Level 1:colcon.colcon_core.package_identification:_identify(src/piper_moveit/piper_no_gripper_moveit) by extension 'ros'
[0.295s] DEBUG:colcon.colcon_core.package_identification:Package 'src/piper_moveit/piper_no_gripper_moveit' with type 'ros.ament_cmake' and name 'piper_no_gripper_moveit'
[0.295s] Level 1:colcon.colcon_core.package_identification:_identify(src/piper_moveit/piper_with_gripper_moveit) by extensions ['ignore', 'ignore_ament_install']
[0.295s] Level 1:colcon.colcon_core.package_identification:_identify(src/piper_moveit/piper_with_gripper_moveit) by extension 'ignore'
[0.296s] Level 1:colcon.colcon_core.package_identification:_identify(src/piper_moveit/piper_with_gripper_moveit) by extension 'ignore_ament_install'
[0.296s] Level 1:colcon.colcon_core.package_identification:_identify(src/piper_moveit/piper_with_gripper_moveit) by extensions ['colcon_pkg']
[0.296s] Level 1:colcon.colcon_core.package_identification:_identify(src/piper_moveit/piper_with_gripper_moveit) by extension 'colcon_pkg'
[0.296s] Level 1:colcon.colcon_core.package_identification:_identify(src/piper_moveit/piper_with_gripper_moveit) by extensions ['colcon_meta']
[0.296s] Level 1:colcon.colcon_core.package_identification:_identify(src/piper_moveit/piper_with_gripper_moveit) by extension 'colcon_meta'
[0.296s] Level 1:colcon.colcon_core.package_identification:_identify(src/piper_moveit/piper_with_gripper_moveit) by extensions ['ros']
[0.296s] Level 1:colcon.colcon_core.package_identification:_identify(src/piper_moveit/piper_with_gripper_moveit) by extension 'ros'
[0.298s] DEBUG:colcon.colcon_core.package_identification:Package 'src/piper_moveit/piper_with_gripper_moveit' with type 'ros.ament_cmake' and name 'piper_with_gripper_moveit'
[0.298s] Level 1:colcon.colcon_core.package_identification:_identify(src/piper_msgs) by extensions ['ignore', 'ignore_ament_install']
[0.299s] Level 1:colcon.colcon_core.package_identification:_identify(src/piper_msgs) by extension 'ignore'
[0.299s] Level 1:colcon.colcon_core.package_identification:_identify(src/piper_msgs) by extension 'ignore_ament_install'
[0.299s] Level 1:colcon.colcon_core.package_identification:_identify(src/piper_msgs) by extensions ['colcon_pkg']
[0.299s] Level 1:colcon.colcon_core.package_identification:_identify(src/piper_msgs) by extension 'colcon_pkg'
[0.299s] Level 1:colcon.colcon_core.package_identification:_identify(src/piper_msgs) by extensions ['colcon_meta']
[0.299s] Level 1:colcon.colcon_core.package_identification:_identify(src/piper_msgs) by extension 'colcon_meta'
[0.299s] Level 1:colcon.colcon_core.package_identification:_identify(src/piper_msgs) by extensions ['ros']
[0.299s] Level 1:colcon.colcon_core.package_identification:_identify(src/piper_msgs) by extension 'ros'
[0.300s] DEBUG:colcon.colcon_core.package_identification:Package 'src/piper_msgs' with type 'ros.ament_cmake' and name 'piper_msgs'
[0.301s] Level 1:colcon.colcon_core.package_identification:_identify(src/piper_sim) by extensions ['ignore', 'ignore_ament_install']
[0.301s] Level 1:colcon.colcon_core.package_identification:_identify(src/piper_sim) by extension 'ignore'
[0.301s] Level 1:colcon.colcon_core.package_identification:_identify(src/piper_sim) by extension 'ignore_ament_install'
[0.301s] Level 1:colcon.colcon_core.package_identification:_identify(src/piper_sim) by extensions ['colcon_pkg']
[0.301s] Level 1:colcon.colcon_core.package_identification:_identify(src/piper_sim) by extension 'colcon_pkg'
[0.301s] Level 1:colcon.colcon_core.package_identification:_identify(src/piper_sim) by extensions ['colcon_meta']
[0.301s] Level 1:colcon.colcon_core.package_identification:_identify(src/piper_sim) by extension 'colcon_meta'
[0.301s] Level 1:colcon.colcon_core.package_identification:_identify(src/piper_sim) by extensions ['ros']
[0.302s] Level 1:colcon.colcon_core.package_identification:_identify(src/piper_sim) by extension 'ros'
[0.302s] Level 1:colcon.colcon_core.package_identification:_identify(src/piper_sim) by extensions ['cmake', 'python']
[0.302s] Level 1:colcon.colcon_core.package_identification:_identify(src/piper_sim) by extension 'cmake'
[0.302s] Level 1:colcon.colcon_core.package_identification:_identify(src/piper_sim) by extension 'python'
[0.302s] Level 1:colcon.colcon_core.package_identification:_identify(src/piper_sim) by extensions ['python_setup_py']
[0.302s] Level 1:colcon.colcon_core.package_identification:_identify(src/piper_sim) by extension 'python_setup_py'
[0.302s] Level 1:colcon.colcon_core.package_identification:_identify(src/piper_sim/piper_gazebo) by extensions ['ignore', 'ignore_ament_install']
[0.302s] Level 1:colcon.colcon_core.package_identification:_identify(src/piper_sim/piper_gazebo) by extension 'ignore'
[0.303s] Level 1:colcon.colcon_core.package_identification:_identify(src/piper_sim/piper_gazebo) by extension 'ignore_ament_install'
[0.303s] Level 1:colcon.colcon_core.package_identification:_identify(src/piper_sim/piper_gazebo) by extensions ['colcon_pkg']
[0.303s] Level 1:colcon.colcon_core.package_identification:_identify(src/piper_sim/piper_gazebo) by extension 'colcon_pkg'
[0.303s] Level 1:colcon.colcon_core.package_identification:_identify(src/piper_sim/piper_gazebo) by extensions ['colcon_meta']
[0.303s] Level 1:colcon.colcon_core.package_identification:_identify(src/piper_sim/piper_gazebo) by extension 'colcon_meta'
[0.303s] Level 1:colcon.colcon_core.package_identification:_identify(src/piper_sim/piper_gazebo) by extensions ['ros']
[0.303s] Level 1:colcon.colcon_core.package_identification:_identify(src/piper_sim/piper_gazebo) by extension 'ros'
[0.304s] DEBUG:colcon.colcon_core.package_identification:Package 'src/piper_sim/piper_gazebo' with type 'ros.ament_cmake' and name 'piper_gazebo'
[0.304s] Level 1:colcon.colcon_core.package_discovery:discover_packages(recursive) using defaults
[0.304s] Level 1:colcon.colcon_core.package_discovery:discover_packages(ignore) discover
[0.304s] Level 1:colcon.colcon_core.package_discovery:discover_packages(ignore) using defaults
[0.304s] Level 1:colcon.colcon_core.package_discovery:discover_packages(path) discover
[0.304s] Level 1:colcon.colcon_core.package_discovery:discover_packages(path) using defaults
[0.338s] Level 1:colcon.colcon_core.package_discovery:discover_packages(prefix_path) check parameters
[0.338s] Level 1:colcon.colcon_core.package_discovery:discover_packages(prefix_path) discover
[0.341s] DEBUG:colcon.colcon_installed_package_information.package_discovery:Found 7 installed packages in /home/cheon/Documents/dyros/piper-mou/piper_ros/install
[0.342s] DEBUG:colcon.colcon_installed_package_information.package_discovery:Found 11 installed packages in /home/cheon/Documents/dyros/piper-mou/install
[0.345s] DEBUG:colcon.colcon_installed_package_information.package_discovery:Found 360 installed packages in /opt/ros/humble
[0.348s] Level 1:colcon.colcon_core.package_discovery:discover_packages(prefix_path) using defaults
[0.426s] Level 5:colcon.colcon_core.verb:set package 'piper' build argument 'cmake_args' from command line to 'None'
[0.426s] Level 5:colcon.colcon_core.verb:set package 'piper' build argument 'cmake_target' from command line to 'None'
[0.426s] Level 5:colcon.colcon_core.verb:set package 'piper' build argument 'cmake_target_skip_unavailable' from command line to 'False'
[0.426s] Level 5:colcon.colcon_core.verb:set package 'piper' build argument 'cmake_clean_cache' from command line to 'False'
[0.426s] Level 5:colcon.colcon_core.verb:set package 'piper' build argument 'cmake_clean_first' from command line to 'False'
[0.426s] Level 5:colcon.colcon_core.verb:set package 'piper' build argument 'cmake_force_configure' from command line to 'False'
[0.426s] Level 5:colcon.colcon_core.verb:set package 'piper' build argument 'ament_cmake_args' from command line to 'None'
[0.426s] Level 5:colcon.colcon_core.verb:set package 'piper' build argument 'catkin_cmake_args' from command line to 'None'
[0.427s] Level 5:colcon.colcon_core.verb:set package 'piper' build argument 'catkin_skip_building_tests' from command line to 'False'
[0.427s] DEBUG:colcon.colcon_core.verb:Building package 'piper' with the following arguments: {'ament_cmake_args': None, 'build_base': '/home/cheon/Documents/dyros/piper-mou/piper_ros/build/piper', 'catkin_cmake_args': None, 'catkin_skip_building_tests': False, 'cmake_args': None, 'cmake_clean_cache': False, 'cmake_clean_first': False, 'cmake_force_configure': False, 'cmake_target': None, 'cmake_target_skip_unavailable': False, 'install_base': '/home/cheon/Documents/dyros/piper-mou/piper_ros/install/piper', 'merge_install': False, 'path': '/home/cheon/Documents/dyros/piper-mou/piper_ros/src/piper', 'symlink_install': False, 'test_result_base': None}
[0.427s] Level 5:colcon.colcon_core.verb:set package 'piper_description' build argument 'cmake_args' from command line to 'None'
[0.427s] Level 5:colcon.colcon_core.verb:set package 'piper_description' build argument 'cmake_target' from command line to 'None'
[0.427s] Level 5:colcon.colcon_core.verb:set package 'piper_description' build argument 'cmake_target_skip_unavailable' from command line to 'False'
[0.427s] Level 5:colcon.colcon_core.verb:set package 'piper_description' build argument 'cmake_clean_cache' from command line to 'False'
[0.427s] Level 5:colcon.colcon_core.verb:set package 'piper_description' build argument 'cmake_clean_first' from command line to 'False'
[0.427s] Level 5:colcon.colcon_core.verb:set package 'piper_description' build argument 'cmake_force_configure' from command line to 'False'
[0.428s] Level 5:colcon.colcon_core.verb:set package 'piper_description' build argument 'ament_cmake_args' from command line to 'None'
[0.428s] Level 5:colcon.colcon_core.verb:set package 'piper_description' build argument 'catkin_cmake_args' from command line to 'None'
[0.428s] Level 5:colcon.colcon_core.verb:set package 'piper_description' build argument 'catkin_skip_building_tests' from command line to 'False'
[0.428s] DEBUG:colcon.colcon_core.verb:Building package 'piper_description' with the following arguments: {'ament_cmake_args': None, 'build_base': '/home/cheon/Documents/dyros/piper-mou/piper_ros/build/piper_description', 'catkin_cmake_args': None, 'catkin_skip_building_tests': False, 'cmake_args': None, 'cmake_clean_cache': False, 'cmake_clean_first': False, 'cmake_force_configure': False, 'cmake_target': None, 'cmake_target_skip_unavailable': False, 'install_base': '/home/cheon/Documents/dyros/piper-mou/piper_ros/install/piper_description', 'merge_install': False, 'path': '/home/cheon/Documents/dyros/piper-mou/piper_ros/src/piper_description', 'symlink_install': False, 'test_result_base': None}
[0.428s] Level 5:colcon.colcon_core.verb:set package 'piper_gazebo' build argument 'cmake_args' from command line to 'None'
[0.428s] Level 5:colcon.colcon_core.verb:set package 'piper_gazebo' build argument 'cmake_target' from command line to 'None'
[0.428s] Level 5:colcon.colcon_core.verb:set package 'piper_gazebo' build argument 'cmake_target_skip_unavailable' from command line to 'False'
[0.429s] Level 5:colcon.colcon_core.verb:set package 'piper_gazebo' build argument 'cmake_clean_cache' from command line to 'False'
[0.429s] Level 5:colcon.colcon_core.verb:set package 'piper_gazebo' build argument 'cmake_clean_first' from command line to 'False'
[0.429s] Level 5:colcon.colcon_core.verb:set package 'piper_gazebo' build argument 'cmake_force_configure' from command line to 'False'
[0.429s] Level 5:colcon.colcon_core.verb:set package 'piper_gazebo' build argument 'ament_cmake_args' from command line to 'None'
[0.429s] Level 5:colcon.colcon_core.verb:set package 'piper_gazebo' build argument 'catkin_cmake_args' from command line to 'None'
[0.429s] Level 5:colcon.colcon_core.verb:set package 'piper_gazebo' build argument 'catkin_skip_building_tests' from command line to 'False'
[0.429s] DEBUG:colcon.colcon_core.verb:Building package 'piper_gazebo' with the following arguments: {'ament_cmake_args': None, 'build_base': '/home/cheon/Documents/dyros/piper-mou/piper_ros/build/piper_gazebo', 'catkin_cmake_args': None, 'catkin_skip_building_tests': False, 'cmake_args': None, 'cmake_clean_cache': False, 'cmake_clean_first': False, 'cmake_force_configure': False, 'cmake_target': None, 'cmake_target_skip_unavailable': False, 'install_base': '/home/cheon/Documents/dyros/piper-mou/piper_ros/install/piper_gazebo', 'merge_install': False, 'path': '/home/cheon/Documents/dyros/piper-mou/piper_ros/src/piper_sim/piper_gazebo', 'symlink_install': False, 'test_result_base': None}
[0.429s] Level 5:colcon.colcon_core.verb:set package 'piper_humble' build argument 'cmake_args' from command line to 'None'
[0.429s] Level 5:colcon.colcon_core.verb:set package 'piper_humble' build argument 'cmake_target' from command line to 'None'
[0.430s] Level 5:colcon.colcon_core.verb:set package 'piper_humble' build argument 'cmake_target_skip_unavailable' from command line to 'False'
[0.430s] Level 5:colcon.colcon_core.verb:set package 'piper_humble' build argument 'cmake_clean_cache' from command line to 'False'
[0.430s] Level 5:colcon.colcon_core.verb:set package 'piper_humble' build argument 'cmake_clean_first' from command line to 'False'
[0.430s] Level 5:colcon.colcon_core.verb:set package 'piper_humble' build argument 'cmake_force_configure' from command line to 'False'
[0.430s] Level 5:colcon.colcon_core.verb:set package 'piper_humble' build argument 'ament_cmake_args' from command line to 'None'
[0.430s] Level 5:colcon.colcon_core.verb:set package 'piper_humble' build argument 'catkin_cmake_args' from command line to 'None'
[0.430s] Level 5:colcon.colcon_core.verb:set package 'piper_humble' build argument 'catkin_skip_building_tests' from command line to 'False'
[0.430s] DEBUG:colcon.colcon_core.verb:Building package 'piper_humble' with the following arguments: {'ament_cmake_args': None, 'build_base': '/home/cheon/Documents/dyros/piper-mou/piper_ros/build/piper_humble', 'catkin_cmake_args': None, 'catkin_skip_building_tests': False, 'cmake_args': None, 'cmake_clean_cache': False, 'cmake_clean_first': False, 'cmake_force_configure': False, 'cmake_target': None, 'cmake_target_skip_unavailable': False, 'install_base': '/home/cheon/Documents/dyros/piper-mou/piper_ros/install/piper_humble', 'merge_install': False, 'path': '/home/cheon/Documents/dyros/piper-mou/piper_ros/src/piper_humble', 'symlink_install': False, 'test_result_base': None}
[0.430s] Level 5:colcon.colcon_core.verb:set package 'piper_msgs' build argument 'cmake_args' from command line to 'None'
[0.430s] Level 5:colcon.colcon_core.verb:set package 'piper_msgs' build argument 'cmake_target' from command line to 'None'
[0.431s] Level 5:colcon.colcon_core.verb:set package 'piper_msgs' build argument 'cmake_target_skip_unavailable' from command line to 'False'
[0.431s] Level 5:colcon.colcon_core.verb:set package 'piper_msgs' build argument 'cmake_clean_cache' from command line to 'False'
[0.431s] Level 5:colcon.colcon_core.verb:set package 'piper_msgs' build argument 'cmake_clean_first' from command line to 'False'
[0.431s] Level 5:colcon.colcon_core.verb:set package 'piper_msgs' build argument 'cmake_force_configure' from command line to 'False'
[0.431s] Level 5:colcon.colcon_core.verb:set package 'piper_msgs' build argument 'ament_cmake_args' from command line to 'None'
[0.431s] Level 5:colcon.colcon_core.verb:set package 'piper_msgs' build argument 'catkin_cmake_args' from command line to 'None'
[0.431s] Level 5:colcon.colcon_core.verb:set package 'piper_msgs' build argument 'catkin_skip_building_tests' from command line to 'False'
[0.431s] DEBUG:colcon.colcon_core.verb:Building package 'piper_msgs' with the following arguments: {'ament_cmake_args': None, 'build_base': '/home/cheon/Documents/dyros/piper-mou/piper_ros/build/piper_msgs', 'catkin_cmake_args': None, 'catkin_skip_building_tests': False, 'cmake_args': None, 'cmake_clean_cache': False, 'cmake_clean_first': False, 'cmake_force_configure': False, 'cmake_target': None, 'cmake_target_skip_unavailable': False, 'install_base': '/home/cheon/Documents/dyros/piper-mou/piper_ros/install/piper_msgs', 'merge_install': False, 'path': '/home/cheon/Documents/dyros/piper-mou/piper_ros/src/piper_msgs', 'symlink_install': False, 'test_result_base': None}
[0.431s] Level 5:colcon.colcon_core.verb:set package 'piper_no_gripper_moveit' build argument 'cmake_args' from command line to 'None'
[0.432s] Level 5:colcon.colcon_core.verb:set package 'piper_no_gripper_moveit' build argument 'cmake_target' from command line to 'None'
[0.432s] Level 5:colcon.colcon_core.verb:set package 'piper_no_gripper_moveit' build argument 'cmake_target_skip_unavailable' from command line to 'False'
[0.432s] Level 5:colcon.colcon_core.verb:set package 'piper_no_gripper_moveit' build argument 'cmake_clean_cache' from command line to 'False'
[0.432s] Level 5:colcon.colcon_core.verb:set package 'piper_no_gripper_moveit' build argument 'cmake_clean_first' from command line to 'False'
[0.432s] Level 5:colcon.colcon_core.verb:set package 'piper_no_gripper_moveit' build argument 'cmake_force_configure' from command line to 'False'
[0.432s] Level 5:colcon.colcon_core.verb:set package 'piper_no_gripper_moveit' build argument 'ament_cmake_args' from command line to 'None'
[0.432s] Level 5:colcon.colcon_core.verb:set package 'piper_no_gripper_moveit' build argument 'catkin_cmake_args' from command line to 'None'
[0.432s] Level 5:colcon.colcon_core.verb:set package 'piper_no_gripper_moveit' build argument 'catkin_skip_building_tests' from command line to 'False'
[0.432s] DEBUG:colcon.colcon_core.verb:Building package 'piper_no_gripper_moveit' with the following arguments: {'ament_cmake_args': None, 'build_base': '/home/cheon/Documents/dyros/piper-mou/piper_ros/build/piper_no_gripper_moveit', 'catkin_cmake_args': None, 'catkin_skip_building_tests': False, 'cmake_args': None, 'cmake_clean_cache': False, 'cmake_clean_first': False, 'cmake_force_configure': False, 'cmake_target': None, 'cmake_target_skip_unavailable': False, 'install_base': '/home/cheon/Documents/dyros/piper-mou/piper_ros/install/piper_no_gripper_moveit', 'merge_install': False, 'path': '/home/cheon/Documents/dyros/piper-mou/piper_ros/src/piper_moveit/piper_no_gripper_moveit', 'symlink_install': False, 'test_result_base': None}
[0.433s] Level 5:colcon.colcon_core.verb:set package 'piper_with_gripper_moveit' build argument 'cmake_args' from command line to 'None'
[0.433s] Level 5:colcon.colcon_core.verb:set package 'piper_with_gripper_moveit' build argument 'cmake_target' from command line to 'None'
[0.433s] Level 5:colcon.colcon_core.verb:set package 'piper_with_gripper_moveit' build argument 'cmake_target_skip_unavailable' from command line to 'False'
[0.433s] Level 5:colcon.colcon_core.verb:set package 'piper_with_gripper_moveit' build argument 'cmake_clean_cache' from command line to 'False'
[0.433s] Level 5:colcon.colcon_core.verb:set package 'piper_with_gripper_moveit' build argument 'cmake_clean_first' from command line to 'False'
[0.433s] Level 5:colcon.colcon_core.verb:set package 'piper_with_gripper_moveit' build argument 'cmake_force_configure' from command line to 'False'
[0.433s] Level 5:colcon.colcon_core.verb:set package 'piper_with_gripper_moveit' build argument 'ament_cmake_args' from command line to 'None'
[0.433s] Level 5:colcon.colcon_core.verb:set package 'piper_with_gripper_moveit' build argument 'catkin_cmake_args' from command line to 'None'
[0.433s] Level 5:colcon.colcon_core.verb:set package 'piper_with_gripper_moveit' build argument 'catkin_skip_building_tests' from command line to 'False'
[0.433s] DEBUG:colcon.colcon_core.verb:Building package 'piper_with_gripper_moveit' with the following arguments: {'ament_cmake_args': None, 'build_base': '/home/cheon/Documents/dyros/piper-mou/piper_ros/build/piper_with_gripper_moveit', 'catkin_cmake_args': None, 'catkin_skip_building_tests': False, 'cmake_args': None, 'cmake_clean_cache': False, 'cmake_clean_first': False, 'cmake_force_configure': False, 'cmake_target': None, 'cmake_target_skip_unavailable': False, 'install_base': '/home/cheon/Documents/dyros/piper-mou/piper_ros/install/piper_with_gripper_moveit', 'merge_install': False, 'path': '/home/cheon/Documents/dyros/piper-mou/piper_ros/src/piper_moveit/piper_with_gripper_moveit', 'symlink_install': False, 'test_result_base': None}
[0.434s] INFO:colcon.colcon_core.executor:Executing jobs using 'parallel' executor
[0.435s] DEBUG:colcon.colcon_parallel_executor.executor.parallel:run_until_complete
[0.436s] INFO:colcon.colcon_ros.task.ament_cmake.build:Building ROS package in '/home/cheon/Documents/dyros/piper-mou/piper_ros/src/piper_description' with build type 'ament_cmake'
[0.436s] INFO:colcon.colcon_cmake.task.cmake.build:Building CMake package in '/home/cheon/Documents/dyros/piper-mou/piper_ros/src/piper_description'
[0.440s] INFO:colcon.colcon_core.plugin_system:Skipping extension 'colcon_core.shell.bat': Not used on non-Windows systems
[0.440s] INFO:colcon.colcon_core.shell:Skip shell extension 'powershell' for command environment: Not usable outside of PowerShell
[0.440s] DEBUG:colcon.colcon_core.shell:Skip shell extension 'dsv' for command environment
[0.448s] INFO:colcon.colcon_ros.task.ament_python.build:Building ROS package in '/home/cheon/Documents/dyros/piper-mou/piper_ros/src/piper' with build type 'ament_python'
[0.448s] Level 1:colcon.colcon_core.shell:create_environment_hook('piper', 'ament_prefix_path')
[0.449s] INFO:colcon.colcon_core.shell:Creating environment hook '/home/cheon/Documents/dyros/piper-mou/piper_ros/install/piper/share/piper/hook/ament_prefix_path.ps1'
[0.450s] INFO:colcon.colcon_core.shell:Creating environment descriptor '/home/cheon/Documents/dyros/piper-mou/piper_ros/install/piper/share/piper/hook/ament_prefix_path.dsv'
[0.451s] INFO:colcon.colcon_core.shell:Creating environment hook '/home/cheon/Documents/dyros/piper-mou/piper_ros/install/piper/share/piper/hook/ament_prefix_path.sh'
[0.452s] INFO:colcon.colcon_core.shell:Skip shell extension 'powershell' for command environment: Not usable outside of PowerShell
[0.452s] DEBUG:colcon.colcon_core.shell:Skip shell extension 'dsv' for command environment
[0.459s] INFO:colcon.colcon_ros.task.ament_cmake.build:Building ROS package in '/home/cheon/Documents/dyros/piper-mou/piper_ros/src/piper_sim/piper_gazebo' with build type 'ament_cmake'
[0.459s] INFO:colcon.colcon_cmake.task.cmake.build:Building CMake package in '/home/cheon/Documents/dyros/piper-mou/piper_ros/src/piper_sim/piper_gazebo'
[0.460s] INFO:colcon.colcon_core.shell:Skip shell extension 'powershell' for command environment: Not usable outside of PowerShell
[0.460s] DEBUG:colcon.colcon_core.shell:Skip shell extension 'dsv' for command environment
[0.467s] INFO:colcon.colcon_ros.task.ament_cmake.build:Building ROS package in '/home/cheon/Documents/dyros/piper-mou/piper_ros/src/piper_humble' with build type 'ament_cmake'
[0.467s] INFO:colcon.colcon_cmake.task.cmake.build:Building CMake package in '/home/cheon/Documents/dyros/piper-mou/piper_ros/src/piper_humble'
[0.468s] INFO:colcon.colcon_core.shell:Skip shell extension 'powershell' for command environment: Not usable outside of PowerShell
[0.468s] DEBUG:colcon.colcon_core.shell:Skip shell extension 'dsv' for command environment
[0.477s] INFO:colcon.colcon_ros.task.ament_cmake.build:Building ROS package in '/home/cheon/Documents/dyros/piper-mou/piper_ros/src/piper_msgs' with build type 'ament_cmake'
[0.477s] INFO:colcon.colcon_cmake.task.cmake.build:Building CMake package in '/home/cheon/Documents/dyros/piper-mou/piper_ros/src/piper_msgs'
[0.478s] INFO:colcon.colcon_core.shell:Skip shell extension 'powershell' for command environment: Not usable outside of PowerShell
[0.478s] DEBUG:colcon.colcon_core.shell:Skip shell extension 'dsv' for command environment
[0.499s] DEBUG:colcon.colcon_core.event_handler.log_command:Invoking command in '/home/cheon/Documents/dyros/piper-mou/piper_ros/build/piper_description': CMAKE_PREFIX_PATH=${CMAKE_PREFIX_PATH}:/home/cheon/Documents/dyros/piper-mou/piper_ros/install/piper:/home/cheon/Documents/dyros/piper-mou/install/piper_mujoco:/home/cheon/Documents/dyros/piper-mou/install/piper:/opt/ros/humble /usr/bin/cmake --build /home/cheon/Documents/dyros/piper-mou/piper_ros/build/piper_description -- -j12 -l12
[0.907s] INFO:colcon.colcon_core.task.python.build:Building Python package in '/home/cheon/Documents/dyros/piper-mou/piper_ros/src/piper'
[0.908s] INFO:colcon.colcon_core.shell:Skip shell extension 'powershell' for command environment: Not usable outside of PowerShell
[0.908s] DEBUG:colcon.colcon_core.shell:Skip shell extension 'dsv' for command environment
[0.919s] DEBUG:colcon.colcon_core.event_handler.log_command:Invoking command in '/home/cheon/Documents/dyros/piper-mou/piper_ros/build/piper_gazebo': CMAKE_PREFIX_PATH=${CMAKE_PREFIX_PATH}:/home/cheon/Documents/dyros/piper-mou/piper_ros/install/piper:/home/cheon/Documents/dyros/piper-mou/install/piper_mujoco:/home/cheon/Documents/dyros/piper-mou/install/piper:/opt/ros/humble /usr/bin/cmake --build /home/cheon/Documents/dyros/piper-mou/piper_ros/build/piper_gazebo -- -j12 -l12
[0.923s] DEBUG:colcon.colcon_core.event_handler.log_command:Invoking command in '/home/cheon/Documents/dyros/piper-mou/piper_ros/build/piper_humble': CMAKE_PREFIX_PATH=${CMAKE_PREFIX_PATH}:/home/cheon/Documents/dyros/piper-mou/piper_ros/install/piper:/home/cheon/Documents/dyros/piper-mou/install/piper_mujoco:/home/cheon/Documents/dyros/piper-mou/install/piper:/opt/ros/humble /usr/bin/cmake --build /home/cheon/Documents/dyros/piper-mou/piper_ros/build/piper_humble -- -j12 -l12
[0.933s] DEBUG:colcon.colcon_core.event_handler.log_command:Invoking command in '/home/cheon/Documents/dyros/piper-mou/piper_ros/build/piper_msgs': CMAKE_PREFIX_PATH=${CMAKE_PREFIX_PATH}:/home/cheon/Documents/dyros/piper-mou/piper_ros/install/piper:/home/cheon/Documents/dyros/piper-mou/install/piper_mujoco:/home/cheon/Documents/dyros/piper-mou/install/piper:/opt/ros/humble /usr/bin/cmake --build /home/cheon/Documents/dyros/piper-mou/piper_ros/build/piper_msgs -- -j12 -l12
[0.942s] DEBUG:colcon.colcon_core.event_handler.log_command:Invoked command in '/home/cheon/Documents/dyros/piper-mou/piper_ros/build/piper_description' returned '0': CMAKE_PREFIX_PATH=${CMAKE_PREFIX_PATH}:/home/cheon/Documents/dyros/piper-mou/piper_ros/install/piper:/home/cheon/Documents/dyros/piper-mou/install/piper_mujoco:/home/cheon/Documents/dyros/piper-mou/install/piper:/opt/ros/humble /usr/bin/cmake --build /home/cheon/Documents/dyros/piper-mou/piper_ros/build/piper_description -- -j12 -l12
[0.963s] DEBUG:colcon.colcon_core.event_handler.log_command:Invoking command in '/home/cheon/Documents/dyros/piper-mou/piper_ros/build/piper_description': CMAKE_PREFIX_PATH=${CMAKE_PREFIX_PATH}:/home/cheon/Documents/dyros/piper-mou/piper_ros/install/piper:/home/cheon/Documents/dyros/piper-mou/install/piper_mujoco:/home/cheon/Documents/dyros/piper-mou/install/piper:/opt/ros/humble /usr/bin/cmake --install /home/cheon/Documents/dyros/piper-mou/piper_ros/build/piper_description
[1.033s] DEBUG:colcon.colcon_core.event_handler.log_command:Invoked command in '/home/cheon/Documents/dyros/piper-mou/piper_ros/build/piper_gazebo' returned '0': CMAKE_PREFIX_PATH=${CMAKE_PREFIX_PATH}:/home/cheon/Documents/dyros/piper-mou/piper_ros/install/piper:/home/cheon/Documents/dyros/piper-mou/install/piper_mujoco:/home/cheon/Documents/dyros/piper-mou/install/piper:/opt/ros/humble /usr/bin/cmake --build /home/cheon/Documents/dyros/piper-mou/piper_ros/build/piper_gazebo -- -j12 -l12
[1.036s] DEBUG:colcon.colcon_core.event_handler.log_command:Invoking command in '/home/cheon/Documents/dyros/piper-mou/piper_ros/build/piper_gazebo': CMAKE_PREFIX_PATH=${CMAKE_PREFIX_PATH}:/home/cheon/Documents/dyros/piper-mou/piper_ros/install/piper:/home/cheon/Documents/dyros/piper-mou/install/piper_mujoco:/home/cheon/Documents/dyros/piper-mou/install/piper:/opt/ros/humble /usr/bin/cmake --install /home/cheon/Documents/dyros/piper-mou/piper_ros/build/piper_gazebo
[1.043s] DEBUG:colcon.colcon_core.event_handler.log_command:Invoked command in '/home/cheon/Documents/dyros/piper-mou/piper_ros/build/piper_humble' returned '0': CMAKE_PREFIX_PATH=${CMAKE_PREFIX_PATH}:/home/cheon/Documents/dyros/piper-mou/piper_ros/install/piper:/home/cheon/Documents/dyros/piper-mou/install/piper_mujoco:/home/cheon/Documents/dyros/piper-mou/install/piper:/opt/ros/humble /usr/bin/cmake --build /home/cheon/Documents/dyros/piper-mou/piper_ros/build/piper_humble -- -j12 -l12
[1.048s] Level 1:colcon.colcon_core.environment:create_environment_scripts_only(piper_description)
[1.051s] DEBUG:colcon.colcon_core.event_handler.log_command:Invoking command in '/home/cheon/Documents/dyros/piper-mou/piper_ros/build/piper_humble': CMAKE_PREFIX_PATH=${CMAKE_PREFIX_PATH}:/home/cheon/Documents/dyros/piper-mou/piper_ros/install/piper:/home/cheon/Documents/dyros/piper-mou/install/piper_mujoco:/home/cheon/Documents/dyros/piper-mou/install/piper:/opt/ros/humble /usr/bin/cmake --install /home/cheon/Documents/dyros/piper-mou/piper_ros/build/piper_humble
[1.052s] DEBUG:colcon.colcon_core.event_handler.log_command:Invoked command in '/home/cheon/Documents/dyros/piper-mou/piper_ros/build/piper_description' returned '0': CMAKE_PREFIX_PATH=${CMAKE_PREFIX_PATH}:/home/cheon/Documents/dyros/piper-mou/piper_ros/install/piper:/home/cheon/Documents/dyros/piper-mou/install/piper_mujoco:/home/cheon/Documents/dyros/piper-mou/install/piper:/opt/ros/humble /usr/bin/cmake --install /home/cheon/Documents/dyros/piper-mou/piper_ros/build/piper_description
[1.061s] Level 1:colcon.colcon_core.environment:checking '/home/cheon/Documents/dyros/piper-mou/piper_ros/install/piper_description' for CMake module files
[1.062s] Level 1:colcon.colcon_core.environment:checking '/home/cheon/Documents/dyros/piper-mou/piper_ros/install/piper_description' for CMake config files
[1.064s] Level 1:colcon.colcon_core.shell:create_environment_hook('piper_description', 'cmake_prefix_path')
[1.065s] INFO:colcon.colcon_core.shell:Creating environment hook '/home/cheon/Documents/dyros/piper-mou/piper_ros/install/piper_description/share/piper_description/hook/cmake_prefix_path.ps1'
[1.067s] INFO:colcon.colcon_core.shell:Creating environment descriptor '/home/cheon/Documents/dyros/piper-mou/piper_ros/install/piper_description/share/piper_description/hook/cmake_prefix_path.dsv'
[1.069s] INFO:colcon.colcon_core.shell:Creating environment hook '/home/cheon/Documents/dyros/piper-mou/piper_ros/install/piper_description/share/piper_description/hook/cmake_prefix_path.sh'
[1.072s] Level 1:colcon.colcon_core.environment:checking '/home/cheon/Documents/dyros/piper-mou/piper_ros/install/piper_description/bin'
[1.073s] Level 1:colcon.colcon_core.environment:checking '/home/cheon/Documents/dyros/piper-mou/piper_ros/install/piper_description/lib/pkgconfig/piper_description.pc'
[1.073s] Level 1:colcon.colcon_core.environment:checking '/home/cheon/Documents/dyros/piper-mou/piper_ros/install/piper_description/lib/python3.10/site-packages'
[1.074s] Level 1:colcon.colcon_core.environment:checking '/home/cheon/Documents/dyros/piper-mou/piper_ros/install/piper_description/bin'
[1.075s] INFO:colcon.colcon_core.shell:Creating package script '/home/cheon/Documents/dyros/piper-mou/piper_ros/install/piper_description/share/piper_description/package.ps1'
[1.081s] INFO:colcon.colcon_core.shell:Creating package descriptor '/home/cheon/Documents/dyros/piper-mou/piper_ros/install/piper_description/share/piper_description/package.dsv'
[1.089s] INFO:colcon.colcon_core.shell:Creating package script '/home/cheon/Documents/dyros/piper-mou/piper_ros/install/piper_description/share/piper_description/package.sh'
[1.091s] INFO:colcon.colcon_core.shell:Creating package script '/home/cheon/Documents/dyros/piper-mou/piper_ros/install/piper_description/share/piper_description/package.bash'
[1.101s] INFO:colcon.colcon_core.shell:Creating package script '/home/cheon/Documents/dyros/piper-mou/piper_ros/install/piper_description/share/piper_description/package.zsh'
[1.104s] Level 1:colcon.colcon_core.environment:create_file_with_runtime_dependencies(/home/cheon/Documents/dyros/piper-mou/piper_ros/install/piper_description/share/colcon-core/packages/piper_description)
[1.107s] Level 1:colcon.colcon_core.environment:create_environment_scripts_only(piper_description)
[1.107s] Level 1:colcon.colcon_core.environment:checking '/home/cheon/Documents/dyros/piper-mou/piper_ros/install/piper_description' for CMake module files
[1.115s] Level 1:colcon.colcon_core.environment:checking '/home/cheon/Documents/dyros/piper-mou/piper_ros/install/piper_description' for CMake config files
[1.117s] Level 1:colcon.colcon_core.shell:create_environment_hook('piper_description', 'cmake_prefix_path')
[1.118s] INFO:colcon.colcon_core.shell:Creating environment hook '/home/cheon/Documents/dyros/piper-mou/piper_ros/install/piper_description/share/piper_description/hook/cmake_prefix_path.ps1'
[1.121s] INFO:colcon.colcon_core.shell:Creating environment descriptor '/home/cheon/Documents/dyros/piper-mou/piper_ros/install/piper_description/share/piper_description/hook/cmake_prefix_path.dsv'
[1.123s] INFO:colcon.colcon_core.shell:Creating environment hook '/home/cheon/Documents/dyros/piper-mou/piper_ros/install/piper_description/share/piper_description/hook/cmake_prefix_path.sh'
[1.124s] Level 1:colcon.colcon_core.environment:checking '/home/cheon/Documents/dyros/piper-mou/piper_ros/install/piper_description/bin'
[1.124s] Level 1:colcon.colcon_core.environment:checking '/home/cheon/Documents/dyros/piper-mou/piper_ros/install/piper_description/lib/pkgconfig/piper_description.pc'
[1.125s] Level 1:colcon.colcon_core.environment:checking '/home/cheon/Documents/dyros/piper-mou/piper_ros/install/piper_description/lib/python3.10/site-packages'
[1.126s] Level 1:colcon.colcon_core.environment:checking '/home/cheon/Documents/dyros/piper-mou/piper_ros/install/piper_description/bin'
[1.127s] INFO:colcon.colcon_core.shell:Creating package script '/home/cheon/Documents/dyros/piper-mou/piper_ros/install/piper_description/share/piper_description/package.ps1'
[1.128s] INFO:colcon.colcon_core.shell:Creating package descriptor '/home/cheon/Documents/dyros/piper-mou/piper_ros/install/piper_description/share/piper_description/package.dsv'
[1.130s] INFO:colcon.colcon_core.shell:Creating package script '/home/cheon/Documents/dyros/piper-mou/piper_ros/install/piper_description/share/piper_description/package.sh'
[1.131s] INFO:colcon.colcon_core.shell:Creating package script '/home/cheon/Documents/dyros/piper-mou/piper_ros/install/piper_description/share/piper_description/package.bash'
[1.133s] INFO:colcon.colcon_core.shell:Creating package script '/home/cheon/Documents/dyros/piper-mou/piper_ros/install/piper_description/share/piper_description/package.zsh'
[1.135s] Level 1:colcon.colcon_core.environment:create_file_with_runtime_dependencies(/home/cheon/Documents/dyros/piper-mou/piper_ros/install/piper_description/share/colcon-core/packages/piper_description)
[1.136s] INFO:colcon.colcon_ros.task.ament_cmake.build:Building ROS package in '/home/cheon/Documents/dyros/piper-mou/piper_ros/src/piper_moveit/piper_no_gripper_moveit' with build type 'ament_cmake'
[1.137s] INFO:colcon.colcon_cmake.task.cmake.build:Building CMake package in '/home/cheon/Documents/dyros/piper-mou/piper_ros/src/piper_moveit/piper_no_gripper_moveit'
[1.138s] INFO:colcon.colcon_core.shell:Skip shell extension 'powershell' for command environment: Not usable outside of PowerShell
[1.138s] DEBUG:colcon.colcon_core.shell:Skip shell extension 'dsv' for command environment
[1.160s] INFO:colcon.colcon_ros.task.ament_cmake.build:Building ROS package in '/home/cheon/Documents/dyros/piper-mou/piper_ros/src/piper_moveit/piper_with_gripper_moveit' with build type 'ament_cmake'
[1.161s] INFO:colcon.colcon_cmake.task.cmake.build:Building CMake package in '/home/cheon/Documents/dyros/piper-mou/piper_ros/src/piper_moveit/piper_with_gripper_moveit'
[1.162s] INFO:colcon.colcon_core.shell:Skip shell extension 'powershell' for command environment: Not usable outside of PowerShell
[1.162s] DEBUG:colcon.colcon_core.shell:Skip shell extension 'dsv' for command environment
[1.187s] DEBUG:colcon.colcon_core.event_handler.log_command:Invoking command in '/home/cheon/Documents/dyros/piper-mou/piper_ros/build/piper_no_gripper_moveit': CMAKE_PREFIX_PATH=/home/cheon/Documents/dyros/piper-mou/piper_ros/install/piper_description:/home/cheon/Documents/dyros/piper-mou/piper_ros/install/piper_with_gripper_moveit:/home/cheon/Documents/dyros/piper-mou/piper_ros/install/piper_no_gripper_moveit:/home/cheon/Documents/dyros/piper-mou/piper_ros/install/piper_msgs:/home/cheon/Documents/dyros/piper-mou/piper_ros/install/piper_humble:/home/cheon/Documents/dyros/piper-mou/piper_ros/install/piper_gazebo:/home/cheon/Documents/dyros/piper-mou/install/xela_server_ros2:/home/cheon/Documents/dyros/piper-mou/install/topic_based_ros2_control:/home/cheon/Documents/dyros/piper-mou/install/piper_with_gripper_moveit:/home/cheon/Documents/dyros/piper-mou/install/piper_no_gripper_moveit:/home/cheon/Documents/dyros/piper-mou/install/piper_msgs:/home/cheon/Documents/dyros/piper-mou/install/piper_humble:/home/cheon/Documents/dyros/piper-mou/install/piper_gazebo:/home/cheon/Documents/dyros/piper-mou/install/piper_description:/home/cheon/Documents/dyros/piper-mou/install/moveit_mujoco_interface:/home/cheon/Documents/dyros/piper-mou/piper_ros/install/piper:/home/cheon/Documents/dyros/piper-mou/install/piper_mujoco:/home/cheon/Documents/dyros/piper-mou/install/piper:/opt/ros/humble /usr/bin/cmake --build /home/cheon/Documents/dyros/piper-mou/piper_ros/build/piper_no_gripper_moveit -- -j12 -l12
[1.188s] Level 1:colcon.colcon_core.environment:create_environment_scripts_only(piper_gazebo)
[1.190s] Level 1:colcon.colcon_core.environment:checking '/home/cheon/Documents/dyros/piper-mou/piper_ros/install/piper_gazebo' for CMake module files
[1.191s] DEBUG:colcon.colcon_core.event_handler.log_command:Invoked command in '/home/cheon/Documents/dyros/piper-mou/piper_ros/build/piper_gazebo' returned '0': CMAKE_PREFIX_PATH=${CMAKE_PREFIX_PATH}:/home/cheon/Documents/dyros/piper-mou/piper_ros/install/piper:/home/cheon/Documents/dyros/piper-mou/install/piper_mujoco:/home/cheon/Documents/dyros/piper-mou/install/piper:/opt/ros/humble /usr/bin/cmake --install /home/cheon/Documents/dyros/piper-mou/piper_ros/build/piper_gazebo
[1.195s] Level 1:colcon.colcon_core.environment:checking '/home/cheon/Documents/dyros/piper-mou/piper_ros/install/piper_gazebo' for CMake config files
[1.196s] Level 1:colcon.colcon_core.shell:create_environment_hook('piper_gazebo', 'cmake_prefix_path')
[1.197s] INFO:colcon.colcon_core.shell:Creating environment hook '/home/cheon/Documents/dyros/piper-mou/piper_ros/install/piper_gazebo/share/piper_gazebo/hook/cmake_prefix_path.ps1'
[1.198s] INFO:colcon.colcon_core.shell:Creating environment descriptor '/home/cheon/Documents/dyros/piper-mou/piper_ros/install/piper_gazebo/share/piper_gazebo/hook/cmake_prefix_path.dsv'
[1.199s] INFO:colcon.colcon_core.shell:Creating environment hook '/home/cheon/Documents/dyros/piper-mou/piper_ros/install/piper_gazebo/share/piper_gazebo/hook/cmake_prefix_path.sh'
[1.201s] Level 1:colcon.colcon_core.environment:checking '/home/cheon/Documents/dyros/piper-mou/piper_ros/install/piper_gazebo/lib'
[1.202s] Level 1:colcon.colcon_core.environment:checking '/home/cheon/Documents/dyros/piper-mou/piper_ros/install/piper_gazebo/bin'
[1.202s] Level 1:colcon.colcon_core.environment:checking '/home/cheon/Documents/dyros/piper-mou/piper_ros/install/piper_gazebo/lib/pkgconfig/piper_gazebo.pc'
[1.203s] Level 1:colcon.colcon_core.environment:checking '/home/cheon/Documents/dyros/piper-mou/piper_ros/install/piper_gazebo/lib/python3.10/site-packages'
[1.203s] Level 1:colcon.colcon_core.environment:checking '/home/cheon/Documents/dyros/piper-mou/piper_ros/install/piper_gazebo/bin'
[1.204s] INFO:colcon.colcon_core.shell:Creating package script '/home/cheon/Documents/dyros/piper-mou/piper_ros/install/piper_gazebo/share/piper_gazebo/package.ps1'
[1.206s] INFO:colcon.colcon_core.shell:Creating package descriptor '/home/cheon/Documents/dyros/piper-mou/piper_ros/install/piper_gazebo/share/piper_gazebo/package.dsv'
[1.207s] INFO:colcon.colcon_core.shell:Creating package script '/home/cheon/Documents/dyros/piper-mou/piper_ros/install/piper_gazebo/share/piper_gazebo/package.sh'
[1.208s] INFO:colcon.colcon_core.shell:Creating package script '/home/cheon/Documents/dyros/piper-mou/piper_ros/install/piper_gazebo/share/piper_gazebo/package.bash'
[1.209s] INFO:colcon.colcon_core.shell:Creating package script '/home/cheon/Documents/dyros/piper-mou/piper_ros/install/piper_gazebo/share/piper_gazebo/package.zsh'
[1.210s] Level 1:colcon.colcon_core.environment:create_file_with_runtime_dependencies(/home/cheon/Documents/dyros/piper-mou/piper_ros/install/piper_gazebo/share/colcon-core/packages/piper_gazebo)
[1.212s] Level 1:colcon.colcon_core.environment:create_environment_scripts_only(piper_gazebo)
[1.212s] Level 1:colcon.colcon_core.environment:checking '/home/cheon/Documents/dyros/piper-mou/piper_ros/install/piper_gazebo' for CMake module files
[1.214s] Level 1:colcon.colcon_core.environment:checking '/home/cheon/Documents/dyros/piper-mou/piper_ros/install/piper_gazebo' for CMake config files
[1.215s] Level 1:colcon.colcon_core.shell:create_environment_hook('piper_gazebo', 'cmake_prefix_path')
[1.216s] INFO:colcon.colcon_core.shell:Creating environment hook '/home/cheon/Documents/dyros/piper-mou/piper_ros/install/piper_gazebo/share/piper_gazebo/hook/cmake_prefix_path.ps1'
[1.218s] INFO:colcon.colcon_core.shell:Creating environment descriptor '/home/cheon/Documents/dyros/piper-mou/piper_ros/install/piper_gazebo/share/piper_gazebo/hook/cmake_prefix_path.dsv'
[1.219s] INFO:colcon.colcon_core.shell:Creating environment hook '/home/cheon/Documents/dyros/piper-mou/piper_ros/install/piper_gazebo/share/piper_gazebo/hook/cmake_prefix_path.sh'
[1.220s] Level 1:colcon.colcon_core.environment:checking '/home/cheon/Documents/dyros/piper-mou/piper_ros/install/piper_gazebo/lib'
[1.220s] Level 1:colcon.colcon_core.environment:checking '/home/cheon/Documents/dyros/piper-mou/piper_ros/install/piper_gazebo/bin'
[1.221s] Level 1:colcon.colcon_core.environment:checking '/home/cheon/Documents/dyros/piper-mou/piper_ros/install/piper_gazebo/lib/pkgconfig/piper_gazebo.pc'
[1.221s] Level 1:colcon.colcon_core.environment:checking '/home/cheon/Documents/dyros/piper-mou/piper_ros/install/piper_gazebo/lib/python3.10/site-packages'
[1.222s] Level 1:colcon.colcon_core.environment:checking '/home/cheon/Documents/dyros/piper-mou/piper_ros/install/piper_gazebo/bin'
[1.223s] INFO:colcon.colcon_core.shell:Creating package script '/home/cheon/Documents/dyros/piper-mou/piper_ros/install/piper_gazebo/share/piper_gazebo/package.ps1'
[1.225s] INFO:colcon.colcon_core.shell:Creating package descriptor '/home/cheon/Documents/dyros/piper-mou/piper_ros/install/piper_gazebo/share/piper_gazebo/package.dsv'
[1.227s] INFO:colcon.colcon_core.shell:Creating package script '/home/cheon/Documents/dyros/piper-mou/piper_ros/install/piper_gazebo/share/piper_gazebo/package.sh'
[1.228s] INFO:colcon.colcon_core.shell:Creating package script '/home/cheon/Documents/dyros/piper-mou/piper_ros/install/piper_gazebo/share/piper_gazebo/package.bash'
[1.230s] INFO:colcon.colcon_core.shell:Creating package script '/home/cheon/Documents/dyros/piper-mou/piper_ros/install/piper_gazebo/share/piper_gazebo/package.zsh'
[1.233s] Level 1:colcon.colcon_core.environment:create_file_with_runtime_dependencies(/home/cheon/Documents/dyros/piper-mou/piper_ros/install/piper_gazebo/share/colcon-core/packages/piper_gazebo)
[1.234s] Level 1:colcon.colcon_core.environment:create_environment_scripts_only(piper_humble)
[1.235s] Level 1:colcon.colcon_core.environment:checking '/home/cheon/Documents/dyros/piper-mou/piper_ros/install/piper_humble' for CMake module files
[1.238s] Level 1:colcon.colcon_core.environment:checking '/home/cheon/Documents/dyros/piper-mou/piper_ros/install/piper_humble' for CMake config files
[1.239s] DEBUG:colcon.colcon_core.event_handler.log_command:Invoked command in '/home/cheon/Documents/dyros/piper-mou/piper_ros/build/piper_humble' returned '0': CMAKE_PREFIX_PATH=${CMAKE_PREFIX_PATH}:/home/cheon/Documents/dyros/piper-mou/piper_ros/install/piper:/home/cheon/Documents/dyros/piper-mou/install/piper_mujoco:/home/cheon/Documents/dyros/piper-mou/install/piper:/opt/ros/humble /usr/bin/cmake --install /home/cheon/Documents/dyros/piper-mou/piper_ros/build/piper_humble
[1.240s] Level 1:colcon.colcon_core.shell:create_environment_hook('piper_humble', 'cmake_prefix_path')
[1.241s] INFO:colcon.colcon_core.shell:Creating environment hook '/home/cheon/Documents/dyros/piper-mou/piper_ros/install/piper_humble/share/piper_humble/hook/cmake_prefix_path.ps1'
[1.243s] INFO:colcon.colcon_core.shell:Creating environment descriptor '/home/cheon/Documents/dyros/piper-mou/piper_ros/install/piper_humble/share/piper_humble/hook/cmake_prefix_path.dsv'
[1.244s] INFO:colcon.colcon_core.shell:Creating environment hook '/home/cheon/Documents/dyros/piper-mou/piper_ros/install/piper_humble/share/piper_humble/hook/cmake_prefix_path.sh'
[1.245s] Level 1:colcon.colcon_core.environment:checking '/home/cheon/Documents/dyros/piper-mou/piper_ros/install/piper_humble/bin'
[1.246s] Level 1:colcon.colcon_core.environment:checking '/home/cheon/Documents/dyros/piper-mou/piper_ros/install/piper_humble/lib/pkgconfig/piper_humble.pc'
[1.247s] Level 1:colcon.colcon_core.environment:checking '/home/cheon/Documents/dyros/piper-mou/piper_ros/install/piper_humble/lib/python3.10/site-packages'
[1.248s] Level 1:colcon.colcon_core.environment:checking '/home/cheon/Documents/dyros/piper-mou/piper_ros/install/piper_humble/bin'
[1.249s] INFO:colcon.colcon_core.shell:Creating package script '/home/cheon/Documents/dyros/piper-mou/piper_ros/install/piper_humble/share/piper_humble/package.ps1'
[1.251s] INFO:colcon.colcon_core.shell:Creating package descriptor '/home/cheon/Documents/dyros/piper-mou/piper_ros/install/piper_humble/share/piper_humble/package.dsv'
[1.253s] INFO:colcon.colcon_core.shell:Creating package script '/home/cheon/Documents/dyros/piper-mou/piper_ros/install/piper_humble/share/piper_humble/package.sh'
[1.254s] INFO:colcon.colcon_core.shell:Creating package script '/home/cheon/Documents/dyros/piper-mou/piper_ros/install/piper_humble/share/piper_humble/package.bash'
[1.255s] INFO:colcon.colcon_core.shell:Creating package script '/home/cheon/Documents/dyros/piper-mou/piper_ros/install/piper_humble/share/piper_humble/package.zsh'
[1.256s] Level 1:colcon.colcon_core.environment:create_file_with_runtime_dependencies(/home/cheon/Documents/dyros/piper-mou/piper_ros/install/piper_humble/share/colcon-core/packages/piper_humble)
[1.257s] Level 1:colcon.colcon_core.environment:create_environment_scripts_only(piper_humble)
[1.258s] Level 1:colcon.colcon_core.environment:checking '/home/cheon/Documents/dyros/piper-mou/piper_ros/install/piper_humble' for CMake module files
[1.260s] Level 1:colcon.colcon_core.environment:checking '/home/cheon/Documents/dyros/piper-mou/piper_ros/install/piper_humble' for CMake config files
[1.261s] Level 1:colcon.colcon_core.shell:create_environment_hook('piper_humble', 'cmake_prefix_path')
[1.262s] INFO:colcon.colcon_core.shell:Creating environment hook '/home/cheon/Documents/dyros/piper-mou/piper_ros/install/piper_humble/share/piper_humble/hook/cmake_prefix_path.ps1'
[1.263s] INFO:colcon.colcon_core.shell:Creating environment descriptor '/home/cheon/Documents/dyros/piper-mou/piper_ros/install/piper_humble/share/piper_humble/hook/cmake_prefix_path.dsv'
[1.264s] INFO:colcon.colcon_core.shell:Creating environment hook '/home/cheon/Documents/dyros/piper-mou/piper_ros/install/piper_humble/share/piper_humble/hook/cmake_prefix_path.sh'
[1.267s] Level 1:colcon.colcon_core.environment:checking '/home/cheon/Documents/dyros/piper-mou/piper_ros/install/piper_humble/bin'
[1.267s] Level 1:colcon.colcon_core.environment:checking '/home/cheon/Documents/dyros/piper-mou/piper_ros/install/piper_humble/lib/pkgconfig/piper_humble.pc'
[1.268s] Level 1:colcon.colcon_core.environment:checking '/home/cheon/Documents/dyros/piper-mou/piper_ros/install/piper_humble/lib/python3.10/site-packages'
[1.269s] Level 1:colcon.colcon_core.environment:checking '/home/cheon/Documents/dyros/piper-mou/piper_ros/install/piper_humble/bin'
[1.270s] INFO:colcon.colcon_core.shell:Creating package script '/home/cheon/Documents/dyros/piper-mou/piper_ros/install/piper_humble/share/piper_humble/package.ps1'
[1.272s] INFO:colcon.colcon_core.shell:Creating package descriptor '/home/cheon/Documents/dyros/piper-mou/piper_ros/install/piper_humble/share/piper_humble/package.dsv'
[1.273s] INFO:colcon.colcon_core.shell:Creating package script '/home/cheon/Documents/dyros/piper-mou/piper_ros/install/piper_humble/share/piper_humble/package.sh'
[1.275s] INFO:colcon.colcon_core.shell:Creating package script '/home/cheon/Documents/dyros/piper-mou/piper_ros/install/piper_humble/share/piper_humble/package.bash'
[1.276s] INFO:colcon.colcon_core.shell:Creating package script '/home/cheon/Documents/dyros/piper-mou/piper_ros/install/piper_humble/share/piper_humble/package.zsh'
[1.277s] Level 1:colcon.colcon_core.environment:create_file_with_runtime_dependencies(/home/cheon/Documents/dyros/piper-mou/piper_ros/install/piper_humble/share/colcon-core/packages/piper_humble)
[1.288s] DEBUG:colcon.colcon_core.event_handler.log_command:Invoking command in '/home/cheon/Documents/dyros/piper-mou/piper_ros/build/piper_with_gripper_moveit': CMAKE_PREFIX_PATH=/home/cheon/Documents/dyros/piper-mou/piper_ros/install/piper_description:/home/cheon/Documents/dyros/piper-mou/piper_ros/install/piper_with_gripper_moveit:/home/cheon/Documents/dyros/piper-mou/piper_ros/install/piper_no_gripper_moveit:/home/cheon/Documents/dyros/piper-mou/piper_ros/install/piper_msgs:/home/cheon/Documents/dyros/piper-mou/piper_ros/install/piper_humble:/home/cheon/Documents/dyros/piper-mou/piper_ros/install/piper_gazebo:/home/cheon/Documents/dyros/piper-mou/install/xela_server_ros2:/home/cheon/Documents/dyros/piper-mou/install/topic_based_ros2_control:/home/cheon/Documents/dyros/piper-mou/install/piper_with_gripper_moveit:/home/cheon/Documents/dyros/piper-mou/install/piper_no_gripper_moveit:/home/cheon/Documents/dyros/piper-mou/install/piper_msgs:/home/cheon/Documents/dyros/piper-mou/install/piper_humble:/home/cheon/Documents/dyros/piper-mou/install/piper_gazebo:/home/cheon/Documents/dyros/piper-mou/install/piper_description:/home/cheon/Documents/dyros/piper-mou/install/moveit_mujoco_interface:/home/cheon/Documents/dyros/piper-mou/piper_ros/install/piper:/home/cheon/Documents/dyros/piper-mou/install/piper_mujoco:/home/cheon/Documents/dyros/piper-mou/install/piper:/opt/ros/humble /usr/bin/cmake --build /home/cheon/Documents/dyros/piper-mou/piper_ros/build/piper_with_gripper_moveit -- -j12 -l12
[1.292s] DEBUG:colcon.colcon_core.event_handler.log_command:Invoked command in '/home/cheon/Documents/dyros/piper-mou/piper_ros/build/piper_no_gripper_moveit' returned '0': CMAKE_PREFIX_PATH=/home/cheon/Documents/dyros/piper-mou/piper_ros/install/piper_description:/home/cheon/Documents/dyros/piper-mou/piper_ros/install/piper_with_gripper_moveit:/home/cheon/Documents/dyros/piper-mou/piper_ros/install/piper_no_gripper_moveit:/home/cheon/Documents/dyros/piper-mou/piper_ros/install/piper_msgs:/home/cheon/Documents/dyros/piper-mou/piper_ros/install/piper_humble:/home/cheon/Documents/dyros/piper-mou/piper_ros/install/piper_gazebo:/home/cheon/Documents/dyros/piper-mou/install/xela_server_ros2:/home/cheon/Documents/dyros/piper-mou/install/topic_based_ros2_control:/home/cheon/Documents/dyros/piper-mou/install/piper_with_gripper_moveit:/home/cheon/Documents/dyros/piper-mou/install/piper_no_gripper_moveit:/home/cheon/Documents/dyros/piper-mou/install/piper_msgs:/home/cheon/Documents/dyros/piper-mou/install/piper_humble:/home/cheon/Documents/dyros/piper-mou/install/piper_gazebo:/home/cheon/Documents/dyros/piper-mou/install/piper_description:/home/cheon/Documents/dyros/piper-mou/install/moveit_mujoco_interface:/home/cheon/Documents/dyros/piper-mou/piper_ros/install/piper:/home/cheon/Documents/dyros/piper-mou/install/piper_mujoco:/home/cheon/Documents/dyros/piper-mou/install/piper:/opt/ros/humble /usr/bin/cmake --build /home/cheon/Documents/dyros/piper-mou/piper_ros/build/piper_no_gripper_moveit -- -j12 -l12
[1.294s] DEBUG:colcon.colcon_core.event_handler.log_command:Invoking command in '/home/cheon/Documents/dyros/piper-mou/piper_ros/build/piper_no_gripper_moveit': CMAKE_PREFIX_PATH=/home/cheon/Documents/dyros/piper-mou/piper_ros/install/piper_description:/home/cheon/Documents/dyros/piper-mou/piper_ros/install/piper_with_gripper_moveit:/home/cheon/Documents/dyros/piper-mou/piper_ros/install/piper_no_gripper_moveit:/home/cheon/Documents/dyros/piper-mou/piper_ros/install/piper_msgs:/home/cheon/Documents/dyros/piper-mou/piper_ros/install/piper_humble:/home/cheon/Documents/dyros/piper-mou/piper_ros/install/piper_gazebo:/home/cheon/Documents/dyros/piper-mou/install/xela_server_ros2:/home/cheon/Documents/dyros/piper-mou/install/topic_based_ros2_control:/home/cheon/Documents/dyros/piper-mou/install/piper_with_gripper_moveit:/home/cheon/Documents/dyros/piper-mou/install/piper_no_gripper_moveit:/home/cheon/Documents/dyros/piper-mou/install/piper_msgs:/home/cheon/Documents/dyros/piper-mou/install/piper_humble:/home/cheon/Documents/dyros/piper-mou/install/piper_gazebo:/home/cheon/Documents/dyros/piper-mou/install/piper_description:/home/cheon/Documents/dyros/piper-mou/install/moveit_mujoco_interface:/home/cheon/Documents/dyros/piper-mou/piper_ros/install/piper:/home/cheon/Documents/dyros/piper-mou/install/piper_mujoco:/home/cheon/Documents/dyros/piper-mou/install/piper:/opt/ros/humble /usr/bin/cmake --install /home/cheon/Documents/dyros/piper-mou/piper_ros/build/piper_no_gripper_moveit
[1.366s] Level 1:colcon.colcon_core.environment:create_environment_scripts_only(piper_no_gripper_moveit)
[1.367s] Level 1:colcon.colcon_core.environment:checking '/home/cheon/Documents/dyros/piper-mou/piper_ros/install/piper_no_gripper_moveit' for CMake module files
[1.376s] DEBUG:colcon.colcon_core.event_handler.log_command:Invoked command in '/home/cheon/Documents/dyros/piper-mou/piper_ros/build/piper_no_gripper_moveit' returned '0': CMAKE_PREFIX_PATH=/home/cheon/Documents/dyros/piper-mou/piper_ros/install/piper_description:/home/cheon/Documents/dyros/piper-mou/piper_ros/install/piper_with_gripper_moveit:/home/cheon/Documents/dyros/piper-mou/piper_ros/install/piper_no_gripper_moveit:/home/cheon/Documents/dyros/piper-mou/piper_ros/install/piper_msgs:/home/cheon/Documents/dyros/piper-mou/piper_ros/install/piper_humble:/home/cheon/Documents/dyros/piper-mou/piper_ros/install/piper_gazebo:/home/cheon/Documents/dyros/piper-mou/install/xela_server_ros2:/home/cheon/Documents/dyros/piper-mou/install/topic_based_ros2_control:/home/cheon/Documents/dyros/piper-mou/install/piper_with_gripper_moveit:/home/cheon/Documents/dyros/piper-mou/install/piper_no_gripper_moveit:/home/cheon/Documents/dyros/piper-mou/install/piper_msgs:/home/cheon/Documents/dyros/piper-mou/install/piper_humble:/home/cheon/Documents/dyros/piper-mou/install/piper_gazebo:/home/cheon/Documents/dyros/piper-mou/install/piper_description:/home/cheon/Documents/dyros/piper-mou/install/moveit_mujoco_interface:/home/cheon/Documents/dyros/piper-mou/piper_ros/install/piper:/home/cheon/Documents/dyros/piper-mou/install/piper_mujoco:/home/cheon/Documents/dyros/piper-mou/install/piper:/opt/ros/humble /usr/bin/cmake --install /home/cheon/Documents/dyros/piper-mou/piper_ros/build/piper_no_gripper_moveit
[1.376s] Level 1:colcon.colcon_core.environment:checking '/home/cheon/Documents/dyros/piper-mou/piper_ros/install/piper_no_gripper_moveit' for CMake config files
[1.377s] Level 1:colcon.colcon_core.shell:create_environment_hook('piper_no_gripper_moveit', 'cmake_prefix_path')
[1.378s] INFO:colcon.colcon_core.shell:Creating environment hook '/home/cheon/Documents/dyros/piper-mou/piper_ros/install/piper_no_gripper_moveit/share/piper_no_gripper_moveit/hook/cmake_prefix_path.ps1'
[1.380s] INFO:colcon.colcon_core.shell:Creating environment descriptor '/home/cheon/Documents/dyros/piper-mou/piper_ros/install/piper_no_gripper_moveit/share/piper_no_gripper_moveit/hook/cmake_prefix_path.dsv'
[1.381s] INFO:colcon.colcon_core.shell:Creating environment hook '/home/cheon/Documents/dyros/piper-mou/piper_ros/install/piper_no_gripper_moveit/share/piper_no_gripper_moveit/hook/cmake_prefix_path.sh'
[1.382s] Level 1:colcon.colcon_core.environment:checking '/home/cheon/Documents/dyros/piper-mou/piper_ros/install/piper_no_gripper_moveit/bin'
[1.382s] Level 1:colcon.colcon_core.environment:checking '/home/cheon/Documents/dyros/piper-mou/piper_ros/install/piper_no_gripper_moveit/lib/pkgconfig/piper_no_gripper_moveit.pc'
[1.383s] Level 1:colcon.colcon_core.environment:checking '/home/cheon/Documents/dyros/piper-mou/piper_ros/install/piper_no_gripper_moveit/lib/python3.10/site-packages'
[1.384s] Level 1:colcon.colcon_core.environment:checking '/home/cheon/Documents/dyros/piper-mou/piper_ros/install/piper_no_gripper_moveit/bin'
[1.385s] INFO:colcon.colcon_core.shell:Creating package script '/home/cheon/Documents/dyros/piper-mou/piper_ros/install/piper_no_gripper_moveit/share/piper_no_gripper_moveit/package.ps1'
[1.387s] INFO:colcon.colcon_core.shell:Creating package descriptor '/home/cheon/Documents/dyros/piper-mou/piper_ros/install/piper_no_gripper_moveit/share/piper_no_gripper_moveit/package.dsv'
[1.388s] INFO:colcon.colcon_core.shell:Creating package script '/home/cheon/Documents/dyros/piper-mou/piper_ros/install/piper_no_gripper_moveit/share/piper_no_gripper_moveit/package.sh'
[1.389s] INFO:colcon.colcon_core.shell:Creating package script '/home/cheon/Documents/dyros/piper-mou/piper_ros/install/piper_no_gripper_moveit/share/piper_no_gripper_moveit/package.bash'
[1.390s] INFO:colcon.colcon_core.shell:Creating package script '/home/cheon/Documents/dyros/piper-mou/piper_ros/install/piper_no_gripper_moveit/share/piper_no_gripper_moveit/package.zsh'
[1.392s] Level 1:colcon.colcon_core.environment:create_file_with_runtime_dependencies(/home/cheon/Documents/dyros/piper-mou/piper_ros/install/piper_no_gripper_moveit/share/colcon-core/packages/piper_no_gripper_moveit)
[1.393s] Level 1:colcon.colcon_core.environment:create_environment_scripts_only(piper_no_gripper_moveit)
[1.394s] Level 1:colcon.colcon_core.environment:checking '/home/cheon/Documents/dyros/piper-mou/piper_ros/install/piper_no_gripper_moveit' for CMake module files
[1.396s] Level 1:colcon.colcon_core.environment:checking '/home/cheon/Documents/dyros/piper-mou/piper_ros/install/piper_no_gripper_moveit' for CMake config files
[1.399s] Level 1:colcon.colcon_core.shell:create_environment_hook('piper_no_gripper_moveit', 'cmake_prefix_path')
[1.400s] INFO:colcon.colcon_core.shell:Creating environment hook '/home/cheon/Documents/dyros/piper-mou/piper_ros/install/piper_no_gripper_moveit/share/piper_no_gripper_moveit/hook/cmake_prefix_path.ps1'
[1.406s] INFO:colcon.colcon_core.shell:Creating environment descriptor '/home/cheon/Documents/dyros/piper-mou/piper_ros/install/piper_no_gripper_moveit/share/piper_no_gripper_moveit/hook/cmake_prefix_path.dsv'
[1.407s] INFO:colcon.colcon_core.shell:Creating environment hook '/home/cheon/Documents/dyros/piper-mou/piper_ros/install/piper_no_gripper_moveit/share/piper_no_gripper_moveit/hook/cmake_prefix_path.sh'
[1.408s] Level 1:colcon.colcon_core.environment:checking '/home/cheon/Documents/dyros/piper-mou/piper_ros/install/piper_no_gripper_moveit/bin'
[1.409s] Level 1:colcon.colcon_core.environment:checking '/home/cheon/Documents/dyros/piper-mou/piper_ros/install/piper_no_gripper_moveit/lib/pkgconfig/piper_no_gripper_moveit.pc'
[1.409s] Level 1:colcon.colcon_core.environment:checking '/home/cheon/Documents/dyros/piper-mou/piper_ros/install/piper_no_gripper_moveit/lib/python3.10/site-packages'
[1.413s] Level 1:colcon.colcon_core.environment:checking '/home/cheon/Documents/dyros/piper-mou/piper_ros/install/piper_no_gripper_moveit/bin'
[1.414s] INFO:colcon.colcon_core.shell:Creating package script '/home/cheon/Documents/dyros/piper-mou/piper_ros/install/piper_no_gripper_moveit/share/piper_no_gripper_moveit/package.ps1'
[1.416s] INFO:colcon.colcon_core.shell:Creating package descriptor '/home/cheon/Documents/dyros/piper-mou/piper_ros/install/piper_no_gripper_moveit/share/piper_no_gripper_moveit/package.dsv'
[1.422s] INFO:colcon.colcon_core.shell:Creating package script '/home/cheon/Documents/dyros/piper-mou/piper_ros/install/piper_no_gripper_moveit/share/piper_no_gripper_moveit/package.sh'
[1.424s] INFO:colcon.colcon_core.shell:Creating package script '/home/cheon/Documents/dyros/piper-mou/piper_ros/install/piper_no_gripper_moveit/share/piper_no_gripper_moveit/package.bash'
[1.430s] INFO:colcon.colcon_core.shell:Creating package script '/home/cheon/Documents/dyros/piper-mou/piper_ros/install/piper_no_gripper_moveit/share/piper_no_gripper_moveit/package.zsh'
[1.431s] Level 1:colcon.colcon_core.environment:create_file_with_runtime_dependencies(/home/cheon/Documents/dyros/piper-mou/piper_ros/install/piper_no_gripper_moveit/share/colcon-core/packages/piper_no_gripper_moveit)
[2.170s] DEBUG:colcon.colcon_core.event_handler.log_command:Invoked command in '/home/cheon/Documents/dyros/piper-mou/piper_ros/build/piper_msgs' returned '0': CMAKE_PREFIX_PATH=${CMAKE_PREFIX_PATH}:/home/cheon/Documents/dyros/piper-mou/piper_ros/install/piper:/home/cheon/Documents/dyros/piper-mou/install/piper_mujoco:/home/cheon/Documents/dyros/piper-mou/install/piper:/opt/ros/humble /usr/bin/cmake --build /home/cheon/Documents/dyros/piper-mou/piper_ros/build/piper_msgs -- -j12 -l12
[2.175s] DEBUG:colcon.colcon_core.event_handler.log_command:Invoking command in '/home/cheon/Documents/dyros/piper-mou/piper_ros/build/piper_msgs': CMAKE_PREFIX_PATH=${CMAKE_PREFIX_PATH}:/home/cheon/Documents/dyros/piper-mou/piper_ros/install/piper:/home/cheon/Documents/dyros/piper-mou/install/piper_mujoco:/home/cheon/Documents/dyros/piper-mou/install/piper:/opt/ros/humble /usr/bin/cmake --install /home/cheon/Documents/dyros/piper-mou/piper_ros/build/piper_msgs
[2.389s] Level 1:colcon.colcon_core.environment:create_environment_scripts_only(piper_msgs)
[2.390s] Level 1:colcon.colcon_core.environment:checking '/home/cheon/Documents/dyros/piper-mou/piper_ros/install/piper_msgs' for CMake module files
[2.392s] DEBUG:colcon.colcon_core.event_handler.log_command:Invoked command in '/home/cheon/Documents/dyros/piper-mou/piper_ros/build/piper_msgs' returned '0': CMAKE_PREFIX_PATH=${CMAKE_PREFIX_PATH}:/home/cheon/Documents/dyros/piper-mou/piper_ros/install/piper:/home/cheon/Documents/dyros/piper-mou/install/piper_mujoco:/home/cheon/Documents/dyros/piper-mou/install/piper:/opt/ros/humble /usr/bin/cmake --install /home/cheon/Documents/dyros/piper-mou/piper_ros/build/piper_msgs
[2.394s] Level 1:colcon.colcon_core.environment:checking '/home/cheon/Documents/dyros/piper-mou/piper_ros/install/piper_msgs' for CMake config files
[2.397s] Level 1:colcon.colcon_core.shell:create_environment_hook('piper_msgs', 'cmake_prefix_path')
[2.397s] INFO:colcon.colcon_core.shell:Creating environment hook '/home/cheon/Documents/dyros/piper-mou/piper_ros/install/piper_msgs/share/piper_msgs/hook/cmake_prefix_path.ps1'
[2.399s] INFO:colcon.colcon_core.shell:Creating environment descriptor '/home/cheon/Documents/dyros/piper-mou/piper_ros/install/piper_msgs/share/piper_msgs/hook/cmake_prefix_path.dsv'
[2.400s] INFO:colcon.colcon_core.shell:Creating environment hook '/home/cheon/Documents/dyros/piper-mou/piper_ros/install/piper_msgs/share/piper_msgs/hook/cmake_prefix_path.sh'
[2.401s] Level 1:colcon.colcon_core.environment:checking '/home/cheon/Documents/dyros/piper-mou/piper_ros/install/piper_msgs/lib'
[2.401s] Level 1:colcon.colcon_core.shell:create_environment_hook('piper_msgs', 'ld_library_path_lib')
[2.402s] INFO:colcon.colcon_core.shell:Creating environment hook '/home/cheon/Documents/dyros/piper-mou/piper_ros/install/piper_msgs/share/piper_msgs/hook/ld_library_path_lib.ps1'
[2.402s] INFO:colcon.colcon_core.shell:Creating environment descriptor '/home/cheon/Documents/dyros/piper-mou/piper_ros/install/piper_msgs/share/piper_msgs/hook/ld_library_path_lib.dsv'
[2.403s] INFO:colcon.colcon_core.shell:Creating environment hook '/home/cheon/Documents/dyros/piper-mou/piper_ros/install/piper_msgs/share/piper_msgs/hook/ld_library_path_lib.sh'
[2.404s] Level 1:colcon.colcon_core.environment:checking '/home/cheon/Documents/dyros/piper-mou/piper_ros/install/piper_msgs/bin'
[2.405s] Level 1:colcon.colcon_core.environment:checking '/home/cheon/Documents/dyros/piper-mou/piper_ros/install/piper_msgs/lib/pkgconfig/piper_msgs.pc'
[2.405s] Level 1:colcon.colcon_core.environment:checking '/home/cheon/Documents/dyros/piper-mou/piper_ros/install/piper_msgs/lib/python3.10/site-packages'
[2.406s] Level 1:colcon.colcon_core.environment:checking '/home/cheon/Documents/dyros/piper-mou/piper_ros/install/piper_msgs/bin'
[2.407s] INFO:colcon.colcon_core.shell:Creating package script '/home/cheon/Documents/dyros/piper-mou/piper_ros/install/piper_msgs/share/piper_msgs/package.ps1'
[2.408s] INFO:colcon.colcon_core.shell:Creating package descriptor '/home/cheon/Documents/dyros/piper-mou/piper_ros/install/piper_msgs/share/piper_msgs/package.dsv'
[2.409s] INFO:colcon.colcon_core.shell:Creating package script '/home/cheon/Documents/dyros/piper-mou/piper_ros/install/piper_msgs/share/piper_msgs/package.sh'
[2.410s] INFO:colcon.colcon_core.shell:Creating package script '/home/cheon/Documents/dyros/piper-mou/piper_ros/install/piper_msgs/share/piper_msgs/package.bash'
[2.411s] INFO:colcon.colcon_core.shell:Creating package script '/home/cheon/Documents/dyros/piper-mou/piper_ros/install/piper_msgs/share/piper_msgs/package.zsh'
[2.412s] Level 1:colcon.colcon_core.environment:create_file_with_runtime_dependencies(/home/cheon/Documents/dyros/piper-mou/piper_ros/install/piper_msgs/share/colcon-core/packages/piper_msgs)
[2.415s] Level 1:colcon.colcon_core.environment:create_environment_scripts_only(piper_msgs)
[2.416s] Level 1:colcon.colcon_core.environment:checking '/home/cheon/Documents/dyros/piper-mou/piper_ros/install/piper_msgs' for CMake module files
[2.418s] Level 1:colcon.colcon_core.environment:checking '/home/cheon/Documents/dyros/piper-mou/piper_ros/install/piper_msgs' for CMake config files
[2.421s] Level 1:colcon.colcon_core.shell:create_environment_hook('piper_msgs', 'cmake_prefix_path')
[2.421s] INFO:colcon.colcon_core.shell:Creating environment hook '/home/cheon/Documents/dyros/piper-mou/piper_ros/install/piper_msgs/share/piper_msgs/hook/cmake_prefix_path.ps1'
[2.423s] INFO:colcon.colcon_core.shell:Creating environment descriptor '/home/cheon/Documents/dyros/piper-mou/piper_ros/install/piper_msgs/share/piper_msgs/hook/cmake_prefix_path.dsv'
[2.423s] INFO:colcon.colcon_core.shell:Creating environment hook '/home/cheon/Documents/dyros/piper-mou/piper_ros/install/piper_msgs/share/piper_msgs/hook/cmake_prefix_path.sh'
[2.425s] Level 1:colcon.colcon_core.environment:checking '/home/cheon/Documents/dyros/piper-mou/piper_ros/install/piper_msgs/lib'
[2.425s] Level 1:colcon.colcon_core.shell:create_environment_hook('piper_msgs', 'ld_library_path_lib')
[2.426s] INFO:colcon.colcon_core.shell:Creating environment hook '/home/cheon/Documents/dyros/piper-mou/piper_ros/install/piper_msgs/share/piper_msgs/hook/ld_library_path_lib.ps1'
[2.427s] INFO:colcon.colcon_core.shell:Creating environment descriptor '/home/cheon/Documents/dyros/piper-mou/piper_ros/install/piper_msgs/share/piper_msgs/hook/ld_library_path_lib.dsv'
[2.428s] INFO:colcon.colcon_core.shell:Creating environment hook '/home/cheon/Documents/dyros/piper-mou/piper_ros/install/piper_msgs/share/piper_msgs/hook/ld_library_path_lib.sh'
[2.429s] Level 1:colcon.colcon_core.environment:checking '/home/cheon/Documents/dyros/piper-mou/piper_ros/install/piper_msgs/bin'
[2.429s] Level 1:colcon.colcon_core.environment:checking '/home/cheon/Documents/dyros/piper-mou/piper_ros/install/piper_msgs/lib/pkgconfig/piper_msgs.pc'
[2.430s] Level 1:colcon.colcon_core.environment:checking '/home/cheon/Documents/dyros/piper-mou/piper_ros/install/piper_msgs/lib/python3.10/site-packages'
[2.430s] Level 1:colcon.colcon_core.environment:checking '/home/cheon/Documents/dyros/piper-mou/piper_ros/install/piper_msgs/bin'
[2.431s] INFO:colcon.colcon_core.shell:Creating package script '/home/cheon/Documents/dyros/piper-mou/piper_ros/install/piper_msgs/share/piper_msgs/package.ps1'
[2.433s] INFO:colcon.colcon_core.shell:Creating package descriptor '/home/cheon/Documents/dyros/piper-mou/piper_ros/install/piper_msgs/share/piper_msgs/package.dsv'
[2.434s] INFO:colcon.colcon_core.shell:Creating package script '/home/cheon/Documents/dyros/piper-mou/piper_ros/install/piper_msgs/share/piper_msgs/package.sh'
[2.435s] INFO:colcon.colcon_core.shell:Creating package script '/home/cheon/Documents/dyros/piper-mou/piper_ros/install/piper_msgs/share/piper_msgs/package.bash'
[2.436s] INFO:colcon.colcon_core.shell:Creating package script '/home/cheon/Documents/dyros/piper-mou/piper_ros/install/piper_msgs/share/piper_msgs/package.zsh'
[2.437s] Level 1:colcon.colcon_core.environment:create_file_with_runtime_dependencies(/home/cheon/Documents/dyros/piper-mou/piper_ros/install/piper_msgs/share/colcon-core/packages/piper_msgs)
[2.444s] DEBUG:colcon.colcon_core.event_handler.log_command:Invoking command in '/home/cheon/Documents/dyros/piper-mou/piper_ros/src/piper': PYTHONPATH=/home/cheon/Documents/dyros/piper-mou/piper_ros/build/piper/prefix_override:/usr/lib/python3/dist-packages/colcon_core/task/python/colcon_distutils_commands:/home/cheon/Documents/dyros/piper-mou/piper_ros/install/piper/lib/python3.10/site-packages:${PYTHONPATH} /usr/bin/python3 -W ignore:setup.py install is deprecated -W ignore:easy_install command is deprecated setup.py egg_info --egg-base ../../build/piper build --build-base /home/cheon/Documents/dyros/piper-mou/piper_ros/build/piper/build install --record /home/cheon/Documents/dyros/piper-mou/piper_ros/build/piper/install.log --single-version-externally-managed install_data
[3.289s] Level 1:colcon.colcon_core.environment:checking '/home/cheon/Documents/dyros/piper-mou/piper_ros/install/piper' for CMake module files
[3.294s] DEBUG:colcon.colcon_core.event_handler.log_command:Invoked command in '/home/cheon/Documents/dyros/piper-mou/piper_ros/src/piper' returned '0': PYTHONPATH=/home/cheon/Documents/dyros/piper-mou/piper_ros/build/piper/prefix_override:/usr/lib/python3/dist-packages/colcon_core/task/python/colcon_distutils_commands:/home/cheon/Documents/dyros/piper-mou/piper_ros/install/piper/lib/python3.10/site-packages:${PYTHONPATH} /usr/bin/python3 -W ignore:setup.py install is deprecated -W ignore:easy_install command is deprecated setup.py egg_info --egg-base ../../build/piper build --build-base /home/cheon/Documents/dyros/piper-mou/piper_ros/build/piper/build install --record /home/cheon/Documents/dyros/piper-mou/piper_ros/build/piper/install.log --single-version-externally-managed install_data
[3.295s] Level 1:colcon.colcon_core.environment:checking '/home/cheon/Documents/dyros/piper-mou/piper_ros/install/piper' for CMake config files
[3.298s] Level 1:colcon.colcon_core.environment:checking '/home/cheon/Documents/dyros/piper-mou/piper_ros/install/piper/lib'
[3.299s] Level 1:colcon.colcon_core.environment:checking '/home/cheon/Documents/dyros/piper-mou/piper_ros/install/piper/bin'
[3.299s] Level 1:colcon.colcon_core.environment:checking '/home/cheon/Documents/dyros/piper-mou/piper_ros/install/piper/lib/pkgconfig/piper.pc'
[3.300s] Level 1:colcon.colcon_core.environment:checking '/home/cheon/Documents/dyros/piper-mou/piper_ros/install/piper/lib/python3.10/site-packages'
[3.300s] Level 1:colcon.colcon_core.shell:create_environment_hook('piper', 'pythonpath')
[3.302s] INFO:colcon.colcon_core.shell:Creating environment hook '/home/cheon/Documents/dyros/piper-mou/piper_ros/install/piper/share/piper/hook/pythonpath.ps1'
[3.306s] INFO:colcon.colcon_core.shell:Creating environment descriptor '/home/cheon/Documents/dyros/piper-mou/piper_ros/install/piper/share/piper/hook/pythonpath.dsv'
[3.309s] INFO:colcon.colcon_core.shell:Creating environment hook '/home/cheon/Documents/dyros/piper-mou/piper_ros/install/piper/share/piper/hook/pythonpath.sh'
[3.314s] Level 1:colcon.colcon_core.environment:checking '/home/cheon/Documents/dyros/piper-mou/piper_ros/install/piper/bin'
[3.315s] Level 1:colcon.colcon_core.environment:create_environment_scripts_only(piper)
[3.318s] INFO:colcon.colcon_core.shell:Creating package script '/home/cheon/Documents/dyros/piper-mou/piper_ros/install/piper/share/piper/package.ps1'
[3.320s] INFO:colcon.colcon_core.shell:Creating package descriptor '/home/cheon/Documents/dyros/piper-mou/piper_ros/install/piper/share/piper/package.dsv'
[3.323s] INFO:colcon.colcon_core.shell:Creating package script '/home/cheon/Documents/dyros/piper-mou/piper_ros/install/piper/share/piper/package.sh'
[3.324s] INFO:colcon.colcon_core.shell:Creating package script '/home/cheon/Documents/dyros/piper-mou/piper_ros/install/piper/share/piper/package.bash'
[3.325s] INFO:colcon.colcon_core.shell:Creating package script '/home/cheon/Documents/dyros/piper-mou/piper_ros/install/piper/share/piper/package.zsh'
[3.328s] Level 1:colcon.colcon_core.environment:create_file_with_runtime_dependencies(/home/cheon/Documents/dyros/piper-mou/piper_ros/install/piper/share/colcon-core/packages/piper)
[3.666s] DEBUG:colcon.colcon_parallel_executor.executor.parallel:run_until_complete was interrupted
[3.666s] DEBUG:colcon.colcon_parallel_executor.executor.parallel:run_until_complete again
[3.692s] DEBUG:colcon.colcon_core.event_handler.log_command:Invoked command in '/home/cheon/Documents/dyros/piper-mou/piper_ros/build/piper_with_gripper_moveit' returned '-2': CMAKE_PREFIX_PATH=/home/cheon/Documents/dyros/piper-mou/piper_ros/install/piper_description:/home/cheon/Documents/dyros/piper-mou/piper_ros/install/piper_with_gripper_moveit:/home/cheon/Documents/dyros/piper-mou/piper_ros/install/piper_no_gripper_moveit:/home/cheon/Documents/dyros/piper-mou/piper_ros/install/piper_msgs:/home/cheon/Documents/dyros/piper-mou/piper_ros/install/piper_humble:/home/cheon/Documents/dyros/piper-mou/piper_ros/install/piper_gazebo:/home/cheon/Documents/dyros/piper-mou/install/xela_server_ros2:/home/cheon/Documents/dyros/piper-mou/install/topic_based_ros2_control:/home/cheon/Documents/dyros/piper-mou/install/piper_with_gripper_moveit:/home/cheon/Documents/dyros/piper-mou/install/piper_no_gripper_moveit:/home/cheon/Documents/dyros/piper-mou/install/piper_msgs:/home/cheon/Documents/dyros/piper-mou/install/piper_humble:/home/cheon/Documents/dyros/piper-mou/install/piper_gazebo:/home/cheon/Documents/dyros/piper-mou/install/piper_description:/home/cheon/Documents/dyros/piper-mou/install/moveit_mujoco_interface:/home/cheon/Documents/dyros/piper-mou/piper_ros/install/piper:/home/cheon/Documents/dyros/piper-mou/install/piper_mujoco:/home/cheon/Documents/dyros/piper-mou/install/piper:/opt/ros/humble /usr/bin/cmake --build /home/cheon/Documents/dyros/piper-mou/piper_ros/build/piper_with_gripper_moveit -- -j12 -l12
[3.694s] Level 1:colcon.colcon_core.environment:create_environment_scripts_only(piper_with_gripper_moveit)
[3.694s] Level 1:colcon.colcon_core.environment:checking '/home/cheon/Documents/dyros/piper-mou/piper_ros/install/piper_with_gripper_moveit' for CMake module files
[3.697s] Level 1:colcon.colcon_core.environment:checking '/home/cheon/Documents/dyros/piper-mou/piper_ros/install/piper_with_gripper_moveit' for CMake config files
[3.699s] Level 1:colcon.colcon_core.shell:create_environment_hook('piper_with_gripper_moveit', 'cmake_prefix_path')
[3.700s] INFO:colcon.colcon_core.shell:Creating environment hook '/home/cheon/Documents/dyros/piper-mou/piper_ros/install/piper_with_gripper_moveit/share/piper_with_gripper_moveit/hook/cmake_prefix_path.ps1'
[3.702s] INFO:colcon.colcon_core.shell:Creating environment descriptor '/home/cheon/Documents/dyros/piper-mou/piper_ros/install/piper_with_gripper_moveit/share/piper_with_gripper_moveit/hook/cmake_prefix_path.dsv'
[3.703s] INFO:colcon.colcon_core.shell:Creating environment hook '/home/cheon/Documents/dyros/piper-mou/piper_ros/install/piper_with_gripper_moveit/share/piper_with_gripper_moveit/hook/cmake_prefix_path.sh'
[3.705s] Level 1:colcon.colcon_core.environment:checking '/home/cheon/Documents/dyros/piper-mou/piper_ros/install/piper_with_gripper_moveit/lib'
[3.705s] Level 1:colcon.colcon_core.shell:create_environment_hook('piper_with_gripper_moveit', 'ld_library_path_lib')
[3.706s] INFO:colcon.colcon_core.shell:Creating environment hook '/home/cheon/Documents/dyros/piper-mou/piper_ros/install/piper_with_gripper_moveit/share/piper_with_gripper_moveit/hook/ld_library_path_lib.ps1'
[3.707s] INFO:colcon.colcon_core.shell:Creating environment descriptor '/home/cheon/Documents/dyros/piper-mou/piper_ros/install/piper_with_gripper_moveit/share/piper_with_gripper_moveit/hook/ld_library_path_lib.dsv'
[3.708s] INFO:colcon.colcon_core.shell:Creating environment hook '/home/cheon/Documents/dyros/piper-mou/piper_ros/install/piper_with_gripper_moveit/share/piper_with_gripper_moveit/hook/ld_library_path_lib.sh'
[3.709s] Level 1:colcon.colcon_core.environment:checking '/home/cheon/Documents/dyros/piper-mou/piper_ros/install/piper_with_gripper_moveit/bin'
[3.709s] Level 1:colcon.colcon_core.environment:checking '/home/cheon/Documents/dyros/piper-mou/piper_ros/install/piper_with_gripper_moveit/lib/pkgconfig/piper_with_gripper_moveit.pc'
[3.710s] Level 1:colcon.colcon_core.environment:checking '/home/cheon/Documents/dyros/piper-mou/piper_ros/install/piper_with_gripper_moveit/lib/python3.10/site-packages'
[3.711s] Level 1:colcon.colcon_core.environment:checking '/home/cheon/Documents/dyros/piper-mou/piper_ros/install/piper_with_gripper_moveit/bin'
[3.712s] INFO:colcon.colcon_core.shell:Creating package script '/home/cheon/Documents/dyros/piper-mou/piper_ros/install/piper_with_gripper_moveit/share/piper_with_gripper_moveit/package.ps1'
[3.713s] INFO:colcon.colcon_core.shell:Creating package descriptor '/home/cheon/Documents/dyros/piper-mou/piper_ros/install/piper_with_gripper_moveit/share/piper_with_gripper_moveit/package.dsv'
[3.714s] INFO:colcon.colcon_core.shell:Creating package script '/home/cheon/Documents/dyros/piper-mou/piper_ros/install/piper_with_gripper_moveit/share/piper_with_gripper_moveit/package.sh'
[3.715s] INFO:colcon.colcon_core.shell:Creating package script '/home/cheon/Documents/dyros/piper-mou/piper_ros/install/piper_with_gripper_moveit/share/piper_with_gripper_moveit/package.bash'
[3.716s] INFO:colcon.colcon_core.shell:Creating package script '/home/cheon/Documents/dyros/piper-mou/piper_ros/install/piper_with_gripper_moveit/share/piper_with_gripper_moveit/package.zsh'
[3.717s] Level 1:colcon.colcon_core.environment:create_file_with_runtime_dependencies(/home/cheon/Documents/dyros/piper-mou/piper_ros/install/piper_with_gripper_moveit/share/colcon-core/packages/piper_with_gripper_moveit)
[3.728s] DEBUG:colcon.colcon_parallel_executor.executor.parallel:run_until_complete finished
[3.728s] DEBUG:colcon.colcon_parallel_executor.executor.parallel:closing loop
[3.729s] DEBUG:colcon.colcon_parallel_executor.executor.parallel:loop closed
[3.729s] DEBUG:colcon.colcon_core.event_reactor:joining thread
[3.745s] INFO:colcon.colcon_core.plugin_system:Skipping extension 'colcon_notification.desktop_notification.terminal_notifier': Not used on non-Darwin systems
[3.745s] INFO:colcon.colcon_core.plugin_system:Skipping extension 'colcon_notification.desktop_notification.win32': Not used on non-Windows systems
[3.745s] INFO:colcon.colcon_notification.desktop_notification:Sending desktop notification using 'notify2'
[3.778s] DEBUG:colcon.colcon_core.event_reactor:joined thread
[3.780s] INFO:colcon.colcon_core.shell:Creating prefix script '/home/cheon/Documents/dyros/piper-mou/piper_ros/install/local_setup.ps1'
[3.782s] INFO:colcon.colcon_core.shell:Creating prefix util module '/home/cheon/Documents/dyros/piper-mou/piper_ros/install/_local_setup_util_ps1.py'
[3.787s] INFO:colcon.colcon_core.shell:Creating prefix chain script '/home/cheon/Documents/dyros/piper-mou/piper_ros/install/setup.ps1'
[3.792s] INFO:colcon.colcon_core.shell:Creating prefix script '/home/cheon/Documents/dyros/piper-mou/piper_ros/install/local_setup.sh'
[3.795s] INFO:colcon.colcon_core.shell:Creating prefix util module '/home/cheon/Documents/dyros/piper-mou/piper_ros/install/_local_setup_util_sh.py'
[3.796s] INFO:colcon.colcon_core.shell:Creating prefix chain script '/home/cheon/Documents/dyros/piper-mou/piper_ros/install/setup.sh'
[3.802s] INFO:colcon.colcon_core.shell:Creating prefix script '/home/cheon/Documents/dyros/piper-mou/piper_ros/install/local_setup.bash'
[3.804s] INFO:colcon.colcon_core.shell:Creating prefix chain script '/home/cheon/Documents/dyros/piper-mou/piper_ros/install/setup.bash'
[3.808s] INFO:colcon.colcon_core.shell:Creating prefix script '/home/cheon/Documents/dyros/piper-mou/piper_ros/install/local_setup.zsh'
[3.810s] INFO:colcon.colcon_core.shell:Creating prefix chain script '/home/cheon/Documents/dyros/piper-mou/piper_ros/install/setup.zsh'
