[0.264s] Invoking command in '/home/dyros/mcy_ws/piper-mou/build/piper_humble': CMAKE_PREFIX_PATH=${CMAKE_PREFIX_PATH}:/home/dyros/mcy_ws/piper-mou/install/piper:/opt/ros/humble /usr/bin/cmake /home/dyros/mcy_ws/piper-mou/src/piper_ros/src/piper_humble -DCMAKE_INSTALL_PREFIX=/home/dyros/mcy_ws/piper-mou/install/piper_humble
[0.316s] -- The C compiler identification is GNU 11.4.0
[0.380s] -- The CXX compiler identification is GNU 11.4.0
[0.388s] -- Detecting C compiler ABI info
[0.458s] -- Detecting C compiler ABI info - done
[0.469s] -- Check for working C compiler: /usr/bin/cc - skipped
[0.470s] -- Detecting C compile features
[0.470s] -- Detecting C compile features - done
[0.474s] -- Detecting CXX compiler ABI info
[0.565s] -- Detecting CXX compiler ABI info - done
[0.575s] -- Check for working CXX compiler: /usr/bin/c++ - skipped
[0.575s] -- Detecting CXX compile features
[0.575s] -- Detecting CXX compile features - done
[0.578s] -- Found ament_cmake: 1.3.11 (/opt/ros/humble/share/ament_cmake/cmake)
[1.028s] -- Found Python3: /usr/bin/python3 (found version "3.10.12") found components: Interpreter 
[1.242s] -- Configuring done
[1.245s] -- Generating done
[1.248s] -- Build files have been written to: /home/dyros/mcy_ws/piper-mou/build/piper_humble
[1.254s] Invoked command in '/home/dyros/mcy_ws/piper-mou/build/piper_humble' returned '0': CMAKE_PREFIX_PATH=${CMAKE_PREFIX_PATH}:/home/dyros/mcy_ws/piper-mou/install/piper:/opt/ros/humble /usr/bin/cmake /home/dyros/mcy_ws/piper-mou/src/piper_ros/src/piper_humble -DCMAKE_INSTALL_PREFIX=/home/dyros/mcy_ws/piper-mou/install/piper_humble
[1.256s] Invoking command in '/home/dyros/mcy_ws/piper-mou/build/piper_humble': CMAKE_PREFIX_PATH=${CMAKE_PREFIX_PATH}:/home/dyros/mcy_ws/piper-mou/install/piper:/opt/ros/humble /usr/bin/cmake --build /home/dyros/mcy_ws/piper-mou/build/piper_humble -- -j20 -l20
[1.300s] Invoked command in '/home/dyros/mcy_ws/piper-mou/build/piper_humble' returned '0': CMAKE_PREFIX_PATH=${CMAKE_PREFIX_PATH}:/home/dyros/mcy_ws/piper-mou/install/piper:/opt/ros/humble /usr/bin/cmake --build /home/dyros/mcy_ws/piper-mou/build/piper_humble -- -j20 -l20
[1.304s] Invoking command in '/home/dyros/mcy_ws/piper-mou/build/piper_humble': CMAKE_PREFIX_PATH=${CMAKE_PREFIX_PATH}:/home/dyros/mcy_ws/piper-mou/install/piper:/opt/ros/humble /usr/bin/cmake --install /home/dyros/mcy_ws/piper-mou/build/piper_humble
[1.313s] -- Install configuration: ""
[1.313s] -- Installing: /home/dyros/mcy_ws/piper-mou/install/piper_humble/share/ament_index/resource_index/package_run_dependencies/piper_humble
[1.313s] -- Installing: /home/dyros/mcy_ws/piper-mou/install/piper_humble/share/ament_index/resource_index/parent_prefix_path/piper_humble
[1.313s] -- Installing: /home/dyros/mcy_ws/piper-mou/install/piper_humble/share/piper_humble/environment/ament_prefix_path.sh
[1.313s] -- Installing: /home/dyros/mcy_ws/piper-mou/install/piper_humble/share/piper_humble/environment/ament_prefix_path.dsv
[1.314s] -- Installing: /home/dyros/mcy_ws/piper-mou/install/piper_humble/share/piper_humble/environment/path.sh
[1.314s] -- Installing: /home/dyros/mcy_ws/piper-mou/install/piper_humble/share/piper_humble/environment/path.dsv
[1.314s] -- Installing: /home/dyros/mcy_ws/piper-mou/install/piper_humble/share/piper_humble/local_setup.bash
[1.314s] -- Installing: /home/dyros/mcy_ws/piper-mou/install/piper_humble/share/piper_humble/local_setup.sh
[1.314s] -- Installing: /home/dyros/mcy_ws/piper-mou/install/piper_humble/share/piper_humble/local_setup.zsh
[1.314s] -- Installing: /home/dyros/mcy_ws/piper-mou/install/piper_humble/share/piper_humble/local_setup.dsv
[1.314s] -- Installing: /home/dyros/mcy_ws/piper-mou/install/piper_humble/share/piper_humble/package.dsv
[1.315s] -- Installing: /home/dyros/mcy_ws/piper-mou/install/piper_humble/share/ament_index/resource_index/packages/piper_humble
[1.315s] -- Installing: /home/dyros/mcy_ws/piper-mou/install/piper_humble/share/piper_humble/cmake/piper_humbleConfig.cmake
[1.315s] -- Installing: /home/dyros/mcy_ws/piper-mou/install/piper_humble/share/piper_humble/cmake/piper_humbleConfig-version.cmake
[1.315s] -- Installing: /home/dyros/mcy_ws/piper-mou/install/piper_humble/share/piper_humble/package.xml
[1.318s] Invoked command in '/home/dyros/mcy_ws/piper-mou/build/piper_humble' returned '0': CMAKE_PREFIX_PATH=${CMAKE_PREFIX_PATH}:/home/dyros/mcy_ws/piper-mou/install/piper:/opt/ros/humble /usr/bin/cmake --install /home/dyros/mcy_ws/piper-mou/build/piper_humble
