[0.230s] Invoking command in '/home/dyros/mcy_ws/piper-mou/build/piper_msgs': CMAKE_PREFIX_PATH=${CMAKE_PREFIX_PATH}:/home/dyros/mcy_ws/piper-mou/install/piper:/opt/ros/humble CONDA_PROMPT_MODIFIER=(base) /usr/bin/cmake --build /home/dyros/mcy_ws/piper-mou/build/piper_msgs -- -j20 -l20
[0.292s] [  2%] Built target piper_msgs__cpp
[0.292s] [ 12%] Built target piper_msgs__rosidl_generator_c
[0.293s] [ 12%] Built target ament_cmake_python_copy_piper_msgs
[0.313s] [ 23%] Built target piper_msgs__rosidl_typesupport_cpp
[0.317s] [ 34%] Built target piper_msgs__rosidl_typesupport_introspection_c
[0.317s] [ 44%] Built target piper_msgs__rosidl_typesupport_fastrtps_c
[0.317s] [ 57%] Built target piper_msgs__rosidl_typesupport_fastrtps_cpp
[0.317s] [ 65%] Built target piper_msgs__rosidl_typesupport_introspection_cpp
[0.318s] [ 76%] Built target piper_msgs__rosidl_typesupport_c
[0.338s] [ 76%] Built target piper_msgs
[0.365s] [ 78%] Built target piper_msgs__py
[0.396s] [ 87%] Built target piper_msgs__rosidl_generator_py
[0.403s] [ 91%] Built target piper_msgs__rosidl_typesupport_fastrtps_c__pyext
[0.407s] [ 95%] Built target piper_msgs__rosidl_typesupport_introspection_c__pyext
[0.411s] [100%] Built target piper_msgs__rosidl_typesupport_c__pyext
[0.606s] running egg_info
[0.628s] writing piper_msgs.egg-info/PKG-INFO
[0.628s] writing dependency_links to piper_msgs.egg-info/dependency_links.txt
[0.629s] writing top-level names to piper_msgs.egg-info/top_level.txt
[0.693s] reading manifest file 'piper_msgs.egg-info/SOURCES.txt'
[0.694s] writing manifest file 'piper_msgs.egg-info/SOURCES.txt'
[0.728s] [100%] Built target ament_cmake_python_build_piper_msgs_egg
