[0.075s] Invoking command in '/home/cheon/Documents/dyros/piper-mou/piper_ros/build/piper_with_gripper_moveit': CMAKE_PREFIX_PATH=/home/cheon/Documents/dyros/piper-mou/piper_ros/install/piper_description:/home/cheon/Documents/dyros/piper-mou/piper_ros/install/piper_with_gripper_moveit:/home/cheon/Documents/dyros/piper-mou/piper_ros/install/piper_no_gripper_moveit:/home/cheon/Documents/dyros/piper-mou/piper_ros/install/piper_msgs:/home/cheon/Documents/dyros/piper-mou/piper_ros/install/piper_humble:/home/cheon/Documents/dyros/piper-mou/piper_ros/install/piper_gazebo:/home/cheon/Documents/dyros/piper-mou/install/xela_server_ros2:/home/cheon/Documents/dyros/piper-mou/install/topic_based_ros2_control:/home/cheon/Documents/dyros/piper-mou/install/piper_with_gripper_moveit:/home/cheon/Documents/dyros/piper-mou/install/piper_no_gripper_moveit:/home/cheon/Documents/dyros/piper-mou/install/piper_msgs:/home/cheon/Documents/dyros/piper-mou/install/piper_humble:/home/cheon/Documents/dyros/piper-mou/install/piper_gazebo:/home/cheon/Documents/dyros/piper-mou/install/piper_description:/home/cheon/Documents/dyros/piper-mou/install/moveit_mujoco_interface:/home/cheon/Documents/dyros/piper-mou/piper_ros/install/piper:/home/cheon/Documents/dyros/piper-mou/install/piper_mujoco:/home/cheon/Documents/dyros/piper-mou/install/piper:/opt/ros/humble CONDA_PROMPT_MODIFIER=(base) /usr/bin/cmake --build /home/cheon/Documents/dyros/piper-mou/piper_ros/build/piper_with_gripper_moveit -- -j12 -l12
[0.206s] [35m[1mConsolidate compiler generated dependencies of target planning_scene_node[0m
[0.212s] [  8%] Built target piper_with_gripper_moveit__rosidl_generator_c
[0.220s] [ 10%] Built target piper_with_gripper_moveit__cpp
[0.226s] [ 10%] Built target ament_cmake_python_symlink_piper_with_gripper_moveit
[0.236s] [ 14%] Built target joint_goal_node
[0.251s] [ 19%] Built target joint_goal_cmd_node
[0.283s] [ 27%] Built target piper_with_gripper_moveit__rosidl_typesupport_introspection_c
[0.301s] [ 36%] Built target piper_with_gripper_moveit__rosidl_typesupport_c
[0.306s] [ 44%] Built target piper_with_gripper_moveit__rosidl_typesupport_introspection_cpp
[0.307s] [ 53%] Built target piper_with_gripper_moveit__rosidl_typesupport_fastrtps_cpp
[0.309s] [ 55%] [32mBuilding CXX object CMakeFiles/planning_scene_node.dir/src/planning_scene.cpp.o[0m
[0.309s] [ 63%] Built target piper_with_gripper_moveit__rosidl_typesupport_fastrtps_c
[0.310s] [ 72%] Built target piper_with_gripper_moveit__rosidl_typesupport_cpp
[0.355s] [35m[1mConsolidate compiler generated dependencies of target pose_goal_node[0m
[0.361s] [ 72%] Built target piper_with_gripper_moveit
[0.402s] [ 74%] Built target piper_with_gripper_moveit__py
[0.422s] [ 78%] Built target pose_goal_node
[0.458s] [ 85%] Built target piper_with_gripper_moveit__rosidl_generator_py
[0.509s] [ 89%] Built target piper_with_gripper_moveit__rosidl_typesupport_c__pyext
[0.514s] [ 93%] Built target piper_with_gripper_moveit__rosidl_typesupport_introspection_c__pyext
[0.516s] [ 97%] Built target piper_with_gripper_moveit__rosidl_typesupport_fastrtps_c__pyext
[0.769s] running egg_info
[0.805s] writing piper_with_gripper_moveit.egg-info/PKG-INFO
[0.806s] writing dependency_links to piper_with_gripper_moveit.egg-info/dependency_links.txt
[0.807s] writing top-level names to piper_with_gripper_moveit.egg-info/top_level.txt
[0.926s] reading manifest file 'piper_with_gripper_moveit.egg-info/SOURCES.txt'
[0.928s] writing manifest file 'piper_with_gripper_moveit.egg-info/SOURCES.txt'
[0.982s] [ 97%] Built target ament_cmake_python_build_piper_with_gripper_moveit_egg
[11.678s] [100%] [32m[1mLinking CXX executable planning_scene_node[0m
[11.953s] [100%] Built target planning_scene_node
[11.969s] Invoked command in '/home/cheon/Documents/dyros/piper-mou/piper_ros/build/piper_with_gripper_moveit' returned '0': CMAKE_PREFIX_PATH=/home/cheon/Documents/dyros/piper-mou/piper_ros/install/piper_description:/home/cheon/Documents/dyros/piper-mou/piper_ros/install/piper_with_gripper_moveit:/home/cheon/Documents/dyros/piper-mou/piper_ros/install/piper_no_gripper_moveit:/home/cheon/Documents/dyros/piper-mou/piper_ros/install/piper_msgs:/home/cheon/Documents/dyros/piper-mou/piper_ros/install/piper_humble:/home/cheon/Documents/dyros/piper-mou/piper_ros/install/piper_gazebo:/home/cheon/Documents/dyros/piper-mou/install/xela_server_ros2:/home/cheon/Documents/dyros/piper-mou/install/topic_based_ros2_control:/home/cheon/Documents/dyros/piper-mou/install/piper_with_gripper_moveit:/home/cheon/Documents/dyros/piper-mou/install/piper_no_gripper_moveit:/home/cheon/Documents/dyros/piper-mou/install/piper_msgs:/home/cheon/Documents/dyros/piper-mou/install/piper_humble:/home/cheon/Documents/dyros/piper-mou/install/piper_gazebo:/home/cheon/Documents/dyros/piper-mou/install/piper_description:/home/cheon/Documents/dyros/piper-mou/install/moveit_mujoco_interface:/home/cheon/Documents/dyros/piper-mou/piper_ros/install/piper:/home/cheon/Documents/dyros/piper-mou/install/piper_mujoco:/home/cheon/Documents/dyros/piper-mou/install/piper:/opt/ros/humble CONDA_PROMPT_MODIFIER=(base) /usr/bin/cmake --build /home/cheon/Documents/dyros/piper-mou/piper_ros/build/piper_with_gripper_moveit -- -j12 -l12
[11.972s] Invoking command in '/home/cheon/Documents/dyros/piper-mou/piper_ros/build/piper_with_gripper_moveit': CMAKE_PREFIX_PATH=/home/cheon/Documents/dyros/piper-mou/piper_ros/install/piper_description:/home/cheon/Documents/dyros/piper-mou/piper_ros/install/piper_with_gripper_moveit:/home/cheon/Documents/dyros/piper-mou/piper_ros/install/piper_no_gripper_moveit:/home/cheon/Documents/dyros/piper-mou/piper_ros/install/piper_msgs:/home/cheon/Documents/dyros/piper-mou/piper_ros/install/piper_humble:/home/cheon/Documents/dyros/piper-mou/piper_ros/install/piper_gazebo:/home/cheon/Documents/dyros/piper-mou/install/xela_server_ros2:/home/cheon/Documents/dyros/piper-mou/install/topic_based_ros2_control:/home/cheon/Documents/dyros/piper-mou/install/piper_with_gripper_moveit:/home/cheon/Documents/dyros/piper-mou/install/piper_no_gripper_moveit:/home/cheon/Documents/dyros/piper-mou/install/piper_msgs:/home/cheon/Documents/dyros/piper-mou/install/piper_humble:/home/cheon/Documents/dyros/piper-mou/install/piper_gazebo:/home/cheon/Documents/dyros/piper-mou/install/piper_description:/home/cheon/Documents/dyros/piper-mou/install/moveit_mujoco_interface:/home/cheon/Documents/dyros/piper-mou/piper_ros/install/piper:/home/cheon/Documents/dyros/piper-mou/install/piper_mujoco:/home/cheon/Documents/dyros/piper-mou/install/piper:/opt/ros/humble CONDA_PROMPT_MODIFIER=(base) /usr/bin/cmake --install /home/cheon/Documents/dyros/piper-mou/piper_ros/build/piper_with_gripper_moveit
[11.983s] -- Install configuration: ""
[11.984s] -- Execute custom install script
[11.984s] -- Up-to-date symlink: /home/cheon/Documents/dyros/piper-mou/piper_ros/install/piper_with_gripper_moveit/share/ament_index/resource_index/rosidl_interfaces/piper_with_gripper_moveit
[11.985s] -- Up-to-date symlink: /home/cheon/Documents/dyros/piper-mou/piper_ros/install/piper_with_gripper_moveit/include/piper_with_gripper_moveit/piper_with_gripper_moveit/action/detail/pose_goal__functions.h
[11.985s] -- Up-to-date symlink: /home/cheon/Documents/dyros/piper-mou/piper_ros/install/piper_with_gripper_moveit/include/piper_with_gripper_moveit/piper_with_gripper_moveit/action/detail/pose_goal__struct.h
[11.985s] -- Up-to-date symlink: /home/cheon/Documents/dyros/piper-mou/piper_ros/install/piper_with_gripper_moveit/include/piper_with_gripper_moveit/piper_with_gripper_moveit/action/detail/pose_goal__type_support.h
[11.986s] -- Up-to-date symlink: /home/cheon/Documents/dyros/piper-mou/piper_ros/install/piper_with_gripper_moveit/include/piper_with_gripper_moveit/piper_with_gripper_moveit/action/detail/target_pose__functions.h
[11.986s] -- Up-to-date symlink: /home/cheon/Documents/dyros/piper-mou/piper_ros/install/piper_with_gripper_moveit/include/piper_with_gripper_moveit/piper_with_gripper_moveit/action/detail/target_pose__struct.h
[11.986s] -- Up-to-date symlink: /home/cheon/Documents/dyros/piper-mou/piper_ros/install/piper_with_gripper_moveit/include/piper_with_gripper_moveit/piper_with_gripper_moveit/action/detail/target_pose__type_support.h
[11.987s] -- Up-to-date symlink: /home/cheon/Documents/dyros/piper-mou/piper_ros/install/piper_with_gripper_moveit/include/piper_with_gripper_moveit/piper_with_gripper_moveit/action/pose_goal.h
[11.987s] -- Up-to-date symlink: /home/cheon/Documents/dyros/piper-mou/piper_ros/install/piper_with_gripper_moveit/include/piper_with_gripper_moveit/piper_with_gripper_moveit/action/target_pose.h
[11.987s] -- Up-to-date symlink: /home/cheon/Documents/dyros/piper-mou/piper_ros/install/piper_with_gripper_moveit/include/piper_with_gripper_moveit/piper_with_gripper_moveit/msg/rosidl_generator_c__visibility_control.h
[11.987s] -- Up-to-date symlink: /home/cheon/Documents/dyros/piper-mou/piper_ros/install/piper_with_gripper_moveit/share/piper_with_gripper_moveit/environment/library_path.sh
[11.987s] -- Up-to-date symlink: /home/cheon/Documents/dyros/piper-mou/piper_ros/install/piper_with_gripper_moveit/share/piper_with_gripper_moveit/environment/library_path.dsv
[11.988s] -- Up-to-date symlink: /home/cheon/Documents/dyros/piper-mou/piper_ros/install/piper_with_gripper_moveit/include/piper_with_gripper_moveit/piper_with_gripper_moveit/action/detail/pose_goal__rosidl_typesupport_fastrtps_c.h
[11.988s] -- Up-to-date symlink: /home/cheon/Documents/dyros/piper-mou/piper_ros/install/piper_with_gripper_moveit/include/piper_with_gripper_moveit/piper_with_gripper_moveit/action/detail/target_pose__rosidl_typesupport_fastrtps_c.h
[11.988s] -- Up-to-date symlink: /home/cheon/Documents/dyros/piper-mou/piper_ros/install/piper_with_gripper_moveit/include/piper_with_gripper_moveit/piper_with_gripper_moveit/msg/rosidl_typesupport_fastrtps_c__visibility_control.h
[11.989s] -- Up-to-date symlink: /home/cheon/Documents/dyros/piper-mou/piper_ros/install/piper_with_gripper_moveit/include/piper_with_gripper_moveit/piper_with_gripper_moveit/action/detail/pose_goal__builder.hpp
[11.989s] -- Up-to-date symlink: /home/cheon/Documents/dyros/piper-mou/piper_ros/install/piper_with_gripper_moveit/include/piper_with_gripper_moveit/piper_with_gripper_moveit/action/detail/pose_goal__struct.hpp
[11.990s] -- Up-to-date symlink: /home/cheon/Documents/dyros/piper-mou/piper_ros/install/piper_with_gripper_moveit/include/piper_with_gripper_moveit/piper_with_gripper_moveit/action/detail/pose_goal__traits.hpp
[11.990s] -- Up-to-date symlink: /home/cheon/Documents/dyros/piper-mou/piper_ros/install/piper_with_gripper_moveit/include/piper_with_gripper_moveit/piper_with_gripper_moveit/action/detail/pose_goal__type_support.hpp
[11.990s] -- Up-to-date symlink: /home/cheon/Documents/dyros/piper-mou/piper_ros/install/piper_with_gripper_moveit/include/piper_with_gripper_moveit/piper_with_gripper_moveit/action/detail/target_pose__builder.hpp
[11.990s] -- Up-to-date symlink: /home/cheon/Documents/dyros/piper-mou/piper_ros/install/piper_with_gripper_moveit/include/piper_with_gripper_moveit/piper_with_gripper_moveit/action/detail/target_pose__struct.hpp
[11.990s] -- Up-to-date symlink: /home/cheon/Documents/dyros/piper-mou/piper_ros/install/piper_with_gripper_moveit/include/piper_with_gripper_moveit/piper_with_gripper_moveit/action/detail/target_pose__traits.hpp
[11.991s] -- Up-to-date symlink: /home/cheon/Documents/dyros/piper-mou/piper_ros/install/piper_with_gripper_moveit/include/piper_with_gripper_moveit/piper_with_gripper_moveit/action/detail/target_pose__type_support.hpp
[11.991s] -- Up-to-date symlink: /home/cheon/Documents/dyros/piper-mou/piper_ros/install/piper_with_gripper_moveit/include/piper_with_gripper_moveit/piper_with_gripper_moveit/action/pose_goal.hpp
[11.991s] -- Up-to-date symlink: /home/cheon/Documents/dyros/piper-mou/piper_ros/install/piper_with_gripper_moveit/include/piper_with_gripper_moveit/piper_with_gripper_moveit/action/target_pose.hpp
[11.991s] -- Up-to-date symlink: /home/cheon/Documents/dyros/piper-mou/piper_ros/install/piper_with_gripper_moveit/include/piper_with_gripper_moveit/piper_with_gripper_moveit/msg/rosidl_generator_cpp__visibility_control.hpp
[11.992s] -- Up-to-date symlink: /home/cheon/Documents/dyros/piper-mou/piper_ros/install/piper_with_gripper_moveit/include/piper_with_gripper_moveit/piper_with_gripper_moveit/action/detail/pose_goal__rosidl_typesupport_fastrtps_cpp.hpp
[11.992s] -- Up-to-date symlink: /home/cheon/Documents/dyros/piper-mou/piper_ros/install/piper_with_gripper_moveit/include/piper_with_gripper_moveit/piper_with_gripper_moveit/action/detail/target_pose__rosidl_typesupport_fastrtps_cpp.hpp
[11.992s] -- Up-to-date symlink: /home/cheon/Documents/dyros/piper-mou/piper_ros/install/piper_with_gripper_moveit/include/piper_with_gripper_moveit/piper_with_gripper_moveit/msg/rosidl_typesupport_fastrtps_cpp__visibility_control.h
[11.993s] -- Up-to-date symlink: /home/cheon/Documents/dyros/piper-mou/piper_ros/install/piper_with_gripper_moveit/include/piper_with_gripper_moveit/piper_with_gripper_moveit/action/detail/pose_goal__rosidl_typesupport_introspection_c.h
[11.993s] -- Up-to-date symlink: /home/cheon/Documents/dyros/piper-mou/piper_ros/install/piper_with_gripper_moveit/include/piper_with_gripper_moveit/piper_with_gripper_moveit/action/detail/target_pose__rosidl_typesupport_introspection_c.h
[11.993s] -- Up-to-date symlink: /home/cheon/Documents/dyros/piper-mou/piper_ros/install/piper_with_gripper_moveit/include/piper_with_gripper_moveit/piper_with_gripper_moveit/msg/rosidl_typesupport_introspection_c__visibility_control.h
[11.993s] -- Up-to-date symlink: /home/cheon/Documents/dyros/piper-mou/piper_ros/install/piper_with_gripper_moveit/include/piper_with_gripper_moveit/piper_with_gripper_moveit/action/detail/pose_goal__rosidl_typesupport_introspection_cpp.hpp
[11.994s] -- Up-to-date symlink: /home/cheon/Documents/dyros/piper-mou/piper_ros/install/piper_with_gripper_moveit/include/piper_with_gripper_moveit/piper_with_gripper_moveit/action/detail/target_pose__rosidl_typesupport_introspection_cpp.hpp
[11.994s] -- Up-to-date symlink: /home/cheon/Documents/dyros/piper-mou/piper_ros/install/piper_with_gripper_moveit/share/piper_with_gripper_moveit/environment/pythonpath.sh
[11.994s] -- Up-to-date symlink: /home/cheon/Documents/dyros/piper-mou/piper_ros/install/piper_with_gripper_moveit/share/piper_with_gripper_moveit/environment/pythonpath.dsv
[11.995s] -- Up-to-date symlink: /home/cheon/Documents/dyros/piper-mou/piper_ros/install/piper_with_gripper_moveit/local/lib/python3.10/dist-packages/piper_with_gripper_moveit-0.3.0-py3.10.egg-info/PKG-INFO
[11.995s] -- Up-to-date symlink: /home/cheon/Documents/dyros/piper-mou/piper_ros/install/piper_with_gripper_moveit/local/lib/python3.10/dist-packages/piper_with_gripper_moveit-0.3.0-py3.10.egg-info/SOURCES.txt
[11.995s] -- Up-to-date symlink: /home/cheon/Documents/dyros/piper-mou/piper_ros/install/piper_with_gripper_moveit/local/lib/python3.10/dist-packages/piper_with_gripper_moveit-0.3.0-py3.10.egg-info/dependency_links.txt
[11.995s] -- Up-to-date symlink: /home/cheon/Documents/dyros/piper-mou/piper_ros/install/piper_with_gripper_moveit/local/lib/python3.10/dist-packages/piper_with_gripper_moveit-0.3.0-py3.10.egg-info/top_level.txt
[11.996s] -- Up-to-date symlink: /home/cheon/Documents/dyros/piper-mou/piper_ros/install/piper_with_gripper_moveit/local/lib/python3.10/dist-packages/piper_with_gripper_moveit/__init__.py
[11.996s] -- Up-to-date symlink: /home/cheon/Documents/dyros/piper-mou/piper_ros/install/piper_with_gripper_moveit/local/lib/python3.10/dist-packages/piper_with_gripper_moveit/_piper_with_gripper_moveit_s.ep.rosidl_typesupport_c.c
[11.996s] -- Up-to-date symlink: /home/cheon/Documents/dyros/piper-mou/piper_ros/install/piper_with_gripper_moveit/local/lib/python3.10/dist-packages/piper_with_gripper_moveit/_piper_with_gripper_moveit_s.ep.rosidl_typesupport_fastrtps_c.c
[11.997s] -- Up-to-date symlink: /home/cheon/Documents/dyros/piper-mou/piper_ros/install/piper_with_gripper_moveit/local/lib/python3.10/dist-packages/piper_with_gripper_moveit/_piper_with_gripper_moveit_s.ep.rosidl_typesupport_introspection_c.c
[11.997s] -- Up-to-date symlink: /home/cheon/Documents/dyros/piper-mou/piper_ros/install/piper_with_gripper_moveit/local/lib/python3.10/dist-packages/piper_with_gripper_moveit/action/__init__.py
[11.997s] -- Up-to-date symlink: /home/cheon/Documents/dyros/piper-mou/piper_ros/install/piper_with_gripper_moveit/local/lib/python3.10/dist-packages/piper_with_gripper_moveit/action/_pose_goal.py
[11.997s] -- Up-to-date symlink: /home/cheon/Documents/dyros/piper-mou/piper_ros/install/piper_with_gripper_moveit/local/lib/python3.10/dist-packages/piper_with_gripper_moveit/action/_pose_goal_s.c
[11.998s] -- Up-to-date symlink: /home/cheon/Documents/dyros/piper-mou/piper_ros/install/piper_with_gripper_moveit/local/lib/python3.10/dist-packages/piper_with_gripper_moveit/action/_target_pose.py
[11.998s] -- Up-to-date symlink: /home/cheon/Documents/dyros/piper-mou/piper_ros/install/piper_with_gripper_moveit/local/lib/python3.10/dist-packages/piper_with_gripper_moveit/action/_target_pose_s.c
[11.998s] -- Up-to-date symlink: /home/cheon/Documents/dyros/piper-mou/piper_ros/install/piper_with_gripper_moveit/local/lib/python3.10/dist-packages/piper_with_gripper_moveit/libpiper_with_gripper_moveit__rosidl_generator_py.so
[11.998s] -- Up-to-date symlink: /home/cheon/Documents/dyros/piper-mou/piper_ros/install/piper_with_gripper_moveit/local/lib/python3.10/dist-packages/piper_with_gripper_moveit/piper_with_gripper_moveit_s__rosidl_typesupport_c.cpython-310-x86_64-linux-gnu.so
[11.998s] -- Up-to-date symlink: /home/cheon/Documents/dyros/piper-mou/piper_ros/install/piper_with_gripper_moveit/local/lib/python3.10/dist-packages/piper_with_gripper_moveit/piper_with_gripper_moveit_s__rosidl_typesupport_fastrtps_c.cpython-310-x86_64-linux-gnu.so
[11.999s] -- Up-to-date symlink: /home/cheon/Documents/dyros/piper-mou/piper_ros/install/piper_with_gripper_moveit/local/lib/python3.10/dist-packages/piper_with_gripper_moveit/piper_with_gripper_moveit_s__rosidl_typesupport_introspection_c.cpython-310-x86_64-linux-gnu.so
[11.999s] -- Up-to-date symlink: /home/cheon/Documents/dyros/piper-mou/piper_ros/install/piper_with_gripper_moveit/local/lib/python3.10/dist-packages/piper_with_gripper_moveit/piper_with_gripper_moveit_s__rosidl_typesupport_fastrtps_c.cpython-310-x86_64-linux-gnu.so
[11.999s] -- Up-to-date symlink: /home/cheon/Documents/dyros/piper-mou/piper_ros/install/piper_with_gripper_moveit/local/lib/python3.10/dist-packages/piper_with_gripper_moveit/piper_with_gripper_moveit_s__rosidl_typesupport_introspection_c.cpython-310-x86_64-linux-gnu.so
[11.999s] -- Up-to-date symlink: /home/cheon/Documents/dyros/piper-mou/piper_ros/install/piper_with_gripper_moveit/local/lib/python3.10/dist-packages/piper_with_gripper_moveit/piper_with_gripper_moveit_s__rosidl_typesupport_c.cpython-310-x86_64-linux-gnu.so
[12.000s] -- Up-to-date symlink: /home/cheon/Documents/dyros/piper-mou/piper_ros/install/piper_with_gripper_moveit/share/piper_with_gripper_moveit/action/PoseGoal.idl
[12.000s] -- Up-to-date symlink: /home/cheon/Documents/dyros/piper-mou/piper_ros/install/piper_with_gripper_moveit/share/piper_with_gripper_moveit/action/TargetPose.idl
[12.000s] -- Up-to-date symlink: /home/cheon/Documents/dyros/piper-mou/piper_ros/install/piper_with_gripper_moveit/share/piper_with_gripper_moveit/action/PoseGoal.action
[12.000s] -- Up-to-date symlink: /home/cheon/Documents/dyros/piper-mou/piper_ros/install/piper_with_gripper_moveit/share/piper_with_gripper_moveit/action/TargetPose.action
[12.001s] -- Up-to-date symlink: /home/cheon/Documents/dyros/piper-mou/piper_ros/install/piper_with_gripper_moveit/share/ament_index/resource_index/package_run_dependencies/piper_with_gripper_moveit
[12.001s] -- Up-to-date symlink: /home/cheon/Documents/dyros/piper-mou/piper_ros/install/piper_with_gripper_moveit/share/ament_index/resource_index/parent_prefix_path/piper_with_gripper_moveit
[12.001s] -- Up-to-date symlink: /home/cheon/Documents/dyros/piper-mou/piper_ros/install/piper_with_gripper_moveit/share/piper_with_gripper_moveit/environment/ament_prefix_path.sh
[12.001s] -- Up-to-date symlink: /home/cheon/Documents/dyros/piper-mou/piper_ros/install/piper_with_gripper_moveit/share/piper_with_gripper_moveit/environment/ament_prefix_path.dsv
[12.002s] -- Up-to-date symlink: /home/cheon/Documents/dyros/piper-mou/piper_ros/install/piper_with_gripper_moveit/share/piper_with_gripper_moveit/environment/path.sh
[12.002s] -- Up-to-date symlink: /home/cheon/Documents/dyros/piper-mou/piper_ros/install/piper_with_gripper_moveit/share/piper_with_gripper_moveit/environment/path.dsv
[12.002s] -- Up-to-date symlink: /home/cheon/Documents/dyros/piper-mou/piper_ros/install/piper_with_gripper_moveit/share/piper_with_gripper_moveit/local_setup.bash
[12.002s] -- Up-to-date symlink: /home/cheon/Documents/dyros/piper-mou/piper_ros/install/piper_with_gripper_moveit/share/piper_with_gripper_moveit/local_setup.sh
[12.003s] -- Up-to-date symlink: /home/cheon/Documents/dyros/piper-mou/piper_ros/install/piper_with_gripper_moveit/share/piper_with_gripper_moveit/local_setup.zsh
[12.003s] -- Up-to-date symlink: /home/cheon/Documents/dyros/piper-mou/piper_ros/install/piper_with_gripper_moveit/share/piper_with_gripper_moveit/local_setup.dsv
[12.003s] -- Symlinking: /home/cheon/Documents/dyros/piper-mou/piper_ros/install/piper_with_gripper_moveit/share/piper_with_gripper_moveit/package.dsv
[12.015s] -- Up-to-date symlink: /home/cheon/Documents/dyros/piper-mou/piper_ros/install/piper_with_gripper_moveit/share/ament_index/resource_index/packages/piper_with_gripper_moveit
[12.015s] -- Up-to-date symlink: /home/cheon/Documents/dyros/piper-mou/piper_ros/install/piper_with_gripper_moveit/share/piper_with_gripper_moveit/cmake/rosidl_cmake-extras.cmake
[12.015s] -- Up-to-date symlink: /home/cheon/Documents/dyros/piper-mou/piper_ros/install/piper_with_gripper_moveit/share/piper_with_gripper_moveit/cmake/ament_cmake_export_dependencies-extras.cmake
[12.015s] -- Up-to-date symlink: /home/cheon/Documents/dyros/piper-mou/piper_ros/install/piper_with_gripper_moveit/share/piper_with_gripper_moveit/cmake/ament_cmake_export_include_directories-extras.cmake
[12.016s] -- Up-to-date symlink: /home/cheon/Documents/dyros/piper-mou/piper_ros/install/piper_with_gripper_moveit/share/piper_with_gripper_moveit/cmake/ament_cmake_export_libraries-extras.cmake
[12.016s] -- Up-to-date symlink: /home/cheon/Documents/dyros/piper-mou/piper_ros/install/piper_with_gripper_moveit/share/piper_with_gripper_moveit/cmake/ament_cmake_export_targets-extras.cmake
[12.016s] -- Up-to-date symlink: /home/cheon/Documents/dyros/piper-mou/piper_ros/install/piper_with_gripper_moveit/share/piper_with_gripper_moveit/cmake/rosidl_cmake_export_typesupport_targets-extras.cmake
[12.016s] -- Up-to-date symlink: /home/cheon/Documents/dyros/piper-mou/piper_ros/install/piper_with_gripper_moveit/share/piper_with_gripper_moveit/cmake/rosidl_cmake_export_typesupport_libraries-extras.cmake
[12.017s] -- Up-to-date symlink: /home/cheon/Documents/dyros/piper-mou/piper_ros/install/piper_with_gripper_moveit/share/piper_with_gripper_moveit/cmake/piper_with_gripper_moveitConfig.cmake
[12.017s] -- Up-to-date symlink: /home/cheon/Documents/dyros/piper-mou/piper_ros/install/piper_with_gripper_moveit/share/piper_with_gripper_moveit/cmake/piper_with_gripper_moveitConfig-version.cmake
[12.017s] -- Up-to-date symlink: /home/cheon/Documents/dyros/piper-mou/piper_ros/install/piper_with_gripper_moveit/share/piper_with_gripper_moveit/package.xml
[12.018s] -- Up-to-date symlink: /home/cheon/Documents/dyros/piper-mou/piper_ros/install/piper_with_gripper_moveit/share/piper_with_gripper_moveit/launch/demo.launch.py
[12.018s] -- Up-to-date symlink: /home/cheon/Documents/dyros/piper-mou/piper_ros/install/piper_with_gripper_moveit/share/piper_with_gripper_moveit/launch/interface.launch.py
[12.018s] -- Up-to-date symlink: /home/cheon/Documents/dyros/piper-mou/piper_ros/install/piper_with_gripper_moveit/share/piper_with_gripper_moveit/launch/move_group.launch.py
[12.019s] -- Up-to-date symlink: /home/cheon/Documents/dyros/piper-mou/piper_ros/install/piper_with_gripper_moveit/share/piper_with_gripper_moveit/launch/moveit_rviz.launch.py
[12.019s] -- Up-to-date symlink: /home/cheon/Documents/dyros/piper-mou/piper_ros/install/piper_with_gripper_moveit/share/piper_with_gripper_moveit/launch/params_demo.launch.py
[12.019s] -- Up-to-date symlink: /home/cheon/Documents/dyros/piper-mou/piper_ros/install/piper_with_gripper_moveit/share/piper_with_gripper_moveit/launch/piper_moveit.launch.py
[12.019s] -- Up-to-date symlink: /home/cheon/Documents/dyros/piper-mou/piper_ros/install/piper_with_gripper_moveit/share/piper_with_gripper_moveit/launch/rsp.launch.py
[12.020s] -- Up-to-date symlink: /home/cheon/Documents/dyros/piper-mou/piper_ros/install/piper_with_gripper_moveit/share/piper_with_gripper_moveit/launch/setup_assistant.launch.py
[12.020s] -- Up-to-date symlink: /home/cheon/Documents/dyros/piper-mou/piper_ros/install/piper_with_gripper_moveit/share/piper_with_gripper_moveit/launch/spawn_controllers.launch.py
[12.020s] -- Up-to-date symlink: /home/cheon/Documents/dyros/piper-mou/piper_ros/install/piper_with_gripper_moveit/share/piper_with_gripper_moveit/launch/static_virtual_joint_tfs.launch.py
[12.020s] -- Up-to-date symlink: /home/cheon/Documents/dyros/piper-mou/piper_ros/install/piper_with_gripper_moveit/share/piper_with_gripper_moveit/launch/warehouse_db.launch.py
[12.020s] -- Up-to-date symlink: /home/cheon/Documents/dyros/piper-mou/piper_ros/install/piper_with_gripper_moveit/share/piper_with_gripper_moveit/launch/wm_demo.launch.py
[12.021s] -- Up-to-date symlink: /home/cheon/Documents/dyros/piper-mou/piper_ros/install/piper_with_gripper_moveit/share/piper_with_gripper_moveit/config/initial_positions.yaml
[12.021s] -- Up-to-date symlink: /home/cheon/Documents/dyros/piper-mou/piper_ros/install/piper_with_gripper_moveit/share/piper_with_gripper_moveit/config/joint_limits.yaml
[12.021s] -- Up-to-date symlink: /home/cheon/Documents/dyros/piper-mou/piper_ros/install/piper_with_gripper_moveit/share/piper_with_gripper_moveit/config/kinematics.yaml
[12.021s] -- Up-to-date symlink: /home/cheon/Documents/dyros/piper-mou/piper_ros/install/piper_with_gripper_moveit/share/piper_with_gripper_moveit/config/moveit.rviz
[12.021s] -- Up-to-date symlink: /home/cheon/Documents/dyros/piper-mou/piper_ros/install/piper_with_gripper_moveit/share/piper_with_gripper_moveit/config/moveit_controllers.yaml
[12.022s] -- Up-to-date symlink: /home/cheon/Documents/dyros/piper-mou/piper_ros/install/piper_with_gripper_moveit/share/piper_with_gripper_moveit/config/ompl_plainning.yaml
[12.022s] -- Up-to-date symlink: /home/cheon/Documents/dyros/piper-mou/piper_ros/install/piper_with_gripper_moveit/share/piper_with_gripper_moveit/config/pilz_cartesian_limits.yaml
[12.022s] -- Up-to-date symlink: /home/cheon/Documents/dyros/piper-mou/piper_ros/install/piper_with_gripper_moveit/share/piper_with_gripper_moveit/config/piper.ros2_control.xacro
[12.022s] -- Up-to-date symlink: /home/cheon/Documents/dyros/piper-mou/piper_ros/install/piper_with_gripper_moveit/share/piper_with_gripper_moveit/config/piper.srdf
[12.022s] -- Up-to-date symlink: /home/cheon/Documents/dyros/piper-mou/piper_ros/install/piper_with_gripper_moveit/share/piper_with_gripper_moveit/config/piper.urdf.xacro
[12.023s] -- Up-to-date symlink: /home/cheon/Documents/dyros/piper-mou/piper_ros/install/piper_with_gripper_moveit/share/piper_with_gripper_moveit/config/ros2_controllers.yaml
[12.023s] -- Up-to-date symlink: /home/cheon/Documents/dyros/piper-mou/piper_ros/install/piper_with_gripper_moveit/share/piper_with_gripper_moveit/config/sensors_3d.yaml
[12.023s] -- Up-to-date symlink: /home/cheon/Documents/dyros/piper-mou/piper_ros/install/piper_with_gripper_moveit/share/piper_with_gripper_moveit/config/trajectory_execution.yaml
[12.023s] -- Up-to-date symlink: /home/cheon/Documents/dyros/piper-mou/piper_ros/install/piper_with_gripper_moveit/share/piper_with_gripper_moveit/.setup_assistant
[12.024s] -- Up-to-date symlink: /home/cheon/Documents/dyros/piper-mou/piper_ros/install/piper_with_gripper_moveit/lib/piper_with_gripper_moveit/planning_scene_node
[12.024s] -- Up-to-date symlink: /home/cheon/Documents/dyros/piper-mou/piper_ros/install/piper_with_gripper_moveit/lib/piper_with_gripper_moveit/joint_goal_node
[12.024s] -- Up-to-date symlink: /home/cheon/Documents/dyros/piper-mou/piper_ros/install/piper_with_gripper_moveit/lib/piper_with_gripper_moveit/joint_goal_cmd_node
[12.024s] -- Up-to-date symlink: /home/cheon/Documents/dyros/piper-mou/piper_ros/install/piper_with_gripper_moveit/lib/piper_with_gripper_moveit/pose_goal_node
[12.024s] -- Up-to-date symlink: /home/cheon/Documents/dyros/piper-mou/piper_ros/install/piper_with_gripper_moveit/lib/piper_with_gripper_moveit/cA.py
[12.025s] -- Up-to-date symlink: /home/cheon/Documents/dyros/piper-mou/piper_ros/install/piper_with_gripper_moveit/lib/piper_with_gripper_moveit/Logic_inte.py
[12.025s] -- Up-to-date symlink: /home/cheon/Documents/dyros/piper-mou/piper_ros/install/piper_with_gripper_moveit/lib/piper_with_gripper_moveit/TEST.py
[12.025s] -- Up-to-date: /home/cheon/Documents/dyros/piper-mou/piper_ros/install/piper_with_gripper_moveit/lib/libpiper_with_gripper_moveit__rosidl_generator_c.so
[12.025s] -- Up-to-date: /home/cheon/Documents/dyros/piper-mou/piper_ros/install/piper_with_gripper_moveit/lib/libpiper_with_gripper_moveit__rosidl_typesupport_fastrtps_c.so
[12.026s] -- Up-to-date: /home/cheon/Documents/dyros/piper-mou/piper_ros/install/piper_with_gripper_moveit/lib/libpiper_with_gripper_moveit__rosidl_typesupport_fastrtps_cpp.so
[12.026s] -- Up-to-date: /home/cheon/Documents/dyros/piper-mou/piper_ros/install/piper_with_gripper_moveit/lib/libpiper_with_gripper_moveit__rosidl_typesupport_introspection_c.so
[12.026s] -- Up-to-date: /home/cheon/Documents/dyros/piper-mou/piper_ros/install/piper_with_gripper_moveit/lib/libpiper_with_gripper_moveit__rosidl_typesupport_c.so
[12.027s] -- Up-to-date: /home/cheon/Documents/dyros/piper-mou/piper_ros/install/piper_with_gripper_moveit/lib/libpiper_with_gripper_moveit__rosidl_typesupport_introspection_cpp.so
[12.027s] -- Up-to-date: /home/cheon/Documents/dyros/piper-mou/piper_ros/install/piper_with_gripper_moveit/lib/libpiper_with_gripper_moveit__rosidl_typesupport_cpp.so
[12.080s] Listing '/home/cheon/Documents/dyros/piper-mou/piper_ros/install/piper_with_gripper_moveit/local/lib/python3.10/dist-packages/piper_with_gripper_moveit'...
[12.080s] Listing '/home/cheon/Documents/dyros/piper-mou/piper_ros/install/piper_with_gripper_moveit/local/lib/python3.10/dist-packages/piper_with_gripper_moveit/action'...
[12.086s] -- Up-to-date: /home/cheon/Documents/dyros/piper-mou/piper_ros/install/piper_with_gripper_moveit/lib/libpiper_with_gripper_moveit__rosidl_generator_py.so
[12.086s] -- Up-to-date: /home/cheon/Documents/dyros/piper-mou/piper_ros/install/piper_with_gripper_moveit/share/piper_with_gripper_moveit/cmake/export_piper_with_gripper_moveit__rosidl_generator_cExport.cmake
[12.087s] -- Up-to-date: /home/cheon/Documents/dyros/piper-mou/piper_ros/install/piper_with_gripper_moveit/share/piper_with_gripper_moveit/cmake/export_piper_with_gripper_moveit__rosidl_generator_cExport-noconfig.cmake
[12.087s] -- Up-to-date: /home/cheon/Documents/dyros/piper-mou/piper_ros/install/piper_with_gripper_moveit/share/piper_with_gripper_moveit/cmake/export_piper_with_gripper_moveit__rosidl_typesupport_fastrtps_cExport.cmake
[12.087s] -- Up-to-date: /home/cheon/Documents/dyros/piper-mou/piper_ros/install/piper_with_gripper_moveit/share/piper_with_gripper_moveit/cmake/export_piper_with_gripper_moveit__rosidl_typesupport_fastrtps_cExport-noconfig.cmake
[12.087s] -- Up-to-date: /home/cheon/Documents/dyros/piper-mou/piper_ros/install/piper_with_gripper_moveit/share/piper_with_gripper_moveit/cmake/export_piper_with_gripper_moveit__rosidl_generator_cppExport.cmake
[12.088s] -- Up-to-date: /home/cheon/Documents/dyros/piper-mou/piper_ros/install/piper_with_gripper_moveit/share/piper_with_gripper_moveit/cmake/export_piper_with_gripper_moveit__rosidl_typesupport_fastrtps_cppExport.cmake
[12.088s] -- Up-to-date: /home/cheon/Documents/dyros/piper-mou/piper_ros/install/piper_with_gripper_moveit/share/piper_with_gripper_moveit/cmake/export_piper_with_gripper_moveit__rosidl_typesupport_fastrtps_cppExport-noconfig.cmake
[12.088s] -- Up-to-date: /home/cheon/Documents/dyros/piper-mou/piper_ros/install/piper_with_gripper_moveit/share/piper_with_gripper_moveit/cmake/piper_with_gripper_moveit__rosidl_typesupport_introspection_cExport.cmake
[12.088s] -- Up-to-date: /home/cheon/Documents/dyros/piper-mou/piper_ros/install/piper_with_gripper_moveit/share/piper_with_gripper_moveit/cmake/piper_with_gripper_moveit__rosidl_typesupport_introspection_cExport-noconfig.cmake
[12.088s] -- Up-to-date: /home/cheon/Documents/dyros/piper-mou/piper_ros/install/piper_with_gripper_moveit/share/piper_with_gripper_moveit/cmake/piper_with_gripper_moveit__rosidl_typesupport_cExport.cmake
[12.089s] -- Up-to-date: /home/cheon/Documents/dyros/piper-mou/piper_ros/install/piper_with_gripper_moveit/share/piper_with_gripper_moveit/cmake/piper_with_gripper_moveit__rosidl_typesupport_cExport-noconfig.cmake
[12.089s] -- Up-to-date: /home/cheon/Documents/dyros/piper-mou/piper_ros/install/piper_with_gripper_moveit/share/piper_with_gripper_moveit/cmake/piper_with_gripper_moveit__rosidl_typesupport_introspection_cppExport.cmake
[12.089s] -- Up-to-date: /home/cheon/Documents/dyros/piper-mou/piper_ros/install/piper_with_gripper_moveit/share/piper_with_gripper_moveit/cmake/piper_with_gripper_moveit__rosidl_typesupport_introspection_cppExport-noconfig.cmake
[12.089s] -- Up-to-date: /home/cheon/Documents/dyros/piper-mou/piper_ros/install/piper_with_gripper_moveit/share/piper_with_gripper_moveit/cmake/piper_with_gripper_moveit__rosidl_typesupport_cppExport.cmake
[12.089s] -- Up-to-date: /home/cheon/Documents/dyros/piper-mou/piper_ros/install/piper_with_gripper_moveit/share/piper_with_gripper_moveit/cmake/piper_with_gripper_moveit__rosidl_typesupport_cppExport-noconfig.cmake
[12.089s] -- Up-to-date: /home/cheon/Documents/dyros/piper-mou/piper_ros/install/piper_with_gripper_moveit/share/piper_with_gripper_moveit/cmake/export_piper_with_gripper_moveit__rosidl_generator_pyExport.cmake
[12.090s] -- Up-to-date: /home/cheon/Documents/dyros/piper-mou/piper_ros/install/piper_with_gripper_moveit/share/piper_with_gripper_moveit/cmake/export_piper_with_gripper_moveit__rosidl_generator_pyExport-noconfig.cmake
[12.091s] Invoked command in '/home/cheon/Documents/dyros/piper-mou/piper_ros/build/piper_with_gripper_moveit' returned '0': CMAKE_PREFIX_PATH=/home/cheon/Documents/dyros/piper-mou/piper_ros/install/piper_description:/home/cheon/Documents/dyros/piper-mou/piper_ros/install/piper_with_gripper_moveit:/home/cheon/Documents/dyros/piper-mou/piper_ros/install/piper_no_gripper_moveit:/home/cheon/Documents/dyros/piper-mou/piper_ros/install/piper_msgs:/home/cheon/Documents/dyros/piper-mou/piper_ros/install/piper_humble:/home/cheon/Documents/dyros/piper-mou/piper_ros/install/piper_gazebo:/home/cheon/Documents/dyros/piper-mou/install/xela_server_ros2:/home/cheon/Documents/dyros/piper-mou/install/topic_based_ros2_control:/home/cheon/Documents/dyros/piper-mou/install/piper_with_gripper_moveit:/home/cheon/Documents/dyros/piper-mou/install/piper_no_gripper_moveit:/home/cheon/Documents/dyros/piper-mou/install/piper_msgs:/home/cheon/Documents/dyros/piper-mou/install/piper_humble:/home/cheon/Documents/dyros/piper-mou/install/piper_gazebo:/home/cheon/Documents/dyros/piper-mou/install/piper_description:/home/cheon/Documents/dyros/piper-mou/install/moveit_mujoco_interface:/home/cheon/Documents/dyros/piper-mou/piper_ros/install/piper:/home/cheon/Documents/dyros/piper-mou/install/piper_mujoco:/home/cheon/Documents/dyros/piper-mou/install/piper:/opt/ros/humble CONDA_PROMPT_MODIFIER=(base) /usr/bin/cmake --install /home/cheon/Documents/dyros/piper-mou/piper_ros/build/piper_with_gripper_moveit
