[0.052s] Invoking command in '/home/dyros/mcy_ws/piper-mou/build/moveit_mujoco_interface': CMAKE_PREFIX_PATH=${CMAKE_PREFIX_PATH}:/home/dyros/mcy_ws/piper-mou/install/piper:/opt/ros/humble /usr/bin/cmake --build /home/dyros/mcy_ws/piper-mou/build/moveit_mujoco_interface -- -j20 -l20
[0.290s] [ 50%] Built target moveit_mujoco_interface_lib
[0.290s] [100%] Built target moveit_mujoco_interface
[0.305s] Invoked command in '/home/dyros/mcy_ws/piper-mou/build/moveit_mujoco_interface' returned '0': CMAKE_PREFIX_PATH=${CMAKE_PREFIX_PATH}:/home/dyros/mcy_ws/piper-mou/install/piper:/opt/ros/humble /usr/bin/cmake --build /home/dyros/mcy_ws/piper-mou/build/moveit_mujoco_interface -- -j20 -l20
[0.306s] Invoking command in '/home/dyros/mcy_ws/piper-mou/build/moveit_mujoco_interface': CMAKE_PREFIX_PATH=${CMAKE_PREFIX_PATH}:/home/dyros/mcy_ws/piper-mou/install/piper:/opt/ros/humble /usr/bin/cmake --install /home/dyros/mcy_ws/piper-mou/build/moveit_mujoco_interface
[0.351s] -- Install configuration: ""
[0.351s] -- Up-to-date: /home/dyros/mcy_ws/piper-mou/install/moveit_mujoco_interface/lib/moveit_mujoco_interface/moveit_mujoco_interface
[0.352s] -- Up-to-date: /home/dyros/mcy_ws/piper-mou/install/moveit_mujoco_interface/share/ament_index/resource_index/package_run_dependencies/moveit_mujoco_interface
[0.354s] -- Up-to-date: /home/dyros/mcy_ws/piper-mou/install/moveit_mujoco_interface/share/ament_index/resource_index/parent_prefix_path/moveit_mujoco_interface
[0.355s] -- Up-to-date: /home/dyros/mcy_ws/piper-mou/install/moveit_mujoco_interface/share/moveit_mujoco_interface/environment/ament_prefix_path.sh
[0.356s] -- Up-to-date: /home/dyros/mcy_ws/piper-mou/install/moveit_mujoco_interface/share/moveit_mujoco_interface/environment/ament_prefix_path.dsv
[0.356s] -- Up-to-date: /home/dyros/mcy_ws/piper-mou/install/moveit_mujoco_interface/share/moveit_mujoco_interface/environment/path.sh
[0.357s] -- Up-to-date: /home/dyros/mcy_ws/piper-mou/install/moveit_mujoco_interface/share/moveit_mujoco_interface/environment/path.dsv
[0.358s] -- Up-to-date: /home/dyros/mcy_ws/piper-mou/install/moveit_mujoco_interface/share/moveit_mujoco_interface/local_setup.bash
[0.359s] -- Up-to-date: /home/dyros/mcy_ws/piper-mou/install/moveit_mujoco_interface/share/moveit_mujoco_interface/local_setup.sh
[0.360s] -- Up-to-date: /home/dyros/mcy_ws/piper-mou/install/moveit_mujoco_interface/share/moveit_mujoco_interface/local_setup.zsh
[0.360s] -- Up-to-date: /home/dyros/mcy_ws/piper-mou/install/moveit_mujoco_interface/share/moveit_mujoco_interface/local_setup.dsv
[0.360s] -- Installing: /home/dyros/mcy_ws/piper-mou/install/moveit_mujoco_interface/share/moveit_mujoco_interface/package.dsv
[0.360s] -- Up-to-date: /home/dyros/mcy_ws/piper-mou/install/moveit_mujoco_interface/share/ament_index/resource_index/packages/moveit_mujoco_interface
[0.360s] -- Up-to-date: /home/dyros/mcy_ws/piper-mou/install/moveit_mujoco_interface/share/moveit_mujoco_interface/cmake/moveit_mujoco_interfaceConfig.cmake
[0.361s] -- Up-to-date: /home/dyros/mcy_ws/piper-mou/install/moveit_mujoco_interface/share/moveit_mujoco_interface/cmake/moveit_mujoco_interfaceConfig-version.cmake
[0.361s] -- Up-to-date: /home/dyros/mcy_ws/piper-mou/install/moveit_mujoco_interface/share/moveit_mujoco_interface/package.xml
[0.425s] Invoked command in '/home/dyros/mcy_ws/piper-mou/build/moveit_mujoco_interface' returned '0': CMAKE_PREFIX_PATH=${CMAKE_PREFIX_PATH}:/home/dyros/mcy_ws/piper-mou/install/piper:/opt/ros/humble /usr/bin/cmake --install /home/dyros/mcy_ws/piper-mou/build/moveit_mujoco_interface
