[0.724s] Invoking command in '/home/cheon/Documents/dyros/piper-mou/piper_ros/build/piper_humble': CMAKE_PREFIX_PATH=${CMAKE_PREFIX_PATH}:/home/cheon/Documents/dyros/piper-mou/piper_ros/install/piper:/home/cheon/Documents/dyros/piper-mou/install/piper_mujoco:/home/cheon/Documents/dyros/piper-mou/install/piper:/opt/ros/humble CONDA_PROMPT_MODIFIER=(base) /usr/bin/cmake --build /home/cheon/Documents/dyros/piper-mou/piper_ros/build/piper_humble -- -j12 -l12
[0.825s] Invoked command in '/home/cheon/Documents/dyros/piper-mou/piper_ros/build/piper_humble' returned '0': CMAKE_PREFIX_PATH=${CMAKE_PREFIX_PATH}:/home/cheon/Documents/dyros/piper-mou/piper_ros/install/piper:/home/cheon/Documents/dyros/piper-mou/install/piper_mujoco:/home/cheon/Documents/dyros/piper-mou/install/piper:/opt/ros/humble CONDA_PROMPT_MODIFIER=(base) /usr/bin/cmake --build /home/cheon/Documents/dyros/piper-mou/piper_ros/build/piper_humble -- -j12 -l12
[0.834s] Invoking command in '/home/cheon/Documents/dyros/piper-mou/piper_ros/build/piper_humble': CMAKE_PREFIX_PATH=${CMAKE_PREFIX_PATH}:/home/cheon/Documents/dyros/piper-mou/piper_ros/install/piper:/home/cheon/Documents/dyros/piper-mou/install/piper_mujoco:/home/cheon/Documents/dyros/piper-mou/install/piper:/opt/ros/humble CONDA_PROMPT_MODIFIER=(base) /usr/bin/cmake --install /home/cheon/Documents/dyros/piper-mou/piper_ros/build/piper_humble
[0.892s] -- Install configuration: ""
[0.893s] -- Execute custom install script
[0.893s] -- Up-to-date symlink: /home/cheon/Documents/dyros/piper-mou/piper_ros/install/piper_humble/share/ament_index/resource_index/package_run_dependencies/piper_humble
[0.893s] -- Up-to-date symlink: /home/cheon/Documents/dyros/piper-mou/piper_ros/install/piper_humble/share/ament_index/resource_index/parent_prefix_path/piper_humble
[0.893s] -- Up-to-date symlink: /home/cheon/Documents/dyros/piper-mou/piper_ros/install/piper_humble/share/piper_humble/environment/ament_prefix_path.sh
[0.894s] -- Up-to-date symlink: /home/cheon/Documents/dyros/piper-mou/piper_ros/install/piper_humble/share/piper_humble/environment/ament_prefix_path.dsv
[0.949s] -- Up-to-date symlink: /home/cheon/Documents/dyros/piper-mou/piper_ros/install/piper_humble/share/piper_humble/environment/path.sh
[0.949s] -- Up-to-date symlink: /home/cheon/Documents/dyros/piper-mou/piper_ros/install/piper_humble/share/piper_humble/environment/path.dsv
[0.949s] -- Up-to-date symlink: /home/cheon/Documents/dyros/piper-mou/piper_ros/install/piper_humble/share/piper_humble/local_setup.bash
[0.949s] -- Up-to-date symlink: /home/cheon/Documents/dyros/piper-mou/piper_ros/install/piper_humble/share/piper_humble/local_setup.sh
[0.950s] -- Up-to-date symlink: /home/cheon/Documents/dyros/piper-mou/piper_ros/install/piper_humble/share/piper_humble/local_setup.zsh
[0.950s] -- Up-to-date symlink: /home/cheon/Documents/dyros/piper-mou/piper_ros/install/piper_humble/share/piper_humble/local_setup.dsv
[0.950s] -- Symlinking: /home/cheon/Documents/dyros/piper-mou/piper_ros/install/piper_humble/share/piper_humble/package.dsv
[0.950s] -- Up-to-date symlink: /home/cheon/Documents/dyros/piper-mou/piper_ros/install/piper_humble/share/ament_index/resource_index/packages/piper_humble
[0.951s] -- Up-to-date symlink: /home/cheon/Documents/dyros/piper-mou/piper_ros/install/piper_humble/share/piper_humble/cmake/piper_humbleConfig.cmake
[0.951s] -- Up-to-date symlink: /home/cheon/Documents/dyros/piper-mou/piper_ros/install/piper_humble/share/piper_humble/cmake/piper_humbleConfig-version.cmake
[0.951s] -- Up-to-date symlink: /home/cheon/Documents/dyros/piper-mou/piper_ros/install/piper_humble/share/piper_humble/package.xml
[1.097s] Invoked command in '/home/cheon/Documents/dyros/piper-mou/piper_ros/build/piper_humble' returned '0': CMAKE_PREFIX_PATH=${CMAKE_PREFIX_PATH}:/home/cheon/Documents/dyros/piper-mou/piper_ros/install/piper:/home/cheon/Documents/dyros/piper-mou/install/piper_mujoco:/home/cheon/Documents/dyros/piper-mou/install/piper:/opt/ros/humble CONDA_PROMPT_MODIFIER=(base) /usr/bin/cmake --install /home/cheon/Documents/dyros/piper-mou/piper_ros/build/piper_humble
