[0.241s] Invoking command in '/home/dyros/mcy_ws/piper-mou/build/topic_based_ros2_control': CMAKE_PREFIX_PATH=${CMAKE_PREFIX_PATH}:/home/dyros/mcy_ws/piper-mou/install/piper:/opt/ros/humble /usr/bin/cmake --build /home/dyros/mcy_ws/piper-mou/build/topic_based_ros2_control -- -j20 -l20
[0.326s] [35m[1mConsolidate compiler generated dependencies of target topic_based_ros2_control[0m
[0.326s] [35m[1mConsolidate compiler generated dependencies of target gtest_main[0m
[0.326s] [35m[1mConsolidate compiler generated dependencies of target gtest[0m
[0.327s] [ 25%] Built target gtest_main
[0.328s] [ 50%] Built target gtest
[0.328s] [ 75%] Built target topic_based_ros2_control
[0.330s] [35m[1mConsolidate compiler generated dependencies of target topic_based_system_test[0m
[0.339s] [100%] Built target topic_based_system_test
[0.449s] Invoked command in '/home/dyros/mcy_ws/piper-mou/build/topic_based_ros2_control' returned '0': CMAKE_PREFIX_PATH=${CMAKE_PREFIX_PATH}:/home/dyros/mcy_ws/piper-mou/install/piper:/opt/ros/humble /usr/bin/cmake --build /home/dyros/mcy_ws/piper-mou/build/topic_based_ros2_control -- -j20 -l20
[0.451s] Invoking command in '/home/dyros/mcy_ws/piper-mou/build/topic_based_ros2_control': CMAKE_PREFIX_PATH=${CMAKE_PREFIX_PATH}:/home/dyros/mcy_ws/piper-mou/install/piper:/opt/ros/humble /usr/bin/cmake --install /home/dyros/mcy_ws/piper-mou/build/topic_based_ros2_control
[0.462s] -- Install configuration: ""
[0.463s] -- Up-to-date: /home/dyros/mcy_ws/piper-mou/install/topic_based_ros2_control/lib/libtopic_based_ros2_control.so
[0.465s] -- Up-to-date: /home/dyros/mcy_ws/piper-mou/install/topic_based_ros2_control/share/topic_based_ros2_control/topic_based_ros2_control_plugin_description.xml
[0.465s] -- Up-to-date: /home/dyros/mcy_ws/piper-mou/install/topic_based_ros2_control/share/topic_based_ros2_control/environment/library_path.sh
[0.465s] -- Up-to-date: /home/dyros/mcy_ws/piper-mou/install/topic_based_ros2_control/share/topic_based_ros2_control/environment/library_path.dsv
[0.466s] -- Up-to-date: /home/dyros/mcy_ws/piper-mou/install/topic_based_ros2_control/share/ament_index/resource_index/package_run_dependencies/topic_based_ros2_control
[0.466s] -- Up-to-date: /home/dyros/mcy_ws/piper-mou/install/topic_based_ros2_control/share/ament_index/resource_index/parent_prefix_path/topic_based_ros2_control
[0.466s] -- Up-to-date: /home/dyros/mcy_ws/piper-mou/install/topic_based_ros2_control/share/topic_based_ros2_control/environment/ament_prefix_path.sh
[0.466s] -- Up-to-date: /home/dyros/mcy_ws/piper-mou/install/topic_based_ros2_control/share/topic_based_ros2_control/environment/ament_prefix_path.dsv
[0.466s] -- Up-to-date: /home/dyros/mcy_ws/piper-mou/install/topic_based_ros2_control/share/topic_based_ros2_control/environment/path.sh
[0.466s] -- Up-to-date: /home/dyros/mcy_ws/piper-mou/install/topic_based_ros2_control/share/topic_based_ros2_control/environment/path.dsv
[0.466s] -- Up-to-date: /home/dyros/mcy_ws/piper-mou/install/topic_based_ros2_control/share/topic_based_ros2_control/local_setup.bash
[0.467s] -- Up-to-date: /home/dyros/mcy_ws/piper-mou/install/topic_based_ros2_control/share/topic_based_ros2_control/local_setup.sh
[0.467s] -- Up-to-date: /home/dyros/mcy_ws/piper-mou/install/topic_based_ros2_control/share/topic_based_ros2_control/local_setup.zsh
[0.467s] -- Up-to-date: /home/dyros/mcy_ws/piper-mou/install/topic_based_ros2_control/share/topic_based_ros2_control/local_setup.dsv
[0.468s] -- Installing: /home/dyros/mcy_ws/piper-mou/install/topic_based_ros2_control/share/topic_based_ros2_control/package.dsv
[0.468s] -- Up-to-date: /home/dyros/mcy_ws/piper-mou/install/topic_based_ros2_control/share/ament_index/resource_index/packages/topic_based_ros2_control
[0.468s] -- Up-to-date: /home/dyros/mcy_ws/piper-mou/install/topic_based_ros2_control/share/ament_index/resource_index/hardware_interface__pluginlib__plugin/topic_based_ros2_control
[0.468s] -- Up-to-date: /home/dyros/mcy_ws/piper-mou/install/topic_based_ros2_control/share/topic_based_ros2_control/cmake/topic_based_ros2_controlTargetsExport.cmake
[0.469s] -- Up-to-date: /home/dyros/mcy_ws/piper-mou/install/topic_based_ros2_control/share/topic_based_ros2_control/cmake/topic_based_ros2_controlTargetsExport-noconfig.cmake
[0.469s] -- Up-to-date: /home/dyros/mcy_ws/piper-mou/install/topic_based_ros2_control/share/topic_based_ros2_control/cmake/ament_cmake_export_targets-extras.cmake
[0.469s] -- Up-to-date: /home/dyros/mcy_ws/piper-mou/install/topic_based_ros2_control/share/topic_based_ros2_control/cmake/ament_cmake_export_dependencies-extras.cmake
[0.469s] -- Up-to-date: /home/dyros/mcy_ws/piper-mou/install/topic_based_ros2_control/share/topic_based_ros2_control/cmake/topic_based_ros2_controlConfig.cmake
[0.469s] -- Up-to-date: /home/dyros/mcy_ws/piper-mou/install/topic_based_ros2_control/share/topic_based_ros2_control/cmake/topic_based_ros2_controlConfig-version.cmake
[0.469s] -- Up-to-date: /home/dyros/mcy_ws/piper-mou/install/topic_based_ros2_control/share/topic_based_ros2_control/package.xml
[0.471s] Invoked command in '/home/dyros/mcy_ws/piper-mou/build/topic_based_ros2_control' returned '0': CMAKE_PREFIX_PATH=${CMAKE_PREFIX_PATH}:/home/dyros/mcy_ws/piper-mou/install/piper:/opt/ros/humble /usr/bin/cmake --install /home/dyros/mcy_ws/piper-mou/build/topic_based_ros2_control
