[0.042s] Invoking command in '/home/dyros/mcy_ws/piper-mou/build/piper_description': CMAKE_PREFIX_PATH=${CMAKE_PREFIX_PATH}:/home/dyros/mcy_ws/piper-mou/install/piper:/opt/ros/humble CONDA_PROMPT_MODIFIER=(base) /usr/bin/cmake --build /home/dyros/mcy_ws/piper-mou/build/piper_description -- -j20 -l20
[0.267s] Invoked command in '/home/dyros/mcy_ws/piper-mou/build/piper_description' returned '0': CMAKE_PREFIX_PATH=${CMAKE_PREFIX_PATH}:/home/dyros/mcy_ws/piper-mou/install/piper:/opt/ros/humble CONDA_PROMPT_MODIFIER=(base) /usr/bin/cmake --build /home/dyros/mcy_ws/piper-mou/build/piper_description -- -j20 -l20
[0.277s] Invoking command in '/home/dyros/mcy_ws/piper-mou/build/piper_description': CMAKE_PREFIX_PATH=${CMAKE_PREFIX_PATH}:/home/dyros/mcy_ws/piper-mou/install/piper:/opt/ros/humble CONDA_PROMPT_MODIFIER=(base) /usr/bin/cmake --install /home/dyros/mcy_ws/piper-mou/build/piper_description
[0.285s] -- Install configuration: ""
[0.285s] -- Up-to-date: /home/dyros/mcy_ws/piper-mou/install/piper_description/share/piper_description/launch
[0.285s] -- Up-to-date: /home/dyros/mcy_ws/piper-mou/install/piper_description/share/piper_description/launch/piper_no_gripper
[0.285s] -- Up-to-date: /home/dyros/mcy_ws/piper-mou/install/piper_description/share/piper_description/launch/piper_no_gripper/display_no_gripper_xacro.launch.py
[0.285s] -- Up-to-date: /home/dyros/mcy_ws/piper-mou/install/piper_description/share/piper_description/launch/piper_no_gripper/display_no_gripper_urdf.launch.py
[0.286s] -- Up-to-date: /home/dyros/mcy_ws/piper-mou/install/piper_description/share/piper_description/launch/piper_with_gripper
[0.286s] -- Up-to-date: /home/dyros/mcy_ws/piper-mou/install/piper_description/share/piper_description/launch/piper_with_gripper/display_xacro.launch.py
[0.286s] -- Up-to-date: /home/dyros/mcy_ws/piper-mou/install/piper_description/share/piper_description/launch/piper_with_gripper/display_urdf.launch.py
[0.286s] -- Up-to-date: /home/dyros/mcy_ws/piper-mou/install/piper_description/share/piper_description/meshes
[0.286s] -- Up-to-date: /home/dyros/mcy_ws/piper-mou/install/piper_description/share/piper_description/meshes/link4.STL
[0.286s] -- Up-to-date: /home/dyros/mcy_ws/piper-mou/install/piper_description/share/piper_description/meshes/link6.STL
[0.286s] -- Up-to-date: /home/dyros/mcy_ws/piper-mou/install/piper_description/share/piper_description/meshes/link8.STL
[0.286s] -- Up-to-date: /home/dyros/mcy_ws/piper-mou/install/piper_description/share/piper_description/meshes/link7.STL
[0.287s] -- Up-to-date: /home/dyros/mcy_ws/piper-mou/install/piper_description/share/piper_description/meshes/link3.STL
[0.287s] -- Up-to-date: /home/dyros/mcy_ws/piper-mou/install/piper_description/share/piper_description/meshes/link1.STL
[0.287s] -- Up-to-date: /home/dyros/mcy_ws/piper-mou/install/piper_description/share/piper_description/meshes/link5.STL
[0.288s] -- Up-to-date: /home/dyros/mcy_ws/piper-mou/install/piper_description/share/piper_description/meshes/gripper_base.STL
[0.289s] -- Up-to-date: /home/dyros/mcy_ws/piper-mou/install/piper_description/share/piper_description/meshes/base_link.STL
[0.289s] -- Up-to-date: /home/dyros/mcy_ws/piper-mou/install/piper_description/share/piper_description/meshes/D435i.STL
[0.289s] -- Up-to-date: /home/dyros/mcy_ws/piper-mou/install/piper_description/share/piper_description/meshes/link2.STL
[0.289s] -- Up-to-date: /home/dyros/mcy_ws/piper-mou/install/piper_description/share/piper_description/rviz
[0.289s] -- Up-to-date: /home/dyros/mcy_ws/piper-mou/install/piper_description/share/piper_description/rviz/piper_ctrl.rviz
[0.289s] -- Up-to-date: /home/dyros/mcy_ws/piper-mou/install/piper_description/share/piper_description/rviz/piper_no_gripper.rviz
[0.290s] -- Up-to-date: /home/dyros/mcy_ws/piper-mou/install/piper_description/share/piper_description/urdf
[0.290s] -- Up-to-date: /home/dyros/mcy_ws/piper-mou/install/piper_description/share/piper_description/urdf/piper_no_gripper_description_gazebo.xacro
[0.290s] -- Up-to-date: /home/dyros/mcy_ws/piper-mou/install/piper_description/share/piper_description/urdf/objects
[0.290s] -- Up-to-date: /home/dyros/mcy_ws/piper-mou/install/piper_description/share/piper_description/urdf/objects/basket.xacro
[0.291s] -- Up-to-date: /home/dyros/mcy_ws/piper-mou/install/piper_description/share/piper_description/urdf/objects/shelf.xacro
[0.291s] -- Up-to-date: /home/dyros/mcy_ws/piper-mou/install/piper_description/share/piper_description/urdf/piper_description.csv
[0.291s] -- Up-to-date: /home/dyros/mcy_ws/piper-mou/install/piper_description/share/piper_description/urdf/piper_no_gripper_description.urdf
[0.291s] -- Up-to-date: /home/dyros/mcy_ws/piper-mou/install/piper_description/share/piper_description/urdf/piper_no_gripper_description_old.urdf
[0.291s] -- Up-to-date: /home/dyros/mcy_ws/piper-mou/install/piper_description/share/piper_description/urdf/piper_description.xacro
[0.291s] -- Up-to-date: /home/dyros/mcy_ws/piper-mou/install/piper_description/share/piper_description/urdf/piper_description.urdf
[0.292s] -- Up-to-date: /home/dyros/mcy_ws/piper-mou/install/piper_description/share/piper_description/urdf/piper_description_gazebo.xacro
[0.292s] -- Up-to-date: /home/dyros/mcy_ws/piper-mou/install/piper_description/share/piper_description/urdf/piper_description_old.urdf
[0.292s] -- Up-to-date: /home/dyros/mcy_ws/piper-mou/install/piper_description/share/piper_description/urdf/piper_no_gripper_description.csv
[0.293s] -- Up-to-date: /home/dyros/mcy_ws/piper-mou/install/piper_description/share/piper_description/urdf/piper_no_gripper_description.xacro
[0.293s] -- Up-to-date: /home/dyros/mcy_ws/piper-mou/install/piper_description/share/piper_description/mujoco_model
[0.293s] -- Up-to-date: /home/dyros/mcy_ws/piper-mou/install/piper_description/share/piper_description/mujoco_model/piper_no_gripper_description.xml
[0.294s] -- Up-to-date: /home/dyros/mcy_ws/piper-mou/install/piper_description/share/piper_description/mujoco_model/piper_description.xml
[0.294s] -- Up-to-date: /home/dyros/mcy_ws/piper-mou/install/piper_description/share/ament_index/resource_index/package_run_dependencies/piper_description
[0.294s] -- Up-to-date: /home/dyros/mcy_ws/piper-mou/install/piper_description/share/ament_index/resource_index/parent_prefix_path/piper_description
[0.294s] -- Up-to-date: /home/dyros/mcy_ws/piper-mou/install/piper_description/share/piper_description/environment/ament_prefix_path.sh
[0.295s] -- Up-to-date: /home/dyros/mcy_ws/piper-mou/install/piper_description/share/piper_description/environment/ament_prefix_path.dsv
[0.295s] -- Up-to-date: /home/dyros/mcy_ws/piper-mou/install/piper_description/share/piper_description/environment/path.sh
[0.296s] -- Up-to-date: /home/dyros/mcy_ws/piper-mou/install/piper_description/share/piper_description/environment/path.dsv
[0.297s] -- Up-to-date: /home/dyros/mcy_ws/piper-mou/install/piper_description/share/piper_description/local_setup.bash
[0.297s] -- Up-to-date: /home/dyros/mcy_ws/piper-mou/install/piper_description/share/piper_description/local_setup.sh
[0.297s] -- Up-to-date: /home/dyros/mcy_ws/piper-mou/install/piper_description/share/piper_description/local_setup.zsh
[0.298s] -- Up-to-date: /home/dyros/mcy_ws/piper-mou/install/piper_description/share/piper_description/local_setup.dsv
[0.298s] -- Installing: /home/dyros/mcy_ws/piper-mou/install/piper_description/share/piper_description/package.dsv
[0.299s] -- Up-to-date: /home/dyros/mcy_ws/piper-mou/install/piper_description/share/ament_index/resource_index/packages/piper_description
[0.299s] -- Up-to-date: /home/dyros/mcy_ws/piper-mou/install/piper_description/share/piper_description/cmake/piper_descriptionConfig.cmake
[0.299s] -- Up-to-date: /home/dyros/mcy_ws/piper-mou/install/piper_description/share/piper_description/cmake/piper_descriptionConfig-version.cmake
[0.299s] -- Up-to-date: /home/dyros/mcy_ws/piper-mou/install/piper_description/share/piper_description/package.xml
[0.304s] Invoked command in '/home/dyros/mcy_ws/piper-mou/build/piper_description' returned '0': CMAKE_PREFIX_PATH=${CMAKE_PREFIX_PATH}:/home/dyros/mcy_ws/piper-mou/install/piper:/opt/ros/humble CONDA_PROMPT_MODIFIER=(base) /usr/bin/cmake --install /home/dyros/mcy_ws/piper-mou/build/piper_description
