[1.238s] Invoking command in '/home/cheon/Documents/dyros/piper-mou/piper_ros/build/piper_humble': CMAKE_PREFIX_PATH=${CMAKE_PREFIX_PATH}:/home/cheon/Documents/dyros/piper-mou/piper_ros/install/piper:/home/cheon/Documents/dyros/piper-mou/install/piper_mujoco:/home/cheon/Documents/dyros/piper-mou/install/piper:/opt/ros/humble CONDA_PROMPT_MODIFIER=(base) /usr/bin/cmake --build /home/cheon/Documents/dyros/piper-mou/piper_ros/build/piper_humble -- -j12 -l12
[1.852s] Invoked command in '/home/cheon/Documents/dyros/piper-mou/piper_ros/build/piper_humble' returned '0': CMAKE_PREFIX_PATH=${CMAKE_PREFIX_PATH}:/home/cheon/Documents/dyros/piper-mou/piper_ros/install/piper:/home/cheon/Documents/dyros/piper-mou/install/piper_mujoco:/home/cheon/Documents/dyros/piper-mou/install/piper:/opt/ros/humble CONDA_PROMPT_MODIFIER=(base) /usr/bin/cmake --build /home/cheon/Documents/dyros/piper-mou/piper_ros/build/piper_humble -- -j12 -l12
[1.887s] Invoking command in '/home/cheon/Documents/dyros/piper-mou/piper_ros/build/piper_humble': CMAKE_PREFIX_PATH=${CMAKE_PREFIX_PATH}:/home/cheon/Documents/dyros/piper-mou/piper_ros/install/piper:/home/cheon/Documents/dyros/piper-mou/install/piper_mujoco:/home/cheon/Documents/dyros/piper-mou/install/piper:/opt/ros/humble CONDA_PROMPT_MODIFIER=(base) /usr/bin/cmake --install /home/cheon/Documents/dyros/piper-mou/piper_ros/build/piper_humble
[1.927s] -- Install configuration: ""
[1.928s] -- Execute custom install script
[1.937s] -- Up-to-date symlink: /home/cheon/Documents/dyros/piper-mou/piper_ros/install/piper_humble/share/ament_index/resource_index/package_run_dependencies/piper_humble
[1.950s] -- Up-to-date symlink: /home/cheon/Documents/dyros/piper-mou/piper_ros/install/piper_humble/share/ament_index/resource_index/parent_prefix_path/piper_humble
[1.950s] -- Up-to-date symlink: /home/cheon/Documents/dyros/piper-mou/piper_ros/install/piper_humble/share/piper_humble/environment/ament_prefix_path.sh
[1.951s] -- Up-to-date symlink: /home/cheon/Documents/dyros/piper-mou/piper_ros/install/piper_humble/share/piper_humble/environment/ament_prefix_path.dsv
[1.952s] -- Up-to-date symlink: /home/cheon/Documents/dyros/piper-mou/piper_ros/install/piper_humble/share/piper_humble/environment/path.sh
[1.960s] -- Up-to-date symlink: /home/cheon/Documents/dyros/piper-mou/piper_ros/install/piper_humble/share/piper_humble/environment/path.dsv
[1.961s] -- Up-to-date symlink: /home/cheon/Documents/dyros/piper-mou/piper_ros/install/piper_humble/share/piper_humble/local_setup.bash
[1.971s] -- Up-to-date symlink: /home/cheon/Documents/dyros/piper-mou/piper_ros/install/piper_humble/share/piper_humble/local_setup.sh
[1.972s] -- Up-to-date symlink: /home/cheon/Documents/dyros/piper-mou/piper_ros/install/piper_humble/share/piper_humble/local_setup.zsh
[1.972s] -- Up-to-date symlink: /home/cheon/Documents/dyros/piper-mou/piper_ros/install/piper_humble/share/piper_humble/local_setup.dsv
[1.973s] -- Symlinking: /home/cheon/Documents/dyros/piper-mou/piper_ros/install/piper_humble/share/piper_humble/package.dsv
[2.007s] -- Up-to-date symlink: /home/cheon/Documents/dyros/piper-mou/piper_ros/install/piper_humble/share/ament_index/resource_index/packages/piper_humble
[2.007s] -- Up-to-date symlink: /home/cheon/Documents/dyros/piper-mou/piper_ros/install/piper_humble/share/piper_humble/cmake/piper_humbleConfig.cmake
[2.010s] -- Up-to-date symlink: /home/cheon/Documents/dyros/piper-mou/piper_ros/install/piper_humble/share/piper_humble/cmake/piper_humbleConfig-version.cmake
[2.010s] -- Up-to-date symlink: /home/cheon/Documents/dyros/piper-mou/piper_ros/install/piper_humble/share/piper_humble/package.xml
[2.323s] Invoked command in '/home/cheon/Documents/dyros/piper-mou/piper_ros/build/piper_humble' returned '0': CMAKE_PREFIX_PATH=${CMAKE_PREFIX_PATH}:/home/cheon/Documents/dyros/piper-mou/piper_ros/install/piper:/home/cheon/Documents/dyros/piper-mou/install/piper_mujoco:/home/cheon/Documents/dyros/piper-mou/install/piper:/opt/ros/humble CONDA_PROMPT_MODIFIER=(base) /usr/bin/cmake --install /home/cheon/Documents/dyros/piper-mou/piper_ros/build/piper_humble
