[1.287s] Invoking command in '/home/cheon/Documents/dyros/piper-mou/piper_ros/build/piper_gazebo': CMAKE_PREFIX_PATH=${CMAKE_PREFIX_PATH}:/home/cheon/Documents/dyros/piper-mou/piper_ros/install/piper:/home/cheon/Documents/dyros/piper-mou/install/piper_mujoco:/home/cheon/Documents/dyros/piper-mou/install/piper:/opt/ros/humble CONDA_PROMPT_MODIFIER=(base) /usr/bin/cmake --build /home/cheon/Documents/dyros/piper-mou/piper_ros/build/piper_gazebo -- -j12 -l12
[1.635s] Invoked command in '/home/cheon/Documents/dyros/piper-mou/piper_ros/build/piper_gazebo' returned '0': CMAKE_PREFIX_PATH=${CMAKE_PREFIX_PATH}:/home/cheon/Documents/dyros/piper-mou/piper_ros/install/piper:/home/cheon/Documents/dyros/piper-mou/install/piper_mujoco:/home/cheon/Documents/dyros/piper-mou/install/piper:/opt/ros/humble CONDA_PROMPT_MODIFIER=(base) /usr/bin/cmake --build /home/cheon/Documents/dyros/piper-mou/piper_ros/build/piper_gazebo -- -j12 -l12
[1.640s] Invoking command in '/home/cheon/Documents/dyros/piper-mou/piper_ros/build/piper_gazebo': CMAKE_PREFIX_PATH=${CMAKE_PREFIX_PATH}:/home/cheon/Documents/dyros/piper-mou/piper_ros/install/piper:/home/cheon/Documents/dyros/piper-mou/install/piper_mujoco:/home/cheon/Documents/dyros/piper-mou/install/piper:/opt/ros/humble CONDA_PROMPT_MODIFIER=(base) /usr/bin/cmake --install /home/cheon/Documents/dyros/piper-mou/piper_ros/build/piper_gazebo
[1.669s] -- Install configuration: ""
[1.672s] -- Execute custom install script
[1.673s] -- Up-to-date symlink: /home/cheon/Documents/dyros/piper-mou/piper_ros/install/piper_gazebo/share/piper_gazebo/launch/piper_no_gripper/piper_no_gripper_gazebo.launch.py
[1.673s] -- Up-to-date symlink: /home/cheon/Documents/dyros/piper-mou/piper_ros/install/piper_gazebo/share/piper_gazebo/launch/piper_with_gripper/piper_gazebo.launch.py
[1.683s] -- Up-to-date symlink: /home/cheon/Documents/dyros/piper-mou/piper_ros/install/piper_gazebo/share/piper_gazebo/config/ros2_controllers.yaml
[1.683s] -- Up-to-date symlink: /home/cheon/Documents/dyros/piper-mou/piper_ros/install/piper_gazebo/share/piper_gazebo/config/ros2_no_gripper_controllers.yaml
[1.684s] -- Up-to-date symlink: /home/cheon/Documents/dyros/piper-mou/piper_ros/install/piper_gazebo/share/piper_gazebo/scripts/joint8_ctrl.py
[1.684s] -- Up-to-date symlink: /home/cheon/Documents/dyros/piper-mou/piper_ros/install/piper_gazebo/lib/piper_gazebo/joint8_ctrl.py
[1.684s] -- Up-to-date symlink: /home/cheon/Documents/dyros/piper-mou/piper_ros/install/piper_gazebo/share/ament_index/resource_index/package_run_dependencies/piper_gazebo
[1.685s] -- Up-to-date symlink: /home/cheon/Documents/dyros/piper-mou/piper_ros/install/piper_gazebo/share/ament_index/resource_index/parent_prefix_path/piper_gazebo
[1.685s] -- Up-to-date symlink: /home/cheon/Documents/dyros/piper-mou/piper_ros/install/piper_gazebo/share/piper_gazebo/environment/ament_prefix_path.sh
[1.685s] -- Up-to-date symlink: /home/cheon/Documents/dyros/piper-mou/piper_ros/install/piper_gazebo/share/piper_gazebo/environment/ament_prefix_path.dsv
[1.686s] -- Up-to-date symlink: /home/cheon/Documents/dyros/piper-mou/piper_ros/install/piper_gazebo/share/piper_gazebo/environment/path.sh
[1.686s] -- Up-to-date symlink: /home/cheon/Documents/dyros/piper-mou/piper_ros/install/piper_gazebo/share/piper_gazebo/environment/path.dsv
[1.686s] -- Up-to-date symlink: /home/cheon/Documents/dyros/piper-mou/piper_ros/install/piper_gazebo/share/piper_gazebo/local_setup.bash
[1.695s] -- Up-to-date symlink: /home/cheon/Documents/dyros/piper-mou/piper_ros/install/piper_gazebo/share/piper_gazebo/local_setup.sh
[1.696s] -- Up-to-date symlink: /home/cheon/Documents/dyros/piper-mou/piper_ros/install/piper_gazebo/share/piper_gazebo/local_setup.zsh
[1.696s] -- Up-to-date symlink: /home/cheon/Documents/dyros/piper-mou/piper_ros/install/piper_gazebo/share/piper_gazebo/local_setup.dsv
[1.697s] -- Symlinking: /home/cheon/Documents/dyros/piper-mou/piper_ros/install/piper_gazebo/share/piper_gazebo/package.dsv
[1.710s] -- Up-to-date symlink: /home/cheon/Documents/dyros/piper-mou/piper_ros/install/piper_gazebo/share/ament_index/resource_index/packages/piper_gazebo
[1.718s] -- Up-to-date symlink: /home/cheon/Documents/dyros/piper-mou/piper_ros/install/piper_gazebo/share/piper_gazebo/cmake/piper_gazeboConfig.cmake
[1.719s] -- Up-to-date symlink: /home/cheon/Documents/dyros/piper-mou/piper_ros/install/piper_gazebo/share/piper_gazebo/cmake/piper_gazeboConfig-version.cmake
[1.719s] -- Up-to-date symlink: /home/cheon/Documents/dyros/piper-mou/piper_ros/install/piper_gazebo/share/piper_gazebo/package.xml
[2.036s] Invoked command in '/home/cheon/Documents/dyros/piper-mou/piper_ros/build/piper_gazebo' returned '0': CMAKE_PREFIX_PATH=${CMAKE_PREFIX_PATH}:/home/cheon/Documents/dyros/piper-mou/piper_ros/install/piper:/home/cheon/Documents/dyros/piper-mou/install/piper_mujoco:/home/cheon/Documents/dyros/piper-mou/install/piper:/opt/ros/humble CONDA_PROMPT_MODIFIER=(base) /usr/bin/cmake --install /home/cheon/Documents/dyros/piper-mou/piper_ros/build/piper_gazebo
