[0.257s] Invoking command in '/home/dyros/mcy_ws/piper-mou/build/piper_msgs': CMAKE_PREFIX_PATH=${CMAKE_PREFIX_PATH}:/home/dyros/mcy_ws/piper-mou/install/piper:/opt/ros/humble /usr/bin/cmake --build /home/dyros/mcy_ws/piper-mou/build/piper_msgs -- -j20 -l20
[0.309s] [  2%] Built target piper_msgs__cpp
[0.310s] [ 12%] Built target piper_msgs__rosidl_generator_c
[0.319s] [ 12%] Built target ament_cmake_python_copy_piper_msgs
[0.338s] [ 23%] Built target piper_msgs__rosidl_typesupport_fastrtps_cpp
[0.338s] [ 34%] Built target piper_msgs__rosidl_typesupport_cpp
[0.340s] [ 55%] Built target piper_msgs__rosidl_typesupport_introspection_c
[0.342s] [ 63%] Built target piper_msgs__rosidl_typesupport_introspection_cpp
[0.342s] [ 65%] Built target piper_msgs__rosidl_typesupport_c
[0.352s] [ 76%] Built target piper_msgs__rosidl_typesupport_fastrtps_c
[0.384s] [ 76%] Built target piper_msgs
[0.393s] [ 78%] Built target piper_msgs__py
[0.421s] [ 87%] Built target piper_msgs__rosidl_generator_py
[0.459s] [ 91%] Built target piper_msgs__rosidl_typesupport_c__pyext
[0.463s] [100%] Built target piper_msgs__rosidl_typesupport_introspection_c__pyext
[0.463s] [100%] Built target piper_msgs__rosidl_typesupport_fastrtps_c__pyext
[0.637s] running egg_info
[0.661s] writing piper_msgs.egg-info/PKG-INFO
[0.661s] writing dependency_links to piper_msgs.egg-info/dependency_links.txt
[0.661s] writing top-level names to piper_msgs.egg-info/top_level.txt
[0.731s] reading manifest file 'piper_msgs.egg-info/SOURCES.txt'
[0.733s] writing manifest file 'piper_msgs.egg-info/SOURCES.txt'
[0.762s] [100%] Built target ament_cmake_python_build_piper_msgs_egg
