[0.079s] Invoking command in '/home/cheon/Documents/dyros/piper-mou/piper_ros/build/piper_with_gripper_moveit': CMAKE_PREFIX_PATH=/home/cheon/Documents/dyros/piper-mou/piper_ros/install/piper_description:/home/cheon/Documents/dyros/piper-mou/piper_ros/install/piper_with_gripper_moveit:/home/cheon/Documents/dyros/piper-mou/piper_ros/install/piper_no_gripper_moveit:/home/cheon/Documents/dyros/piper-mou/piper_ros/install/piper_msgs:/home/cheon/Documents/dyros/piper-mou/piper_ros/install/piper_humble:/home/cheon/Documents/dyros/piper-mou/piper_ros/install/piper_gazebo:/home/cheon/Documents/dyros/piper-mou/install/xela_server_ros2:/home/cheon/Documents/dyros/piper-mou/install/topic_based_ros2_control:/home/cheon/Documents/dyros/piper-mou/install/piper_with_gripper_moveit:/home/cheon/Documents/dyros/piper-mou/install/piper_no_gripper_moveit:/home/cheon/Documents/dyros/piper-mou/install/piper_msgs:/home/cheon/Documents/dyros/piper-mou/install/piper_humble:/home/cheon/Documents/dyros/piper-mou/install/piper_gazebo:/home/cheon/Documents/dyros/piper-mou/install/piper_description:/home/cheon/Documents/dyros/piper-mou/install/moveit_mujoco_interface:/home/cheon/Documents/dyros/piper-mou/piper_ros/install/piper:/home/cheon/Documents/dyros/piper-mou/install/piper_mujoco:/home/cheon/Documents/dyros/piper-mou/install/piper:/opt/ros/humble /usr/bin/cmake --build /home/cheon/Documents/dyros/piper-mou/piper_ros/build/piper_with_gripper_moveit -- -j12 -l12
[0.195s] [  2%] Built target piper_with_gripper_moveit__cpp
[0.196s] [35m[1mConsolidate compiler generated dependencies of target planning_scene_node[0m
[0.226s] [ 10%] Built target piper_with_gripper_moveit__rosidl_generator_c
[0.232s] [ 10%] Built target ament_cmake_python_symlink_piper_with_gripper_moveit
[0.233s] [ 14%] Built target joint_goal_cmd_node
[0.245s] [ 19%] Built target joint_goal_node
[0.266s] [ 27%] Built target piper_with_gripper_moveit__rosidl_typesupport_introspection_cpp
[0.278s] [ 36%] Built target piper_with_gripper_moveit__rosidl_typesupport_fastrtps_cpp
[0.281s] [ 44%] Built target piper_with_gripper_moveit__rosidl_typesupport_cpp
[0.285s] [ 53%] Built target piper_with_gripper_moveit__rosidl_typesupport_fastrtps_c
[0.289s] [ 61%] Built target piper_with_gripper_moveit__rosidl_typesupport_introspection_c
[0.296s] [ 70%] Built target piper_with_gripper_moveit__rosidl_typesupport_c
[0.300s] [ 74%] Built target planning_scene_node
[0.331s] [ 74%] Built target piper_with_gripper_moveit
[0.342s] [ 76%] [32mBuilding CXX object CMakeFiles/pose_goal_node.dir/src/pose_goal.cpp.o[0m
[0.366s] [ 78%] Built target piper_with_gripper_moveit__py
[0.404s] [ 85%] Built target piper_with_gripper_moveit__rosidl_generator_py
[0.444s] [ 89%] Built target piper_with_gripper_moveit__rosidl_typesupport_c__pyext
[0.448s] [ 93%] Built target piper_with_gripper_moveit__rosidl_typesupport_fastrtps_c__pyext
[0.449s] [ 97%] Built target piper_with_gripper_moveit__rosidl_typesupport_introspection_c__pyext
[0.733s] running egg_info
[0.734s] writing piper_with_gripper_moveit.egg-info/PKG-INFO
[0.735s] writing dependency_links to piper_with_gripper_moveit.egg-info/dependency_links.txt
[0.735s] writing top-level names to piper_with_gripper_moveit.egg-info/top_level.txt
[0.742s] reading manifest file 'piper_with_gripper_moveit.egg-info/SOURCES.txt'
[0.743s] writing manifest file 'piper_with_gripper_moveit.egg-info/SOURCES.txt'
[0.792s] [ 97%] Built target ament_cmake_python_build_piper_with_gripper_moveit_egg
[10.837s] [100%] [32m[1mLinking CXX executable pose_goal_node[0m
[11.245s] [100%] Built target pose_goal_node
[11.258s] Invoked command in '/home/cheon/Documents/dyros/piper-mou/piper_ros/build/piper_with_gripper_moveit' returned '0': CMAKE_PREFIX_PATH=/home/cheon/Documents/dyros/piper-mou/piper_ros/install/piper_description:/home/cheon/Documents/dyros/piper-mou/piper_ros/install/piper_with_gripper_moveit:/home/cheon/Documents/dyros/piper-mou/piper_ros/install/piper_no_gripper_moveit:/home/cheon/Documents/dyros/piper-mou/piper_ros/install/piper_msgs:/home/cheon/Documents/dyros/piper-mou/piper_ros/install/piper_humble:/home/cheon/Documents/dyros/piper-mou/piper_ros/install/piper_gazebo:/home/cheon/Documents/dyros/piper-mou/install/xela_server_ros2:/home/cheon/Documents/dyros/piper-mou/install/topic_based_ros2_control:/home/cheon/Documents/dyros/piper-mou/install/piper_with_gripper_moveit:/home/cheon/Documents/dyros/piper-mou/install/piper_no_gripper_moveit:/home/cheon/Documents/dyros/piper-mou/install/piper_msgs:/home/cheon/Documents/dyros/piper-mou/install/piper_humble:/home/cheon/Documents/dyros/piper-mou/install/piper_gazebo:/home/cheon/Documents/dyros/piper-mou/install/piper_description:/home/cheon/Documents/dyros/piper-mou/install/moveit_mujoco_interface:/home/cheon/Documents/dyros/piper-mou/piper_ros/install/piper:/home/cheon/Documents/dyros/piper-mou/install/piper_mujoco:/home/cheon/Documents/dyros/piper-mou/install/piper:/opt/ros/humble /usr/bin/cmake --build /home/cheon/Documents/dyros/piper-mou/piper_ros/build/piper_with_gripper_moveit -- -j12 -l12
[11.260s] Invoking command in '/home/cheon/Documents/dyros/piper-mou/piper_ros/build/piper_with_gripper_moveit': CMAKE_PREFIX_PATH=/home/cheon/Documents/dyros/piper-mou/piper_ros/install/piper_description:/home/cheon/Documents/dyros/piper-mou/piper_ros/install/piper_with_gripper_moveit:/home/cheon/Documents/dyros/piper-mou/piper_ros/install/piper_no_gripper_moveit:/home/cheon/Documents/dyros/piper-mou/piper_ros/install/piper_msgs:/home/cheon/Documents/dyros/piper-mou/piper_ros/install/piper_humble:/home/cheon/Documents/dyros/piper-mou/piper_ros/install/piper_gazebo:/home/cheon/Documents/dyros/piper-mou/install/xela_server_ros2:/home/cheon/Documents/dyros/piper-mou/install/topic_based_ros2_control:/home/cheon/Documents/dyros/piper-mou/install/piper_with_gripper_moveit:/home/cheon/Documents/dyros/piper-mou/install/piper_no_gripper_moveit:/home/cheon/Documents/dyros/piper-mou/install/piper_msgs:/home/cheon/Documents/dyros/piper-mou/install/piper_humble:/home/cheon/Documents/dyros/piper-mou/install/piper_gazebo:/home/cheon/Documents/dyros/piper-mou/install/piper_description:/home/cheon/Documents/dyros/piper-mou/install/moveit_mujoco_interface:/home/cheon/Documents/dyros/piper-mou/piper_ros/install/piper:/home/cheon/Documents/dyros/piper-mou/install/piper_mujoco:/home/cheon/Documents/dyros/piper-mou/install/piper:/opt/ros/humble /usr/bin/cmake --install /home/cheon/Documents/dyros/piper-mou/piper_ros/build/piper_with_gripper_moveit
[11.270s] -- Install configuration: ""
[11.270s] -- Execute custom install script
[11.271s] -- Up-to-date symlink: /home/cheon/Documents/dyros/piper-mou/piper_ros/install/piper_with_gripper_moveit/share/ament_index/resource_index/rosidl_interfaces/piper_with_gripper_moveit
[11.271s] -- Up-to-date symlink: /home/cheon/Documents/dyros/piper-mou/piper_ros/install/piper_with_gripper_moveit/include/piper_with_gripper_moveit/piper_with_gripper_moveit/action/detail/pose_goal__functions.h
[11.271s] -- Up-to-date symlink: /home/cheon/Documents/dyros/piper-mou/piper_ros/install/piper_with_gripper_moveit/include/piper_with_gripper_moveit/piper_with_gripper_moveit/action/detail/pose_goal__struct.h
[11.272s] -- Up-to-date symlink: /home/cheon/Documents/dyros/piper-mou/piper_ros/install/piper_with_gripper_moveit/include/piper_with_gripper_moveit/piper_with_gripper_moveit/action/detail/pose_goal__type_support.h
[11.272s] -- Up-to-date symlink: /home/cheon/Documents/dyros/piper-mou/piper_ros/install/piper_with_gripper_moveit/include/piper_with_gripper_moveit/piper_with_gripper_moveit/action/detail/target_pose__functions.h
[11.272s] -- Up-to-date symlink: /home/cheon/Documents/dyros/piper-mou/piper_ros/install/piper_with_gripper_moveit/include/piper_with_gripper_moveit/piper_with_gripper_moveit/action/detail/target_pose__struct.h
[11.272s] -- Up-to-date symlink: /home/cheon/Documents/dyros/piper-mou/piper_ros/install/piper_with_gripper_moveit/include/piper_with_gripper_moveit/piper_with_gripper_moveit/action/detail/target_pose__type_support.h
[11.272s] -- Up-to-date symlink: /home/cheon/Documents/dyros/piper-mou/piper_ros/install/piper_with_gripper_moveit/include/piper_with_gripper_moveit/piper_with_gripper_moveit/action/pose_goal.h
[11.272s] -- Up-to-date symlink: /home/cheon/Documents/dyros/piper-mou/piper_ros/install/piper_with_gripper_moveit/include/piper_with_gripper_moveit/piper_with_gripper_moveit/action/target_pose.h
[11.272s] -- Up-to-date symlink: /home/cheon/Documents/dyros/piper-mou/piper_ros/install/piper_with_gripper_moveit/include/piper_with_gripper_moveit/piper_with_gripper_moveit/msg/rosidl_generator_c__visibility_control.h
[11.273s] -- Up-to-date symlink: /home/cheon/Documents/dyros/piper-mou/piper_ros/install/piper_with_gripper_moveit/share/piper_with_gripper_moveit/environment/library_path.sh
[11.273s] -- Up-to-date symlink: /home/cheon/Documents/dyros/piper-mou/piper_ros/install/piper_with_gripper_moveit/share/piper_with_gripper_moveit/environment/library_path.dsv
[11.273s] -- Up-to-date symlink: /home/cheon/Documents/dyros/piper-mou/piper_ros/install/piper_with_gripper_moveit/include/piper_with_gripper_moveit/piper_with_gripper_moveit/action/detail/pose_goal__rosidl_typesupport_fastrtps_c.h
[11.274s] -- Up-to-date symlink: /home/cheon/Documents/dyros/piper-mou/piper_ros/install/piper_with_gripper_moveit/include/piper_with_gripper_moveit/piper_with_gripper_moveit/action/detail/target_pose__rosidl_typesupport_fastrtps_c.h
[11.274s] -- Up-to-date symlink: /home/cheon/Documents/dyros/piper-mou/piper_ros/install/piper_with_gripper_moveit/include/piper_with_gripper_moveit/piper_with_gripper_moveit/msg/rosidl_typesupport_fastrtps_c__visibility_control.h
[11.274s] -- Up-to-date symlink: /home/cheon/Documents/dyros/piper-mou/piper_ros/install/piper_with_gripper_moveit/include/piper_with_gripper_moveit/piper_with_gripper_moveit/action/detail/pose_goal__builder.hpp
[11.275s] -- Up-to-date symlink: /home/cheon/Documents/dyros/piper-mou/piper_ros/install/piper_with_gripper_moveit/include/piper_with_gripper_moveit/piper_with_gripper_moveit/action/detail/pose_goal__struct.hpp
[11.275s] -- Up-to-date symlink: /home/cheon/Documents/dyros/piper-mou/piper_ros/install/piper_with_gripper_moveit/include/piper_with_gripper_moveit/piper_with_gripper_moveit/action/detail/pose_goal__traits.hpp
[11.275s] -- Up-to-date symlink: /home/cheon/Documents/dyros/piper-mou/piper_ros/install/piper_with_gripper_moveit/include/piper_with_gripper_moveit/piper_with_gripper_moveit/action/detail/pose_goal__type_support.hpp
[11.275s] -- Up-to-date symlink: /home/cheon/Documents/dyros/piper-mou/piper_ros/install/piper_with_gripper_moveit/include/piper_with_gripper_moveit/piper_with_gripper_moveit/action/detail/target_pose__builder.hpp
[11.276s] -- Up-to-date symlink: /home/cheon/Documents/dyros/piper-mou/piper_ros/install/piper_with_gripper_moveit/include/piper_with_gripper_moveit/piper_with_gripper_moveit/action/detail/target_pose__struct.hpp
[11.276s] -- Up-to-date symlink: /home/cheon/Documents/dyros/piper-mou/piper_ros/install/piper_with_gripper_moveit/include/piper_with_gripper_moveit/piper_with_gripper_moveit/action/detail/target_pose__traits.hpp
[11.276s] -- Up-to-date symlink: /home/cheon/Documents/dyros/piper-mou/piper_ros/install/piper_with_gripper_moveit/include/piper_with_gripper_moveit/piper_with_gripper_moveit/action/detail/target_pose__type_support.hpp
[11.276s] -- Up-to-date symlink: /home/cheon/Documents/dyros/piper-mou/piper_ros/install/piper_with_gripper_moveit/include/piper_with_gripper_moveit/piper_with_gripper_moveit/action/pose_goal.hpp
[11.276s] -- Up-to-date symlink: /home/cheon/Documents/dyros/piper-mou/piper_ros/install/piper_with_gripper_moveit/include/piper_with_gripper_moveit/piper_with_gripper_moveit/action/target_pose.hpp
[11.276s] -- Up-to-date symlink: /home/cheon/Documents/dyros/piper-mou/piper_ros/install/piper_with_gripper_moveit/include/piper_with_gripper_moveit/piper_with_gripper_moveit/msg/rosidl_generator_cpp__visibility_control.hpp
[11.277s] -- Up-to-date symlink: /home/cheon/Documents/dyros/piper-mou/piper_ros/install/piper_with_gripper_moveit/include/piper_with_gripper_moveit/piper_with_gripper_moveit/action/detail/pose_goal__rosidl_typesupport_fastrtps_cpp.hpp
[11.277s] -- Up-to-date symlink: /home/cheon/Documents/dyros/piper-mou/piper_ros/install/piper_with_gripper_moveit/include/piper_with_gripper_moveit/piper_with_gripper_moveit/action/detail/target_pose__rosidl_typesupport_fastrtps_cpp.hpp
[11.277s] -- Up-to-date symlink: /home/cheon/Documents/dyros/piper-mou/piper_ros/install/piper_with_gripper_moveit/include/piper_with_gripper_moveit/piper_with_gripper_moveit/msg/rosidl_typesupport_fastrtps_cpp__visibility_control.h
[11.277s] -- Up-to-date symlink: /home/cheon/Documents/dyros/piper-mou/piper_ros/install/piper_with_gripper_moveit/include/piper_with_gripper_moveit/piper_with_gripper_moveit/action/detail/pose_goal__rosidl_typesupport_introspection_c.h
[11.278s] -- Up-to-date symlink: /home/cheon/Documents/dyros/piper-mou/piper_ros/install/piper_with_gripper_moveit/include/piper_with_gripper_moveit/piper_with_gripper_moveit/action/detail/target_pose__rosidl_typesupport_introspection_c.h
[11.278s] -- Up-to-date symlink: /home/cheon/Documents/dyros/piper-mou/piper_ros/install/piper_with_gripper_moveit/include/piper_with_gripper_moveit/piper_with_gripper_moveit/msg/rosidl_typesupport_introspection_c__visibility_control.h
[11.278s] -- Up-to-date symlink: /home/cheon/Documents/dyros/piper-mou/piper_ros/install/piper_with_gripper_moveit/include/piper_with_gripper_moveit/piper_with_gripper_moveit/action/detail/pose_goal__rosidl_typesupport_introspection_cpp.hpp
[11.279s] -- Up-to-date symlink: /home/cheon/Documents/dyros/piper-mou/piper_ros/install/piper_with_gripper_moveit/include/piper_with_gripper_moveit/piper_with_gripper_moveit/action/detail/target_pose__rosidl_typesupport_introspection_cpp.hpp
[11.279s] -- Up-to-date symlink: /home/cheon/Documents/dyros/piper-mou/piper_ros/install/piper_with_gripper_moveit/share/piper_with_gripper_moveit/environment/pythonpath.sh
[11.279s] -- Up-to-date symlink: /home/cheon/Documents/dyros/piper-mou/piper_ros/install/piper_with_gripper_moveit/share/piper_with_gripper_moveit/environment/pythonpath.dsv
[11.280s] -- Up-to-date symlink: /home/cheon/Documents/dyros/piper-mou/piper_ros/install/piper_with_gripper_moveit/local/lib/python3.10/dist-packages/piper_with_gripper_moveit-0.3.0-py3.10.egg-info/PKG-INFO
[11.280s] -- Up-to-date symlink: /home/cheon/Documents/dyros/piper-mou/piper_ros/install/piper_with_gripper_moveit/local/lib/python3.10/dist-packages/piper_with_gripper_moveit-0.3.0-py3.10.egg-info/SOURCES.txt
[11.280s] -- Up-to-date symlink: /home/cheon/Documents/dyros/piper-mou/piper_ros/install/piper_with_gripper_moveit/local/lib/python3.10/dist-packages/piper_with_gripper_moveit-0.3.0-py3.10.egg-info/dependency_links.txt
[11.280s] -- Up-to-date symlink: /home/cheon/Documents/dyros/piper-mou/piper_ros/install/piper_with_gripper_moveit/local/lib/python3.10/dist-packages/piper_with_gripper_moveit-0.3.0-py3.10.egg-info/top_level.txt
[11.281s] -- Up-to-date symlink: /home/cheon/Documents/dyros/piper-mou/piper_ros/install/piper_with_gripper_moveit/local/lib/python3.10/dist-packages/piper_with_gripper_moveit/__init__.py
[11.281s] -- Up-to-date symlink: /home/cheon/Documents/dyros/piper-mou/piper_ros/install/piper_with_gripper_moveit/local/lib/python3.10/dist-packages/piper_with_gripper_moveit/_piper_with_gripper_moveit_s.ep.rosidl_typesupport_c.c
[11.281s] -- Up-to-date symlink: /home/cheon/Documents/dyros/piper-mou/piper_ros/install/piper_with_gripper_moveit/local/lib/python3.10/dist-packages/piper_with_gripper_moveit/_piper_with_gripper_moveit_s.ep.rosidl_typesupport_fastrtps_c.c
[11.281s] -- Up-to-date symlink: /home/cheon/Documents/dyros/piper-mou/piper_ros/install/piper_with_gripper_moveit/local/lib/python3.10/dist-packages/piper_with_gripper_moveit/_piper_with_gripper_moveit_s.ep.rosidl_typesupport_introspection_c.c
[11.281s] -- Up-to-date symlink: /home/cheon/Documents/dyros/piper-mou/piper_ros/install/piper_with_gripper_moveit/local/lib/python3.10/dist-packages/piper_with_gripper_moveit/action/__init__.py
[11.282s] -- Up-to-date symlink: /home/cheon/Documents/dyros/piper-mou/piper_ros/install/piper_with_gripper_moveit/local/lib/python3.10/dist-packages/piper_with_gripper_moveit/action/_pose_goal.py
[11.282s] -- Up-to-date symlink: /home/cheon/Documents/dyros/piper-mou/piper_ros/install/piper_with_gripper_moveit/local/lib/python3.10/dist-packages/piper_with_gripper_moveit/action/_pose_goal_s.c
[11.282s] -- Up-to-date symlink: /home/cheon/Documents/dyros/piper-mou/piper_ros/install/piper_with_gripper_moveit/local/lib/python3.10/dist-packages/piper_with_gripper_moveit/action/_target_pose.py
[11.282s] -- Up-to-date symlink: /home/cheon/Documents/dyros/piper-mou/piper_ros/install/piper_with_gripper_moveit/local/lib/python3.10/dist-packages/piper_with_gripper_moveit/action/_target_pose_s.c
[11.282s] -- Up-to-date symlink: /home/cheon/Documents/dyros/piper-mou/piper_ros/install/piper_with_gripper_moveit/local/lib/python3.10/dist-packages/piper_with_gripper_moveit/libpiper_with_gripper_moveit__rosidl_generator_py.so
[11.282s] -- Up-to-date symlink: /home/cheon/Documents/dyros/piper-mou/piper_ros/install/piper_with_gripper_moveit/local/lib/python3.10/dist-packages/piper_with_gripper_moveit/piper_with_gripper_moveit_s__rosidl_typesupport_c.cpython-310-x86_64-linux-gnu.so
[11.282s] -- Up-to-date symlink: /home/cheon/Documents/dyros/piper-mou/piper_ros/install/piper_with_gripper_moveit/local/lib/python3.10/dist-packages/piper_with_gripper_moveit/piper_with_gripper_moveit_s__rosidl_typesupport_fastrtps_c.cpython-310-x86_64-linux-gnu.so
[11.283s] -- Up-to-date symlink: /home/cheon/Documents/dyros/piper-mou/piper_ros/install/piper_with_gripper_moveit/local/lib/python3.10/dist-packages/piper_with_gripper_moveit/piper_with_gripper_moveit_s__rosidl_typesupport_introspection_c.cpython-310-x86_64-linux-gnu.so
[11.283s] -- Up-to-date symlink: /home/cheon/Documents/dyros/piper-mou/piper_ros/install/piper_with_gripper_moveit/local/lib/python3.10/dist-packages/piper_with_gripper_moveit/piper_with_gripper_moveit_s__rosidl_typesupport_fastrtps_c.cpython-310-x86_64-linux-gnu.so
[11.283s] -- Up-to-date symlink: /home/cheon/Documents/dyros/piper-mou/piper_ros/install/piper_with_gripper_moveit/local/lib/python3.10/dist-packages/piper_with_gripper_moveit/piper_with_gripper_moveit_s__rosidl_typesupport_introspection_c.cpython-310-x86_64-linux-gnu.so
[11.284s] -- Up-to-date symlink: /home/cheon/Documents/dyros/piper-mou/piper_ros/install/piper_with_gripper_moveit/local/lib/python3.10/dist-packages/piper_with_gripper_moveit/piper_with_gripper_moveit_s__rosidl_typesupport_c.cpython-310-x86_64-linux-gnu.so
[11.284s] -- Up-to-date symlink: /home/cheon/Documents/dyros/piper-mou/piper_ros/install/piper_with_gripper_moveit/share/piper_with_gripper_moveit/action/PoseGoal.idl
[11.284s] -- Up-to-date symlink: /home/cheon/Documents/dyros/piper-mou/piper_ros/install/piper_with_gripper_moveit/share/piper_with_gripper_moveit/action/TargetPose.idl
[11.284s] -- Up-to-date symlink: /home/cheon/Documents/dyros/piper-mou/piper_ros/install/piper_with_gripper_moveit/share/piper_with_gripper_moveit/action/PoseGoal.action
[11.285s] -- Up-to-date symlink: /home/cheon/Documents/dyros/piper-mou/piper_ros/install/piper_with_gripper_moveit/share/piper_with_gripper_moveit/action/TargetPose.action
[11.285s] -- Up-to-date symlink: /home/cheon/Documents/dyros/piper-mou/piper_ros/install/piper_with_gripper_moveit/share/ament_index/resource_index/package_run_dependencies/piper_with_gripper_moveit
[11.285s] -- Up-to-date symlink: /home/cheon/Documents/dyros/piper-mou/piper_ros/install/piper_with_gripper_moveit/share/ament_index/resource_index/parent_prefix_path/piper_with_gripper_moveit
[11.285s] -- Up-to-date symlink: /home/cheon/Documents/dyros/piper-mou/piper_ros/install/piper_with_gripper_moveit/share/piper_with_gripper_moveit/environment/ament_prefix_path.sh
[11.286s] -- Up-to-date symlink: /home/cheon/Documents/dyros/piper-mou/piper_ros/install/piper_with_gripper_moveit/share/piper_with_gripper_moveit/environment/ament_prefix_path.dsv
[11.286s] -- Up-to-date symlink: /home/cheon/Documents/dyros/piper-mou/piper_ros/install/piper_with_gripper_moveit/share/piper_with_gripper_moveit/environment/path.sh
[11.286s] -- Up-to-date symlink: /home/cheon/Documents/dyros/piper-mou/piper_ros/install/piper_with_gripper_moveit/share/piper_with_gripper_moveit/environment/path.dsv
[11.286s] -- Up-to-date symlink: /home/cheon/Documents/dyros/piper-mou/piper_ros/install/piper_with_gripper_moveit/share/piper_with_gripper_moveit/local_setup.bash
[11.286s] -- Up-to-date symlink: /home/cheon/Documents/dyros/piper-mou/piper_ros/install/piper_with_gripper_moveit/share/piper_with_gripper_moveit/local_setup.sh
[11.287s] -- Up-to-date symlink: /home/cheon/Documents/dyros/piper-mou/piper_ros/install/piper_with_gripper_moveit/share/piper_with_gripper_moveit/local_setup.zsh
[11.287s] -- Up-to-date symlink: /home/cheon/Documents/dyros/piper-mou/piper_ros/install/piper_with_gripper_moveit/share/piper_with_gripper_moveit/local_setup.dsv
[11.287s] -- Symlinking: /home/cheon/Documents/dyros/piper-mou/piper_ros/install/piper_with_gripper_moveit/share/piper_with_gripper_moveit/package.dsv
[11.299s] -- Up-to-date symlink: /home/cheon/Documents/dyros/piper-mou/piper_ros/install/piper_with_gripper_moveit/share/ament_index/resource_index/packages/piper_with_gripper_moveit
[11.299s] -- Up-to-date symlink: /home/cheon/Documents/dyros/piper-mou/piper_ros/install/piper_with_gripper_moveit/share/piper_with_gripper_moveit/cmake/rosidl_cmake-extras.cmake
[11.299s] -- Up-to-date symlink: /home/cheon/Documents/dyros/piper-mou/piper_ros/install/piper_with_gripper_moveit/share/piper_with_gripper_moveit/cmake/ament_cmake_export_dependencies-extras.cmake
[11.300s] -- Up-to-date symlink: /home/cheon/Documents/dyros/piper-mou/piper_ros/install/piper_with_gripper_moveit/share/piper_with_gripper_moveit/cmake/ament_cmake_export_include_directories-extras.cmake
[11.300s] -- Up-to-date symlink: /home/cheon/Documents/dyros/piper-mou/piper_ros/install/piper_with_gripper_moveit/share/piper_with_gripper_moveit/cmake/ament_cmake_export_libraries-extras.cmake
[11.300s] -- Up-to-date symlink: /home/cheon/Documents/dyros/piper-mou/piper_ros/install/piper_with_gripper_moveit/share/piper_with_gripper_moveit/cmake/ament_cmake_export_targets-extras.cmake
[11.300s] -- Up-to-date symlink: /home/cheon/Documents/dyros/piper-mou/piper_ros/install/piper_with_gripper_moveit/share/piper_with_gripper_moveit/cmake/rosidl_cmake_export_typesupport_targets-extras.cmake
[11.301s] -- Up-to-date symlink: /home/cheon/Documents/dyros/piper-mou/piper_ros/install/piper_with_gripper_moveit/share/piper_with_gripper_moveit/cmake/rosidl_cmake_export_typesupport_libraries-extras.cmake
[11.301s] -- Up-to-date symlink: /home/cheon/Documents/dyros/piper-mou/piper_ros/install/piper_with_gripper_moveit/share/piper_with_gripper_moveit/cmake/piper_with_gripper_moveitConfig.cmake
[11.301s] -- Up-to-date symlink: /home/cheon/Documents/dyros/piper-mou/piper_ros/install/piper_with_gripper_moveit/share/piper_with_gripper_moveit/cmake/piper_with_gripper_moveitConfig-version.cmake
[11.301s] -- Up-to-date symlink: /home/cheon/Documents/dyros/piper-mou/piper_ros/install/piper_with_gripper_moveit/share/piper_with_gripper_moveit/package.xml
[11.302s] -- Up-to-date symlink: /home/cheon/Documents/dyros/piper-mou/piper_ros/install/piper_with_gripper_moveit/share/piper_with_gripper_moveit/launch/demo.launch.py
[11.302s] -- Up-to-date symlink: /home/cheon/Documents/dyros/piper-mou/piper_ros/install/piper_with_gripper_moveit/share/piper_with_gripper_moveit/launch/interface.launch.py
[11.302s] -- Up-to-date symlink: /home/cheon/Documents/dyros/piper-mou/piper_ros/install/piper_with_gripper_moveit/share/piper_with_gripper_moveit/launch/move_group.launch.py
[11.303s] -- Up-to-date symlink: /home/cheon/Documents/dyros/piper-mou/piper_ros/install/piper_with_gripper_moveit/share/piper_with_gripper_moveit/launch/moveit_rviz.launch.py
[11.303s] -- Up-to-date symlink: /home/cheon/Documents/dyros/piper-mou/piper_ros/install/piper_with_gripper_moveit/share/piper_with_gripper_moveit/launch/params_demo.launch.py
[11.304s] -- Up-to-date symlink: /home/cheon/Documents/dyros/piper-mou/piper_ros/install/piper_with_gripper_moveit/share/piper_with_gripper_moveit/launch/piper_moveit.launch.py
[11.304s] -- Up-to-date symlink: /home/cheon/Documents/dyros/piper-mou/piper_ros/install/piper_with_gripper_moveit/share/piper_with_gripper_moveit/launch/rsp.launch.py
[11.305s] -- Up-to-date symlink: /home/cheon/Documents/dyros/piper-mou/piper_ros/install/piper_with_gripper_moveit/share/piper_with_gripper_moveit/launch/setup_assistant.launch.py
[11.305s] -- Up-to-date symlink: /home/cheon/Documents/dyros/piper-mou/piper_ros/install/piper_with_gripper_moveit/share/piper_with_gripper_moveit/launch/spawn_controllers.launch.py
[11.305s] -- Up-to-date symlink: /home/cheon/Documents/dyros/piper-mou/piper_ros/install/piper_with_gripper_moveit/share/piper_with_gripper_moveit/launch/static_virtual_joint_tfs.launch.py
[11.306s] -- Up-to-date symlink: /home/cheon/Documents/dyros/piper-mou/piper_ros/install/piper_with_gripper_moveit/share/piper_with_gripper_moveit/launch/warehouse_db.launch.py
[11.306s] -- Up-to-date symlink: /home/cheon/Documents/dyros/piper-mou/piper_ros/install/piper_with_gripper_moveit/share/piper_with_gripper_moveit/launch/wm_demo.launch.py
[11.307s] -- Up-to-date symlink: /home/cheon/Documents/dyros/piper-mou/piper_ros/install/piper_with_gripper_moveit/share/piper_with_gripper_moveit/config/initial_positions.yaml
[11.308s] -- Up-to-date symlink: /home/cheon/Documents/dyros/piper-mou/piper_ros/install/piper_with_gripper_moveit/share/piper_with_gripper_moveit/config/joint_limits.yaml
[11.308s] -- Up-to-date symlink: /home/cheon/Documents/dyros/piper-mou/piper_ros/install/piper_with_gripper_moveit/share/piper_with_gripper_moveit/config/kinematics.yaml
[11.308s] -- Up-to-date symlink: /home/cheon/Documents/dyros/piper-mou/piper_ros/install/piper_with_gripper_moveit/share/piper_with_gripper_moveit/config/moveit.rviz
[11.308s] -- Up-to-date symlink: /home/cheon/Documents/dyros/piper-mou/piper_ros/install/piper_with_gripper_moveit/share/piper_with_gripper_moveit/config/moveit_controllers.yaml
[11.309s] -- Up-to-date symlink: /home/cheon/Documents/dyros/piper-mou/piper_ros/install/piper_with_gripper_moveit/share/piper_with_gripper_moveit/config/ompl_plainning.yaml
[11.309s] -- Up-to-date symlink: /home/cheon/Documents/dyros/piper-mou/piper_ros/install/piper_with_gripper_moveit/share/piper_with_gripper_moveit/config/pilz_cartesian_limits.yaml
[11.309s] -- Up-to-date symlink: /home/cheon/Documents/dyros/piper-mou/piper_ros/install/piper_with_gripper_moveit/share/piper_with_gripper_moveit/config/piper.ros2_control.xacro
[11.310s] -- Up-to-date symlink: /home/cheon/Documents/dyros/piper-mou/piper_ros/install/piper_with_gripper_moveit/share/piper_with_gripper_moveit/config/piper.srdf
[11.310s] -- Up-to-date symlink: /home/cheon/Documents/dyros/piper-mou/piper_ros/install/piper_with_gripper_moveit/share/piper_with_gripper_moveit/config/piper.urdf.xacro
[11.310s] -- Up-to-date symlink: /home/cheon/Documents/dyros/piper-mou/piper_ros/install/piper_with_gripper_moveit/share/piper_with_gripper_moveit/config/ros2_controllers.yaml
[11.310s] -- Up-to-date symlink: /home/cheon/Documents/dyros/piper-mou/piper_ros/install/piper_with_gripper_moveit/share/piper_with_gripper_moveit/config/sensors_3d.yaml
[11.311s] -- Up-to-date symlink: /home/cheon/Documents/dyros/piper-mou/piper_ros/install/piper_with_gripper_moveit/share/piper_with_gripper_moveit/config/trajectory_execution.yaml
[11.311s] -- Up-to-date symlink: /home/cheon/Documents/dyros/piper-mou/piper_ros/install/piper_with_gripper_moveit/share/piper_with_gripper_moveit/.setup_assistant
[11.312s] -- Up-to-date symlink: /home/cheon/Documents/dyros/piper-mou/piper_ros/install/piper_with_gripper_moveit/lib/piper_with_gripper_moveit/planning_scene_node
[11.312s] -- Up-to-date symlink: /home/cheon/Documents/dyros/piper-mou/piper_ros/install/piper_with_gripper_moveit/lib/piper_with_gripper_moveit/joint_goal_node
[11.312s] -- Up-to-date symlink: /home/cheon/Documents/dyros/piper-mou/piper_ros/install/piper_with_gripper_moveit/lib/piper_with_gripper_moveit/joint_goal_cmd_node
[11.313s] -- Up-to-date symlink: /home/cheon/Documents/dyros/piper-mou/piper_ros/install/piper_with_gripper_moveit/lib/piper_with_gripper_moveit/pose_goal_node
[11.313s] -- Up-to-date symlink: /home/cheon/Documents/dyros/piper-mou/piper_ros/install/piper_with_gripper_moveit/lib/piper_with_gripper_moveit/cA.py
[11.313s] -- Up-to-date symlink: /home/cheon/Documents/dyros/piper-mou/piper_ros/install/piper_with_gripper_moveit/lib/piper_with_gripper_moveit/Logic_inte.py
[11.314s] -- Up-to-date symlink: /home/cheon/Documents/dyros/piper-mou/piper_ros/install/piper_with_gripper_moveit/lib/piper_with_gripper_moveit/TEST.py
[11.314s] -- Up-to-date: /home/cheon/Documents/dyros/piper-mou/piper_ros/install/piper_with_gripper_moveit/lib/libpiper_with_gripper_moveit__rosidl_generator_c.so
[11.314s] -- Up-to-date: /home/cheon/Documents/dyros/piper-mou/piper_ros/install/piper_with_gripper_moveit/lib/libpiper_with_gripper_moveit__rosidl_typesupport_fastrtps_c.so
[11.315s] -- Up-to-date: /home/cheon/Documents/dyros/piper-mou/piper_ros/install/piper_with_gripper_moveit/lib/libpiper_with_gripper_moveit__rosidl_typesupport_fastrtps_cpp.so
[11.315s] -- Up-to-date: /home/cheon/Documents/dyros/piper-mou/piper_ros/install/piper_with_gripper_moveit/lib/libpiper_with_gripper_moveit__rosidl_typesupport_introspection_c.so
[11.316s] -- Up-to-date: /home/cheon/Documents/dyros/piper-mou/piper_ros/install/piper_with_gripper_moveit/lib/libpiper_with_gripper_moveit__rosidl_typesupport_c.so
[11.316s] -- Up-to-date: /home/cheon/Documents/dyros/piper-mou/piper_ros/install/piper_with_gripper_moveit/lib/libpiper_with_gripper_moveit__rosidl_typesupport_introspection_cpp.so
[11.316s] -- Up-to-date: /home/cheon/Documents/dyros/piper-mou/piper_ros/install/piper_with_gripper_moveit/lib/libpiper_with_gripper_moveit__rosidl_typesupport_cpp.so
[11.358s] Listing '/home/cheon/Documents/dyros/piper-mou/piper_ros/install/piper_with_gripper_moveit/local/lib/python3.10/dist-packages/piper_with_gripper_moveit'...
[11.358s] Listing '/home/cheon/Documents/dyros/piper-mou/piper_ros/install/piper_with_gripper_moveit/local/lib/python3.10/dist-packages/piper_with_gripper_moveit/action'...
[11.364s] -- Up-to-date: /home/cheon/Documents/dyros/piper-mou/piper_ros/install/piper_with_gripper_moveit/lib/libpiper_with_gripper_moveit__rosidl_generator_py.so
[11.364s] -- Up-to-date: /home/cheon/Documents/dyros/piper-mou/piper_ros/install/piper_with_gripper_moveit/share/piper_with_gripper_moveit/cmake/export_piper_with_gripper_moveit__rosidl_generator_cExport.cmake
[11.364s] -- Up-to-date: /home/cheon/Documents/dyros/piper-mou/piper_ros/install/piper_with_gripper_moveit/share/piper_with_gripper_moveit/cmake/export_piper_with_gripper_moveit__rosidl_generator_cExport-noconfig.cmake
[11.364s] -- Up-to-date: /home/cheon/Documents/dyros/piper-mou/piper_ros/install/piper_with_gripper_moveit/share/piper_with_gripper_moveit/cmake/export_piper_with_gripper_moveit__rosidl_typesupport_fastrtps_cExport.cmake
[11.365s] -- Up-to-date: /home/cheon/Documents/dyros/piper-mou/piper_ros/install/piper_with_gripper_moveit/share/piper_with_gripper_moveit/cmake/export_piper_with_gripper_moveit__rosidl_typesupport_fastrtps_cExport-noconfig.cmake
[11.365s] -- Up-to-date: /home/cheon/Documents/dyros/piper-mou/piper_ros/install/piper_with_gripper_moveit/share/piper_with_gripper_moveit/cmake/export_piper_with_gripper_moveit__rosidl_generator_cppExport.cmake
[11.365s] -- Up-to-date: /home/cheon/Documents/dyros/piper-mou/piper_ros/install/piper_with_gripper_moveit/share/piper_with_gripper_moveit/cmake/export_piper_with_gripper_moveit__rosidl_typesupport_fastrtps_cppExport.cmake
[11.365s] -- Up-to-date: /home/cheon/Documents/dyros/piper-mou/piper_ros/install/piper_with_gripper_moveit/share/piper_with_gripper_moveit/cmake/export_piper_with_gripper_moveit__rosidl_typesupport_fastrtps_cppExport-noconfig.cmake
[11.366s] -- Up-to-date: /home/cheon/Documents/dyros/piper-mou/piper_ros/install/piper_with_gripper_moveit/share/piper_with_gripper_moveit/cmake/piper_with_gripper_moveit__rosidl_typesupport_introspection_cExport.cmake
[11.366s] -- Up-to-date: /home/cheon/Documents/dyros/piper-mou/piper_ros/install/piper_with_gripper_moveit/share/piper_with_gripper_moveit/cmake/piper_with_gripper_moveit__rosidl_typesupport_introspection_cExport-noconfig.cmake
[11.366s] -- Up-to-date: /home/cheon/Documents/dyros/piper-mou/piper_ros/install/piper_with_gripper_moveit/share/piper_with_gripper_moveit/cmake/piper_with_gripper_moveit__rosidl_typesupport_cExport.cmake
[11.366s] -- Up-to-date: /home/cheon/Documents/dyros/piper-mou/piper_ros/install/piper_with_gripper_moveit/share/piper_with_gripper_moveit/cmake/piper_with_gripper_moveit__rosidl_typesupport_cExport-noconfig.cmake
[11.366s] -- Up-to-date: /home/cheon/Documents/dyros/piper-mou/piper_ros/install/piper_with_gripper_moveit/share/piper_with_gripper_moveit/cmake/piper_with_gripper_moveit__rosidl_typesupport_introspection_cppExport.cmake
[11.367s] -- Up-to-date: /home/cheon/Documents/dyros/piper-mou/piper_ros/install/piper_with_gripper_moveit/share/piper_with_gripper_moveit/cmake/piper_with_gripper_moveit__rosidl_typesupport_introspection_cppExport-noconfig.cmake
[11.367s] -- Up-to-date: /home/cheon/Documents/dyros/piper-mou/piper_ros/install/piper_with_gripper_moveit/share/piper_with_gripper_moveit/cmake/piper_with_gripper_moveit__rosidl_typesupport_cppExport.cmake
[11.367s] -- Up-to-date: /home/cheon/Documents/dyros/piper-mou/piper_ros/install/piper_with_gripper_moveit/share/piper_with_gripper_moveit/cmake/piper_with_gripper_moveit__rosidl_typesupport_cppExport-noconfig.cmake
[11.367s] -- Up-to-date: /home/cheon/Documents/dyros/piper-mou/piper_ros/install/piper_with_gripper_moveit/share/piper_with_gripper_moveit/cmake/export_piper_with_gripper_moveit__rosidl_generator_pyExport.cmake
[11.367s] -- Up-to-date: /home/cheon/Documents/dyros/piper-mou/piper_ros/install/piper_with_gripper_moveit/share/piper_with_gripper_moveit/cmake/export_piper_with_gripper_moveit__rosidl_generator_pyExport-noconfig.cmake
[11.370s] Invoked command in '/home/cheon/Documents/dyros/piper-mou/piper_ros/build/piper_with_gripper_moveit' returned '0': CMAKE_PREFIX_PATH=/home/cheon/Documents/dyros/piper-mou/piper_ros/install/piper_description:/home/cheon/Documents/dyros/piper-mou/piper_ros/install/piper_with_gripper_moveit:/home/cheon/Documents/dyros/piper-mou/piper_ros/install/piper_no_gripper_moveit:/home/cheon/Documents/dyros/piper-mou/piper_ros/install/piper_msgs:/home/cheon/Documents/dyros/piper-mou/piper_ros/install/piper_humble:/home/cheon/Documents/dyros/piper-mou/piper_ros/install/piper_gazebo:/home/cheon/Documents/dyros/piper-mou/install/xela_server_ros2:/home/cheon/Documents/dyros/piper-mou/install/topic_based_ros2_control:/home/cheon/Documents/dyros/piper-mou/install/piper_with_gripper_moveit:/home/cheon/Documents/dyros/piper-mou/install/piper_no_gripper_moveit:/home/cheon/Documents/dyros/piper-mou/install/piper_msgs:/home/cheon/Documents/dyros/piper-mou/install/piper_humble:/home/cheon/Documents/dyros/piper-mou/install/piper_gazebo:/home/cheon/Documents/dyros/piper-mou/install/piper_description:/home/cheon/Documents/dyros/piper-mou/install/moveit_mujoco_interface:/home/cheon/Documents/dyros/piper-mou/piper_ros/install/piper:/home/cheon/Documents/dyros/piper-mou/install/piper_mujoco:/home/cheon/Documents/dyros/piper-mou/install/piper:/opt/ros/humble /usr/bin/cmake --install /home/cheon/Documents/dyros/piper-mou/piper_ros/build/piper_with_gripper_moveit
