-- Found ament_cmake: 1.3.11 (/opt/ros/humble/share/ament_cmake/cmake)
-- Override CMake install command with custom implementation using symlinks instead of copying resources
-- Found rclcpp: 16.0.12 (/opt/ros/humble/share/rclcpp/cmake)
-- Found rosidl_generator_c: 3.1.6 (/opt/ros/humble/share/rosidl_generator_c/cmake)
-- Found rosidl_adapter: 3.1.6 (/opt/ros/humble/share/rosidl_adapter/cmake)
-- Found rosidl_generator_cpp: 3.1.6 (/opt/ros/humble/share/rosidl_generator_cpp/cmake)
-- Using all available rosidl_typesupport_c: rosidl_typesupport_fastrtps_c;rosidl_typesupport_introspection_c
-- Using all available rosidl_typesupport_cpp: rosidl_typesupport_fastrtps_cpp;rosidl_typesupport_introspection_cpp
-- Found rmw_implementation_cmake: 6.1.2 (/opt/ros/humble/share/rmw_implementation_cmake/cmake)
-- Found rmw_fastrtps_cpp: 6.2.7 (/opt/ros/humble/share/rmw_fastrtps_cpp/cmake)
-- Using RMW implementation 'rmw_fastrtps_cpp' as default
-- Found geometry_msgs: 4.9.0 (/opt/ros/humble/share/geometry_msgs/cmake)
-- Found moveit_ros_planning_interface: 2.5.9 (/opt/ros/humble/share/moveit_ros_planning_interface/cmake)
-- Found Boost: /usr/lib/x86_64-linux-gnu/cmake/Boost-1.74.0/BoostConfig.cmake (found version "1.74.0") found components: date_time filesystem program_options system thread 
-- Found Boost: /usr/lib/x86_64-linux-gnu/cmake/Boost-1.74.0/BoostConfig.cmake (found version "1.74.0") found components: chrono date_time filesystem iostreams program_options regex serialization system thread 
-- Found parameter_traits: 0.5.0 (/opt/ros/humble/share/parameter_traits/cmake)
-- Found rclcpp_lifecycle: 16.0.12 (/opt/ros/humble/share/rclcpp_lifecycle/cmake)
-- Found Boost: /usr/lib/x86_64-linux-gnu/cmake/Boost-1.74.0/BoostConfig.cmake (found version "1.74.0") found components: filesystem 
-- library: /usr/lib/x86_64-linux-gnu/libcurl.so
-- Ensuring Eigen3 include directory is part of orocos-kdl CMake target
-- Found Boost: /usr/lib/x86_64-linux-gnu/cmake/Boost-1.74.0/BoostConfig.cmake (found version "1.74.0") found components: system filesystem date_time program_options thread chrono 
-- Found Boost: /usr/lib/x86_64-linux-gnu/cmake/Boost-1.74.0/BoostConfig.cmake (found version "1.74.0") found components: thread system filesystem regex date_time program_options 
-- Found Boost: /usr/lib/x86_64-linux-gnu/cmake/Boost-1.74.0/BoostConfig.cmake (found version "1.74.0") found components: system filesystem date_time program_options thread 
-- Found control_msgs: 4.8.0 (/opt/ros/humble/share/control_msgs/cmake)
-- Found rclpy: 3.3.16 (/opt/ros/humble/share/rclpy/cmake)
-- Found rosidl_default_generators: 1.2.0 (/opt/ros/humble/share/rosidl_default_generators/cmake)
-- Found ament_cmake_ros: 0.10.0 (/opt/ros/humble/share/ament_cmake_ros/cmake)
-- Using all available rosidl_typesupport_c: rosidl_typesupport_fastrtps_c;rosidl_typesupport_introspection_c
-- Using all available rosidl_typesupport_cpp: rosidl_typesupport_fastrtps_cpp;rosidl_typesupport_introspection_cpp
-- Found python_cmake_module: 0.10.0 (/opt/ros/humble/share/python_cmake_module/cmake)
-- Using PYTHON_EXECUTABLE: /usr/bin/python3
-- Using PYTHON_INCLUDE_DIRS: /usr/include/python3.10
-- Using PYTHON_LIBRARIES: /usr/lib/x86_64-linux-gnu/libpython3.10.so
-- Configuring done
-- Generating done
-- Build files have been written to: /home/cheon/Documents/dyros/piper-mou/piper_ros/build/piper_with_gripper_moveit
[  2%] [34m[1mGenerating C++ code for ROS interfaces[0m
[  2%] Built target piper_with_gripper_moveit__cpp
[35m[1mConsolidate compiler generated dependencies of target joint_goal_cmd_node[0m
[  6%] Built target joint_goal_cmd_node
[  8%] [34m[1mGenerating C++ introspection for ROS interfaces[0m
[35m[1mConsolidate compiler generated dependencies of target piper_with_gripper_moveit__rosidl_typesupport_introspection_cpp[0m
[ 10%] [32mBuilding CXX object CMakeFiles/piper_with_gripper_moveit__rosidl_typesupport_introspection_cpp.dir/rosidl_typesupport_introspection_cpp/piper_with_gripper_moveit/action/detail/pose_goal__type_support.cpp.o[0m
[ 12%] [32mBuilding CXX object CMakeFiles/piper_with_gripper_moveit__rosidl_typesupport_introspection_cpp.dir/rosidl_typesupport_introspection_cpp/piper_with_gripper_moveit/action/detail/target_pose__type_support.cpp.o[0m
[ 14%] [32m[1mLinking CXX shared library libpiper_with_gripper_moveit__rosidl_typesupport_introspection_cpp.so[0m
[ 14%] Built target piper_with_gripper_moveit__rosidl_typesupport_introspection_cpp
[ 17%] [34m[1mGenerating C++ type support for eProsima Fast-RTPS[0m
[35m[1mConsolidate compiler generated dependencies of target piper_with_gripper_moveit__rosidl_typesupport_fastrtps_cpp[0m
[ 19%] [32mBuilding CXX object CMakeFiles/piper_with_gripper_moveit__rosidl_typesupport_fastrtps_cpp.dir/rosidl_typesupport_fastrtps_cpp/piper_with_gripper_moveit/action/detail/dds_fastrtps/pose_goal__type_support.cpp.o[0m
[ 21%] [32mBuilding CXX object CMakeFiles/piper_with_gripper_moveit__rosidl_typesupport_fastrtps_cpp.dir/rosidl_typesupport_fastrtps_cpp/piper_with_gripper_moveit/action/detail/dds_fastrtps/target_pose__type_support.cpp.o[0m
[ 23%] [32m[1mLinking CXX shared library libpiper_with_gripper_moveit__rosidl_typesupport_fastrtps_cpp.so[0m
[ 23%] Built target piper_with_gripper_moveit__rosidl_typesupport_fastrtps_cpp
[ 25%] [34m[1mGenerating C++ type support dispatch for ROS interfaces[0m
[35m[1mConsolidate compiler generated dependencies of target piper_with_gripper_moveit__rosidl_typesupport_cpp[0m
[ 27%] [32mBuilding CXX object CMakeFiles/piper_with_gripper_moveit__rosidl_typesupport_cpp.dir/rosidl_typesupport_cpp/piper_with_gripper_moveit/action/pose_goal__type_support.cpp.o[0m
[ 29%] [32mBuilding CXX object CMakeFiles/piper_with_gripper_moveit__rosidl_typesupport_cpp.dir/rosidl_typesupport_cpp/piper_with_gripper_moveit/action/target_pose__type_support.cpp.o[0m
[ 31%] [32m[1mLinking CXX shared library libpiper_with_gripper_moveit__rosidl_typesupport_cpp.so[0m
[ 31%] Built target piper_with_gripper_moveit__rosidl_typesupport_cpp
[35m[1mConsolidate compiler generated dependencies of target joint_goal_node[0m
[ 36%] Built target joint_goal_node
[35m[1mConsolidate compiler generated dependencies of target pose_goal_node[0m
[ 38%] [32mBuilding CXX object CMakeFiles/pose_goal_node.dir/src/pose_goal.cpp.o[0m
