[1.729s] Invoking command in '/home/cheon/Documents/dyros/piper-mou/piper_ros/src/piper': CONDA_PROMPT_MODIFIER=(base) PYTHONPATH=/home/cheon/Documents/dyros/piper-mou/piper_ros/build/piper/prefix_override:/usr/lib/python3/dist-packages/colcon_core/task/python/colcon_distutils_commands:/home/cheon/Documents/dyros/piper-mou/piper_ros/install/piper/lib/python3.10/site-packages:${PYTHONPATH} /usr/bin/python3 -W ignore:setup.py install is deprecated -W ignore:easy_install command is deprecated setup.py egg_info --egg-base ../../build/piper build --build-base /home/cheon/Documents/dyros/piper-mou/piper_ros/build/piper/build install --record /home/cheon/Documents/dyros/piper-mou/piper_ros/build/piper/install.log --single-version-externally-managed install_data
[2.060s] /home/cheon/.local/lib/python3.10/site-packages/setuptools/_distutils/dist.py:289: UserWarning: Unknown distribution option: 'tests_require'
[2.060s]   warnings.warn(msg)
[2.246s] running egg_info
[2.275s] writing ../../build/piper/piper.egg-info/PKG-INFO
[2.275s] writing dependency_links to ../../build/piper/piper.egg-info/dependency_links.txt
[2.276s] writing entry points to ../../build/piper/piper.egg-info/entry_points.txt
[2.276s] writing requirements to ../../build/piper/piper.egg-info/requires.txt
[2.276s] writing top-level names to ../../build/piper/piper.egg-info/top_level.txt
[2.339s] reading manifest file '../../build/piper/piper.egg-info/SOURCES.txt'
[2.339s] adding license file 'LICENSE'
[2.341s] writing manifest file '../../build/piper/piper.egg-info/SOURCES.txt'
[2.342s] running build
[2.342s] running build_py
[2.342s] copying piper/piper_ctrl_single_node.py -> /home/cheon/Documents/dyros/piper-mou/piper_ros/build/piper/build/lib/piper
[2.342s] copying piper/__init__.py -> /home/cheon/Documents/dyros/piper-mou/piper_ros/build/piper/build/lib/piper
[2.343s] running install
[2.352s] running install_lib
[2.388s] running install_data
[2.388s] copying resource/piper -> /home/cheon/Documents/dyros/piper-mou/piper_ros/install/piper/share/ament_index/resource_index/packages
[2.388s] copying package.xml -> /home/cheon/Documents/dyros/piper-mou/piper_ros/install/piper/share/piper
[2.389s] copying launch/start_single_piper_rviz.launch.py -> /home/cheon/Documents/dyros/piper-mou/piper_ros/install/piper/share/piper/launch
[2.389s] copying launch/start_single_piper.launch.py -> /home/cheon/Documents/dyros/piper-mou/piper_ros/install/piper/share/piper/launch
[2.389s] running install_egg_info
[2.420s] removing '/home/cheon/Documents/dyros/piper-mou/piper_ros/install/piper/lib/python3.10/site-packages/piper-0.0.0-py3.10.egg-info' (and everything under it)
[2.421s] Copying ../../build/piper/piper.egg-info to /home/cheon/Documents/dyros/piper-mou/piper_ros/install/piper/lib/python3.10/site-packages/piper-0.0.0-py3.10.egg-info
[2.422s] running install_scripts
[2.491s] Installing piper_ms_ctrl script to /home/cheon/Documents/dyros/piper-mou/piper_ros/install/piper/lib/piper
[2.492s] Installing piper_read_master script to /home/cheon/Documents/dyros/piper-mou/piper_ros/install/piper/lib/piper
[2.492s] Installing piper_single_ctrl script to /home/cheon/Documents/dyros/piper-mou/piper_ros/install/piper/lib/piper
[2.492s] writing list of installed files to '/home/cheon/Documents/dyros/piper-mou/piper_ros/build/piper/install.log'
[2.526s] Invoked command in '/home/cheon/Documents/dyros/piper-mou/piper_ros/src/piper' returned '0': CONDA_PROMPT_MODIFIER=(base) PYTHONPATH=/home/cheon/Documents/dyros/piper-mou/piper_ros/build/piper/prefix_override:/usr/lib/python3/dist-packages/colcon_core/task/python/colcon_distutils_commands:/home/cheon/Documents/dyros/piper-mou/piper_ros/install/piper/lib/python3.10/site-packages:${PYTHONPATH} /usr/bin/python3 -W ignore:setup.py install is deprecated -W ignore:easy_install command is deprecated setup.py egg_info --egg-base ../../build/piper build --build-base /home/cheon/Documents/dyros/piper-mou/piper_ros/build/piper/build install --record /home/cheon/Documents/dyros/piper-mou/piper_ros/build/piper/install.log --single-version-externally-managed install_data
