[0.090s] Invoking command in '/home/cheon/Documents/dyros/piper-mou/piper_ros/build/piper_with_gripper_moveit': CMAKE_PREFIX_PATH=/home/cheon/Documents/dyros/piper-mou/piper_ros/install/piper_description:/home/cheon/Documents/dyros/piper-mou/piper_ros/install/piper_with_gripper_moveit:/home/cheon/Documents/dyros/piper-mou/piper_ros/install/piper_no_gripper_moveit:/home/cheon/Documents/dyros/piper-mou/piper_ros/install/piper_msgs:/home/cheon/Documents/dyros/piper-mou/piper_ros/install/piper_humble:/home/cheon/Documents/dyros/piper-mou/piper_ros/install/piper_gazebo:/home/cheon/Documents/dyros/piper-mou/install/xela_server_ros2:/home/cheon/Documents/dyros/piper-mou/install/topic_based_ros2_control:/home/cheon/Documents/dyros/piper-mou/install/piper_with_gripper_moveit:/home/cheon/Documents/dyros/piper-mou/install/piper_no_gripper_moveit:/home/cheon/Documents/dyros/piper-mou/install/piper_msgs:/home/cheon/Documents/dyros/piper-mou/install/piper_humble:/home/cheon/Documents/dyros/piper-mou/install/piper_gazebo:/home/cheon/Documents/dyros/piper-mou/install/piper_description:/home/cheon/Documents/dyros/piper-mou/install/moveit_mujoco_interface:/home/cheon/Documents/dyros/piper-mou/piper_ros/install/piper:/home/cheon/Documents/dyros/piper-mou/install/piper_mujoco:/home/cheon/Documents/dyros/piper-mou/install/piper:/opt/ros/humble /usr/bin/cmake --build /home/cheon/Documents/dyros/piper-mou/piper_ros/build/piper_with_gripper_moveit -- -j12 -l12
[0.232s] [  2%] Built target piper_with_gripper_moveit__cpp
[0.241s] [ 10%] Built target piper_with_gripper_moveit__rosidl_generator_c
[0.278s] [ 14%] Built target joint_goal_node
[0.284s] [ 19%] Built target joint_goal_cmd_node
[0.296s] [ 19%] Built target ament_cmake_python_symlink_piper_with_gripper_moveit
[0.310s] [ 23%] Built target planning_scene_node
[0.329s] [ 31%] Built target piper_with_gripper_moveit__rosidl_typesupport_cpp
[0.337s] [ 40%] Built target piper_with_gripper_moveit__rosidl_typesupport_introspection_cpp
[0.346s] [ 48%] Built target piper_with_gripper_moveit__rosidl_typesupport_fastrtps_cpp
[0.346s] [ 59%] Built target piper_with_gripper_moveit__rosidl_typesupport_c
[0.350s] [ 65%] Built target piper_with_gripper_moveit__rosidl_typesupport_fastrtps_c
[0.354s] [ 74%] Built target piper_with_gripper_moveit__rosidl_typesupport_introspection_c
[0.382s] [35m[1mConsolidate compiler generated dependencies of target pose_goal_node[0m
[0.396s] [ 74%] Built target piper_with_gripper_moveit
[0.441s] [ 76%] Built target piper_with_gripper_moveit__py
[0.455s] [ 78%] [32mBuilding CXX object CMakeFiles/pose_goal_node.dir/src/pose_goal.cpp.o[0m
[0.485s] [ 85%] Built target piper_with_gripper_moveit__rosidl_generator_py
[0.541s] [ 97%] Built target piper_with_gripper_moveit__rosidl_typesupport_fastrtps_c__pyext
[0.541s] [ 97%] Built target piper_with_gripper_moveit__rosidl_typesupport_c__pyext
[0.542s] [ 97%] Built target piper_with_gripper_moveit__rosidl_typesupport_introspection_c__pyext
[0.924s] running egg_info
[0.982s] writing piper_with_gripper_moveit.egg-info/PKG-INFO
[0.983s] writing dependency_links to piper_with_gripper_moveit.egg-info/dependency_links.txt
[0.984s] writing top-level names to piper_with_gripper_moveit.egg-info/top_level.txt
[1.138s] reading manifest file 'piper_with_gripper_moveit.egg-info/SOURCES.txt'
[1.141s] writing manifest file 'piper_with_gripper_moveit.egg-info/SOURCES.txt'
[1.196s] [ 97%] Built target ament_cmake_python_build_piper_with_gripper_moveit_egg
[9.445s] [01m[K/home/cheon/Documents/dyros/piper-mou/piper_ros/src/piper_moveit/piper_with_gripper_moveit/src/pose_goal.cpp:[m[K In member function ‘[01m[Kvoid PoseGoalActionServer::execute(const std::shared_ptr<rclcpp_action::ServerGoalHandle<piper_with_gripper_moveit::action::PoseGoal> >&)[m[K’:
[9.446s] [01m[K/home/cheon/Documents/dyros/piper-mou/piper_ros/src/piper_moveit/piper_with_gripper_moveit/src/pose_goal.cpp:93:42:[m[K [01;31m[Kerror: [m[K‘[01m[Kusing element_type = const struct piper_with_gripper_moveit::action::PoseGoal_Goal_<std::allocator<void> >[m[K’ {aka ‘[01m[Kconst struct piper_with_gripper_moveit::action::PoseGoal_Goal_<std::allocator<void> >[m[K’} has no member named ‘[01m[Kroll_tol_rad[m[K’; did you mean ‘[01m[Krp_tol_rad[m[K’?
[9.446s]    93 |   const double roll_tol_rad     = (goal->[01;31m[Kroll_tol_rad[m[K     > 0.0) ? goal->roll_tol_rad     : 1.0;
[9.446s]       |                                          [01;31m[K^~~~~~~~~~~~[m[K
[9.446s]       |                                          [32m[Krp_tol_rad[m[K
[9.446s] [01m[K/home/cheon/Documents/dyros/piper-mou/piper_ros/src/piper_moveit/piper_with_gripper_moveit/src/pose_goal.cpp:93:74:[m[K [01;31m[Kerror: [m[K‘[01m[Kusing element_type = const struct piper_with_gripper_moveit::action::PoseGoal_Goal_<std::allocator<void> >[m[K’ {aka ‘[01m[Kconst struct piper_with_gripper_moveit::action::PoseGoal_Goal_<std::allocator<void> >[m[K’} has no member named ‘[01m[Kroll_tol_rad[m[K’; did you mean ‘[01m[Krp_tol_rad[m[K’?
[9.446s]    93 |   const double roll_tol_rad     = (goal->roll_tol_rad     > 0.0) ? goal->[01;31m[Kroll_tol_rad[m[K     : 1.0;
[9.446s]       |                                                                          [01;31m[K^~~~~~~~~~~~[m[K
[9.446s]       |                                                                          [32m[Krp_tol_rad[m[K
[9.447s] [01m[K/home/cheon/Documents/dyros/piper-mou/piper_ros/src/piper_moveit/piper_with_gripper_moveit/src/pose_goal.cpp:94:42:[m[K [01;31m[Kerror: [m[K‘[01m[Kusing element_type = const struct piper_with_gripper_moveit::action::PoseGoal_Goal_<std::allocator<void> >[m[K’ {aka ‘[01m[Kconst struct piper_with_gripper_moveit::action::PoseGoal_Goal_<std::allocator<void> >[m[K’} has no member named ‘[01m[Kpich_tol_rad[m[K’; did you mean ‘[01m[Krp_tol_rad[m[K’?
[9.447s]    94 |   const double pich_tol_rad     = (goal->[01;31m[Kpich_tol_rad[m[K     > 0.0) ? goal->pich_tol_rad     : 1.0;
[9.447s]       |                                          [01;31m[K^~~~~~~~~~~~[m[K
[9.447s]       |                                          [32m[Krp_tol_rad[m[K
[9.447s] [01m[K/home/cheon/Documents/dyros/piper-mou/piper_ros/src/piper_moveit/piper_with_gripper_moveit/src/pose_goal.cpp:94:74:[m[K [01;31m[Kerror: [m[K‘[01m[Kusing element_type = const struct piper_with_gripper_moveit::action::PoseGoal_Goal_<std::allocator<void> >[m[K’ {aka ‘[01m[Kconst struct piper_with_gripper_moveit::action::PoseGoal_Goal_<std::allocator<void> >[m[K’} has no member named ‘[01m[Kpich_tol_rad[m[K’; did you mean ‘[01m[Krp_tol_rad[m[K’?
[9.447s]    94 |   const double pich_tol_rad     = (goal->pich_tol_rad     > 0.0) ? goal->[01;31m[Kpich_tol_rad[m[K     : 1.0;
[9.447s]       |                                                                          [01;31m[K^~~~~~~~~~~~[m[K
[9.447s]       |                                                                          [32m[Krp_tol_rad[m[K
[13.563s] gmake[2]: *** [CMakeFiles/pose_goal_node.dir/build.make:76: CMakeFiles/pose_goal_node.dir/src/pose_goal.cpp.o] Error 1
[13.564s] gmake[1]: *** [CMakeFiles/Makefile2:677: CMakeFiles/pose_goal_node.dir/all] Error 2
[13.564s] gmake: *** [Makefile:146: all] Error 2
[13.567s] Invoked command in '/home/cheon/Documents/dyros/piper-mou/piper_ros/build/piper_with_gripper_moveit' returned '2': CMAKE_PREFIX_PATH=/home/cheon/Documents/dyros/piper-mou/piper_ros/install/piper_description:/home/cheon/Documents/dyros/piper-mou/piper_ros/install/piper_with_gripper_moveit:/home/cheon/Documents/dyros/piper-mou/piper_ros/install/piper_no_gripper_moveit:/home/cheon/Documents/dyros/piper-mou/piper_ros/install/piper_msgs:/home/cheon/Documents/dyros/piper-mou/piper_ros/install/piper_humble:/home/cheon/Documents/dyros/piper-mou/piper_ros/install/piper_gazebo:/home/cheon/Documents/dyros/piper-mou/install/xela_server_ros2:/home/cheon/Documents/dyros/piper-mou/install/topic_based_ros2_control:/home/cheon/Documents/dyros/piper-mou/install/piper_with_gripper_moveit:/home/cheon/Documents/dyros/piper-mou/install/piper_no_gripper_moveit:/home/cheon/Documents/dyros/piper-mou/install/piper_msgs:/home/cheon/Documents/dyros/piper-mou/install/piper_humble:/home/cheon/Documents/dyros/piper-mou/install/piper_gazebo:/home/cheon/Documents/dyros/piper-mou/install/piper_description:/home/cheon/Documents/dyros/piper-mou/install/moveit_mujoco_interface:/home/cheon/Documents/dyros/piper-mou/piper_ros/install/piper:/home/cheon/Documents/dyros/piper-mou/install/piper_mujoco:/home/cheon/Documents/dyros/piper-mou/install/piper:/opt/ros/humble /usr/bin/cmake --build /home/cheon/Documents/dyros/piper-mou/piper_ros/build/piper_with_gripper_moveit -- -j12 -l12
