[  1%] Built target xela_server_ros2__cpp
[ 12%] Built target xela_server_ros2__rosidl_generator_c
[ 12%] Built target ament_cmake_python_copy_xela_server_ros2
[ 23%] Built target xela_server_ros2__rosidl_typesupport_cpp
[ 34%] Built target xela_server_ros2__rosidl_typesupport_introspection_cpp
[ 46%] Built target xela_server_ros2__rosidl_typesupport_fastrtps_cpp
[ 57%] Built target xela_server_ros2__rosidl_typesupport_c
[ 68%] Built target xela_server_ros2__rosidl_typesupport_introspection_c
[ 79%] Built target xela_server_ros2__rosidl_typesupport_fastrtps_c
[ 79%] Built target xela_server_ros2
[ 80%] Built target xela_server_ros2__py
[ 90%] Built target xela_server_ros2__rosidl_generator_py
[ 93%] Built target xela_server_ros2__rosidl_typesupport_fastrtps_c__pyext
[100%] Built target xela_server_ros2__rosidl_typesupport_introspection_c__pyext
[100%] Built target xela_server_ros2__rosidl_typesupport_c__pyext
running egg_info
writing xela_server_ros2.egg-info/PKG-INFO
writing dependency_links to xela_server_ros2.egg-info/dependency_links.txt
writing top-level names to xela_server_ros2.egg-info/top_level.txt
reading manifest file 'xela_server_ros2.egg-info/SOURCES.txt'
writing manifest file 'xela_server_ros2.egg-info/SOURCES.txt'
[100%] Built target ament_cmake_python_build_xela_server_ros2_egg
