[0.040s] Invoking command in '/home/dyros/mcy_ws/piper-mou/build/moveit_mujoco_interface': CMAKE_PREFIX_PATH=${CMAKE_PREFIX_PATH}:/home/dyros/mcy_ws/piper-mou/install/piper:/opt/ros/humble /usr/bin/cmake --build /home/dyros/mcy_ws/piper-mou/build/moveit_mujoco_interface -- -j20 -l20
[0.269s] [35m[1mConsolidate compiler generated dependencies of target moveit_mujoco_interface_lib[0m
[0.269s] [ 50%] Built target moveit_mujoco_interface_lib
[0.269s] [35m[1mConsolidate compiler generated dependencies of target moveit_mujoco_interface[0m
[0.270s] [100%] Built target moveit_mujoco_interface
[0.286s] Invoked command in '/home/dyros/mcy_ws/piper-mou/build/moveit_mujoco_interface' returned '0': CMAKE_PREFIX_PATH=${CMAKE_PREFIX_PATH}:/home/dyros/mcy_ws/piper-mou/install/piper:/opt/ros/humble /usr/bin/cmake --build /home/dyros/mcy_ws/piper-mou/build/moveit_mujoco_interface -- -j20 -l20
[0.288s] Invoking command in '/home/dyros/mcy_ws/piper-mou/build/moveit_mujoco_interface': CMAKE_PREFIX_PATH=${CMAKE_PREFIX_PATH}:/home/dyros/mcy_ws/piper-mou/install/piper:/opt/ros/humble /usr/bin/cmake --install /home/dyros/mcy_ws/piper-mou/build/moveit_mujoco_interface
[0.337s] -- Install configuration: ""
[0.337s] -- Up-to-date: /home/dyros/mcy_ws/piper-mou/install/moveit_mujoco_interface/lib/moveit_mujoco_interface/moveit_mujoco_interface
[0.339s] -- Up-to-date: /home/dyros/mcy_ws/piper-mou/install/moveit_mujoco_interface/share/ament_index/resource_index/package_run_dependencies/moveit_mujoco_interface
[0.340s] -- Up-to-date: /home/dyros/mcy_ws/piper-mou/install/moveit_mujoco_interface/share/ament_index/resource_index/parent_prefix_path/moveit_mujoco_interface
[0.340s] -- Up-to-date: /home/dyros/mcy_ws/piper-mou/install/moveit_mujoco_interface/share/moveit_mujoco_interface/environment/ament_prefix_path.sh
[0.340s] -- Up-to-date: /home/dyros/mcy_ws/piper-mou/install/moveit_mujoco_interface/share/moveit_mujoco_interface/environment/ament_prefix_path.dsv
[0.340s] -- Up-to-date: /home/dyros/mcy_ws/piper-mou/install/moveit_mujoco_interface/share/moveit_mujoco_interface/environment/path.sh
[0.340s] -- Up-to-date: /home/dyros/mcy_ws/piper-mou/install/moveit_mujoco_interface/share/moveit_mujoco_interface/environment/path.dsv
[0.340s] -- Up-to-date: /home/dyros/mcy_ws/piper-mou/install/moveit_mujoco_interface/share/moveit_mujoco_interface/local_setup.bash
[0.340s] -- Up-to-date: /home/dyros/mcy_ws/piper-mou/install/moveit_mujoco_interface/share/moveit_mujoco_interface/local_setup.sh
[0.340s] -- Up-to-date: /home/dyros/mcy_ws/piper-mou/install/moveit_mujoco_interface/share/moveit_mujoco_interface/local_setup.zsh
[0.340s] -- Up-to-date: /home/dyros/mcy_ws/piper-mou/install/moveit_mujoco_interface/share/moveit_mujoco_interface/local_setup.dsv
[0.340s] -- Installing: /home/dyros/mcy_ws/piper-mou/install/moveit_mujoco_interface/share/moveit_mujoco_interface/package.dsv
[0.341s] -- Up-to-date: /home/dyros/mcy_ws/piper-mou/install/moveit_mujoco_interface/share/ament_index/resource_index/packages/moveit_mujoco_interface
[0.341s] -- Up-to-date: /home/dyros/mcy_ws/piper-mou/install/moveit_mujoco_interface/share/moveit_mujoco_interface/cmake/moveit_mujoco_interfaceConfig.cmake
[0.341s] -- Up-to-date: /home/dyros/mcy_ws/piper-mou/install/moveit_mujoco_interface/share/moveit_mujoco_interface/cmake/moveit_mujoco_interfaceConfig-version.cmake
[0.341s] -- Up-to-date: /home/dyros/mcy_ws/piper-mou/install/moveit_mujoco_interface/share/moveit_mujoco_interface/package.xml
[0.402s] Invoked command in '/home/dyros/mcy_ws/piper-mou/build/moveit_mujoco_interface' returned '0': CMAKE_PREFIX_PATH=${CMAKE_PREFIX_PATH}:/home/dyros/mcy_ws/piper-mou/install/piper:/opt/ros/humble /usr/bin/cmake --install /home/dyros/mcy_ws/piper-mou/build/moveit_mujoco_interface
