[0.262s] Invoking command in '/home/dyros/mcy_ws/piper-mou/build/topic_based_ros2_control': CMAKE_PREFIX_PATH=${CMAKE_PREFIX_PATH}:/home/dyros/mcy_ws/piper-mou/install/piper:/opt/ros/humble /usr/bin/cmake /home/dyros/mcy_ws/piper-mou/src/topic_based_ros2_control -DCMAKE_INSTALL_PREFIX=/home/dyros/mcy_ws/piper-mou/install/topic_based_ros2_control
[0.328s] -- The CXX compiler identification is GNU 11.4.0
[0.335s] -- Detecting CXX compiler ABI info
[0.423s] -- Detecting CXX compiler ABI info - done
[0.437s] -- Check for working CXX compiler: /usr/bin/c++ - skipped
[0.437s] -- Detecting CXX compile features
[0.438s] -- Detecting CXX compile features - done
[0.441s] -- Found ament_cmake: 1.3.11 (/opt/ros/humble/share/ament_cmake/cmake)
[0.937s] -- Found Python3: /usr/bin/python3 (found version "3.10.12") found components: Interpreter 
[1.046s] -- Found angles: 1.15.0 (/opt/ros/humble/share/angles/cmake)
[1.049s] -- Found rclcpp: 16.0.12 (/opt/ros/humble/share/rclcpp/cmake)
[1.090s] -- Found rosidl_generator_c: 3.1.6 (/opt/ros/humble/share/rosidl_generator_c/cmake)
[1.096s] -- Found rosidl_adapter: 3.1.6 (/opt/ros/humble/share/rosidl_adapter/cmake)
[1.105s] -- Found rosidl_generator_cpp: 3.1.6 (/opt/ros/humble/share/rosidl_generator_cpp/cmake)
[1.122s] -- Using all available rosidl_typesupport_c: rosidl_typesupport_fastrtps_c;rosidl_typesupport_introspection_c
[1.149s] -- Using all available rosidl_typesupport_cpp: rosidl_typesupport_fastrtps_cpp;rosidl_typesupport_introspection_cpp
[1.225s] -- Found rmw_implementation_cmake: 6.1.2 (/opt/ros/humble/share/rmw_implementation_cmake/cmake)
[1.230s] -- Found rmw_fastrtps_cpp: 6.2.7 (/opt/ros/humble/share/rmw_fastrtps_cpp/cmake)
[1.355s] -- Found OpenSSL: /usr/lib/x86_64-linux-gnu/libcrypto.so (found version "3.0.2")  
[1.398s] -- Found FastRTPS: /opt/ros/humble/include  
[1.457s] -- Using RMW implementation 'rmw_fastrtps_cpp' as default
[1.471s] -- Looking for C++ include pthread.h
[1.554s] -- Looking for C++ include pthread.h - found
[1.554s] -- Performing Test CMAKE_HAVE_LIBC_PTHREAD
[1.643s] -- Performing Test CMAKE_HAVE_LIBC_PTHREAD - Success
[1.644s] -- Found Threads: TRUE  
[1.703s] -- Found hardware_interface: 2.51.0 (/opt/ros/humble/share/hardware_interface/cmake)
[1.933s] -- Found ament_cmake_gtest: 1.3.11 (/opt/ros/humble/share/ament_cmake_gtest/cmake)
[1.936s] -- Found ament_lint_auto: 0.12.12 (/opt/ros/humble/share/ament_lint_auto/cmake)
[1.938s] -- Found ament_cmake_pytest: 1.3.11 (/opt/ros/humble/share/ament_cmake_pytest/cmake)
[1.940s] -- Found ros2_control_test_assets: 2.51.0 (/opt/ros/humble/share/ros2_control_test_assets/cmake)
[2.221s] -- Found eigen3_cmake_module: 0.1.1 (/opt/ros/humble/share/eigen3_cmake_module/cmake)
[2.222s] -- Found Eigen3: TRUE (found version "3.4.0") 
[2.222s] -- Ensuring Eigen3 include directory is part of orocos-kdl CMake target
[2.317s] -- Found gtest sources under '/opt/ros/humble/src/gtest_vendor': C++ tests using 'Google Test' will be built
[2.358s] -- The C compiler identification is GNU 11.4.0
[2.364s] -- Detecting C compiler ABI info
[2.431s] -- Detecting C compiler ABI info - done
[2.441s] -- Check for working C compiler: /usr/bin/cc - skipped
[2.441s] -- Detecting C compile features
[2.441s] -- Detecting C compile features - done
[2.459s] -- Added test 'copyright' to check source files copyright and LICENSE
[2.461s] -- Added test 'cppcheck' to perform static code analysis on C / C++ code
[2.462s] -- Configured cppcheck include dirs: $<BUILD_INTERFACE:/home/dyros/mcy_ws/piper-mou/src/topic_based_ros2_control/include>
[2.462s] -- Configured cppcheck exclude dirs and/or files: 
[2.463s] -- Added test 'lint_cmake' to check CMake code style
[2.464s] -- Added test 'xmllint' to check XML markup files
[2.467s] -- Configuring done
[2.515s] -- Generating done
[2.529s] -- Build files have been written to: /home/dyros/mcy_ws/piper-mou/build/topic_based_ros2_control
[2.544s] Invoked command in '/home/dyros/mcy_ws/piper-mou/build/topic_based_ros2_control' returned '0': CMAKE_PREFIX_PATH=${CMAKE_PREFIX_PATH}:/home/dyros/mcy_ws/piper-mou/install/piper:/opt/ros/humble /usr/bin/cmake /home/dyros/mcy_ws/piper-mou/src/topic_based_ros2_control -DCMAKE_INSTALL_PREFIX=/home/dyros/mcy_ws/piper-mou/install/topic_based_ros2_control
[2.546s] Invoking command in '/home/dyros/mcy_ws/piper-mou/build/topic_based_ros2_control': CMAKE_PREFIX_PATH=${CMAKE_PREFIX_PATH}:/home/dyros/mcy_ws/piper-mou/install/piper:/opt/ros/humble /usr/bin/cmake --build /home/dyros/mcy_ws/piper-mou/build/topic_based_ros2_control -- -j20 -l20
[2.598s] [ 12%] [32mBuilding CXX object CMakeFiles/topic_based_ros2_control.dir/src/topic_based_system.cpp.o[0m
[2.603s] [ 25%] [32mBuilding CXX object gtest/CMakeFiles/gtest_main.dir/src/gtest_main.cc.o[0m
[2.604s] [ 37%] [32mBuilding CXX object gtest/CMakeFiles/gtest.dir/src/gtest-all.cc.o[0m
[4.084s] [ 50%] [32m[1mLinking CXX static library libgtest_main.a[0m
[4.130s] [ 50%] Built target gtest_main
[7.357s] [ 62%] [32m[1mLinking CXX static library libgtest.a[0m
[7.430s] [ 62%] Built target gtest
[13.195s] [ 75%] [32m[1mLinking CXX shared library libtopic_based_ros2_control.so[0m
[13.741s] [ 75%] Built target topic_based_ros2_control
[13.760s] [ 87%] [32mBuilding CXX object CMakeFiles/topic_based_system_test.dir/test/topic_based_system_test.cpp.o[0m
[16.369s] [100%] [32m[1mLinking CXX executable topic_based_system_test[0m
[16.627s] [100%] Built target topic_based_system_test
[16.637s] Invoked command in '/home/dyros/mcy_ws/piper-mou/build/topic_based_ros2_control' returned '0': CMAKE_PREFIX_PATH=${CMAKE_PREFIX_PATH}:/home/dyros/mcy_ws/piper-mou/install/piper:/opt/ros/humble /usr/bin/cmake --build /home/dyros/mcy_ws/piper-mou/build/topic_based_ros2_control -- -j20 -l20
[16.639s] Invoking command in '/home/dyros/mcy_ws/piper-mou/build/topic_based_ros2_control': CMAKE_PREFIX_PATH=${CMAKE_PREFIX_PATH}:/home/dyros/mcy_ws/piper-mou/install/piper:/opt/ros/humble /usr/bin/cmake --install /home/dyros/mcy_ws/piper-mou/build/topic_based_ros2_control
[16.646s] -- Install configuration: ""
[16.646s] -- Installing: /home/dyros/mcy_ws/piper-mou/install/topic_based_ros2_control/lib/libtopic_based_ros2_control.so
[16.650s] -- Set runtime path of "/home/dyros/mcy_ws/piper-mou/install/topic_based_ros2_control/lib/libtopic_based_ros2_control.so" to ""
[16.651s] -- Installing: /home/dyros/mcy_ws/piper-mou/install/topic_based_ros2_control/share/topic_based_ros2_control/topic_based_ros2_control_plugin_description.xml
[16.651s] -- Installing: /home/dyros/mcy_ws/piper-mou/install/topic_based_ros2_control/share/topic_based_ros2_control/environment/library_path.sh
[16.651s] -- Installing: /home/dyros/mcy_ws/piper-mou/install/topic_based_ros2_control/share/topic_based_ros2_control/environment/library_path.dsv
[16.651s] -- Installing: /home/dyros/mcy_ws/piper-mou/install/topic_based_ros2_control/share/ament_index/resource_index/package_run_dependencies/topic_based_ros2_control
[16.651s] -- Installing: /home/dyros/mcy_ws/piper-mou/install/topic_based_ros2_control/share/ament_index/resource_index/parent_prefix_path/topic_based_ros2_control
[16.651s] -- Installing: /home/dyros/mcy_ws/piper-mou/install/topic_based_ros2_control/share/topic_based_ros2_control/environment/ament_prefix_path.sh
[16.651s] -- Installing: /home/dyros/mcy_ws/piper-mou/install/topic_based_ros2_control/share/topic_based_ros2_control/environment/ament_prefix_path.dsv
[16.651s] -- Installing: /home/dyros/mcy_ws/piper-mou/install/topic_based_ros2_control/share/topic_based_ros2_control/environment/path.sh
[16.652s] -- Installing: /home/dyros/mcy_ws/piper-mou/install/topic_based_ros2_control/share/topic_based_ros2_control/environment/path.dsv
[16.652s] -- Installing: /home/dyros/mcy_ws/piper-mou/install/topic_based_ros2_control/share/topic_based_ros2_control/local_setup.bash
[16.652s] -- Installing: /home/dyros/mcy_ws/piper-mou/install/topic_based_ros2_control/share/topic_based_ros2_control/local_setup.sh
[16.652s] -- Installing: /home/dyros/mcy_ws/piper-mou/install/topic_based_ros2_control/share/topic_based_ros2_control/local_setup.zsh
[16.652s] -- Installing: /home/dyros/mcy_ws/piper-mou/install/topic_based_ros2_control/share/topic_based_ros2_control/local_setup.dsv
[16.652s] -- Installing: /home/dyros/mcy_ws/piper-mou/install/topic_based_ros2_control/share/topic_based_ros2_control/package.dsv
[16.652s] -- Installing: /home/dyros/mcy_ws/piper-mou/install/topic_based_ros2_control/share/ament_index/resource_index/packages/topic_based_ros2_control
[16.652s] -- Installing: /home/dyros/mcy_ws/piper-mou/install/topic_based_ros2_control/share/ament_index/resource_index/hardware_interface__pluginlib__plugin/topic_based_ros2_control
[16.653s] -- Installing: /home/dyros/mcy_ws/piper-mou/install/topic_based_ros2_control/share/topic_based_ros2_control/cmake/topic_based_ros2_controlTargetsExport.cmake
[16.653s] -- Installing: /home/dyros/mcy_ws/piper-mou/install/topic_based_ros2_control/share/topic_based_ros2_control/cmake/topic_based_ros2_controlTargetsExport-noconfig.cmake
[16.653s] -- Installing: /home/dyros/mcy_ws/piper-mou/install/topic_based_ros2_control/share/topic_based_ros2_control/cmake/ament_cmake_export_targets-extras.cmake
[16.653s] -- Installing: /home/dyros/mcy_ws/piper-mou/install/topic_based_ros2_control/share/topic_based_ros2_control/cmake/ament_cmake_export_dependencies-extras.cmake
[16.653s] -- Installing: /home/dyros/mcy_ws/piper-mou/install/topic_based_ros2_control/share/topic_based_ros2_control/cmake/topic_based_ros2_controlConfig.cmake
[16.653s] -- Installing: /home/dyros/mcy_ws/piper-mou/install/topic_based_ros2_control/share/topic_based_ros2_control/cmake/topic_based_ros2_controlConfig-version.cmake
[16.653s] -- Installing: /home/dyros/mcy_ws/piper-mou/install/topic_based_ros2_control/share/topic_based_ros2_control/package.xml
[16.655s] Invoked command in '/home/dyros/mcy_ws/piper-mou/build/topic_based_ros2_control' returned '0': CMAKE_PREFIX_PATH=${CMAKE_PREFIX_PATH}:/home/dyros/mcy_ws/piper-mou/install/piper:/opt/ros/humble /usr/bin/cmake --install /home/dyros/mcy_ws/piper-mou/build/topic_based_ros2_control
