[0.069s] Invoking command in '/home/dyros/mcy_ws/piper-mou/build/trac_ik': CMAKE_PREFIX_PATH=/home/dyros/mcy_ws/piper-mou/install/trac_ik_lib:/home/dyros/mcy_ws/piper-mou/install/trac_ik:/home/dyros/mcy_ws/piper-mou/install/xela_server_ros2:/home/dyros/mcy_ws/piper-mou/install/topic_based_ros2_control:/home/dyros/mcy_ws/piper-mou/install/piper_with_gripper_moveit:/home/dyros/mcy_ws/piper-mou/install/piper_no_gripper_moveit:/home/dyros/mcy_ws/piper-mou/install/piper_msgs:/home/dyros/mcy_ws/piper-mou/install/piper_humble:/home/dyros/mcy_ws/piper-mou/install/piper_gazebo:/home/dyros/mcy_ws/piper-mou/install/piper_description:/home/dyros/mcy_ws/piper-mou/install/moveit_mujoco_interface:/home/dyros/tocabi_isaac_ws/install/tocabi_cc_ros2:/home/dyros/tocabi_isaac_ws/install/tocabi_lib:/home/dyros/tocabi_isaac_ws/install/tocabi_msgs:/home/dyros/tocabi_isaac_ws/install/tocabi_isaacsim_ros2:/home/dyros/mcy_ws/piper-mou/install/piper:/opt/ros/humble /usr/bin/cmake --build /home/dyros/mcy_ws/piper-mou/build/trac_ik -- -j20 -l20
[0.101s] Invoked command in '/home/dyros/mcy_ws/piper-mou/build/trac_ik' returned '0': CMAKE_PREFIX_PATH=/home/dyros/mcy_ws/piper-mou/install/trac_ik_lib:/home/dyros/mcy_ws/piper-mou/install/trac_ik:/home/dyros/mcy_ws/piper-mou/install/xela_server_ros2:/home/dyros/mcy_ws/piper-mou/install/topic_based_ros2_control:/home/dyros/mcy_ws/piper-mou/install/piper_with_gripper_moveit:/home/dyros/mcy_ws/piper-mou/install/piper_no_gripper_moveit:/home/dyros/mcy_ws/piper-mou/install/piper_msgs:/home/dyros/mcy_ws/piper-mou/install/piper_humble:/home/dyros/mcy_ws/piper-mou/install/piper_gazebo:/home/dyros/mcy_ws/piper-mou/install/piper_description:/home/dyros/mcy_ws/piper-mou/install/moveit_mujoco_interface:/home/dyros/tocabi_isaac_ws/install/tocabi_cc_ros2:/home/dyros/tocabi_isaac_ws/install/tocabi_lib:/home/dyros/tocabi_isaac_ws/install/tocabi_msgs:/home/dyros/tocabi_isaac_ws/install/tocabi_isaacsim_ros2:/home/dyros/mcy_ws/piper-mou/install/piper:/opt/ros/humble /usr/bin/cmake --build /home/dyros/mcy_ws/piper-mou/build/trac_ik -- -j20 -l20
[0.103s] Invoking command in '/home/dyros/mcy_ws/piper-mou/build/trac_ik': CMAKE_PREFIX_PATH=/home/dyros/mcy_ws/piper-mou/install/trac_ik_lib:/home/dyros/mcy_ws/piper-mou/install/trac_ik:/home/dyros/mcy_ws/piper-mou/install/xela_server_ros2:/home/dyros/mcy_ws/piper-mou/install/topic_based_ros2_control:/home/dyros/mcy_ws/piper-mou/install/piper_with_gripper_moveit:/home/dyros/mcy_ws/piper-mou/install/piper_no_gripper_moveit:/home/dyros/mcy_ws/piper-mou/install/piper_msgs:/home/dyros/mcy_ws/piper-mou/install/piper_humble:/home/dyros/mcy_ws/piper-mou/install/piper_gazebo:/home/dyros/mcy_ws/piper-mou/install/piper_description:/home/dyros/mcy_ws/piper-mou/install/moveit_mujoco_interface:/home/dyros/tocabi_isaac_ws/install/tocabi_cc_ros2:/home/dyros/tocabi_isaac_ws/install/tocabi_lib:/home/dyros/tocabi_isaac_ws/install/tocabi_msgs:/home/dyros/tocabi_isaac_ws/install/tocabi_isaacsim_ros2:/home/dyros/mcy_ws/piper-mou/install/piper:/opt/ros/humble /usr/bin/cmake --install /home/dyros/mcy_ws/piper-mou/build/trac_ik
[0.121s] -- Install configuration: ""
[0.121s] -- Up-to-date: /home/dyros/mcy_ws/piper-mou/install/trac_ik/share/ament_index/resource_index/package_run_dependencies/trac_ik
[0.122s] -- Up-to-date: /home/dyros/mcy_ws/piper-mou/install/trac_ik/share/ament_index/resource_index/parent_prefix_path/trac_ik
[0.122s] -- Up-to-date: /home/dyros/mcy_ws/piper-mou/install/trac_ik/share/trac_ik/environment/ament_prefix_path.sh
[0.123s] -- Up-to-date: /home/dyros/mcy_ws/piper-mou/install/trac_ik/share/trac_ik/environment/ament_prefix_path.dsv
[0.123s] -- Up-to-date: /home/dyros/mcy_ws/piper-mou/install/trac_ik/share/trac_ik/environment/path.sh
[0.123s] -- Up-to-date: /home/dyros/mcy_ws/piper-mou/install/trac_ik/share/trac_ik/environment/path.dsv
[0.123s] -- Up-to-date: /home/dyros/mcy_ws/piper-mou/install/trac_ik/share/trac_ik/local_setup.bash
[0.123s] -- Up-to-date: /home/dyros/mcy_ws/piper-mou/install/trac_ik/share/trac_ik/local_setup.sh
[0.123s] -- Up-to-date: /home/dyros/mcy_ws/piper-mou/install/trac_ik/share/trac_ik/local_setup.zsh
[0.123s] -- Up-to-date: /home/dyros/mcy_ws/piper-mou/install/trac_ik/share/trac_ik/local_setup.dsv
[0.124s] -- Installing: /home/dyros/mcy_ws/piper-mou/install/trac_ik/share/trac_ik/package.dsv
[0.124s] -- Up-to-date: /home/dyros/mcy_ws/piper-mou/install/trac_ik/share/ament_index/resource_index/packages/trac_ik
[0.124s] -- Up-to-date: /home/dyros/mcy_ws/piper-mou/install/trac_ik/share/trac_ik/cmake/trac_ikConfig.cmake
[0.124s] -- Up-to-date: /home/dyros/mcy_ws/piper-mou/install/trac_ik/share/trac_ik/cmake/trac_ikConfig-version.cmake
[0.125s] -- Up-to-date: /home/dyros/mcy_ws/piper-mou/install/trac_ik/share/trac_ik/package.xml
[0.134s] Invoked command in '/home/dyros/mcy_ws/piper-mou/build/trac_ik' returned '0': CMAKE_PREFIX_PATH=/home/dyros/mcy_ws/piper-mou/install/trac_ik_lib:/home/dyros/mcy_ws/piper-mou/install/trac_ik:/home/dyros/mcy_ws/piper-mou/install/xela_server_ros2:/home/dyros/mcy_ws/piper-mou/install/topic_based_ros2_control:/home/dyros/mcy_ws/piper-mou/install/piper_with_gripper_moveit:/home/dyros/mcy_ws/piper-mou/install/piper_no_gripper_moveit:/home/dyros/mcy_ws/piper-mou/install/piper_msgs:/home/dyros/mcy_ws/piper-mou/install/piper_humble:/home/dyros/mcy_ws/piper-mou/install/piper_gazebo:/home/dyros/mcy_ws/piper-mou/install/piper_description:/home/dyros/mcy_ws/piper-mou/install/moveit_mujoco_interface:/home/dyros/tocabi_isaac_ws/install/tocabi_cc_ros2:/home/dyros/tocabi_isaac_ws/install/tocabi_lib:/home/dyros/tocabi_isaac_ws/install/tocabi_msgs:/home/dyros/tocabi_isaac_ws/install/tocabi_isaacsim_ros2:/home/dyros/mcy_ws/piper-mou/install/piper:/opt/ros/humble /usr/bin/cmake --install /home/dyros/mcy_ws/piper-mou/build/trac_ik
