[0.112s] Invoking command in '/home/cheon/Documents/dyros/piper-mou/piper_ros/build/piper_with_gripper_moveit': CMAKE_PREFIX_PATH=/home/cheon/Documents/dyros/piper-mou/piper_ros/install/piper_description:/home/cheon/Documents/dyros/piper-mou/piper_ros/install/piper_with_gripper_moveit:/home/cheon/Documents/dyros/piper-mou/piper_ros/install/piper_no_gripper_moveit:/home/cheon/Documents/dyros/piper-mou/piper_ros/install/piper_msgs:/home/cheon/Documents/dyros/piper-mou/piper_ros/install/piper_humble:/home/cheon/Documents/dyros/piper-mou/piper_ros/install/piper_gazebo:/home/cheon/Documents/dyros/piper-mou/install/xela_server_ros2:/home/cheon/Documents/dyros/piper-mou/install/topic_based_ros2_control:/home/cheon/Documents/dyros/piper-mou/install/piper_with_gripper_moveit:/home/cheon/Documents/dyros/piper-mou/install/piper_no_gripper_moveit:/home/cheon/Documents/dyros/piper-mou/install/piper_msgs:/home/cheon/Documents/dyros/piper-mou/install/piper_humble:/home/cheon/Documents/dyros/piper-mou/install/piper_gazebo:/home/cheon/Documents/dyros/piper-mou/install/piper_description:/home/cheon/Documents/dyros/piper-mou/install/moveit_mujoco_interface:/home/cheon/Documents/dyros/piper-mou/piper_ros/install/piper:/home/cheon/Documents/dyros/piper-mou/install/piper_mujoco:/home/cheon/Documents/dyros/piper-mou/install/piper:/opt/ros/humble CONDA_PROMPT_MODIFIER=(base) /usr/bin/cmake --build /home/cheon/Documents/dyros/piper-mou/piper_ros/build/piper_with_gripper_moveit -- -j12 -l12
[0.306s] [  2%] Built target piper_with_gripper_moveit__cpp
[0.317s] [ 10%] Built target piper_with_gripper_moveit__rosidl_generator_c
[0.321s] [ 10%] Built target ament_cmake_python_symlink_piper_with_gripper_moveit
[0.403s] [ 14%] Built target joint_goal_cmd_node
[0.442s] [ 19%] Built target joint_goal_node
[0.474s] [ 29%] Built target piper_with_gripper_moveit__rosidl_typesupport_introspection_c
[0.475s] [ 36%] Built target piper_with_gripper_moveit__rosidl_typesupport_introspection_cpp
[0.475s] [ 44%] Built target piper_with_gripper_moveit__rosidl_typesupport_c
[0.475s] [ 48%] Built target planning_scene_node
[0.475s] [ 57%] Built target piper_with_gripper_moveit__rosidl_typesupport_fastrtps_c
[0.492s] [ 65%] Built target piper_with_gripper_moveit__rosidl_typesupport_cpp
[0.498s] [ 74%] Built target piper_with_gripper_moveit__rosidl_typesupport_fastrtps_cpp
[0.543s] [35m[1mConsolidate compiler generated dependencies of target pose_goal_node[0m
[0.569s] [ 74%] Built target piper_with_gripper_moveit
[0.637s] [ 76%] [32mBuilding CXX object CMakeFiles/pose_goal_node.dir/src/pose_goal.cpp.o[0m
[0.637s] [ 78%] Built target piper_with_gripper_moveit__py
[0.705s] [ 85%] Built target piper_with_gripper_moveit__rosidl_generator_py
[0.788s] [ 89%] Built target piper_with_gripper_moveit__rosidl_typesupport_introspection_c__pyext
[0.789s] [ 93%] Built target piper_with_gripper_moveit__rosidl_typesupport_fastrtps_c__pyext
[0.792s] [ 97%] Built target piper_with_gripper_moveit__rosidl_typesupport_c__pyext
[1.189s] running egg_info
[1.266s] writing piper_with_gripper_moveit.egg-info/PKG-INFO
[1.268s] writing dependency_links to piper_with_gripper_moveit.egg-info/dependency_links.txt
[1.292s] writing top-level names to piper_with_gripper_moveit.egg-info/top_level.txt
[1.531s] reading manifest file 'piper_with_gripper_moveit.egg-info/SOURCES.txt'
[1.538s] writing manifest file 'piper_with_gripper_moveit.egg-info/SOURCES.txt'
[1.627s] [ 97%] Built target ament_cmake_python_build_piper_with_gripper_moveit_egg
[22.129s] [100%] [32m[1mLinking CXX executable pose_goal_node[0m
[22.768s] [100%] Built target pose_goal_node
[22.788s] Invoked command in '/home/cheon/Documents/dyros/piper-mou/piper_ros/build/piper_with_gripper_moveit' returned '0': CMAKE_PREFIX_PATH=/home/cheon/Documents/dyros/piper-mou/piper_ros/install/piper_description:/home/cheon/Documents/dyros/piper-mou/piper_ros/install/piper_with_gripper_moveit:/home/cheon/Documents/dyros/piper-mou/piper_ros/install/piper_no_gripper_moveit:/home/cheon/Documents/dyros/piper-mou/piper_ros/install/piper_msgs:/home/cheon/Documents/dyros/piper-mou/piper_ros/install/piper_humble:/home/cheon/Documents/dyros/piper-mou/piper_ros/install/piper_gazebo:/home/cheon/Documents/dyros/piper-mou/install/xela_server_ros2:/home/cheon/Documents/dyros/piper-mou/install/topic_based_ros2_control:/home/cheon/Documents/dyros/piper-mou/install/piper_with_gripper_moveit:/home/cheon/Documents/dyros/piper-mou/install/piper_no_gripper_moveit:/home/cheon/Documents/dyros/piper-mou/install/piper_msgs:/home/cheon/Documents/dyros/piper-mou/install/piper_humble:/home/cheon/Documents/dyros/piper-mou/install/piper_gazebo:/home/cheon/Documents/dyros/piper-mou/install/piper_description:/home/cheon/Documents/dyros/piper-mou/install/moveit_mujoco_interface:/home/cheon/Documents/dyros/piper-mou/piper_ros/install/piper:/home/cheon/Documents/dyros/piper-mou/install/piper_mujoco:/home/cheon/Documents/dyros/piper-mou/install/piper:/opt/ros/humble CONDA_PROMPT_MODIFIER=(base) /usr/bin/cmake --build /home/cheon/Documents/dyros/piper-mou/piper_ros/build/piper_with_gripper_moveit -- -j12 -l12
[22.792s] Invoking command in '/home/cheon/Documents/dyros/piper-mou/piper_ros/build/piper_with_gripper_moveit': CMAKE_PREFIX_PATH=/home/cheon/Documents/dyros/piper-mou/piper_ros/install/piper_description:/home/cheon/Documents/dyros/piper-mou/piper_ros/install/piper_with_gripper_moveit:/home/cheon/Documents/dyros/piper-mou/piper_ros/install/piper_no_gripper_moveit:/home/cheon/Documents/dyros/piper-mou/piper_ros/install/piper_msgs:/home/cheon/Documents/dyros/piper-mou/piper_ros/install/piper_humble:/home/cheon/Documents/dyros/piper-mou/piper_ros/install/piper_gazebo:/home/cheon/Documents/dyros/piper-mou/install/xela_server_ros2:/home/cheon/Documents/dyros/piper-mou/install/topic_based_ros2_control:/home/cheon/Documents/dyros/piper-mou/install/piper_with_gripper_moveit:/home/cheon/Documents/dyros/piper-mou/install/piper_no_gripper_moveit:/home/cheon/Documents/dyros/piper-mou/install/piper_msgs:/home/cheon/Documents/dyros/piper-mou/install/piper_humble:/home/cheon/Documents/dyros/piper-mou/install/piper_gazebo:/home/cheon/Documents/dyros/piper-mou/install/piper_description:/home/cheon/Documents/dyros/piper-mou/install/moveit_mujoco_interface:/home/cheon/Documents/dyros/piper-mou/piper_ros/install/piper:/home/cheon/Documents/dyros/piper-mou/install/piper_mujoco:/home/cheon/Documents/dyros/piper-mou/install/piper:/opt/ros/humble CONDA_PROMPT_MODIFIER=(base) /usr/bin/cmake --install /home/cheon/Documents/dyros/piper-mou/piper_ros/build/piper_with_gripper_moveit
[22.809s] -- Install configuration: ""
[22.810s] -- Execute custom install script
[22.811s] -- Up-to-date symlink: /home/cheon/Documents/dyros/piper-mou/piper_ros/install/piper_with_gripper_moveit/share/ament_index/resource_index/rosidl_interfaces/piper_with_gripper_moveit
[22.812s] -- Up-to-date symlink: /home/cheon/Documents/dyros/piper-mou/piper_ros/install/piper_with_gripper_moveit/include/piper_with_gripper_moveit/piper_with_gripper_moveit/action/detail/pose_goal__functions.h
[22.812s] -- Up-to-date symlink: /home/cheon/Documents/dyros/piper-mou/piper_ros/install/piper_with_gripper_moveit/include/piper_with_gripper_moveit/piper_with_gripper_moveit/action/detail/pose_goal__struct.h
[22.813s] -- Up-to-date symlink: /home/cheon/Documents/dyros/piper-mou/piper_ros/install/piper_with_gripper_moveit/include/piper_with_gripper_moveit/piper_with_gripper_moveit/action/detail/pose_goal__type_support.h
[22.813s] -- Up-to-date symlink: /home/cheon/Documents/dyros/piper-mou/piper_ros/install/piper_with_gripper_moveit/include/piper_with_gripper_moveit/piper_with_gripper_moveit/action/detail/target_pose__functions.h
[22.813s] -- Up-to-date symlink: /home/cheon/Documents/dyros/piper-mou/piper_ros/install/piper_with_gripper_moveit/include/piper_with_gripper_moveit/piper_with_gripper_moveit/action/detail/target_pose__struct.h
[22.814s] -- Up-to-date symlink: /home/cheon/Documents/dyros/piper-mou/piper_ros/install/piper_with_gripper_moveit/include/piper_with_gripper_moveit/piper_with_gripper_moveit/action/detail/target_pose__type_support.h
[22.814s] -- Up-to-date symlink: /home/cheon/Documents/dyros/piper-mou/piper_ros/install/piper_with_gripper_moveit/include/piper_with_gripper_moveit/piper_with_gripper_moveit/action/pose_goal.h
[22.814s] -- Up-to-date symlink: /home/cheon/Documents/dyros/piper-mou/piper_ros/install/piper_with_gripper_moveit/include/piper_with_gripper_moveit/piper_with_gripper_moveit/action/target_pose.h
[22.815s] -- Up-to-date symlink: /home/cheon/Documents/dyros/piper-mou/piper_ros/install/piper_with_gripper_moveit/include/piper_with_gripper_moveit/piper_with_gripper_moveit/msg/rosidl_generator_c__visibility_control.h
[22.815s] -- Up-to-date symlink: /home/cheon/Documents/dyros/piper-mou/piper_ros/install/piper_with_gripper_moveit/share/piper_with_gripper_moveit/environment/library_path.sh
[22.815s] -- Up-to-date symlink: /home/cheon/Documents/dyros/piper-mou/piper_ros/install/piper_with_gripper_moveit/share/piper_with_gripper_moveit/environment/library_path.dsv
[22.817s] -- Up-to-date symlink: /home/cheon/Documents/dyros/piper-mou/piper_ros/install/piper_with_gripper_moveit/include/piper_with_gripper_moveit/piper_with_gripper_moveit/action/detail/pose_goal__rosidl_typesupport_fastrtps_c.h
[22.817s] -- Up-to-date symlink: /home/cheon/Documents/dyros/piper-mou/piper_ros/install/piper_with_gripper_moveit/include/piper_with_gripper_moveit/piper_with_gripper_moveit/action/detail/target_pose__rosidl_typesupport_fastrtps_c.h
[22.817s] -- Up-to-date symlink: /home/cheon/Documents/dyros/piper-mou/piper_ros/install/piper_with_gripper_moveit/include/piper_with_gripper_moveit/piper_with_gripper_moveit/msg/rosidl_typesupport_fastrtps_c__visibility_control.h
[22.819s] -- Up-to-date symlink: /home/cheon/Documents/dyros/piper-mou/piper_ros/install/piper_with_gripper_moveit/include/piper_with_gripper_moveit/piper_with_gripper_moveit/action/detail/pose_goal__builder.hpp
[22.819s] -- Up-to-date symlink: /home/cheon/Documents/dyros/piper-mou/piper_ros/install/piper_with_gripper_moveit/include/piper_with_gripper_moveit/piper_with_gripper_moveit/action/detail/pose_goal__struct.hpp
[22.820s] -- Up-to-date symlink: /home/cheon/Documents/dyros/piper-mou/piper_ros/install/piper_with_gripper_moveit/include/piper_with_gripper_moveit/piper_with_gripper_moveit/action/detail/pose_goal__traits.hpp
[22.820s] -- Up-to-date symlink: /home/cheon/Documents/dyros/piper-mou/piper_ros/install/piper_with_gripper_moveit/include/piper_with_gripper_moveit/piper_with_gripper_moveit/action/detail/pose_goal__type_support.hpp
[22.820s] -- Up-to-date symlink: /home/cheon/Documents/dyros/piper-mou/piper_ros/install/piper_with_gripper_moveit/include/piper_with_gripper_moveit/piper_with_gripper_moveit/action/detail/target_pose__builder.hpp
[22.821s] -- Up-to-date symlink: /home/cheon/Documents/dyros/piper-mou/piper_ros/install/piper_with_gripper_moveit/include/piper_with_gripper_moveit/piper_with_gripper_moveit/action/detail/target_pose__struct.hpp
[22.821s] -- Up-to-date symlink: /home/cheon/Documents/dyros/piper-mou/piper_ros/install/piper_with_gripper_moveit/include/piper_with_gripper_moveit/piper_with_gripper_moveit/action/detail/target_pose__traits.hpp
[22.821s] -- Up-to-date symlink: /home/cheon/Documents/dyros/piper-mou/piper_ros/install/piper_with_gripper_moveit/include/piper_with_gripper_moveit/piper_with_gripper_moveit/action/detail/target_pose__type_support.hpp
[22.822s] -- Up-to-date symlink: /home/cheon/Documents/dyros/piper-mou/piper_ros/install/piper_with_gripper_moveit/include/piper_with_gripper_moveit/piper_with_gripper_moveit/action/pose_goal.hpp
[22.822s] -- Up-to-date symlink: /home/cheon/Documents/dyros/piper-mou/piper_ros/install/piper_with_gripper_moveit/include/piper_with_gripper_moveit/piper_with_gripper_moveit/action/target_pose.hpp
[22.822s] -- Up-to-date symlink: /home/cheon/Documents/dyros/piper-mou/piper_ros/install/piper_with_gripper_moveit/include/piper_with_gripper_moveit/piper_with_gripper_moveit/msg/rosidl_generator_cpp__visibility_control.hpp
[22.824s] -- Up-to-date symlink: /home/cheon/Documents/dyros/piper-mou/piper_ros/install/piper_with_gripper_moveit/include/piper_with_gripper_moveit/piper_with_gripper_moveit/action/detail/pose_goal__rosidl_typesupport_fastrtps_cpp.hpp
[22.824s] -- Up-to-date symlink: /home/cheon/Documents/dyros/piper-mou/piper_ros/install/piper_with_gripper_moveit/include/piper_with_gripper_moveit/piper_with_gripper_moveit/action/detail/target_pose__rosidl_typesupport_fastrtps_cpp.hpp
[22.824s] -- Up-to-date symlink: /home/cheon/Documents/dyros/piper-mou/piper_ros/install/piper_with_gripper_moveit/include/piper_with_gripper_moveit/piper_with_gripper_moveit/msg/rosidl_typesupport_fastrtps_cpp__visibility_control.h
[22.825s] -- Up-to-date symlink: /home/cheon/Documents/dyros/piper-mou/piper_ros/install/piper_with_gripper_moveit/include/piper_with_gripper_moveit/piper_with_gripper_moveit/action/detail/pose_goal__rosidl_typesupport_introspection_c.h
[22.825s] -- Up-to-date symlink: /home/cheon/Documents/dyros/piper-mou/piper_ros/install/piper_with_gripper_moveit/include/piper_with_gripper_moveit/piper_with_gripper_moveit/action/detail/target_pose__rosidl_typesupport_introspection_c.h
[22.826s] -- Up-to-date symlink: /home/cheon/Documents/dyros/piper-mou/piper_ros/install/piper_with_gripper_moveit/include/piper_with_gripper_moveit/piper_with_gripper_moveit/msg/rosidl_typesupport_introspection_c__visibility_control.h
[22.827s] -- Up-to-date symlink: /home/cheon/Documents/dyros/piper-mou/piper_ros/install/piper_with_gripper_moveit/include/piper_with_gripper_moveit/piper_with_gripper_moveit/action/detail/pose_goal__rosidl_typesupport_introspection_cpp.hpp
[22.828s] -- Up-to-date symlink: /home/cheon/Documents/dyros/piper-mou/piper_ros/install/piper_with_gripper_moveit/include/piper_with_gripper_moveit/piper_with_gripper_moveit/action/detail/target_pose__rosidl_typesupport_introspection_cpp.hpp
[22.828s] -- Up-to-date symlink: /home/cheon/Documents/dyros/piper-mou/piper_ros/install/piper_with_gripper_moveit/share/piper_with_gripper_moveit/environment/pythonpath.sh
[22.829s] -- Up-to-date symlink: /home/cheon/Documents/dyros/piper-mou/piper_ros/install/piper_with_gripper_moveit/share/piper_with_gripper_moveit/environment/pythonpath.dsv
[22.831s] -- Up-to-date symlink: /home/cheon/Documents/dyros/piper-mou/piper_ros/install/piper_with_gripper_moveit/local/lib/python3.10/dist-packages/piper_with_gripper_moveit-0.3.0-py3.10.egg-info/PKG-INFO
[22.831s] -- Up-to-date symlink: /home/cheon/Documents/dyros/piper-mou/piper_ros/install/piper_with_gripper_moveit/local/lib/python3.10/dist-packages/piper_with_gripper_moveit-0.3.0-py3.10.egg-info/SOURCES.txt
[22.831s] -- Up-to-date symlink: /home/cheon/Documents/dyros/piper-mou/piper_ros/install/piper_with_gripper_moveit/local/lib/python3.10/dist-packages/piper_with_gripper_moveit-0.3.0-py3.10.egg-info/dependency_links.txt
[22.832s] -- Up-to-date symlink: /home/cheon/Documents/dyros/piper-mou/piper_ros/install/piper_with_gripper_moveit/local/lib/python3.10/dist-packages/piper_with_gripper_moveit-0.3.0-py3.10.egg-info/top_level.txt
[22.834s] -- Up-to-date symlink: /home/cheon/Documents/dyros/piper-mou/piper_ros/install/piper_with_gripper_moveit/local/lib/python3.10/dist-packages/piper_with_gripper_moveit/__init__.py
[22.834s] -- Up-to-date symlink: /home/cheon/Documents/dyros/piper-mou/piper_ros/install/piper_with_gripper_moveit/local/lib/python3.10/dist-packages/piper_with_gripper_moveit/_piper_with_gripper_moveit_s.ep.rosidl_typesupport_c.c
[22.834s] -- Up-to-date symlink: /home/cheon/Documents/dyros/piper-mou/piper_ros/install/piper_with_gripper_moveit/local/lib/python3.10/dist-packages/piper_with_gripper_moveit/_piper_with_gripper_moveit_s.ep.rosidl_typesupport_fastrtps_c.c
[22.835s] -- Up-to-date symlink: /home/cheon/Documents/dyros/piper-mou/piper_ros/install/piper_with_gripper_moveit/local/lib/python3.10/dist-packages/piper_with_gripper_moveit/_piper_with_gripper_moveit_s.ep.rosidl_typesupport_introspection_c.c
[22.835s] -- Up-to-date symlink: /home/cheon/Documents/dyros/piper-mou/piper_ros/install/piper_with_gripper_moveit/local/lib/python3.10/dist-packages/piper_with_gripper_moveit/action/__init__.py
[22.835s] -- Up-to-date symlink: /home/cheon/Documents/dyros/piper-mou/piper_ros/install/piper_with_gripper_moveit/local/lib/python3.10/dist-packages/piper_with_gripper_moveit/action/_pose_goal.py
[22.836s] -- Up-to-date symlink: /home/cheon/Documents/dyros/piper-mou/piper_ros/install/piper_with_gripper_moveit/local/lib/python3.10/dist-packages/piper_with_gripper_moveit/action/_pose_goal_s.c
[22.836s] -- Up-to-date symlink: /home/cheon/Documents/dyros/piper-mou/piper_ros/install/piper_with_gripper_moveit/local/lib/python3.10/dist-packages/piper_with_gripper_moveit/action/_target_pose.py
[22.837s] -- Up-to-date symlink: /home/cheon/Documents/dyros/piper-mou/piper_ros/install/piper_with_gripper_moveit/local/lib/python3.10/dist-packages/piper_with_gripper_moveit/action/_target_pose_s.c
[22.837s] -- Up-to-date symlink: /home/cheon/Documents/dyros/piper-mou/piper_ros/install/piper_with_gripper_moveit/local/lib/python3.10/dist-packages/piper_with_gripper_moveit/libpiper_with_gripper_moveit__rosidl_generator_py.so
[22.837s] -- Up-to-date symlink: /home/cheon/Documents/dyros/piper-mou/piper_ros/install/piper_with_gripper_moveit/local/lib/python3.10/dist-packages/piper_with_gripper_moveit/piper_with_gripper_moveit_s__rosidl_typesupport_c.cpython-310-x86_64-linux-gnu.so
[22.838s] -- Up-to-date symlink: /home/cheon/Documents/dyros/piper-mou/piper_ros/install/piper_with_gripper_moveit/local/lib/python3.10/dist-packages/piper_with_gripper_moveit/piper_with_gripper_moveit_s__rosidl_typesupport_fastrtps_c.cpython-310-x86_64-linux-gnu.so
[22.838s] -- Up-to-date symlink: /home/cheon/Documents/dyros/piper-mou/piper_ros/install/piper_with_gripper_moveit/local/lib/python3.10/dist-packages/piper_with_gripper_moveit/piper_with_gripper_moveit_s__rosidl_typesupport_introspection_c.cpython-310-x86_64-linux-gnu.so
[22.839s] -- Up-to-date symlink: /home/cheon/Documents/dyros/piper-mou/piper_ros/install/piper_with_gripper_moveit/local/lib/python3.10/dist-packages/piper_with_gripper_moveit/piper_with_gripper_moveit_s__rosidl_typesupport_fastrtps_c.cpython-310-x86_64-linux-gnu.so
[22.839s] -- Up-to-date symlink: /home/cheon/Documents/dyros/piper-mou/piper_ros/install/piper_with_gripper_moveit/local/lib/python3.10/dist-packages/piper_with_gripper_moveit/piper_with_gripper_moveit_s__rosidl_typesupport_introspection_c.cpython-310-x86_64-linux-gnu.so
[22.840s] -- Up-to-date symlink: /home/cheon/Documents/dyros/piper-mou/piper_ros/install/piper_with_gripper_moveit/local/lib/python3.10/dist-packages/piper_with_gripper_moveit/piper_with_gripper_moveit_s__rosidl_typesupport_c.cpython-310-x86_64-linux-gnu.so
[22.841s] -- Up-to-date symlink: /home/cheon/Documents/dyros/piper-mou/piper_ros/install/piper_with_gripper_moveit/share/piper_with_gripper_moveit/action/PoseGoal.idl
[22.841s] -- Up-to-date symlink: /home/cheon/Documents/dyros/piper-mou/piper_ros/install/piper_with_gripper_moveit/share/piper_with_gripper_moveit/action/TargetPose.idl
[22.842s] -- Up-to-date symlink: /home/cheon/Documents/dyros/piper-mou/piper_ros/install/piper_with_gripper_moveit/share/piper_with_gripper_moveit/action/PoseGoal.action
[22.842s] -- Up-to-date symlink: /home/cheon/Documents/dyros/piper-mou/piper_ros/install/piper_with_gripper_moveit/share/piper_with_gripper_moveit/action/TargetPose.action
[22.843s] -- Up-to-date symlink: /home/cheon/Documents/dyros/piper-mou/piper_ros/install/piper_with_gripper_moveit/share/ament_index/resource_index/package_run_dependencies/piper_with_gripper_moveit
[22.843s] -- Up-to-date symlink: /home/cheon/Documents/dyros/piper-mou/piper_ros/install/piper_with_gripper_moveit/share/ament_index/resource_index/parent_prefix_path/piper_with_gripper_moveit
[22.844s] -- Up-to-date symlink: /home/cheon/Documents/dyros/piper-mou/piper_ros/install/piper_with_gripper_moveit/share/piper_with_gripper_moveit/environment/ament_prefix_path.sh
[22.844s] -- Up-to-date symlink: /home/cheon/Documents/dyros/piper-mou/piper_ros/install/piper_with_gripper_moveit/share/piper_with_gripper_moveit/environment/ament_prefix_path.dsv
[22.845s] -- Up-to-date symlink: /home/cheon/Documents/dyros/piper-mou/piper_ros/install/piper_with_gripper_moveit/share/piper_with_gripper_moveit/environment/path.sh
[22.845s] -- Up-to-date symlink: /home/cheon/Documents/dyros/piper-mou/piper_ros/install/piper_with_gripper_moveit/share/piper_with_gripper_moveit/environment/path.dsv
[22.846s] -- Up-to-date symlink: /home/cheon/Documents/dyros/piper-mou/piper_ros/install/piper_with_gripper_moveit/share/piper_with_gripper_moveit/local_setup.bash
[22.846s] -- Up-to-date symlink: /home/cheon/Documents/dyros/piper-mou/piper_ros/install/piper_with_gripper_moveit/share/piper_with_gripper_moveit/local_setup.sh
[22.846s] -- Up-to-date symlink: /home/cheon/Documents/dyros/piper-mou/piper_ros/install/piper_with_gripper_moveit/share/piper_with_gripper_moveit/local_setup.zsh
[22.847s] -- Up-to-date symlink: /home/cheon/Documents/dyros/piper-mou/piper_ros/install/piper_with_gripper_moveit/share/piper_with_gripper_moveit/local_setup.dsv
[22.847s] -- Symlinking: /home/cheon/Documents/dyros/piper-mou/piper_ros/install/piper_with_gripper_moveit/share/piper_with_gripper_moveit/package.dsv
[22.866s] -- Up-to-date symlink: /home/cheon/Documents/dyros/piper-mou/piper_ros/install/piper_with_gripper_moveit/share/ament_index/resource_index/packages/piper_with_gripper_moveit
[22.867s] -- Up-to-date symlink: /home/cheon/Documents/dyros/piper-mou/piper_ros/install/piper_with_gripper_moveit/share/piper_with_gripper_moveit/cmake/rosidl_cmake-extras.cmake
[22.867s] -- Up-to-date symlink: /home/cheon/Documents/dyros/piper-mou/piper_ros/install/piper_with_gripper_moveit/share/piper_with_gripper_moveit/cmake/ament_cmake_export_dependencies-extras.cmake
[22.868s] -- Up-to-date symlink: /home/cheon/Documents/dyros/piper-mou/piper_ros/install/piper_with_gripper_moveit/share/piper_with_gripper_moveit/cmake/ament_cmake_export_include_directories-extras.cmake
[22.868s] -- Up-to-date symlink: /home/cheon/Documents/dyros/piper-mou/piper_ros/install/piper_with_gripper_moveit/share/piper_with_gripper_moveit/cmake/ament_cmake_export_libraries-extras.cmake
[22.869s] -- Up-to-date symlink: /home/cheon/Documents/dyros/piper-mou/piper_ros/install/piper_with_gripper_moveit/share/piper_with_gripper_moveit/cmake/ament_cmake_export_targets-extras.cmake
[22.869s] -- Up-to-date symlink: /home/cheon/Documents/dyros/piper-mou/piper_ros/install/piper_with_gripper_moveit/share/piper_with_gripper_moveit/cmake/rosidl_cmake_export_typesupport_targets-extras.cmake
[22.870s] -- Up-to-date symlink: /home/cheon/Documents/dyros/piper-mou/piper_ros/install/piper_with_gripper_moveit/share/piper_with_gripper_moveit/cmake/rosidl_cmake_export_typesupport_libraries-extras.cmake
[22.870s] -- Up-to-date symlink: /home/cheon/Documents/dyros/piper-mou/piper_ros/install/piper_with_gripper_moveit/share/piper_with_gripper_moveit/cmake/piper_with_gripper_moveitConfig.cmake
[22.871s] -- Up-to-date symlink: /home/cheon/Documents/dyros/piper-mou/piper_ros/install/piper_with_gripper_moveit/share/piper_with_gripper_moveit/cmake/piper_with_gripper_moveitConfig-version.cmake
[22.871s] -- Up-to-date symlink: /home/cheon/Documents/dyros/piper-mou/piper_ros/install/piper_with_gripper_moveit/share/piper_with_gripper_moveit/package.xml
[22.872s] -- Up-to-date symlink: /home/cheon/Documents/dyros/piper-mou/piper_ros/install/piper_with_gripper_moveit/share/piper_with_gripper_moveit/launch/demo.launch.py
[22.872s] -- Up-to-date symlink: /home/cheon/Documents/dyros/piper-mou/piper_ros/install/piper_with_gripper_moveit/share/piper_with_gripper_moveit/launch/interface.launch.py
[22.873s] -- Up-to-date symlink: /home/cheon/Documents/dyros/piper-mou/piper_ros/install/piper_with_gripper_moveit/share/piper_with_gripper_moveit/launch/move_group.launch.py
[22.873s] -- Up-to-date symlink: /home/cheon/Documents/dyros/piper-mou/piper_ros/install/piper_with_gripper_moveit/share/piper_with_gripper_moveit/launch/moveit_rviz.launch.py
[22.873s] -- Up-to-date symlink: /home/cheon/Documents/dyros/piper-mou/piper_ros/install/piper_with_gripper_moveit/share/piper_with_gripper_moveit/launch/params_demo.launch.py
[22.874s] -- Up-to-date symlink: /home/cheon/Documents/dyros/piper-mou/piper_ros/install/piper_with_gripper_moveit/share/piper_with_gripper_moveit/launch/piper_moveit.launch.py
[22.874s] -- Up-to-date symlink: /home/cheon/Documents/dyros/piper-mou/piper_ros/install/piper_with_gripper_moveit/share/piper_with_gripper_moveit/launch/rsp.launch.py
[22.874s] -- Up-to-date symlink: /home/cheon/Documents/dyros/piper-mou/piper_ros/install/piper_with_gripper_moveit/share/piper_with_gripper_moveit/launch/setup_assistant.launch.py
[22.874s] -- Up-to-date symlink: /home/cheon/Documents/dyros/piper-mou/piper_ros/install/piper_with_gripper_moveit/share/piper_with_gripper_moveit/launch/spawn_controllers.launch.py
[22.875s] -- Up-to-date symlink: /home/cheon/Documents/dyros/piper-mou/piper_ros/install/piper_with_gripper_moveit/share/piper_with_gripper_moveit/launch/static_virtual_joint_tfs.launch.py
[22.875s] -- Up-to-date symlink: /home/cheon/Documents/dyros/piper-mou/piper_ros/install/piper_with_gripper_moveit/share/piper_with_gripper_moveit/launch/warehouse_db.launch.py
[22.875s] -- Up-to-date symlink: /home/cheon/Documents/dyros/piper-mou/piper_ros/install/piper_with_gripper_moveit/share/piper_with_gripper_moveit/launch/wm_demo.launch.py
[22.876s] -- Up-to-date symlink: /home/cheon/Documents/dyros/piper-mou/piper_ros/install/piper_with_gripper_moveit/share/piper_with_gripper_moveit/config/initial_positions.yaml
[22.877s] -- Up-to-date symlink: /home/cheon/Documents/dyros/piper-mou/piper_ros/install/piper_with_gripper_moveit/share/piper_with_gripper_moveit/config/joint_limits.yaml
[22.877s] -- Up-to-date symlink: /home/cheon/Documents/dyros/piper-mou/piper_ros/install/piper_with_gripper_moveit/share/piper_with_gripper_moveit/config/kinematics.yaml
[22.877s] -- Up-to-date symlink: /home/cheon/Documents/dyros/piper-mou/piper_ros/install/piper_with_gripper_moveit/share/piper_with_gripper_moveit/config/moveit.rviz
[22.878s] -- Up-to-date symlink: /home/cheon/Documents/dyros/piper-mou/piper_ros/install/piper_with_gripper_moveit/share/piper_with_gripper_moveit/config/moveit_controllers.yaml
[22.878s] -- Up-to-date symlink: /home/cheon/Documents/dyros/piper-mou/piper_ros/install/piper_with_gripper_moveit/share/piper_with_gripper_moveit/config/ompl_plainning.yaml
[22.878s] -- Up-to-date symlink: /home/cheon/Documents/dyros/piper-mou/piper_ros/install/piper_with_gripper_moveit/share/piper_with_gripper_moveit/config/pilz_cartesian_limits.yaml
[22.878s] -- Up-to-date symlink: /home/cheon/Documents/dyros/piper-mou/piper_ros/install/piper_with_gripper_moveit/share/piper_with_gripper_moveit/config/piper.ros2_control.xacro
[22.879s] -- Up-to-date symlink: /home/cheon/Documents/dyros/piper-mou/piper_ros/install/piper_with_gripper_moveit/share/piper_with_gripper_moveit/config/piper.srdf
[22.879s] -- Up-to-date symlink: /home/cheon/Documents/dyros/piper-mou/piper_ros/install/piper_with_gripper_moveit/share/piper_with_gripper_moveit/config/piper.urdf.xacro
[22.879s] -- Up-to-date symlink: /home/cheon/Documents/dyros/piper-mou/piper_ros/install/piper_with_gripper_moveit/share/piper_with_gripper_moveit/config/ros2_controllers.yaml
[22.880s] -- Up-to-date symlink: /home/cheon/Documents/dyros/piper-mou/piper_ros/install/piper_with_gripper_moveit/share/piper_with_gripper_moveit/config/sensors_3d.yaml
[22.880s] -- Up-to-date symlink: /home/cheon/Documents/dyros/piper-mou/piper_ros/install/piper_with_gripper_moveit/share/piper_with_gripper_moveit/config/trajectory_execution.yaml
[22.880s] -- Up-to-date symlink: /home/cheon/Documents/dyros/piper-mou/piper_ros/install/piper_with_gripper_moveit/share/piper_with_gripper_moveit/.setup_assistant
[22.881s] -- Up-to-date symlink: /home/cheon/Documents/dyros/piper-mou/piper_ros/install/piper_with_gripper_moveit/lib/piper_with_gripper_moveit/planning_scene_node
[22.881s] -- Up-to-date symlink: /home/cheon/Documents/dyros/piper-mou/piper_ros/install/piper_with_gripper_moveit/lib/piper_with_gripper_moveit/joint_goal_node
[22.882s] -- Up-to-date symlink: /home/cheon/Documents/dyros/piper-mou/piper_ros/install/piper_with_gripper_moveit/lib/piper_with_gripper_moveit/joint_goal_cmd_node
[22.882s] -- Up-to-date symlink: /home/cheon/Documents/dyros/piper-mou/piper_ros/install/piper_with_gripper_moveit/lib/piper_with_gripper_moveit/pose_goal_node
[22.883s] -- Up-to-date symlink: /home/cheon/Documents/dyros/piper-mou/piper_ros/install/piper_with_gripper_moveit/lib/piper_with_gripper_moveit/cA.py
[22.883s] -- Up-to-date symlink: /home/cheon/Documents/dyros/piper-mou/piper_ros/install/piper_with_gripper_moveit/lib/piper_with_gripper_moveit/Logic_inte.py
[22.883s] -- Up-to-date symlink: /home/cheon/Documents/dyros/piper-mou/piper_ros/install/piper_with_gripper_moveit/lib/piper_with_gripper_moveit/TEST.py
[22.884s] -- Up-to-date: /home/cheon/Documents/dyros/piper-mou/piper_ros/install/piper_with_gripper_moveit/lib/libpiper_with_gripper_moveit__rosidl_generator_c.so
[22.884s] -- Up-to-date: /home/cheon/Documents/dyros/piper-mou/piper_ros/install/piper_with_gripper_moveit/lib/libpiper_with_gripper_moveit__rosidl_typesupport_fastrtps_c.so
[22.885s] -- Up-to-date: /home/cheon/Documents/dyros/piper-mou/piper_ros/install/piper_with_gripper_moveit/lib/libpiper_with_gripper_moveit__rosidl_typesupport_fastrtps_cpp.so
[22.886s] -- Up-to-date: /home/cheon/Documents/dyros/piper-mou/piper_ros/install/piper_with_gripper_moveit/lib/libpiper_with_gripper_moveit__rosidl_typesupport_introspection_c.so
[22.886s] -- Up-to-date: /home/cheon/Documents/dyros/piper-mou/piper_ros/install/piper_with_gripper_moveit/lib/libpiper_with_gripper_moveit__rosidl_typesupport_c.so
[22.887s] -- Up-to-date: /home/cheon/Documents/dyros/piper-mou/piper_ros/install/piper_with_gripper_moveit/lib/libpiper_with_gripper_moveit__rosidl_typesupport_introspection_cpp.so
[22.888s] -- Up-to-date: /home/cheon/Documents/dyros/piper-mou/piper_ros/install/piper_with_gripper_moveit/lib/libpiper_with_gripper_moveit__rosidl_typesupport_cpp.so
[22.970s] Listing '/home/cheon/Documents/dyros/piper-mou/piper_ros/install/piper_with_gripper_moveit/local/lib/python3.10/dist-packages/piper_with_gripper_moveit'...
[22.970s] Listing '/home/cheon/Documents/dyros/piper-mou/piper_ros/install/piper_with_gripper_moveit/local/lib/python3.10/dist-packages/piper_with_gripper_moveit/action'...
[22.979s] -- Up-to-date: /home/cheon/Documents/dyros/piper-mou/piper_ros/install/piper_with_gripper_moveit/lib/libpiper_with_gripper_moveit__rosidl_generator_py.so
[22.980s] -- Up-to-date: /home/cheon/Documents/dyros/piper-mou/piper_ros/install/piper_with_gripper_moveit/share/piper_with_gripper_moveit/cmake/export_piper_with_gripper_moveit__rosidl_generator_cExport.cmake
[22.980s] -- Up-to-date: /home/cheon/Documents/dyros/piper-mou/piper_ros/install/piper_with_gripper_moveit/share/piper_with_gripper_moveit/cmake/export_piper_with_gripper_moveit__rosidl_generator_cExport-noconfig.cmake
[22.980s] -- Up-to-date: /home/cheon/Documents/dyros/piper-mou/piper_ros/install/piper_with_gripper_moveit/share/piper_with_gripper_moveit/cmake/export_piper_with_gripper_moveit__rosidl_typesupport_fastrtps_cExport.cmake
[22.980s] -- Up-to-date: /home/cheon/Documents/dyros/piper-mou/piper_ros/install/piper_with_gripper_moveit/share/piper_with_gripper_moveit/cmake/export_piper_with_gripper_moveit__rosidl_typesupport_fastrtps_cExport-noconfig.cmake
[22.981s] -- Up-to-date: /home/cheon/Documents/dyros/piper-mou/piper_ros/install/piper_with_gripper_moveit/share/piper_with_gripper_moveit/cmake/export_piper_with_gripper_moveit__rosidl_generator_cppExport.cmake
[22.981s] -- Up-to-date: /home/cheon/Documents/dyros/piper-mou/piper_ros/install/piper_with_gripper_moveit/share/piper_with_gripper_moveit/cmake/export_piper_with_gripper_moveit__rosidl_typesupport_fastrtps_cppExport.cmake
[22.981s] -- Up-to-date: /home/cheon/Documents/dyros/piper-mou/piper_ros/install/piper_with_gripper_moveit/share/piper_with_gripper_moveit/cmake/export_piper_with_gripper_moveit__rosidl_typesupport_fastrtps_cppExport-noconfig.cmake
[22.981s] -- Up-to-date: /home/cheon/Documents/dyros/piper-mou/piper_ros/install/piper_with_gripper_moveit/share/piper_with_gripper_moveit/cmake/piper_with_gripper_moveit__rosidl_typesupport_introspection_cExport.cmake
[22.982s] -- Up-to-date: /home/cheon/Documents/dyros/piper-mou/piper_ros/install/piper_with_gripper_moveit/share/piper_with_gripper_moveit/cmake/piper_with_gripper_moveit__rosidl_typesupport_introspection_cExport-noconfig.cmake
[22.982s] -- Up-to-date: /home/cheon/Documents/dyros/piper-mou/piper_ros/install/piper_with_gripper_moveit/share/piper_with_gripper_moveit/cmake/piper_with_gripper_moveit__rosidl_typesupport_cExport.cmake
[22.982s] -- Up-to-date: /home/cheon/Documents/dyros/piper-mou/piper_ros/install/piper_with_gripper_moveit/share/piper_with_gripper_moveit/cmake/piper_with_gripper_moveit__rosidl_typesupport_cExport-noconfig.cmake
[22.982s] -- Up-to-date: /home/cheon/Documents/dyros/piper-mou/piper_ros/install/piper_with_gripper_moveit/share/piper_with_gripper_moveit/cmake/piper_with_gripper_moveit__rosidl_typesupport_introspection_cppExport.cmake
[22.982s] -- Up-to-date: /home/cheon/Documents/dyros/piper-mou/piper_ros/install/piper_with_gripper_moveit/share/piper_with_gripper_moveit/cmake/piper_with_gripper_moveit__rosidl_typesupport_introspection_cppExport-noconfig.cmake
[22.982s] -- Up-to-date: /home/cheon/Documents/dyros/piper-mou/piper_ros/install/piper_with_gripper_moveit/share/piper_with_gripper_moveit/cmake/piper_with_gripper_moveit__rosidl_typesupport_cppExport.cmake
[22.983s] -- Up-to-date: /home/cheon/Documents/dyros/piper-mou/piper_ros/install/piper_with_gripper_moveit/share/piper_with_gripper_moveit/cmake/piper_with_gripper_moveit__rosidl_typesupport_cppExport-noconfig.cmake
[22.983s] -- Up-to-date: /home/cheon/Documents/dyros/piper-mou/piper_ros/install/piper_with_gripper_moveit/share/piper_with_gripper_moveit/cmake/export_piper_with_gripper_moveit__rosidl_generator_pyExport.cmake
[22.983s] -- Up-to-date: /home/cheon/Documents/dyros/piper-mou/piper_ros/install/piper_with_gripper_moveit/share/piper_with_gripper_moveit/cmake/export_piper_with_gripper_moveit__rosidl_generator_pyExport-noconfig.cmake
[22.986s] Invoked command in '/home/cheon/Documents/dyros/piper-mou/piper_ros/build/piper_with_gripper_moveit' returned '0': CMAKE_PREFIX_PATH=/home/cheon/Documents/dyros/piper-mou/piper_ros/install/piper_description:/home/cheon/Documents/dyros/piper-mou/piper_ros/install/piper_with_gripper_moveit:/home/cheon/Documents/dyros/piper-mou/piper_ros/install/piper_no_gripper_moveit:/home/cheon/Documents/dyros/piper-mou/piper_ros/install/piper_msgs:/home/cheon/Documents/dyros/piper-mou/piper_ros/install/piper_humble:/home/cheon/Documents/dyros/piper-mou/piper_ros/install/piper_gazebo:/home/cheon/Documents/dyros/piper-mou/install/xela_server_ros2:/home/cheon/Documents/dyros/piper-mou/install/topic_based_ros2_control:/home/cheon/Documents/dyros/piper-mou/install/piper_with_gripper_moveit:/home/cheon/Documents/dyros/piper-mou/install/piper_no_gripper_moveit:/home/cheon/Documents/dyros/piper-mou/install/piper_msgs:/home/cheon/Documents/dyros/piper-mou/install/piper_humble:/home/cheon/Documents/dyros/piper-mou/install/piper_gazebo:/home/cheon/Documents/dyros/piper-mou/install/piper_description:/home/cheon/Documents/dyros/piper-mou/install/moveit_mujoco_interface:/home/cheon/Documents/dyros/piper-mou/piper_ros/install/piper:/home/cheon/Documents/dyros/piper-mou/install/piper_mujoco:/home/cheon/Documents/dyros/piper-mou/install/piper:/opt/ros/humble CONDA_PROMPT_MODIFIER=(base) /usr/bin/cmake --install /home/cheon/Documents/dyros/piper-mou/piper_ros/build/piper_with_gripper_moveit
