[0.013s] Invoking command in '/home/dyros/mcy_ws/piper-mou/build/trac_ik': CMAKE_PREFIX_PATH=/home/dyros/mcy_ws/piper-mou/install/trac_ik_lib:/home/dyros/mcy_ws/piper-mou/install/trac_ik:/home/dyros/mcy_ws/piper-mou/install/xela_server_ros2:/home/dyros/mcy_ws/piper-mou/install/topic_based_ros2_control:/home/dyros/mcy_ws/piper-mou/install/piper_with_gripper_moveit:/home/dyros/mcy_ws/piper-mou/install/piper_no_gripper_moveit:/home/dyros/mcy_ws/piper-mou/install/piper_msgs:/home/dyros/mcy_ws/piper-mou/install/piper_humble:/home/dyros/mcy_ws/piper-mou/install/piper_gazebo:/home/dyros/mcy_ws/piper-mou/install/piper_description:/home/dyros/mcy_ws/piper-mou/install/moveit_mujoco_interface:/home/dyros/tocabi_isaac_ws/install/tocabi_cc_ros2:/home/dyros/tocabi_isaac_ws/install/tocabi_lib:/home/dyros/tocabi_isaac_ws/install/tocabi_msgs:/home/dyros/tocabi_isaac_ws/install/tocabi_isaacsim_ros2:/home/dyros/mcy_ws/piper-mou/install/piper:/opt/ros/humble /usr/bin/cmake /home/dyros/mcy_ws/piper-mou/src/trac_ik/trac_ik -DCMAKE_INSTALL_PREFIX=/home/dyros/mcy_ws/piper-mou/install/trac_ik
[0.068s] -- The C compiler identification is GNU 11.4.0
[0.129s] -- The CXX compiler identification is GNU 11.4.0
[0.138s] -- Detecting C compiler ABI info
[0.205s] -- Detecting C compiler ABI info - done
[0.214s] -- Check for working C compiler: /usr/bin/cc - skipped
[0.215s] -- Detecting C compile features
[0.215s] -- Detecting C compile features - done
[0.218s] -- Detecting CXX compiler ABI info
[0.296s] -- Detecting CXX compiler ABI info - done
[0.309s] -- Check for working CXX compiler: /usr/bin/c++ - skipped
[0.310s] -- Detecting CXX compile features
[0.311s] -- Detecting CXX compile features - done
[0.315s] -- Found ament_cmake: 1.3.11 (/opt/ros/humble/share/ament_cmake/cmake)
[0.729s] -- Found Python3: /usr/bin/python3 (found version "3.10.12") found components: Interpreter 
[0.926s] -- Configuring done
[0.928s] -- Generating done
[0.930s] -- Build files have been written to: /home/dyros/mcy_ws/piper-mou/build/trac_ik
[0.933s] Invoked command in '/home/dyros/mcy_ws/piper-mou/build/trac_ik' returned '0': CMAKE_PREFIX_PATH=/home/dyros/mcy_ws/piper-mou/install/trac_ik_lib:/home/dyros/mcy_ws/piper-mou/install/trac_ik:/home/dyros/mcy_ws/piper-mou/install/xela_server_ros2:/home/dyros/mcy_ws/piper-mou/install/topic_based_ros2_control:/home/dyros/mcy_ws/piper-mou/install/piper_with_gripper_moveit:/home/dyros/mcy_ws/piper-mou/install/piper_no_gripper_moveit:/home/dyros/mcy_ws/piper-mou/install/piper_msgs:/home/dyros/mcy_ws/piper-mou/install/piper_humble:/home/dyros/mcy_ws/piper-mou/install/piper_gazebo:/home/dyros/mcy_ws/piper-mou/install/piper_description:/home/dyros/mcy_ws/piper-mou/install/moveit_mujoco_interface:/home/dyros/tocabi_isaac_ws/install/tocabi_cc_ros2:/home/dyros/tocabi_isaac_ws/install/tocabi_lib:/home/dyros/tocabi_isaac_ws/install/tocabi_msgs:/home/dyros/tocabi_isaac_ws/install/tocabi_isaacsim_ros2:/home/dyros/mcy_ws/piper-mou/install/piper:/opt/ros/humble /usr/bin/cmake /home/dyros/mcy_ws/piper-mou/src/trac_ik/trac_ik -DCMAKE_INSTALL_PREFIX=/home/dyros/mcy_ws/piper-mou/install/trac_ik
[0.935s] Invoking command in '/home/dyros/mcy_ws/piper-mou/build/trac_ik': CMAKE_PREFIX_PATH=/home/dyros/mcy_ws/piper-mou/install/trac_ik_lib:/home/dyros/mcy_ws/piper-mou/install/trac_ik:/home/dyros/mcy_ws/piper-mou/install/xela_server_ros2:/home/dyros/mcy_ws/piper-mou/install/topic_based_ros2_control:/home/dyros/mcy_ws/piper-mou/install/piper_with_gripper_moveit:/home/dyros/mcy_ws/piper-mou/install/piper_no_gripper_moveit:/home/dyros/mcy_ws/piper-mou/install/piper_msgs:/home/dyros/mcy_ws/piper-mou/install/piper_humble:/home/dyros/mcy_ws/piper-mou/install/piper_gazebo:/home/dyros/mcy_ws/piper-mou/install/piper_description:/home/dyros/mcy_ws/piper-mou/install/moveit_mujoco_interface:/home/dyros/tocabi_isaac_ws/install/tocabi_cc_ros2:/home/dyros/tocabi_isaac_ws/install/tocabi_lib:/home/dyros/tocabi_isaac_ws/install/tocabi_msgs:/home/dyros/tocabi_isaac_ws/install/tocabi_isaacsim_ros2:/home/dyros/mcy_ws/piper-mou/install/piper:/opt/ros/humble /usr/bin/cmake --build /home/dyros/mcy_ws/piper-mou/build/trac_ik -- -j20 -l20
[0.970s] Invoked command in '/home/dyros/mcy_ws/piper-mou/build/trac_ik' returned '0': CMAKE_PREFIX_PATH=/home/dyros/mcy_ws/piper-mou/install/trac_ik_lib:/home/dyros/mcy_ws/piper-mou/install/trac_ik:/home/dyros/mcy_ws/piper-mou/install/xela_server_ros2:/home/dyros/mcy_ws/piper-mou/install/topic_based_ros2_control:/home/dyros/mcy_ws/piper-mou/install/piper_with_gripper_moveit:/home/dyros/mcy_ws/piper-mou/install/piper_no_gripper_moveit:/home/dyros/mcy_ws/piper-mou/install/piper_msgs:/home/dyros/mcy_ws/piper-mou/install/piper_humble:/home/dyros/mcy_ws/piper-mou/install/piper_gazebo:/home/dyros/mcy_ws/piper-mou/install/piper_description:/home/dyros/mcy_ws/piper-mou/install/moveit_mujoco_interface:/home/dyros/tocabi_isaac_ws/install/tocabi_cc_ros2:/home/dyros/tocabi_isaac_ws/install/tocabi_lib:/home/dyros/tocabi_isaac_ws/install/tocabi_msgs:/home/dyros/tocabi_isaac_ws/install/tocabi_isaacsim_ros2:/home/dyros/mcy_ws/piper-mou/install/piper:/opt/ros/humble /usr/bin/cmake --build /home/dyros/mcy_ws/piper-mou/build/trac_ik -- -j20 -l20
[0.972s] Invoking command in '/home/dyros/mcy_ws/piper-mou/build/trac_ik': CMAKE_PREFIX_PATH=/home/dyros/mcy_ws/piper-mou/install/trac_ik_lib:/home/dyros/mcy_ws/piper-mou/install/trac_ik:/home/dyros/mcy_ws/piper-mou/install/xela_server_ros2:/home/dyros/mcy_ws/piper-mou/install/topic_based_ros2_control:/home/dyros/mcy_ws/piper-mou/install/piper_with_gripper_moveit:/home/dyros/mcy_ws/piper-mou/install/piper_no_gripper_moveit:/home/dyros/mcy_ws/piper-mou/install/piper_msgs:/home/dyros/mcy_ws/piper-mou/install/piper_humble:/home/dyros/mcy_ws/piper-mou/install/piper_gazebo:/home/dyros/mcy_ws/piper-mou/install/piper_description:/home/dyros/mcy_ws/piper-mou/install/moveit_mujoco_interface:/home/dyros/tocabi_isaac_ws/install/tocabi_cc_ros2:/home/dyros/tocabi_isaac_ws/install/tocabi_lib:/home/dyros/tocabi_isaac_ws/install/tocabi_msgs:/home/dyros/tocabi_isaac_ws/install/tocabi_isaacsim_ros2:/home/dyros/mcy_ws/piper-mou/install/piper:/opt/ros/humble /usr/bin/cmake --install /home/dyros/mcy_ws/piper-mou/build/trac_ik
[0.979s] -- Install configuration: ""
[0.979s] -- Installing: /home/dyros/mcy_ws/piper-mou/install/trac_ik/share/ament_index/resource_index/package_run_dependencies/trac_ik
[0.979s] -- Installing: /home/dyros/mcy_ws/piper-mou/install/trac_ik/share/ament_index/resource_index/parent_prefix_path/trac_ik
[0.979s] -- Installing: /home/dyros/mcy_ws/piper-mou/install/trac_ik/share/trac_ik/environment/ament_prefix_path.sh
[0.979s] -- Installing: /home/dyros/mcy_ws/piper-mou/install/trac_ik/share/trac_ik/environment/ament_prefix_path.dsv
[0.979s] -- Installing: /home/dyros/mcy_ws/piper-mou/install/trac_ik/share/trac_ik/environment/path.sh
[0.979s] -- Installing: /home/dyros/mcy_ws/piper-mou/install/trac_ik/share/trac_ik/environment/path.dsv
[0.979s] -- Installing: /home/dyros/mcy_ws/piper-mou/install/trac_ik/share/trac_ik/local_setup.bash
[0.980s] -- Installing: /home/dyros/mcy_ws/piper-mou/install/trac_ik/share/trac_ik/local_setup.sh
[0.980s] -- Installing: /home/dyros/mcy_ws/piper-mou/install/trac_ik/share/trac_ik/local_setup.zsh
[0.980s] -- Installing: /home/dyros/mcy_ws/piper-mou/install/trac_ik/share/trac_ik/local_setup.dsv
[0.980s] -- Installing: /home/dyros/mcy_ws/piper-mou/install/trac_ik/share/trac_ik/package.dsv
[0.980s] -- Installing: /home/dyros/mcy_ws/piper-mou/install/trac_ik/share/ament_index/resource_index/packages/trac_ik
[0.980s] -- Installing: /home/dyros/mcy_ws/piper-mou/install/trac_ik/share/trac_ik/cmake/trac_ikConfig.cmake
[0.980s] -- Installing: /home/dyros/mcy_ws/piper-mou/install/trac_ik/share/trac_ik/cmake/trac_ikConfig-version.cmake
[0.980s] -- Installing: /home/dyros/mcy_ws/piper-mou/install/trac_ik/share/trac_ik/package.xml
[0.982s] Invoked command in '/home/dyros/mcy_ws/piper-mou/build/trac_ik' returned '0': CMAKE_PREFIX_PATH=/home/dyros/mcy_ws/piper-mou/install/trac_ik_lib:/home/dyros/mcy_ws/piper-mou/install/trac_ik:/home/dyros/mcy_ws/piper-mou/install/xela_server_ros2:/home/dyros/mcy_ws/piper-mou/install/topic_based_ros2_control:/home/dyros/mcy_ws/piper-mou/install/piper_with_gripper_moveit:/home/dyros/mcy_ws/piper-mou/install/piper_no_gripper_moveit:/home/dyros/mcy_ws/piper-mou/install/piper_msgs:/home/dyros/mcy_ws/piper-mou/install/piper_humble:/home/dyros/mcy_ws/piper-mou/install/piper_gazebo:/home/dyros/mcy_ws/piper-mou/install/piper_description:/home/dyros/mcy_ws/piper-mou/install/moveit_mujoco_interface:/home/dyros/tocabi_isaac_ws/install/tocabi_cc_ros2:/home/dyros/tocabi_isaac_ws/install/tocabi_lib:/home/dyros/tocabi_isaac_ws/install/tocabi_msgs:/home/dyros/tocabi_isaac_ws/install/tocabi_isaacsim_ros2:/home/dyros/mcy_ws/piper-mou/install/piper:/opt/ros/humble /usr/bin/cmake --install /home/dyros/mcy_ws/piper-mou/build/trac_ik
