[0.206s] DEBUG:colcon:Command line arguments: ['/usr/bin/colcon', 'build']
[0.206s] DEBUG:colcon:Parsed command line arguments: Namespace(log_base=None, log_level=None, verb_name='build', build_base='build', install_base='install', merge_install=False, symlink_install=False, test_result_base=None, continue_on_error=False, executor='parallel', parallel_workers=12, event_handlers=None, ignore_user_meta=False, metas=['./colcon.meta'], base_paths=['.'], packages_ignore=None, packages_ignore_regex=None, paths=None, packages_up_to=None, packages_up_to_regex=None, packages_above=None, packages_above_and_dependencies=None, packages_above_depth=None, packages_select_by_dep=None, packages_skip_by_dep=None, packages_skip_up_to=None, packages_select_build_failed=False, packages_skip_build_finished=False, packages_select_test_failures=False, packages_skip_test_passed=False, packages_select=None, packages_skip=None, packages_select_regex=None, packages_skip_regex=None, packages_start=None, packages_end=None, allow_overriding=[], cmake_args=None, cmake_target=None, cmake_target_skip_unavailable=False, cmake_clean_cache=False, cmake_clean_first=False, cmake_force_configure=False, ament_cmake_args=None, catkin_cmake_args=None, catkin_skip_building_tests=False, verb_parser=<colcon_defaults.argument_parser.defaults.DefaultArgumentsDecorator object at 0x7f7d2d94f610>, verb_extension=<colcon_core.verb.build.BuildVerb object at 0x7f7d2da8d150>, main=<bound method BuildVerb.main of <colcon_core.verb.build.BuildVerb object at 0x7f7d2da8d150>>)
[0.282s] Level 1:colcon.colcon_core.package_discovery:discover_packages(colcon_meta) check parameters
[0.282s] Level 1:colcon.colcon_core.package_discovery:discover_packages(recursive) check parameters
[0.282s] Level 1:colcon.colcon_core.package_discovery:discover_packages(ignore) check parameters
[0.282s] Level 1:colcon.colcon_core.package_discovery:discover_packages(path) check parameters
[0.282s] Level 1:colcon.colcon_core.package_discovery:discover_packages(colcon_meta) discover
[0.282s] Level 1:colcon.colcon_core.package_discovery:discover_packages(recursive) discover
[0.282s] INFO:colcon.colcon_core.package_discovery:Crawling recursively for packages in '/home/cheon/Documents/dyros/piper-mou/piper_ros'
[0.282s] Level 1:colcon.colcon_core.package_identification:_identify(.) by extensions ['ignore', 'ignore_ament_install']
[0.283s] Level 1:colcon.colcon_core.package_identification:_identify(.) by extension 'ignore'
[0.283s] Level 1:colcon.colcon_core.package_identification:_identify(.) by extension 'ignore_ament_install'
[0.283s] Level 1:colcon.colcon_core.package_identification:_identify(.) by extensions ['colcon_pkg']
[0.283s] Level 1:colcon.colcon_core.package_identification:_identify(.) by extension 'colcon_pkg'
[0.283s] Level 1:colcon.colcon_core.package_identification:_identify(.) by extensions ['colcon_meta']
[0.283s] Level 1:colcon.colcon_core.package_identification:_identify(.) by extension 'colcon_meta'
[0.283s] Level 1:colcon.colcon_core.package_identification:_identify(.) by extensions ['ros']
[0.283s] Level 1:colcon.colcon_core.package_identification:_identify(.) by extension 'ros'
[0.309s] Level 1:colcon.colcon_core.package_identification:_identify(.) by extensions ['cmake', 'python']
[0.309s] Level 1:colcon.colcon_core.package_identification:_identify(.) by extension 'cmake'
[0.309s] Level 1:colcon.colcon_core.package_identification:_identify(.) by extension 'python'
[0.309s] Level 1:colcon.colcon_core.package_identification:_identify(.) by extensions ['python_setup_py']
[0.309s] Level 1:colcon.colcon_core.package_identification:_identify(.) by extension 'python_setup_py'
[0.310s] Level 1:colcon.colcon_core.package_identification:_identify(asserts) by extensions ['ignore', 'ignore_ament_install']
[0.310s] Level 1:colcon.colcon_core.package_identification:_identify(asserts) by extension 'ignore'
[0.310s] Level 1:colcon.colcon_core.package_identification:_identify(asserts) by extension 'ignore_ament_install'
[0.310s] Level 1:colcon.colcon_core.package_identification:_identify(asserts) by extensions ['colcon_pkg']
[0.310s] Level 1:colcon.colcon_core.package_identification:_identify(asserts) by extension 'colcon_pkg'
[0.310s] Level 1:colcon.colcon_core.package_identification:_identify(asserts) by extensions ['colcon_meta']
[0.310s] Level 1:colcon.colcon_core.package_identification:_identify(asserts) by extension 'colcon_meta'
[0.310s] Level 1:colcon.colcon_core.package_identification:_identify(asserts) by extensions ['ros']
[0.310s] Level 1:colcon.colcon_core.package_identification:_identify(asserts) by extension 'ros'
[0.311s] Level 1:colcon.colcon_core.package_identification:_identify(asserts) by extensions ['cmake', 'python']
[0.311s] Level 1:colcon.colcon_core.package_identification:_identify(asserts) by extension 'cmake'
[0.311s] Level 1:colcon.colcon_core.package_identification:_identify(asserts) by extension 'python'
[0.311s] Level 1:colcon.colcon_core.package_identification:_identify(asserts) by extensions ['python_setup_py']
[0.311s] Level 1:colcon.colcon_core.package_identification:_identify(asserts) by extension 'python_setup_py'
[0.311s] Level 1:colcon.colcon_core.package_identification:_identify(asserts/pictures) by extensions ['ignore', 'ignore_ament_install']
[0.311s] Level 1:colcon.colcon_core.package_identification:_identify(asserts/pictures) by extension 'ignore'
[0.311s] Level 1:colcon.colcon_core.package_identification:_identify(asserts/pictures) by extension 'ignore_ament_install'
[0.312s] Level 1:colcon.colcon_core.package_identification:_identify(asserts/pictures) by extensions ['colcon_pkg']
[0.312s] Level 1:colcon.colcon_core.package_identification:_identify(asserts/pictures) by extension 'colcon_pkg'
[0.312s] Level 1:colcon.colcon_core.package_identification:_identify(asserts/pictures) by extensions ['colcon_meta']
[0.312s] Level 1:colcon.colcon_core.package_identification:_identify(asserts/pictures) by extension 'colcon_meta'
[0.312s] Level 1:colcon.colcon_core.package_identification:_identify(asserts/pictures) by extensions ['ros']
[0.312s] Level 1:colcon.colcon_core.package_identification:_identify(asserts/pictures) by extension 'ros'
[0.312s] Level 1:colcon.colcon_core.package_identification:_identify(asserts/pictures) by extensions ['cmake', 'python']
[0.312s] Level 1:colcon.colcon_core.package_identification:_identify(asserts/pictures) by extension 'cmake'
[0.312s] Level 1:colcon.colcon_core.package_identification:_identify(asserts/pictures) by extension 'python'
[0.312s] Level 1:colcon.colcon_core.package_identification:_identify(asserts/pictures) by extensions ['python_setup_py']
[0.313s] Level 1:colcon.colcon_core.package_identification:_identify(asserts/pictures) by extension 'python_setup_py'
[0.313s] Level 1:colcon.colcon_core.package_identification:_identify(build) by extensions ['ignore', 'ignore_ament_install']
[0.313s] Level 1:colcon.colcon_core.package_identification:_identify(build) by extension 'ignore'
[0.313s] Level 1:colcon.colcon_core.package_identification:_identify(build) ignored
[0.313s] Level 1:colcon.colcon_core.package_identification:_identify(install) by extensions ['ignore', 'ignore_ament_install']
[0.313s] Level 1:colcon.colcon_core.package_identification:_identify(install) by extension 'ignore'
[0.313s] Level 1:colcon.colcon_core.package_identification:_identify(install) ignored
[0.314s] Level 1:colcon.colcon_core.package_identification:_identify(log) by extensions ['ignore', 'ignore_ament_install']
[0.314s] Level 1:colcon.colcon_core.package_identification:_identify(log) by extension 'ignore'
[0.314s] Level 1:colcon.colcon_core.package_identification:_identify(log) ignored
[0.314s] Level 1:colcon.colcon_core.package_identification:_identify(src) by extensions ['ignore', 'ignore_ament_install']
[0.314s] Level 1:colcon.colcon_core.package_identification:_identify(src) by extension 'ignore'
[0.314s] Level 1:colcon.colcon_core.package_identification:_identify(src) by extension 'ignore_ament_install'
[0.315s] Level 1:colcon.colcon_core.package_identification:_identify(src) by extensions ['colcon_pkg']
[0.315s] Level 1:colcon.colcon_core.package_identification:_identify(src) by extension 'colcon_pkg'
[0.315s] Level 1:colcon.colcon_core.package_identification:_identify(src) by extensions ['colcon_meta']
[0.315s] Level 1:colcon.colcon_core.package_identification:_identify(src) by extension 'colcon_meta'
[0.315s] Level 1:colcon.colcon_core.package_identification:_identify(src) by extensions ['ros']
[0.315s] Level 1:colcon.colcon_core.package_identification:_identify(src) by extension 'ros'
[0.315s] Level 1:colcon.colcon_core.package_identification:_identify(src) by extensions ['cmake', 'python']
[0.315s] Level 1:colcon.colcon_core.package_identification:_identify(src) by extension 'cmake'
[0.315s] Level 1:colcon.colcon_core.package_identification:_identify(src) by extension 'python'
[0.316s] Level 1:colcon.colcon_core.package_identification:_identify(src) by extensions ['python_setup_py']
[0.316s] Level 1:colcon.colcon_core.package_identification:_identify(src) by extension 'python_setup_py'
[0.316s] Level 1:colcon.colcon_core.package_identification:_identify(src/piper) by extensions ['ignore', 'ignore_ament_install']
[0.316s] Level 1:colcon.colcon_core.package_identification:_identify(src/piper) by extension 'ignore'
[0.316s] Level 1:colcon.colcon_core.package_identification:_identify(src/piper) by extension 'ignore_ament_install'
[0.316s] Level 1:colcon.colcon_core.package_identification:_identify(src/piper) by extensions ['colcon_pkg']
[0.316s] Level 1:colcon.colcon_core.package_identification:_identify(src/piper) by extension 'colcon_pkg'
[0.316s] Level 1:colcon.colcon_core.package_identification:_identify(src/piper) by extensions ['colcon_meta']
[0.316s] Level 1:colcon.colcon_core.package_identification:_identify(src/piper) by extension 'colcon_meta'
[0.317s] Level 1:colcon.colcon_core.package_identification:_identify(src/piper) by extensions ['ros']
[0.317s] Level 1:colcon.colcon_core.package_identification:_identify(src/piper) by extension 'ros'
[0.322s] DEBUG:colcon.colcon_core.package_identification:Package 'src/piper' with type 'ros.ament_python' and name 'piper'
[0.322s] Level 1:colcon.colcon_core.package_identification:_identify(src/piper_description) by extensions ['ignore', 'ignore_ament_install']
[0.323s] Level 1:colcon.colcon_core.package_identification:_identify(src/piper_description) by extension 'ignore'
[0.323s] Level 1:colcon.colcon_core.package_identification:_identify(src/piper_description) by extension 'ignore_ament_install'
[0.323s] Level 1:colcon.colcon_core.package_identification:_identify(src/piper_description) by extensions ['colcon_pkg']
[0.323s] Level 1:colcon.colcon_core.package_identification:_identify(src/piper_description) by extension 'colcon_pkg'
[0.323s] Level 1:colcon.colcon_core.package_identification:_identify(src/piper_description) by extensions ['colcon_meta']
[0.323s] Level 1:colcon.colcon_core.package_identification:_identify(src/piper_description) by extension 'colcon_meta'
[0.323s] Level 1:colcon.colcon_core.package_identification:_identify(src/piper_description) by extensions ['ros']
[0.323s] Level 1:colcon.colcon_core.package_identification:_identify(src/piper_description) by extension 'ros'
[0.324s] DEBUG:colcon.colcon_core.package_identification:Package 'src/piper_description' with type 'ros.ament_cmake' and name 'piper_description'
[0.324s] Level 1:colcon.colcon_core.package_identification:_identify(src/piper_humble) by extensions ['ignore', 'ignore_ament_install']
[0.324s] Level 1:colcon.colcon_core.package_identification:_identify(src/piper_humble) by extension 'ignore'
[0.325s] Level 1:colcon.colcon_core.package_identification:_identify(src/piper_humble) by extension 'ignore_ament_install'
[0.325s] Level 1:colcon.colcon_core.package_identification:_identify(src/piper_humble) by extensions ['colcon_pkg']
[0.325s] Level 1:colcon.colcon_core.package_identification:_identify(src/piper_humble) by extension 'colcon_pkg'
[0.325s] Level 1:colcon.colcon_core.package_identification:_identify(src/piper_humble) by extensions ['colcon_meta']
[0.325s] Level 1:colcon.colcon_core.package_identification:_identify(src/piper_humble) by extension 'colcon_meta'
[0.325s] Level 1:colcon.colcon_core.package_identification:_identify(src/piper_humble) by extensions ['ros']
[0.325s] Level 1:colcon.colcon_core.package_identification:_identify(src/piper_humble) by extension 'ros'
[0.326s] DEBUG:colcon.colcon_core.package_identification:Package 'src/piper_humble' with type 'ros.ament_cmake' and name 'piper_humble'
[0.327s] Level 1:colcon.colcon_core.package_identification:_identify(src/piper_moveit) by extensions ['ignore', 'ignore_ament_install']
[0.327s] Level 1:colcon.colcon_core.package_identification:_identify(src/piper_moveit) by extension 'ignore'
[0.327s] Level 1:colcon.colcon_core.package_identification:_identify(src/piper_moveit) by extension 'ignore_ament_install'
[0.327s] Level 1:colcon.colcon_core.package_identification:_identify(src/piper_moveit) by extensions ['colcon_pkg']
[0.327s] Level 1:colcon.colcon_core.package_identification:_identify(src/piper_moveit) by extension 'colcon_pkg'
[0.327s] Level 1:colcon.colcon_core.package_identification:_identify(src/piper_moveit) by extensions ['colcon_meta']
[0.327s] Level 1:colcon.colcon_core.package_identification:_identify(src/piper_moveit) by extension 'colcon_meta'
[0.327s] Level 1:colcon.colcon_core.package_identification:_identify(src/piper_moveit) by extensions ['ros']
[0.327s] Level 1:colcon.colcon_core.package_identification:_identify(src/piper_moveit) by extension 'ros'
[0.327s] Level 1:colcon.colcon_core.package_identification:_identify(src/piper_moveit) by extensions ['cmake', 'python']
[0.327s] Level 1:colcon.colcon_core.package_identification:_identify(src/piper_moveit) by extension 'cmake'
[0.328s] Level 1:colcon.colcon_core.package_identification:_identify(src/piper_moveit) by extension 'python'
[0.328s] Level 1:colcon.colcon_core.package_identification:_identify(src/piper_moveit) by extensions ['python_setup_py']
[0.328s] Level 1:colcon.colcon_core.package_identification:_identify(src/piper_moveit) by extension 'python_setup_py'
[0.328s] Level 1:colcon.colcon_core.package_identification:_identify(src/piper_moveit/piper_no_gripper_moveit) by extensions ['ignore', 'ignore_ament_install']
[0.328s] Level 1:colcon.colcon_core.package_identification:_identify(src/piper_moveit/piper_no_gripper_moveit) by extension 'ignore'
[0.328s] Level 1:colcon.colcon_core.package_identification:_identify(src/piper_moveit/piper_no_gripper_moveit) by extension 'ignore_ament_install'
[0.328s] Level 1:colcon.colcon_core.package_identification:_identify(src/piper_moveit/piper_no_gripper_moveit) by extensions ['colcon_pkg']
[0.328s] Level 1:colcon.colcon_core.package_identification:_identify(src/piper_moveit/piper_no_gripper_moveit) by extension 'colcon_pkg'
[0.329s] Level 1:colcon.colcon_core.package_identification:_identify(src/piper_moveit/piper_no_gripper_moveit) by extensions ['colcon_meta']
[0.329s] Level 1:colcon.colcon_core.package_identification:_identify(src/piper_moveit/piper_no_gripper_moveit) by extension 'colcon_meta'
[0.329s] Level 1:colcon.colcon_core.package_identification:_identify(src/piper_moveit/piper_no_gripper_moveit) by extensions ['ros']
[0.329s] Level 1:colcon.colcon_core.package_identification:_identify(src/piper_moveit/piper_no_gripper_moveit) by extension 'ros'
[0.330s] DEBUG:colcon.colcon_core.package_identification:Package 'src/piper_moveit/piper_no_gripper_moveit' with type 'ros.ament_cmake' and name 'piper_no_gripper_moveit'
[0.330s] Level 1:colcon.colcon_core.package_identification:_identify(src/piper_moveit/piper_with_gripper_moveit) by extensions ['ignore', 'ignore_ament_install']
[0.331s] Level 1:colcon.colcon_core.package_identification:_identify(src/piper_moveit/piper_with_gripper_moveit) by extension 'ignore'
[0.331s] Level 1:colcon.colcon_core.package_identification:_identify(src/piper_moveit/piper_with_gripper_moveit) by extension 'ignore_ament_install'
[0.331s] Level 1:colcon.colcon_core.package_identification:_identify(src/piper_moveit/piper_with_gripper_moveit) by extensions ['colcon_pkg']
[0.331s] Level 1:colcon.colcon_core.package_identification:_identify(src/piper_moveit/piper_with_gripper_moveit) by extension 'colcon_pkg'
[0.331s] Level 1:colcon.colcon_core.package_identification:_identify(src/piper_moveit/piper_with_gripper_moveit) by extensions ['colcon_meta']
[0.331s] Level 1:colcon.colcon_core.package_identification:_identify(src/piper_moveit/piper_with_gripper_moveit) by extension 'colcon_meta'
[0.331s] Level 1:colcon.colcon_core.package_identification:_identify(src/piper_moveit/piper_with_gripper_moveit) by extensions ['ros']
[0.331s] Level 1:colcon.colcon_core.package_identification:_identify(src/piper_moveit/piper_with_gripper_moveit) by extension 'ros'
[0.333s] DEBUG:colcon.colcon_core.package_identification:Package 'src/piper_moveit/piper_with_gripper_moveit' with type 'ros.ament_cmake' and name 'piper_with_gripper_moveit'
[0.334s] Level 1:colcon.colcon_core.package_identification:_identify(src/piper_msgs) by extensions ['ignore', 'ignore_ament_install']
[0.334s] Level 1:colcon.colcon_core.package_identification:_identify(src/piper_msgs) by extension 'ignore'
[0.334s] Level 1:colcon.colcon_core.package_identification:_identify(src/piper_msgs) by extension 'ignore_ament_install'
[0.334s] Level 1:colcon.colcon_core.package_identification:_identify(src/piper_msgs) by extensions ['colcon_pkg']
[0.334s] Level 1:colcon.colcon_core.package_identification:_identify(src/piper_msgs) by extension 'colcon_pkg'
[0.334s] Level 1:colcon.colcon_core.package_identification:_identify(src/piper_msgs) by extensions ['colcon_meta']
[0.334s] Level 1:colcon.colcon_core.package_identification:_identify(src/piper_msgs) by extension 'colcon_meta'
[0.334s] Level 1:colcon.colcon_core.package_identification:_identify(src/piper_msgs) by extensions ['ros']
[0.334s] Level 1:colcon.colcon_core.package_identification:_identify(src/piper_msgs) by extension 'ros'
[0.336s] DEBUG:colcon.colcon_core.package_identification:Package 'src/piper_msgs' with type 'ros.ament_cmake' and name 'piper_msgs'
[0.336s] Level 1:colcon.colcon_core.package_identification:_identify(src/piper_sim) by extensions ['ignore', 'ignore_ament_install']
[0.336s] Level 1:colcon.colcon_core.package_identification:_identify(src/piper_sim) by extension 'ignore'
[0.336s] Level 1:colcon.colcon_core.package_identification:_identify(src/piper_sim) by extension 'ignore_ament_install'
[0.336s] Level 1:colcon.colcon_core.package_identification:_identify(src/piper_sim) by extensions ['colcon_pkg']
[0.336s] Level 1:colcon.colcon_core.package_identification:_identify(src/piper_sim) by extension 'colcon_pkg'
[0.336s] Level 1:colcon.colcon_core.package_identification:_identify(src/piper_sim) by extensions ['colcon_meta']
[0.336s] Level 1:colcon.colcon_core.package_identification:_identify(src/piper_sim) by extension 'colcon_meta'
[0.336s] Level 1:colcon.colcon_core.package_identification:_identify(src/piper_sim) by extensions ['ros']
[0.336s] Level 1:colcon.colcon_core.package_identification:_identify(src/piper_sim) by extension 'ros'
[0.337s] Level 1:colcon.colcon_core.package_identification:_identify(src/piper_sim) by extensions ['cmake', 'python']
[0.337s] Level 1:colcon.colcon_core.package_identification:_identify(src/piper_sim) by extension 'cmake'
[0.337s] Level 1:colcon.colcon_core.package_identification:_identify(src/piper_sim) by extension 'python'
[0.337s] Level 1:colcon.colcon_core.package_identification:_identify(src/piper_sim) by extensions ['python_setup_py']
[0.337s] Level 1:colcon.colcon_core.package_identification:_identify(src/piper_sim) by extension 'python_setup_py'
[0.337s] Level 1:colcon.colcon_core.package_identification:_identify(src/piper_sim/piper_gazebo) by extensions ['ignore', 'ignore_ament_install']
[0.337s] Level 1:colcon.colcon_core.package_identification:_identify(src/piper_sim/piper_gazebo) by extension 'ignore'
[0.337s] Level 1:colcon.colcon_core.package_identification:_identify(src/piper_sim/piper_gazebo) by extension 'ignore_ament_install'
[0.337s] Level 1:colcon.colcon_core.package_identification:_identify(src/piper_sim/piper_gazebo) by extensions ['colcon_pkg']
[0.337s] Level 1:colcon.colcon_core.package_identification:_identify(src/piper_sim/piper_gazebo) by extension 'colcon_pkg'
[0.338s] Level 1:colcon.colcon_core.package_identification:_identify(src/piper_sim/piper_gazebo) by extensions ['colcon_meta']
[0.338s] Level 1:colcon.colcon_core.package_identification:_identify(src/piper_sim/piper_gazebo) by extension 'colcon_meta'
[0.338s] Level 1:colcon.colcon_core.package_identification:_identify(src/piper_sim/piper_gazebo) by extensions ['ros']
[0.338s] Level 1:colcon.colcon_core.package_identification:_identify(src/piper_sim/piper_gazebo) by extension 'ros'
[0.339s] DEBUG:colcon.colcon_core.package_identification:Package 'src/piper_sim/piper_gazebo' with type 'ros.ament_cmake' and name 'piper_gazebo'
[0.339s] Level 1:colcon.colcon_core.package_discovery:discover_packages(recursive) using defaults
[0.339s] Level 1:colcon.colcon_core.package_discovery:discover_packages(ignore) discover
[0.339s] Level 1:colcon.colcon_core.package_discovery:discover_packages(ignore) using defaults
[0.339s] Level 1:colcon.colcon_core.package_discovery:discover_packages(path) discover
[0.339s] Level 1:colcon.colcon_core.package_discovery:discover_packages(path) using defaults
[0.375s] Level 1:colcon.colcon_core.package_discovery:discover_packages(prefix_path) check parameters
[0.375s] Level 1:colcon.colcon_core.package_discovery:discover_packages(prefix_path) discover
[0.379s] DEBUG:colcon.colcon_installed_package_information.package_discovery:Found 7 installed packages in /home/cheon/Documents/dyros/piper-mou/piper_ros/install
[0.381s] DEBUG:colcon.colcon_installed_package_information.package_discovery:Found 11 installed packages in /home/cheon/Documents/dyros/piper-mou/install
[0.384s] DEBUG:colcon.colcon_installed_package_information.package_discovery:Found 360 installed packages in /opt/ros/humble
[0.388s] Level 1:colcon.colcon_core.package_discovery:discover_packages(prefix_path) using defaults
[0.474s] Level 5:colcon.colcon_core.verb:set package 'piper' build argument 'cmake_args' from command line to 'None'
[0.474s] Level 5:colcon.colcon_core.verb:set package 'piper' build argument 'cmake_target' from command line to 'None'
[0.475s] Level 5:colcon.colcon_core.verb:set package 'piper' build argument 'cmake_target_skip_unavailable' from command line to 'False'
[0.475s] Level 5:colcon.colcon_core.verb:set package 'piper' build argument 'cmake_clean_cache' from command line to 'False'
[0.475s] Level 5:colcon.colcon_core.verb:set package 'piper' build argument 'cmake_clean_first' from command line to 'False'
[0.475s] Level 5:colcon.colcon_core.verb:set package 'piper' build argument 'cmake_force_configure' from command line to 'False'
[0.475s] Level 5:colcon.colcon_core.verb:set package 'piper' build argument 'ament_cmake_args' from command line to 'None'
[0.475s] Level 5:colcon.colcon_core.verb:set package 'piper' build argument 'catkin_cmake_args' from command line to 'None'
[0.475s] Level 5:colcon.colcon_core.verb:set package 'piper' build argument 'catkin_skip_building_tests' from command line to 'False'
[0.475s] DEBUG:colcon.colcon_core.verb:Building package 'piper' with the following arguments: {'ament_cmake_args': None, 'build_base': '/home/cheon/Documents/dyros/piper-mou/piper_ros/build/piper', 'catkin_cmake_args': None, 'catkin_skip_building_tests': False, 'cmake_args': None, 'cmake_clean_cache': False, 'cmake_clean_first': False, 'cmake_force_configure': False, 'cmake_target': None, 'cmake_target_skip_unavailable': False, 'install_base': '/home/cheon/Documents/dyros/piper-mou/piper_ros/install/piper', 'merge_install': False, 'path': '/home/cheon/Documents/dyros/piper-mou/piper_ros/src/piper', 'symlink_install': False, 'test_result_base': None}
[0.476s] Level 5:colcon.colcon_core.verb:set package 'piper_description' build argument 'cmake_args' from command line to 'None'
[0.476s] Level 5:colcon.colcon_core.verb:set package 'piper_description' build argument 'cmake_target' from command line to 'None'
[0.476s] Level 5:colcon.colcon_core.verb:set package 'piper_description' build argument 'cmake_target_skip_unavailable' from command line to 'False'
[0.476s] Level 5:colcon.colcon_core.verb:set package 'piper_description' build argument 'cmake_clean_cache' from command line to 'False'
[0.476s] Level 5:colcon.colcon_core.verb:set package 'piper_description' build argument 'cmake_clean_first' from command line to 'False'
[0.476s] Level 5:colcon.colcon_core.verb:set package 'piper_description' build argument 'cmake_force_configure' from command line to 'False'
[0.476s] Level 5:colcon.colcon_core.verb:set package 'piper_description' build argument 'ament_cmake_args' from command line to 'None'
[0.476s] Level 5:colcon.colcon_core.verb:set package 'piper_description' build argument 'catkin_cmake_args' from command line to 'None'
[0.476s] Level 5:colcon.colcon_core.verb:set package 'piper_description' build argument 'catkin_skip_building_tests' from command line to 'False'
[0.476s] DEBUG:colcon.colcon_core.verb:Building package 'piper_description' with the following arguments: {'ament_cmake_args': None, 'build_base': '/home/cheon/Documents/dyros/piper-mou/piper_ros/build/piper_description', 'catkin_cmake_args': None, 'catkin_skip_building_tests': False, 'cmake_args': None, 'cmake_clean_cache': False, 'cmake_clean_first': False, 'cmake_force_configure': False, 'cmake_target': None, 'cmake_target_skip_unavailable': False, 'install_base': '/home/cheon/Documents/dyros/piper-mou/piper_ros/install/piper_description', 'merge_install': False, 'path': '/home/cheon/Documents/dyros/piper-mou/piper_ros/src/piper_description', 'symlink_install': False, 'test_result_base': None}
[0.477s] Level 5:colcon.colcon_core.verb:set package 'piper_gazebo' build argument 'cmake_args' from command line to 'None'
[0.477s] Level 5:colcon.colcon_core.verb:set package 'piper_gazebo' build argument 'cmake_target' from command line to 'None'
[0.477s] Level 5:colcon.colcon_core.verb:set package 'piper_gazebo' build argument 'cmake_target_skip_unavailable' from command line to 'False'
[0.477s] Level 5:colcon.colcon_core.verb:set package 'piper_gazebo' build argument 'cmake_clean_cache' from command line to 'False'
[0.477s] Level 5:colcon.colcon_core.verb:set package 'piper_gazebo' build argument 'cmake_clean_first' from command line to 'False'
[0.477s] Level 5:colcon.colcon_core.verb:set package 'piper_gazebo' build argument 'cmake_force_configure' from command line to 'False'
[0.477s] Level 5:colcon.colcon_core.verb:set package 'piper_gazebo' build argument 'ament_cmake_args' from command line to 'None'
[0.477s] Level 5:colcon.colcon_core.verb:set package 'piper_gazebo' build argument 'catkin_cmake_args' from command line to 'None'
[0.478s] Level 5:colcon.colcon_core.verb:set package 'piper_gazebo' build argument 'catkin_skip_building_tests' from command line to 'False'
[0.478s] DEBUG:colcon.colcon_core.verb:Building package 'piper_gazebo' with the following arguments: {'ament_cmake_args': None, 'build_base': '/home/cheon/Documents/dyros/piper-mou/piper_ros/build/piper_gazebo', 'catkin_cmake_args': None, 'catkin_skip_building_tests': False, 'cmake_args': None, 'cmake_clean_cache': False, 'cmake_clean_first': False, 'cmake_force_configure': False, 'cmake_target': None, 'cmake_target_skip_unavailable': False, 'install_base': '/home/cheon/Documents/dyros/piper-mou/piper_ros/install/piper_gazebo', 'merge_install': False, 'path': '/home/cheon/Documents/dyros/piper-mou/piper_ros/src/piper_sim/piper_gazebo', 'symlink_install': False, 'test_result_base': None}
[0.478s] Level 5:colcon.colcon_core.verb:set package 'piper_humble' build argument 'cmake_args' from command line to 'None'
[0.478s] Level 5:colcon.colcon_core.verb:set package 'piper_humble' build argument 'cmake_target' from command line to 'None'
[0.478s] Level 5:colcon.colcon_core.verb:set package 'piper_humble' build argument 'cmake_target_skip_unavailable' from command line to 'False'
[0.478s] Level 5:colcon.colcon_core.verb:set package 'piper_humble' build argument 'cmake_clean_cache' from command line to 'False'
[0.479s] Level 5:colcon.colcon_core.verb:set package 'piper_humble' build argument 'cmake_clean_first' from command line to 'False'
[0.479s] Level 5:colcon.colcon_core.verb:set package 'piper_humble' build argument 'cmake_force_configure' from command line to 'False'
[0.479s] Level 5:colcon.colcon_core.verb:set package 'piper_humble' build argument 'ament_cmake_args' from command line to 'None'
[0.479s] Level 5:colcon.colcon_core.verb:set package 'piper_humble' build argument 'catkin_cmake_args' from command line to 'None'
[0.479s] Level 5:colcon.colcon_core.verb:set package 'piper_humble' build argument 'catkin_skip_building_tests' from command line to 'False'
[0.479s] DEBUG:colcon.colcon_core.verb:Building package 'piper_humble' with the following arguments: {'ament_cmake_args': None, 'build_base': '/home/cheon/Documents/dyros/piper-mou/piper_ros/build/piper_humble', 'catkin_cmake_args': None, 'catkin_skip_building_tests': False, 'cmake_args': None, 'cmake_clean_cache': False, 'cmake_clean_first': False, 'cmake_force_configure': False, 'cmake_target': None, 'cmake_target_skip_unavailable': False, 'install_base': '/home/cheon/Documents/dyros/piper-mou/piper_ros/install/piper_humble', 'merge_install': False, 'path': '/home/cheon/Documents/dyros/piper-mou/piper_ros/src/piper_humble', 'symlink_install': False, 'test_result_base': None}
[0.480s] Level 5:colcon.colcon_core.verb:set package 'piper_msgs' build argument 'cmake_args' from command line to 'None'
[0.480s] Level 5:colcon.colcon_core.verb:set package 'piper_msgs' build argument 'cmake_target' from command line to 'None'
[0.480s] Level 5:colcon.colcon_core.verb:set package 'piper_msgs' build argument 'cmake_target_skip_unavailable' from command line to 'False'
[0.480s] Level 5:colcon.colcon_core.verb:set package 'piper_msgs' build argument 'cmake_clean_cache' from command line to 'False'
[0.480s] Level 5:colcon.colcon_core.verb:set package 'piper_msgs' build argument 'cmake_clean_first' from command line to 'False'
[0.480s] Level 5:colcon.colcon_core.verb:set package 'piper_msgs' build argument 'cmake_force_configure' from command line to 'False'
[0.480s] Level 5:colcon.colcon_core.verb:set package 'piper_msgs' build argument 'ament_cmake_args' from command line to 'None'
[0.480s] Level 5:colcon.colcon_core.verb:set package 'piper_msgs' build argument 'catkin_cmake_args' from command line to 'None'
[0.480s] Level 5:colcon.colcon_core.verb:set package 'piper_msgs' build argument 'catkin_skip_building_tests' from command line to 'False'
[0.480s] DEBUG:colcon.colcon_core.verb:Building package 'piper_msgs' with the following arguments: {'ament_cmake_args': None, 'build_base': '/home/cheon/Documents/dyros/piper-mou/piper_ros/build/piper_msgs', 'catkin_cmake_args': None, 'catkin_skip_building_tests': False, 'cmake_args': None, 'cmake_clean_cache': False, 'cmake_clean_first': False, 'cmake_force_configure': False, 'cmake_target': None, 'cmake_target_skip_unavailable': False, 'install_base': '/home/cheon/Documents/dyros/piper-mou/piper_ros/install/piper_msgs', 'merge_install': False, 'path': '/home/cheon/Documents/dyros/piper-mou/piper_ros/src/piper_msgs', 'symlink_install': False, 'test_result_base': None}
[0.481s] Level 5:colcon.colcon_core.verb:set package 'piper_no_gripper_moveit' build argument 'cmake_args' from command line to 'None'
[0.481s] Level 5:colcon.colcon_core.verb:set package 'piper_no_gripper_moveit' build argument 'cmake_target' from command line to 'None'
[0.481s] Level 5:colcon.colcon_core.verb:set package 'piper_no_gripper_moveit' build argument 'cmake_target_skip_unavailable' from command line to 'False'
[0.481s] Level 5:colcon.colcon_core.verb:set package 'piper_no_gripper_moveit' build argument 'cmake_clean_cache' from command line to 'False'
[0.481s] Level 5:colcon.colcon_core.verb:set package 'piper_no_gripper_moveit' build argument 'cmake_clean_first' from command line to 'False'
[0.481s] Level 5:colcon.colcon_core.verb:set package 'piper_no_gripper_moveit' build argument 'cmake_force_configure' from command line to 'False'
[0.481s] Level 5:colcon.colcon_core.verb:set package 'piper_no_gripper_moveit' build argument 'ament_cmake_args' from command line to 'None'
[0.481s] Level 5:colcon.colcon_core.verb:set package 'piper_no_gripper_moveit' build argument 'catkin_cmake_args' from command line to 'None'
[0.481s] Level 5:colcon.colcon_core.verb:set package 'piper_no_gripper_moveit' build argument 'catkin_skip_building_tests' from command line to 'False'
[0.481s] DEBUG:colcon.colcon_core.verb:Building package 'piper_no_gripper_moveit' with the following arguments: {'ament_cmake_args': None, 'build_base': '/home/cheon/Documents/dyros/piper-mou/piper_ros/build/piper_no_gripper_moveit', 'catkin_cmake_args': None, 'catkin_skip_building_tests': False, 'cmake_args': None, 'cmake_clean_cache': False, 'cmake_clean_first': False, 'cmake_force_configure': False, 'cmake_target': None, 'cmake_target_skip_unavailable': False, 'install_base': '/home/cheon/Documents/dyros/piper-mou/piper_ros/install/piper_no_gripper_moveit', 'merge_install': False, 'path': '/home/cheon/Documents/dyros/piper-mou/piper_ros/src/piper_moveit/piper_no_gripper_moveit', 'symlink_install': False, 'test_result_base': None}
[0.482s] Level 5:colcon.colcon_core.verb:set package 'piper_with_gripper_moveit' build argument 'cmake_args' from command line to 'None'
[0.482s] Level 5:colcon.colcon_core.verb:set package 'piper_with_gripper_moveit' build argument 'cmake_target' from command line to 'None'
[0.482s] Level 5:colcon.colcon_core.verb:set package 'piper_with_gripper_moveit' build argument 'cmake_target_skip_unavailable' from command line to 'False'
[0.482s] Level 5:colcon.colcon_core.verb:set package 'piper_with_gripper_moveit' build argument 'cmake_clean_cache' from command line to 'False'
[0.482s] Level 5:colcon.colcon_core.verb:set package 'piper_with_gripper_moveit' build argument 'cmake_clean_first' from command line to 'False'
[0.482s] Level 5:colcon.colcon_core.verb:set package 'piper_with_gripper_moveit' build argument 'cmake_force_configure' from command line to 'False'
[0.482s] Level 5:colcon.colcon_core.verb:set package 'piper_with_gripper_moveit' build argument 'ament_cmake_args' from command line to 'None'
[0.482s] Level 5:colcon.colcon_core.verb:set package 'piper_with_gripper_moveit' build argument 'catkin_cmake_args' from command line to 'None'
[0.482s] Level 5:colcon.colcon_core.verb:set package 'piper_with_gripper_moveit' build argument 'catkin_skip_building_tests' from command line to 'False'
[0.483s] DEBUG:colcon.colcon_core.verb:Building package 'piper_with_gripper_moveit' with the following arguments: {'ament_cmake_args': None, 'build_base': '/home/cheon/Documents/dyros/piper-mou/piper_ros/build/piper_with_gripper_moveit', 'catkin_cmake_args': None, 'catkin_skip_building_tests': False, 'cmake_args': None, 'cmake_clean_cache': False, 'cmake_clean_first': False, 'cmake_force_configure': False, 'cmake_target': None, 'cmake_target_skip_unavailable': False, 'install_base': '/home/cheon/Documents/dyros/piper-mou/piper_ros/install/piper_with_gripper_moveit', 'merge_install': False, 'path': '/home/cheon/Documents/dyros/piper-mou/piper_ros/src/piper_moveit/piper_with_gripper_moveit', 'symlink_install': False, 'test_result_base': None}
[0.483s] INFO:colcon.colcon_core.executor:Executing jobs using 'parallel' executor
[0.484s] DEBUG:colcon.colcon_parallel_executor.executor.parallel:run_until_complete
[0.485s] INFO:colcon.colcon_ros.task.ament_cmake.build:Building ROS package in '/home/cheon/Documents/dyros/piper-mou/piper_ros/src/piper_description' with build type 'ament_cmake'
[0.485s] INFO:colcon.colcon_cmake.task.cmake.build:Building CMake package in '/home/cheon/Documents/dyros/piper-mou/piper_ros/src/piper_description'
[0.490s] INFO:colcon.colcon_core.plugin_system:Skipping extension 'colcon_core.shell.bat': Not used on non-Windows systems
[0.490s] INFO:colcon.colcon_core.shell:Skip shell extension 'powershell' for command environment: Not usable outside of PowerShell
[0.490s] DEBUG:colcon.colcon_core.shell:Skip shell extension 'dsv' for command environment
[0.499s] INFO:colcon.colcon_ros.task.ament_python.build:Building ROS package in '/home/cheon/Documents/dyros/piper-mou/piper_ros/src/piper' with build type 'ament_python'
[0.499s] Level 1:colcon.colcon_core.shell:create_environment_hook('piper', 'ament_prefix_path')
[0.500s] INFO:colcon.colcon_core.shell:Creating environment hook '/home/cheon/Documents/dyros/piper-mou/piper_ros/install/piper/share/piper/hook/ament_prefix_path.ps1'
[0.501s] INFO:colcon.colcon_core.shell:Creating environment descriptor '/home/cheon/Documents/dyros/piper-mou/piper_ros/install/piper/share/piper/hook/ament_prefix_path.dsv'
[0.502s] INFO:colcon.colcon_core.shell:Creating environment hook '/home/cheon/Documents/dyros/piper-mou/piper_ros/install/piper/share/piper/hook/ament_prefix_path.sh'
[0.503s] INFO:colcon.colcon_core.shell:Skip shell extension 'powershell' for command environment: Not usable outside of PowerShell
[0.503s] DEBUG:colcon.colcon_core.shell:Skip shell extension 'dsv' for command environment
[0.511s] INFO:colcon.colcon_ros.task.ament_cmake.build:Building ROS package in '/home/cheon/Documents/dyros/piper-mou/piper_ros/src/piper_sim/piper_gazebo' with build type 'ament_cmake'
[0.511s] INFO:colcon.colcon_cmake.task.cmake.build:Building CMake package in '/home/cheon/Documents/dyros/piper-mou/piper_ros/src/piper_sim/piper_gazebo'
[0.512s] INFO:colcon.colcon_core.shell:Skip shell extension 'powershell' for command environment: Not usable outside of PowerShell
[0.512s] DEBUG:colcon.colcon_core.shell:Skip shell extension 'dsv' for command environment
[0.519s] INFO:colcon.colcon_ros.task.ament_cmake.build:Building ROS package in '/home/cheon/Documents/dyros/piper-mou/piper_ros/src/piper_humble' with build type 'ament_cmake'
[0.520s] INFO:colcon.colcon_cmake.task.cmake.build:Building CMake package in '/home/cheon/Documents/dyros/piper-mou/piper_ros/src/piper_humble'
[0.520s] INFO:colcon.colcon_core.shell:Skip shell extension 'powershell' for command environment: Not usable outside of PowerShell
[0.520s] DEBUG:colcon.colcon_core.shell:Skip shell extension 'dsv' for command environment
[0.527s] INFO:colcon.colcon_ros.task.ament_cmake.build:Building ROS package in '/home/cheon/Documents/dyros/piper-mou/piper_ros/src/piper_msgs' with build type 'ament_cmake'
[0.528s] INFO:colcon.colcon_cmake.task.cmake.build:Building CMake package in '/home/cheon/Documents/dyros/piper-mou/piper_ros/src/piper_msgs'
[0.528s] INFO:colcon.colcon_core.shell:Skip shell extension 'powershell' for command environment: Not usable outside of PowerShell
[0.528s] DEBUG:colcon.colcon_core.shell:Skip shell extension 'dsv' for command environment
[0.542s] DEBUG:colcon.colcon_core.event_handler.log_command:Invoking command in '/home/cheon/Documents/dyros/piper-mou/piper_ros/build/piper_description': CMAKE_PREFIX_PATH=${CMAKE_PREFIX_PATH}:/home/cheon/Documents/dyros/piper-mou/piper_ros/install/piper:/home/cheon/Documents/dyros/piper-mou/install/piper_mujoco:/home/cheon/Documents/dyros/piper-mou/install/piper:/opt/ros/humble /usr/bin/cmake --build /home/cheon/Documents/dyros/piper-mou/piper_ros/build/piper_description -- -j12 -l12
[0.942s] INFO:colcon.colcon_core.task.python.build:Building Python package in '/home/cheon/Documents/dyros/piper-mou/piper_ros/src/piper'
[0.943s] INFO:colcon.colcon_core.shell:Skip shell extension 'powershell' for command environment: Not usable outside of PowerShell
[0.943s] DEBUG:colcon.colcon_core.shell:Skip shell extension 'dsv' for command environment
[0.953s] DEBUG:colcon.colcon_core.event_handler.log_command:Invoking command in '/home/cheon/Documents/dyros/piper-mou/piper_ros/build/piper_gazebo': CMAKE_PREFIX_PATH=${CMAKE_PREFIX_PATH}:/home/cheon/Documents/dyros/piper-mou/piper_ros/install/piper:/home/cheon/Documents/dyros/piper-mou/install/piper_mujoco:/home/cheon/Documents/dyros/piper-mou/install/piper:/opt/ros/humble /usr/bin/cmake --build /home/cheon/Documents/dyros/piper-mou/piper_ros/build/piper_gazebo -- -j12 -l12
[0.958s] DEBUG:colcon.colcon_core.event_handler.log_command:Invoking command in '/home/cheon/Documents/dyros/piper-mou/piper_ros/build/piper_humble': CMAKE_PREFIX_PATH=${CMAKE_PREFIX_PATH}:/home/cheon/Documents/dyros/piper-mou/piper_ros/install/piper:/home/cheon/Documents/dyros/piper-mou/install/piper_mujoco:/home/cheon/Documents/dyros/piper-mou/install/piper:/opt/ros/humble /usr/bin/cmake --build /home/cheon/Documents/dyros/piper-mou/piper_ros/build/piper_humble -- -j12 -l12
[0.966s] DEBUG:colcon.colcon_core.event_handler.log_command:Invoking command in '/home/cheon/Documents/dyros/piper-mou/piper_ros/build/piper_msgs': CMAKE_PREFIX_PATH=${CMAKE_PREFIX_PATH}:/home/cheon/Documents/dyros/piper-mou/piper_ros/install/piper:/home/cheon/Documents/dyros/piper-mou/install/piper_mujoco:/home/cheon/Documents/dyros/piper-mou/install/piper:/opt/ros/humble /usr/bin/cmake --build /home/cheon/Documents/dyros/piper-mou/piper_ros/build/piper_msgs -- -j12 -l12
[0.967s] DEBUG:colcon.colcon_core.event_handler.log_command:Invoked command in '/home/cheon/Documents/dyros/piper-mou/piper_ros/build/piper_description' returned '0': CMAKE_PREFIX_PATH=${CMAKE_PREFIX_PATH}:/home/cheon/Documents/dyros/piper-mou/piper_ros/install/piper:/home/cheon/Documents/dyros/piper-mou/install/piper_mujoco:/home/cheon/Documents/dyros/piper-mou/install/piper:/opt/ros/humble /usr/bin/cmake --build /home/cheon/Documents/dyros/piper-mou/piper_ros/build/piper_description -- -j12 -l12
[0.983s] DEBUG:colcon.colcon_core.event_handler.log_command:Invoking command in '/home/cheon/Documents/dyros/piper-mou/piper_ros/build/piper_description': CMAKE_PREFIX_PATH=${CMAKE_PREFIX_PATH}:/home/cheon/Documents/dyros/piper-mou/piper_ros/install/piper:/home/cheon/Documents/dyros/piper-mou/install/piper_mujoco:/home/cheon/Documents/dyros/piper-mou/install/piper:/opt/ros/humble /usr/bin/cmake --install /home/cheon/Documents/dyros/piper-mou/piper_ros/build/piper_description
[1.030s] DEBUG:colcon.colcon_core.event_handler.log_command:Invoked command in '/home/cheon/Documents/dyros/piper-mou/piper_ros/build/piper_humble' returned '0': CMAKE_PREFIX_PATH=${CMAKE_PREFIX_PATH}:/home/cheon/Documents/dyros/piper-mou/piper_ros/install/piper:/home/cheon/Documents/dyros/piper-mou/install/piper_mujoco:/home/cheon/Documents/dyros/piper-mou/install/piper:/opt/ros/humble /usr/bin/cmake --build /home/cheon/Documents/dyros/piper-mou/piper_ros/build/piper_humble -- -j12 -l12
[1.034s] DEBUG:colcon.colcon_core.event_handler.log_command:Invoking command in '/home/cheon/Documents/dyros/piper-mou/piper_ros/build/piper_humble': CMAKE_PREFIX_PATH=${CMAKE_PREFIX_PATH}:/home/cheon/Documents/dyros/piper-mou/piper_ros/install/piper:/home/cheon/Documents/dyros/piper-mou/install/piper_mujoco:/home/cheon/Documents/dyros/piper-mou/install/piper:/opt/ros/humble /usr/bin/cmake --install /home/cheon/Documents/dyros/piper-mou/piper_ros/build/piper_humble
[1.038s] DEBUG:colcon.colcon_core.event_handler.log_command:Invoked command in '/home/cheon/Documents/dyros/piper-mou/piper_ros/build/piper_gazebo' returned '0': CMAKE_PREFIX_PATH=${CMAKE_PREFIX_PATH}:/home/cheon/Documents/dyros/piper-mou/piper_ros/install/piper:/home/cheon/Documents/dyros/piper-mou/install/piper_mujoco:/home/cheon/Documents/dyros/piper-mou/install/piper:/opt/ros/humble /usr/bin/cmake --build /home/cheon/Documents/dyros/piper-mou/piper_ros/build/piper_gazebo -- -j12 -l12
[1.044s] DEBUG:colcon.colcon_core.event_handler.log_command:Invoking command in '/home/cheon/Documents/dyros/piper-mou/piper_ros/build/piper_gazebo': CMAKE_PREFIX_PATH=${CMAKE_PREFIX_PATH}:/home/cheon/Documents/dyros/piper-mou/piper_ros/install/piper:/home/cheon/Documents/dyros/piper-mou/install/piper_mujoco:/home/cheon/Documents/dyros/piper-mou/install/piper:/opt/ros/humble /usr/bin/cmake --install /home/cheon/Documents/dyros/piper-mou/piper_ros/build/piper_gazebo
[1.069s] Level 1:colcon.colcon_core.environment:create_environment_scripts_only(piper_description)
[1.086s] Level 1:colcon.colcon_core.environment:checking '/home/cheon/Documents/dyros/piper-mou/piper_ros/install/piper_description' for CMake module files
[1.088s] DEBUG:colcon.colcon_core.event_handler.log_command:Invoked command in '/home/cheon/Documents/dyros/piper-mou/piper_ros/build/piper_description' returned '0': CMAKE_PREFIX_PATH=${CMAKE_PREFIX_PATH}:/home/cheon/Documents/dyros/piper-mou/piper_ros/install/piper:/home/cheon/Documents/dyros/piper-mou/install/piper_mujoco:/home/cheon/Documents/dyros/piper-mou/install/piper:/opt/ros/humble /usr/bin/cmake --install /home/cheon/Documents/dyros/piper-mou/piper_ros/build/piper_description
[1.094s] Level 1:colcon.colcon_core.environment:checking '/home/cheon/Documents/dyros/piper-mou/piper_ros/install/piper_description' for CMake config files
[1.096s] Level 1:colcon.colcon_core.shell:create_environment_hook('piper_description', 'cmake_prefix_path')
[1.096s] INFO:colcon.colcon_core.shell:Creating environment hook '/home/cheon/Documents/dyros/piper-mou/piper_ros/install/piper_description/share/piper_description/hook/cmake_prefix_path.ps1'
[1.100s] INFO:colcon.colcon_core.shell:Creating environment descriptor '/home/cheon/Documents/dyros/piper-mou/piper_ros/install/piper_description/share/piper_description/hook/cmake_prefix_path.dsv'
[1.102s] INFO:colcon.colcon_core.shell:Creating environment hook '/home/cheon/Documents/dyros/piper-mou/piper_ros/install/piper_description/share/piper_description/hook/cmake_prefix_path.sh'
[1.105s] Level 1:colcon.colcon_core.environment:checking '/home/cheon/Documents/dyros/piper-mou/piper_ros/install/piper_description/bin'
[1.105s] Level 1:colcon.colcon_core.environment:checking '/home/cheon/Documents/dyros/piper-mou/piper_ros/install/piper_description/lib/pkgconfig/piper_description.pc'
[1.106s] Level 1:colcon.colcon_core.environment:checking '/home/cheon/Documents/dyros/piper-mou/piper_ros/install/piper_description/lib/python3.10/site-packages'
[1.106s] Level 1:colcon.colcon_core.environment:checking '/home/cheon/Documents/dyros/piper-mou/piper_ros/install/piper_description/bin'
[1.107s] INFO:colcon.colcon_core.shell:Creating package script '/home/cheon/Documents/dyros/piper-mou/piper_ros/install/piper_description/share/piper_description/package.ps1'
[1.110s] INFO:colcon.colcon_core.shell:Creating package descriptor '/home/cheon/Documents/dyros/piper-mou/piper_ros/install/piper_description/share/piper_description/package.dsv'
[1.112s] INFO:colcon.colcon_core.shell:Creating package script '/home/cheon/Documents/dyros/piper-mou/piper_ros/install/piper_description/share/piper_description/package.sh'
[1.114s] INFO:colcon.colcon_core.shell:Creating package script '/home/cheon/Documents/dyros/piper-mou/piper_ros/install/piper_description/share/piper_description/package.bash'
[1.116s] INFO:colcon.colcon_core.shell:Creating package script '/home/cheon/Documents/dyros/piper-mou/piper_ros/install/piper_description/share/piper_description/package.zsh'
[1.118s] Level 1:colcon.colcon_core.environment:create_file_with_runtime_dependencies(/home/cheon/Documents/dyros/piper-mou/piper_ros/install/piper_description/share/colcon-core/packages/piper_description)
[1.120s] Level 1:colcon.colcon_core.environment:create_environment_scripts_only(piper_description)
[1.121s] Level 1:colcon.colcon_core.environment:checking '/home/cheon/Documents/dyros/piper-mou/piper_ros/install/piper_description' for CMake module files
[1.124s] Level 1:colcon.colcon_core.environment:checking '/home/cheon/Documents/dyros/piper-mou/piper_ros/install/piper_description' for CMake config files
[1.125s] Level 1:colcon.colcon_core.shell:create_environment_hook('piper_description', 'cmake_prefix_path')
[1.126s] INFO:colcon.colcon_core.shell:Creating environment hook '/home/cheon/Documents/dyros/piper-mou/piper_ros/install/piper_description/share/piper_description/hook/cmake_prefix_path.ps1'
[1.127s] INFO:colcon.colcon_core.shell:Creating environment descriptor '/home/cheon/Documents/dyros/piper-mou/piper_ros/install/piper_description/share/piper_description/hook/cmake_prefix_path.dsv'
[1.128s] INFO:colcon.colcon_core.shell:Creating environment hook '/home/cheon/Documents/dyros/piper-mou/piper_ros/install/piper_description/share/piper_description/hook/cmake_prefix_path.sh'
[1.129s] Level 1:colcon.colcon_core.environment:checking '/home/cheon/Documents/dyros/piper-mou/piper_ros/install/piper_description/bin'
[1.130s] Level 1:colcon.colcon_core.environment:checking '/home/cheon/Documents/dyros/piper-mou/piper_ros/install/piper_description/lib/pkgconfig/piper_description.pc'
[1.130s] Level 1:colcon.colcon_core.environment:checking '/home/cheon/Documents/dyros/piper-mou/piper_ros/install/piper_description/lib/python3.10/site-packages'
[1.131s] Level 1:colcon.colcon_core.environment:checking '/home/cheon/Documents/dyros/piper-mou/piper_ros/install/piper_description/bin'
[1.132s] INFO:colcon.colcon_core.shell:Creating package script '/home/cheon/Documents/dyros/piper-mou/piper_ros/install/piper_description/share/piper_description/package.ps1'
[1.134s] INFO:colcon.colcon_core.shell:Creating package descriptor '/home/cheon/Documents/dyros/piper-mou/piper_ros/install/piper_description/share/piper_description/package.dsv'
[1.136s] INFO:colcon.colcon_core.shell:Creating package script '/home/cheon/Documents/dyros/piper-mou/piper_ros/install/piper_description/share/piper_description/package.sh'
[1.139s] INFO:colcon.colcon_core.shell:Creating package script '/home/cheon/Documents/dyros/piper-mou/piper_ros/install/piper_description/share/piper_description/package.bash'
[1.142s] INFO:colcon.colcon_core.shell:Creating package script '/home/cheon/Documents/dyros/piper-mou/piper_ros/install/piper_description/share/piper_description/package.zsh'
[1.145s] Level 1:colcon.colcon_core.environment:create_file_with_runtime_dependencies(/home/cheon/Documents/dyros/piper-mou/piper_ros/install/piper_description/share/colcon-core/packages/piper_description)
[1.149s] INFO:colcon.colcon_ros.task.ament_cmake.build:Building ROS package in '/home/cheon/Documents/dyros/piper-mou/piper_ros/src/piper_moveit/piper_no_gripper_moveit' with build type 'ament_cmake'
[1.149s] INFO:colcon.colcon_cmake.task.cmake.build:Building CMake package in '/home/cheon/Documents/dyros/piper-mou/piper_ros/src/piper_moveit/piper_no_gripper_moveit'
[1.150s] INFO:colcon.colcon_core.shell:Skip shell extension 'powershell' for command environment: Not usable outside of PowerShell
[1.151s] DEBUG:colcon.colcon_core.shell:Skip shell extension 'dsv' for command environment
[1.163s] INFO:colcon.colcon_ros.task.ament_cmake.build:Building ROS package in '/home/cheon/Documents/dyros/piper-mou/piper_ros/src/piper_moveit/piper_with_gripper_moveit' with build type 'ament_cmake'
[1.164s] INFO:colcon.colcon_cmake.task.cmake.build:Building CMake package in '/home/cheon/Documents/dyros/piper-mou/piper_ros/src/piper_moveit/piper_with_gripper_moveit'
[1.164s] INFO:colcon.colcon_core.shell:Skip shell extension 'powershell' for command environment: Not usable outside of PowerShell
[1.164s] DEBUG:colcon.colcon_core.shell:Skip shell extension 'dsv' for command environment
[1.176s] Level 1:colcon.colcon_core.environment:create_environment_scripts_only(piper_humble)
[1.177s] Level 1:colcon.colcon_core.environment:checking '/home/cheon/Documents/dyros/piper-mou/piper_ros/install/piper_humble' for CMake module files
[1.179s] DEBUG:colcon.colcon_core.event_handler.log_command:Invoked command in '/home/cheon/Documents/dyros/piper-mou/piper_ros/build/piper_humble' returned '0': CMAKE_PREFIX_PATH=${CMAKE_PREFIX_PATH}:/home/cheon/Documents/dyros/piper-mou/piper_ros/install/piper:/home/cheon/Documents/dyros/piper-mou/install/piper_mujoco:/home/cheon/Documents/dyros/piper-mou/install/piper:/opt/ros/humble /usr/bin/cmake --install /home/cheon/Documents/dyros/piper-mou/piper_ros/build/piper_humble
[1.180s] Level 1:colcon.colcon_core.environment:checking '/home/cheon/Documents/dyros/piper-mou/piper_ros/install/piper_humble' for CMake config files
[1.181s] Level 1:colcon.colcon_core.shell:create_environment_hook('piper_humble', 'cmake_prefix_path')
[1.181s] INFO:colcon.colcon_core.shell:Creating environment hook '/home/cheon/Documents/dyros/piper-mou/piper_ros/install/piper_humble/share/piper_humble/hook/cmake_prefix_path.ps1'
[1.182s] INFO:colcon.colcon_core.shell:Creating environment descriptor '/home/cheon/Documents/dyros/piper-mou/piper_ros/install/piper_humble/share/piper_humble/hook/cmake_prefix_path.dsv'
[1.183s] INFO:colcon.colcon_core.shell:Creating environment hook '/home/cheon/Documents/dyros/piper-mou/piper_ros/install/piper_humble/share/piper_humble/hook/cmake_prefix_path.sh'
[1.184s] Level 1:colcon.colcon_core.environment:checking '/home/cheon/Documents/dyros/piper-mou/piper_ros/install/piper_humble/bin'
[1.184s] Level 1:colcon.colcon_core.environment:checking '/home/cheon/Documents/dyros/piper-mou/piper_ros/install/piper_humble/lib/pkgconfig/piper_humble.pc'
[1.185s] Level 1:colcon.colcon_core.environment:checking '/home/cheon/Documents/dyros/piper-mou/piper_ros/install/piper_humble/lib/python3.10/site-packages'
[1.185s] Level 1:colcon.colcon_core.environment:checking '/home/cheon/Documents/dyros/piper-mou/piper_ros/install/piper_humble/bin'
[1.186s] INFO:colcon.colcon_core.shell:Creating package script '/home/cheon/Documents/dyros/piper-mou/piper_ros/install/piper_humble/share/piper_humble/package.ps1'
[1.187s] INFO:colcon.colcon_core.shell:Creating package descriptor '/home/cheon/Documents/dyros/piper-mou/piper_ros/install/piper_humble/share/piper_humble/package.dsv'
[1.188s] INFO:colcon.colcon_core.shell:Creating package script '/home/cheon/Documents/dyros/piper-mou/piper_ros/install/piper_humble/share/piper_humble/package.sh'
[1.189s] INFO:colcon.colcon_core.shell:Creating package script '/home/cheon/Documents/dyros/piper-mou/piper_ros/install/piper_humble/share/piper_humble/package.bash'
[1.190s] INFO:colcon.colcon_core.shell:Creating package script '/home/cheon/Documents/dyros/piper-mou/piper_ros/install/piper_humble/share/piper_humble/package.zsh'
[1.191s] Level 1:colcon.colcon_core.environment:create_file_with_runtime_dependencies(/home/cheon/Documents/dyros/piper-mou/piper_ros/install/piper_humble/share/colcon-core/packages/piper_humble)
[1.193s] Level 1:colcon.colcon_core.environment:create_environment_scripts_only(piper_humble)
[1.194s] Level 1:colcon.colcon_core.environment:checking '/home/cheon/Documents/dyros/piper-mou/piper_ros/install/piper_humble' for CMake module files
[1.195s] Level 1:colcon.colcon_core.environment:checking '/home/cheon/Documents/dyros/piper-mou/piper_ros/install/piper_humble' for CMake config files
[1.195s] Level 1:colcon.colcon_core.shell:create_environment_hook('piper_humble', 'cmake_prefix_path')
[1.196s] INFO:colcon.colcon_core.shell:Creating environment hook '/home/cheon/Documents/dyros/piper-mou/piper_ros/install/piper_humble/share/piper_humble/hook/cmake_prefix_path.ps1'
[1.197s] INFO:colcon.colcon_core.shell:Creating environment descriptor '/home/cheon/Documents/dyros/piper-mou/piper_ros/install/piper_humble/share/piper_humble/hook/cmake_prefix_path.dsv'
[1.198s] INFO:colcon.colcon_core.shell:Creating environment hook '/home/cheon/Documents/dyros/piper-mou/piper_ros/install/piper_humble/share/piper_humble/hook/cmake_prefix_path.sh'
[1.199s] Level 1:colcon.colcon_core.environment:checking '/home/cheon/Documents/dyros/piper-mou/piper_ros/install/piper_humble/bin'
[1.199s] Level 1:colcon.colcon_core.environment:checking '/home/cheon/Documents/dyros/piper-mou/piper_ros/install/piper_humble/lib/pkgconfig/piper_humble.pc'
[1.200s] Level 1:colcon.colcon_core.environment:checking '/home/cheon/Documents/dyros/piper-mou/piper_ros/install/piper_humble/lib/python3.10/site-packages'
[1.201s] Level 1:colcon.colcon_core.environment:checking '/home/cheon/Documents/dyros/piper-mou/piper_ros/install/piper_humble/bin'
[1.202s] INFO:colcon.colcon_core.shell:Creating package script '/home/cheon/Documents/dyros/piper-mou/piper_ros/install/piper_humble/share/piper_humble/package.ps1'
[1.203s] INFO:colcon.colcon_core.shell:Creating package descriptor '/home/cheon/Documents/dyros/piper-mou/piper_ros/install/piper_humble/share/piper_humble/package.dsv'
[1.204s] INFO:colcon.colcon_core.shell:Creating package script '/home/cheon/Documents/dyros/piper-mou/piper_ros/install/piper_humble/share/piper_humble/package.sh'
[1.205s] INFO:colcon.colcon_core.shell:Creating package script '/home/cheon/Documents/dyros/piper-mou/piper_ros/install/piper_humble/share/piper_humble/package.bash'
[1.206s] INFO:colcon.colcon_core.shell:Creating package script '/home/cheon/Documents/dyros/piper-mou/piper_ros/install/piper_humble/share/piper_humble/package.zsh'
[1.207s] Level 1:colcon.colcon_core.environment:create_file_with_runtime_dependencies(/home/cheon/Documents/dyros/piper-mou/piper_ros/install/piper_humble/share/colcon-core/packages/piper_humble)
[1.207s] Level 1:colcon.colcon_core.environment:create_environment_scripts_only(piper_gazebo)
[1.208s] Level 1:colcon.colcon_core.environment:checking '/home/cheon/Documents/dyros/piper-mou/piper_ros/install/piper_gazebo' for CMake module files
[1.210s] DEBUG:colcon.colcon_core.event_handler.log_command:Invoked command in '/home/cheon/Documents/dyros/piper-mou/piper_ros/build/piper_gazebo' returned '0': CMAKE_PREFIX_PATH=${CMAKE_PREFIX_PATH}:/home/cheon/Documents/dyros/piper-mou/piper_ros/install/piper:/home/cheon/Documents/dyros/piper-mou/install/piper_mujoco:/home/cheon/Documents/dyros/piper-mou/install/piper:/opt/ros/humble /usr/bin/cmake --install /home/cheon/Documents/dyros/piper-mou/piper_ros/build/piper_gazebo
[1.211s] Level 1:colcon.colcon_core.environment:checking '/home/cheon/Documents/dyros/piper-mou/piper_ros/install/piper_gazebo' for CMake config files
[1.211s] Level 1:colcon.colcon_core.shell:create_environment_hook('piper_gazebo', 'cmake_prefix_path')
[1.212s] INFO:colcon.colcon_core.shell:Creating environment hook '/home/cheon/Documents/dyros/piper-mou/piper_ros/install/piper_gazebo/share/piper_gazebo/hook/cmake_prefix_path.ps1'
[1.213s] INFO:colcon.colcon_core.shell:Creating environment descriptor '/home/cheon/Documents/dyros/piper-mou/piper_ros/install/piper_gazebo/share/piper_gazebo/hook/cmake_prefix_path.dsv'
[1.214s] INFO:colcon.colcon_core.shell:Creating environment hook '/home/cheon/Documents/dyros/piper-mou/piper_ros/install/piper_gazebo/share/piper_gazebo/hook/cmake_prefix_path.sh'
[1.215s] Level 1:colcon.colcon_core.environment:checking '/home/cheon/Documents/dyros/piper-mou/piper_ros/install/piper_gazebo/lib'
[1.215s] Level 1:colcon.colcon_core.environment:checking '/home/cheon/Documents/dyros/piper-mou/piper_ros/install/piper_gazebo/bin'
[1.216s] Level 1:colcon.colcon_core.environment:checking '/home/cheon/Documents/dyros/piper-mou/piper_ros/install/piper_gazebo/lib/pkgconfig/piper_gazebo.pc'
[1.216s] Level 1:colcon.colcon_core.environment:checking '/home/cheon/Documents/dyros/piper-mou/piper_ros/install/piper_gazebo/lib/python3.10/site-packages'
[1.216s] Level 1:colcon.colcon_core.environment:checking '/home/cheon/Documents/dyros/piper-mou/piper_ros/install/piper_gazebo/bin'
[1.217s] INFO:colcon.colcon_core.shell:Creating package script '/home/cheon/Documents/dyros/piper-mou/piper_ros/install/piper_gazebo/share/piper_gazebo/package.ps1'
[1.218s] INFO:colcon.colcon_core.shell:Creating package descriptor '/home/cheon/Documents/dyros/piper-mou/piper_ros/install/piper_gazebo/share/piper_gazebo/package.dsv'
[1.219s] INFO:colcon.colcon_core.shell:Creating package script '/home/cheon/Documents/dyros/piper-mou/piper_ros/install/piper_gazebo/share/piper_gazebo/package.sh'
[1.220s] INFO:colcon.colcon_core.shell:Creating package script '/home/cheon/Documents/dyros/piper-mou/piper_ros/install/piper_gazebo/share/piper_gazebo/package.bash'
[1.220s] INFO:colcon.colcon_core.shell:Creating package script '/home/cheon/Documents/dyros/piper-mou/piper_ros/install/piper_gazebo/share/piper_gazebo/package.zsh'
[1.221s] Level 1:colcon.colcon_core.environment:create_file_with_runtime_dependencies(/home/cheon/Documents/dyros/piper-mou/piper_ros/install/piper_gazebo/share/colcon-core/packages/piper_gazebo)
[1.222s] Level 1:colcon.colcon_core.environment:create_environment_scripts_only(piper_gazebo)
[1.223s] Level 1:colcon.colcon_core.environment:checking '/home/cheon/Documents/dyros/piper-mou/piper_ros/install/piper_gazebo' for CMake module files
[1.224s] Level 1:colcon.colcon_core.environment:checking '/home/cheon/Documents/dyros/piper-mou/piper_ros/install/piper_gazebo' for CMake config files
[1.225s] Level 1:colcon.colcon_core.shell:create_environment_hook('piper_gazebo', 'cmake_prefix_path')
[1.225s] INFO:colcon.colcon_core.shell:Creating environment hook '/home/cheon/Documents/dyros/piper-mou/piper_ros/install/piper_gazebo/share/piper_gazebo/hook/cmake_prefix_path.ps1'
[1.226s] INFO:colcon.colcon_core.shell:Creating environment descriptor '/home/cheon/Documents/dyros/piper-mou/piper_ros/install/piper_gazebo/share/piper_gazebo/hook/cmake_prefix_path.dsv'
[1.227s] INFO:colcon.colcon_core.shell:Creating environment hook '/home/cheon/Documents/dyros/piper-mou/piper_ros/install/piper_gazebo/share/piper_gazebo/hook/cmake_prefix_path.sh'
[1.228s] Level 1:colcon.colcon_core.environment:checking '/home/cheon/Documents/dyros/piper-mou/piper_ros/install/piper_gazebo/lib'
[1.229s] Level 1:colcon.colcon_core.environment:checking '/home/cheon/Documents/dyros/piper-mou/piper_ros/install/piper_gazebo/bin'
[1.229s] Level 1:colcon.colcon_core.environment:checking '/home/cheon/Documents/dyros/piper-mou/piper_ros/install/piper_gazebo/lib/pkgconfig/piper_gazebo.pc'
[1.229s] Level 1:colcon.colcon_core.environment:checking '/home/cheon/Documents/dyros/piper-mou/piper_ros/install/piper_gazebo/lib/python3.10/site-packages'
[1.230s] Level 1:colcon.colcon_core.environment:checking '/home/cheon/Documents/dyros/piper-mou/piper_ros/install/piper_gazebo/bin'
[1.230s] INFO:colcon.colcon_core.shell:Creating package script '/home/cheon/Documents/dyros/piper-mou/piper_ros/install/piper_gazebo/share/piper_gazebo/package.ps1'
[1.231s] INFO:colcon.colcon_core.shell:Creating package descriptor '/home/cheon/Documents/dyros/piper-mou/piper_ros/install/piper_gazebo/share/piper_gazebo/package.dsv'
[1.233s] INFO:colcon.colcon_core.shell:Creating package script '/home/cheon/Documents/dyros/piper-mou/piper_ros/install/piper_gazebo/share/piper_gazebo/package.sh'
[1.234s] INFO:colcon.colcon_core.shell:Creating package script '/home/cheon/Documents/dyros/piper-mou/piper_ros/install/piper_gazebo/share/piper_gazebo/package.bash'
[1.235s] INFO:colcon.colcon_core.shell:Creating package script '/home/cheon/Documents/dyros/piper-mou/piper_ros/install/piper_gazebo/share/piper_gazebo/package.zsh'
[1.237s] Level 1:colcon.colcon_core.environment:create_file_with_runtime_dependencies(/home/cheon/Documents/dyros/piper-mou/piper_ros/install/piper_gazebo/share/colcon-core/packages/piper_gazebo)
[1.251s] DEBUG:colcon.colcon_core.event_handler.log_command:Invoking command in '/home/cheon/Documents/dyros/piper-mou/piper_ros/build/piper_no_gripper_moveit': CMAKE_PREFIX_PATH=/home/cheon/Documents/dyros/piper-mou/piper_ros/install/piper_description:/home/cheon/Documents/dyros/piper-mou/piper_ros/install/piper_with_gripper_moveit:/home/cheon/Documents/dyros/piper-mou/piper_ros/install/piper_no_gripper_moveit:/home/cheon/Documents/dyros/piper-mou/piper_ros/install/piper_msgs:/home/cheon/Documents/dyros/piper-mou/piper_ros/install/piper_humble:/home/cheon/Documents/dyros/piper-mou/piper_ros/install/piper_gazebo:/home/cheon/Documents/dyros/piper-mou/install/xela_server_ros2:/home/cheon/Documents/dyros/piper-mou/install/topic_based_ros2_control:/home/cheon/Documents/dyros/piper-mou/install/piper_with_gripper_moveit:/home/cheon/Documents/dyros/piper-mou/install/piper_no_gripper_moveit:/home/cheon/Documents/dyros/piper-mou/install/piper_msgs:/home/cheon/Documents/dyros/piper-mou/install/piper_humble:/home/cheon/Documents/dyros/piper-mou/install/piper_gazebo:/home/cheon/Documents/dyros/piper-mou/install/piper_description:/home/cheon/Documents/dyros/piper-mou/install/moveit_mujoco_interface:/home/cheon/Documents/dyros/piper-mou/piper_ros/install/piper:/home/cheon/Documents/dyros/piper-mou/install/piper_mujoco:/home/cheon/Documents/dyros/piper-mou/install/piper:/opt/ros/humble /usr/bin/cmake --build /home/cheon/Documents/dyros/piper-mou/piper_ros/build/piper_no_gripper_moveit -- -j12 -l12
[1.255s] DEBUG:colcon.colcon_core.event_handler.log_command:Invoking command in '/home/cheon/Documents/dyros/piper-mou/piper_ros/build/piper_with_gripper_moveit': CMAKE_PREFIX_PATH=/home/cheon/Documents/dyros/piper-mou/piper_ros/install/piper_description:/home/cheon/Documents/dyros/piper-mou/piper_ros/install/piper_with_gripper_moveit:/home/cheon/Documents/dyros/piper-mou/piper_ros/install/piper_no_gripper_moveit:/home/cheon/Documents/dyros/piper-mou/piper_ros/install/piper_msgs:/home/cheon/Documents/dyros/piper-mou/piper_ros/install/piper_humble:/home/cheon/Documents/dyros/piper-mou/piper_ros/install/piper_gazebo:/home/cheon/Documents/dyros/piper-mou/install/xela_server_ros2:/home/cheon/Documents/dyros/piper-mou/install/topic_based_ros2_control:/home/cheon/Documents/dyros/piper-mou/install/piper_with_gripper_moveit:/home/cheon/Documents/dyros/piper-mou/install/piper_no_gripper_moveit:/home/cheon/Documents/dyros/piper-mou/install/piper_msgs:/home/cheon/Documents/dyros/piper-mou/install/piper_humble:/home/cheon/Documents/dyros/piper-mou/install/piper_gazebo:/home/cheon/Documents/dyros/piper-mou/install/piper_description:/home/cheon/Documents/dyros/piper-mou/install/moveit_mujoco_interface:/home/cheon/Documents/dyros/piper-mou/piper_ros/install/piper:/home/cheon/Documents/dyros/piper-mou/install/piper_mujoco:/home/cheon/Documents/dyros/piper-mou/install/piper:/opt/ros/humble /usr/bin/cmake --build /home/cheon/Documents/dyros/piper-mou/piper_ros/build/piper_with_gripper_moveit -- -j12 -l12
[1.329s] DEBUG:colcon.colcon_core.event_handler.log_command:Invoked command in '/home/cheon/Documents/dyros/piper-mou/piper_ros/build/piper_no_gripper_moveit' returned '0': CMAKE_PREFIX_PATH=/home/cheon/Documents/dyros/piper-mou/piper_ros/install/piper_description:/home/cheon/Documents/dyros/piper-mou/piper_ros/install/piper_with_gripper_moveit:/home/cheon/Documents/dyros/piper-mou/piper_ros/install/piper_no_gripper_moveit:/home/cheon/Documents/dyros/piper-mou/piper_ros/install/piper_msgs:/home/cheon/Documents/dyros/piper-mou/piper_ros/install/piper_humble:/home/cheon/Documents/dyros/piper-mou/piper_ros/install/piper_gazebo:/home/cheon/Documents/dyros/piper-mou/install/xela_server_ros2:/home/cheon/Documents/dyros/piper-mou/install/topic_based_ros2_control:/home/cheon/Documents/dyros/piper-mou/install/piper_with_gripper_moveit:/home/cheon/Documents/dyros/piper-mou/install/piper_no_gripper_moveit:/home/cheon/Documents/dyros/piper-mou/install/piper_msgs:/home/cheon/Documents/dyros/piper-mou/install/piper_humble:/home/cheon/Documents/dyros/piper-mou/install/piper_gazebo:/home/cheon/Documents/dyros/piper-mou/install/piper_description:/home/cheon/Documents/dyros/piper-mou/install/moveit_mujoco_interface:/home/cheon/Documents/dyros/piper-mou/piper_ros/install/piper:/home/cheon/Documents/dyros/piper-mou/install/piper_mujoco:/home/cheon/Documents/dyros/piper-mou/install/piper:/opt/ros/humble /usr/bin/cmake --build /home/cheon/Documents/dyros/piper-mou/piper_ros/build/piper_no_gripper_moveit -- -j12 -l12
[1.332s] DEBUG:colcon.colcon_core.event_handler.log_command:Invoking command in '/home/cheon/Documents/dyros/piper-mou/piper_ros/build/piper_no_gripper_moveit': CMAKE_PREFIX_PATH=/home/cheon/Documents/dyros/piper-mou/piper_ros/install/piper_description:/home/cheon/Documents/dyros/piper-mou/piper_ros/install/piper_with_gripper_moveit:/home/cheon/Documents/dyros/piper-mou/piper_ros/install/piper_no_gripper_moveit:/home/cheon/Documents/dyros/piper-mou/piper_ros/install/piper_msgs:/home/cheon/Documents/dyros/piper-mou/piper_ros/install/piper_humble:/home/cheon/Documents/dyros/piper-mou/piper_ros/install/piper_gazebo:/home/cheon/Documents/dyros/piper-mou/install/xela_server_ros2:/home/cheon/Documents/dyros/piper-mou/install/topic_based_ros2_control:/home/cheon/Documents/dyros/piper-mou/install/piper_with_gripper_moveit:/home/cheon/Documents/dyros/piper-mou/install/piper_no_gripper_moveit:/home/cheon/Documents/dyros/piper-mou/install/piper_msgs:/home/cheon/Documents/dyros/piper-mou/install/piper_humble:/home/cheon/Documents/dyros/piper-mou/install/piper_gazebo:/home/cheon/Documents/dyros/piper-mou/install/piper_description:/home/cheon/Documents/dyros/piper-mou/install/moveit_mujoco_interface:/home/cheon/Documents/dyros/piper-mou/piper_ros/install/piper:/home/cheon/Documents/dyros/piper-mou/install/piper_mujoco:/home/cheon/Documents/dyros/piper-mou/install/piper:/opt/ros/humble /usr/bin/cmake --install /home/cheon/Documents/dyros/piper-mou/piper_ros/build/piper_no_gripper_moveit
[1.408s] Level 1:colcon.colcon_core.environment:create_environment_scripts_only(piper_no_gripper_moveit)
[1.409s] Level 1:colcon.colcon_core.environment:checking '/home/cheon/Documents/dyros/piper-mou/piper_ros/install/piper_no_gripper_moveit' for CMake module files
[1.410s] Level 1:colcon.colcon_core.environment:checking '/home/cheon/Documents/dyros/piper-mou/piper_ros/install/piper_no_gripper_moveit' for CMake config files
[1.412s] DEBUG:colcon.colcon_core.event_handler.log_command:Invoked command in '/home/cheon/Documents/dyros/piper-mou/piper_ros/build/piper_no_gripper_moveit' returned '0': CMAKE_PREFIX_PATH=/home/cheon/Documents/dyros/piper-mou/piper_ros/install/piper_description:/home/cheon/Documents/dyros/piper-mou/piper_ros/install/piper_with_gripper_moveit:/home/cheon/Documents/dyros/piper-mou/piper_ros/install/piper_no_gripper_moveit:/home/cheon/Documents/dyros/piper-mou/piper_ros/install/piper_msgs:/home/cheon/Documents/dyros/piper-mou/piper_ros/install/piper_humble:/home/cheon/Documents/dyros/piper-mou/piper_ros/install/piper_gazebo:/home/cheon/Documents/dyros/piper-mou/install/xela_server_ros2:/home/cheon/Documents/dyros/piper-mou/install/topic_based_ros2_control:/home/cheon/Documents/dyros/piper-mou/install/piper_with_gripper_moveit:/home/cheon/Documents/dyros/piper-mou/install/piper_no_gripper_moveit:/home/cheon/Documents/dyros/piper-mou/install/piper_msgs:/home/cheon/Documents/dyros/piper-mou/install/piper_humble:/home/cheon/Documents/dyros/piper-mou/install/piper_gazebo:/home/cheon/Documents/dyros/piper-mou/install/piper_description:/home/cheon/Documents/dyros/piper-mou/install/moveit_mujoco_interface:/home/cheon/Documents/dyros/piper-mou/piper_ros/install/piper:/home/cheon/Documents/dyros/piper-mou/install/piper_mujoco:/home/cheon/Documents/dyros/piper-mou/install/piper:/opt/ros/humble /usr/bin/cmake --install /home/cheon/Documents/dyros/piper-mou/piper_ros/build/piper_no_gripper_moveit
[1.413s] Level 1:colcon.colcon_core.shell:create_environment_hook('piper_no_gripper_moveit', 'cmake_prefix_path')
[1.414s] INFO:colcon.colcon_core.shell:Creating environment hook '/home/cheon/Documents/dyros/piper-mou/piper_ros/install/piper_no_gripper_moveit/share/piper_no_gripper_moveit/hook/cmake_prefix_path.ps1'
[1.416s] INFO:colcon.colcon_core.shell:Creating environment descriptor '/home/cheon/Documents/dyros/piper-mou/piper_ros/install/piper_no_gripper_moveit/share/piper_no_gripper_moveit/hook/cmake_prefix_path.dsv'
[1.418s] INFO:colcon.colcon_core.shell:Creating environment hook '/home/cheon/Documents/dyros/piper-mou/piper_ros/install/piper_no_gripper_moveit/share/piper_no_gripper_moveit/hook/cmake_prefix_path.sh'
[1.420s] Level 1:colcon.colcon_core.environment:checking '/home/cheon/Documents/dyros/piper-mou/piper_ros/install/piper_no_gripper_moveit/bin'
[1.420s] Level 1:colcon.colcon_core.environment:checking '/home/cheon/Documents/dyros/piper-mou/piper_ros/install/piper_no_gripper_moveit/lib/pkgconfig/piper_no_gripper_moveit.pc'
[1.421s] Level 1:colcon.colcon_core.environment:checking '/home/cheon/Documents/dyros/piper-mou/piper_ros/install/piper_no_gripper_moveit/lib/python3.10/site-packages'
[1.422s] Level 1:colcon.colcon_core.environment:checking '/home/cheon/Documents/dyros/piper-mou/piper_ros/install/piper_no_gripper_moveit/bin'
[1.423s] INFO:colcon.colcon_core.shell:Creating package script '/home/cheon/Documents/dyros/piper-mou/piper_ros/install/piper_no_gripper_moveit/share/piper_no_gripper_moveit/package.ps1'
[1.428s] INFO:colcon.colcon_core.shell:Creating package descriptor '/home/cheon/Documents/dyros/piper-mou/piper_ros/install/piper_no_gripper_moveit/share/piper_no_gripper_moveit/package.dsv'
[1.429s] INFO:colcon.colcon_core.shell:Creating package script '/home/cheon/Documents/dyros/piper-mou/piper_ros/install/piper_no_gripper_moveit/share/piper_no_gripper_moveit/package.sh'
[1.433s] INFO:colcon.colcon_core.shell:Creating package script '/home/cheon/Documents/dyros/piper-mou/piper_ros/install/piper_no_gripper_moveit/share/piper_no_gripper_moveit/package.bash'
[1.435s] INFO:colcon.colcon_core.shell:Creating package script '/home/cheon/Documents/dyros/piper-mou/piper_ros/install/piper_no_gripper_moveit/share/piper_no_gripper_moveit/package.zsh'
[1.438s] Level 1:colcon.colcon_core.environment:create_file_with_runtime_dependencies(/home/cheon/Documents/dyros/piper-mou/piper_ros/install/piper_no_gripper_moveit/share/colcon-core/packages/piper_no_gripper_moveit)
[1.443s] Level 1:colcon.colcon_core.environment:create_environment_scripts_only(piper_no_gripper_moveit)
[1.444s] Level 1:colcon.colcon_core.environment:checking '/home/cheon/Documents/dyros/piper-mou/piper_ros/install/piper_no_gripper_moveit' for CMake module files
[1.446s] Level 1:colcon.colcon_core.environment:checking '/home/cheon/Documents/dyros/piper-mou/piper_ros/install/piper_no_gripper_moveit' for CMake config files
[1.448s] Level 1:colcon.colcon_core.shell:create_environment_hook('piper_no_gripper_moveit', 'cmake_prefix_path')
[1.449s] INFO:colcon.colcon_core.shell:Creating environment hook '/home/cheon/Documents/dyros/piper-mou/piper_ros/install/piper_no_gripper_moveit/share/piper_no_gripper_moveit/hook/cmake_prefix_path.ps1'
[1.451s] INFO:colcon.colcon_core.shell:Creating environment descriptor '/home/cheon/Documents/dyros/piper-mou/piper_ros/install/piper_no_gripper_moveit/share/piper_no_gripper_moveit/hook/cmake_prefix_path.dsv'
[1.453s] INFO:colcon.colcon_core.shell:Creating environment hook '/home/cheon/Documents/dyros/piper-mou/piper_ros/install/piper_no_gripper_moveit/share/piper_no_gripper_moveit/hook/cmake_prefix_path.sh'
[1.461s] Level 1:colcon.colcon_core.environment:checking '/home/cheon/Documents/dyros/piper-mou/piper_ros/install/piper_no_gripper_moveit/bin'
[1.461s] Level 1:colcon.colcon_core.environment:checking '/home/cheon/Documents/dyros/piper-mou/piper_ros/install/piper_no_gripper_moveit/lib/pkgconfig/piper_no_gripper_moveit.pc'
[1.466s] Level 1:colcon.colcon_core.environment:checking '/home/cheon/Documents/dyros/piper-mou/piper_ros/install/piper_no_gripper_moveit/lib/python3.10/site-packages'
[1.469s] Level 1:colcon.colcon_core.environment:checking '/home/cheon/Documents/dyros/piper-mou/piper_ros/install/piper_no_gripper_moveit/bin'
[1.474s] INFO:colcon.colcon_core.shell:Creating package script '/home/cheon/Documents/dyros/piper-mou/piper_ros/install/piper_no_gripper_moveit/share/piper_no_gripper_moveit/package.ps1'
[1.475s] INFO:colcon.colcon_core.shell:Creating package descriptor '/home/cheon/Documents/dyros/piper-mou/piper_ros/install/piper_no_gripper_moveit/share/piper_no_gripper_moveit/package.dsv'
[1.478s] INFO:colcon.colcon_core.shell:Creating package script '/home/cheon/Documents/dyros/piper-mou/piper_ros/install/piper_no_gripper_moveit/share/piper_no_gripper_moveit/package.sh'
[1.480s] INFO:colcon.colcon_core.shell:Creating package script '/home/cheon/Documents/dyros/piper-mou/piper_ros/install/piper_no_gripper_moveit/share/piper_no_gripper_moveit/package.bash'
[1.484s] INFO:colcon.colcon_core.shell:Creating package script '/home/cheon/Documents/dyros/piper-mou/piper_ros/install/piper_no_gripper_moveit/share/piper_no_gripper_moveit/package.zsh'
[1.486s] Level 1:colcon.colcon_core.environment:create_file_with_runtime_dependencies(/home/cheon/Documents/dyros/piper-mou/piper_ros/install/piper_no_gripper_moveit/share/colcon-core/packages/piper_no_gripper_moveit)
[2.044s] DEBUG:colcon.colcon_core.event_handler.log_command:Invoked command in '/home/cheon/Documents/dyros/piper-mou/piper_ros/build/piper_msgs' returned '0': CMAKE_PREFIX_PATH=${CMAKE_PREFIX_PATH}:/home/cheon/Documents/dyros/piper-mou/piper_ros/install/piper:/home/cheon/Documents/dyros/piper-mou/install/piper_mujoco:/home/cheon/Documents/dyros/piper-mou/install/piper:/opt/ros/humble /usr/bin/cmake --build /home/cheon/Documents/dyros/piper-mou/piper_ros/build/piper_msgs -- -j12 -l12
[2.049s] DEBUG:colcon.colcon_core.event_handler.log_command:Invoking command in '/home/cheon/Documents/dyros/piper-mou/piper_ros/build/piper_msgs': CMAKE_PREFIX_PATH=${CMAKE_PREFIX_PATH}:/home/cheon/Documents/dyros/piper-mou/piper_ros/install/piper:/home/cheon/Documents/dyros/piper-mou/install/piper_mujoco:/home/cheon/Documents/dyros/piper-mou/install/piper:/opt/ros/humble /usr/bin/cmake --install /home/cheon/Documents/dyros/piper-mou/piper_ros/build/piper_msgs
[2.195s] DEBUG:colcon.colcon_core.event_handler.log_command:Invoking command in '/home/cheon/Documents/dyros/piper-mou/piper_ros/src/piper': PYTHONPATH=/home/cheon/Documents/dyros/piper-mou/piper_ros/build/piper/prefix_override:/usr/lib/python3/dist-packages/colcon_core/task/python/colcon_distutils_commands:/home/cheon/Documents/dyros/piper-mou/piper_ros/install/piper/lib/python3.10/site-packages:${PYTHONPATH} /usr/bin/python3 -W ignore:setup.py install is deprecated -W ignore:easy_install command is deprecated setup.py egg_info --egg-base ../../build/piper build --build-base /home/cheon/Documents/dyros/piper-mou/piper_ros/build/piper/build install --record /home/cheon/Documents/dyros/piper-mou/piper_ros/build/piper/install.log --single-version-externally-managed install_data
[2.240s] Level 1:colcon.colcon_core.environment:create_environment_scripts_only(piper_msgs)
[2.241s] Level 1:colcon.colcon_core.environment:checking '/home/cheon/Documents/dyros/piper-mou/piper_ros/install/piper_msgs' for CMake module files
[2.243s] DEBUG:colcon.colcon_core.event_handler.log_command:Invoked command in '/home/cheon/Documents/dyros/piper-mou/piper_ros/build/piper_msgs' returned '0': CMAKE_PREFIX_PATH=${CMAKE_PREFIX_PATH}:/home/cheon/Documents/dyros/piper-mou/piper_ros/install/piper:/home/cheon/Documents/dyros/piper-mou/install/piper_mujoco:/home/cheon/Documents/dyros/piper-mou/install/piper:/opt/ros/humble /usr/bin/cmake --install /home/cheon/Documents/dyros/piper-mou/piper_ros/build/piper_msgs
[2.244s] Level 1:colcon.colcon_core.environment:checking '/home/cheon/Documents/dyros/piper-mou/piper_ros/install/piper_msgs' for CMake config files
[2.246s] Level 1:colcon.colcon_core.shell:create_environment_hook('piper_msgs', 'cmake_prefix_path')
[2.247s] INFO:colcon.colcon_core.shell:Creating environment hook '/home/cheon/Documents/dyros/piper-mou/piper_ros/install/piper_msgs/share/piper_msgs/hook/cmake_prefix_path.ps1'
[2.248s] INFO:colcon.colcon_core.shell:Creating environment descriptor '/home/cheon/Documents/dyros/piper-mou/piper_ros/install/piper_msgs/share/piper_msgs/hook/cmake_prefix_path.dsv'
[2.249s] INFO:colcon.colcon_core.shell:Creating environment hook '/home/cheon/Documents/dyros/piper-mou/piper_ros/install/piper_msgs/share/piper_msgs/hook/cmake_prefix_path.sh'
[2.250s] Level 1:colcon.colcon_core.environment:checking '/home/cheon/Documents/dyros/piper-mou/piper_ros/install/piper_msgs/lib'
[2.251s] Level 1:colcon.colcon_core.shell:create_environment_hook('piper_msgs', 'ld_library_path_lib')
[2.251s] INFO:colcon.colcon_core.shell:Creating environment hook '/home/cheon/Documents/dyros/piper-mou/piper_ros/install/piper_msgs/share/piper_msgs/hook/ld_library_path_lib.ps1'
[2.252s] INFO:colcon.colcon_core.shell:Creating environment descriptor '/home/cheon/Documents/dyros/piper-mou/piper_ros/install/piper_msgs/share/piper_msgs/hook/ld_library_path_lib.dsv'
[2.253s] INFO:colcon.colcon_core.shell:Creating environment hook '/home/cheon/Documents/dyros/piper-mou/piper_ros/install/piper_msgs/share/piper_msgs/hook/ld_library_path_lib.sh'
[2.254s] Level 1:colcon.colcon_core.environment:checking '/home/cheon/Documents/dyros/piper-mou/piper_ros/install/piper_msgs/bin'
[2.254s] Level 1:colcon.colcon_core.environment:checking '/home/cheon/Documents/dyros/piper-mou/piper_ros/install/piper_msgs/lib/pkgconfig/piper_msgs.pc'
[2.255s] Level 1:colcon.colcon_core.environment:checking '/home/cheon/Documents/dyros/piper-mou/piper_ros/install/piper_msgs/lib/python3.10/site-packages'
[2.256s] Level 1:colcon.colcon_core.environment:checking '/home/cheon/Documents/dyros/piper-mou/piper_ros/install/piper_msgs/bin'
[2.256s] INFO:colcon.colcon_core.shell:Creating package script '/home/cheon/Documents/dyros/piper-mou/piper_ros/install/piper_msgs/share/piper_msgs/package.ps1'
[2.257s] INFO:colcon.colcon_core.shell:Creating package descriptor '/home/cheon/Documents/dyros/piper-mou/piper_ros/install/piper_msgs/share/piper_msgs/package.dsv'
[2.259s] INFO:colcon.colcon_core.shell:Creating package script '/home/cheon/Documents/dyros/piper-mou/piper_ros/install/piper_msgs/share/piper_msgs/package.sh'
[2.260s] INFO:colcon.colcon_core.shell:Creating package script '/home/cheon/Documents/dyros/piper-mou/piper_ros/install/piper_msgs/share/piper_msgs/package.bash'
[2.260s] INFO:colcon.colcon_core.shell:Creating package script '/home/cheon/Documents/dyros/piper-mou/piper_ros/install/piper_msgs/share/piper_msgs/package.zsh'
[2.261s] Level 1:colcon.colcon_core.environment:create_file_with_runtime_dependencies(/home/cheon/Documents/dyros/piper-mou/piper_ros/install/piper_msgs/share/colcon-core/packages/piper_msgs)
[2.263s] Level 1:colcon.colcon_core.environment:create_environment_scripts_only(piper_msgs)
[2.264s] Level 1:colcon.colcon_core.environment:checking '/home/cheon/Documents/dyros/piper-mou/piper_ros/install/piper_msgs' for CMake module files
[2.266s] Level 1:colcon.colcon_core.environment:checking '/home/cheon/Documents/dyros/piper-mou/piper_ros/install/piper_msgs' for CMake config files
[2.268s] Level 1:colcon.colcon_core.shell:create_environment_hook('piper_msgs', 'cmake_prefix_path')
[2.269s] INFO:colcon.colcon_core.shell:Creating environment hook '/home/cheon/Documents/dyros/piper-mou/piper_ros/install/piper_msgs/share/piper_msgs/hook/cmake_prefix_path.ps1'
[2.270s] INFO:colcon.colcon_core.shell:Creating environment descriptor '/home/cheon/Documents/dyros/piper-mou/piper_ros/install/piper_msgs/share/piper_msgs/hook/cmake_prefix_path.dsv'
[2.271s] INFO:colcon.colcon_core.shell:Creating environment hook '/home/cheon/Documents/dyros/piper-mou/piper_ros/install/piper_msgs/share/piper_msgs/hook/cmake_prefix_path.sh'
[2.272s] Level 1:colcon.colcon_core.environment:checking '/home/cheon/Documents/dyros/piper-mou/piper_ros/install/piper_msgs/lib'
[2.273s] Level 1:colcon.colcon_core.shell:create_environment_hook('piper_msgs', 'ld_library_path_lib')
[2.273s] INFO:colcon.colcon_core.shell:Creating environment hook '/home/cheon/Documents/dyros/piper-mou/piper_ros/install/piper_msgs/share/piper_msgs/hook/ld_library_path_lib.ps1'
[2.275s] INFO:colcon.colcon_core.shell:Creating environment descriptor '/home/cheon/Documents/dyros/piper-mou/piper_ros/install/piper_msgs/share/piper_msgs/hook/ld_library_path_lib.dsv'
[2.276s] INFO:colcon.colcon_core.shell:Creating environment hook '/home/cheon/Documents/dyros/piper-mou/piper_ros/install/piper_msgs/share/piper_msgs/hook/ld_library_path_lib.sh'
[2.277s] Level 1:colcon.colcon_core.environment:checking '/home/cheon/Documents/dyros/piper-mou/piper_ros/install/piper_msgs/bin'
[2.277s] Level 1:colcon.colcon_core.environment:checking '/home/cheon/Documents/dyros/piper-mou/piper_ros/install/piper_msgs/lib/pkgconfig/piper_msgs.pc'
[2.278s] Level 1:colcon.colcon_core.environment:checking '/home/cheon/Documents/dyros/piper-mou/piper_ros/install/piper_msgs/lib/python3.10/site-packages'
[2.279s] Level 1:colcon.colcon_core.environment:checking '/home/cheon/Documents/dyros/piper-mou/piper_ros/install/piper_msgs/bin'
[2.280s] INFO:colcon.colcon_core.shell:Creating package script '/home/cheon/Documents/dyros/piper-mou/piper_ros/install/piper_msgs/share/piper_msgs/package.ps1'
[2.282s] INFO:colcon.colcon_core.shell:Creating package descriptor '/home/cheon/Documents/dyros/piper-mou/piper_ros/install/piper_msgs/share/piper_msgs/package.dsv'
[2.284s] INFO:colcon.colcon_core.shell:Creating package script '/home/cheon/Documents/dyros/piper-mou/piper_ros/install/piper_msgs/share/piper_msgs/package.sh'
[2.285s] INFO:colcon.colcon_core.shell:Creating package script '/home/cheon/Documents/dyros/piper-mou/piper_ros/install/piper_msgs/share/piper_msgs/package.bash'
[2.287s] INFO:colcon.colcon_core.shell:Creating package script '/home/cheon/Documents/dyros/piper-mou/piper_ros/install/piper_msgs/share/piper_msgs/package.zsh'
[2.288s] Level 1:colcon.colcon_core.environment:create_file_with_runtime_dependencies(/home/cheon/Documents/dyros/piper-mou/piper_ros/install/piper_msgs/share/colcon-core/packages/piper_msgs)
[3.196s] Level 1:colcon.colcon_core.environment:checking '/home/cheon/Documents/dyros/piper-mou/piper_ros/install/piper' for CMake module files
[3.197s] DEBUG:colcon.colcon_core.event_handler.log_command:Invoked command in '/home/cheon/Documents/dyros/piper-mou/piper_ros/src/piper' returned '0': PYTHONPATH=/home/cheon/Documents/dyros/piper-mou/piper_ros/build/piper/prefix_override:/usr/lib/python3/dist-packages/colcon_core/task/python/colcon_distutils_commands:/home/cheon/Documents/dyros/piper-mou/piper_ros/install/piper/lib/python3.10/site-packages:${PYTHONPATH} /usr/bin/python3 -W ignore:setup.py install is deprecated -W ignore:easy_install command is deprecated setup.py egg_info --egg-base ../../build/piper build --build-base /home/cheon/Documents/dyros/piper-mou/piper_ros/build/piper/build install --record /home/cheon/Documents/dyros/piper-mou/piper_ros/build/piper/install.log --single-version-externally-managed install_data
[3.198s] Level 1:colcon.colcon_core.environment:checking '/home/cheon/Documents/dyros/piper-mou/piper_ros/install/piper' for CMake config files
[3.199s] Level 1:colcon.colcon_core.environment:checking '/home/cheon/Documents/dyros/piper-mou/piper_ros/install/piper/lib'
[3.199s] Level 1:colcon.colcon_core.environment:checking '/home/cheon/Documents/dyros/piper-mou/piper_ros/install/piper/bin'
[3.199s] Level 1:colcon.colcon_core.environment:checking '/home/cheon/Documents/dyros/piper-mou/piper_ros/install/piper/lib/pkgconfig/piper.pc'
[3.200s] Level 1:colcon.colcon_core.environment:checking '/home/cheon/Documents/dyros/piper-mou/piper_ros/install/piper/lib/python3.10/site-packages'
[3.200s] Level 1:colcon.colcon_core.shell:create_environment_hook('piper', 'pythonpath')
[3.200s] INFO:colcon.colcon_core.shell:Creating environment hook '/home/cheon/Documents/dyros/piper-mou/piper_ros/install/piper/share/piper/hook/pythonpath.ps1'
[3.201s] INFO:colcon.colcon_core.shell:Creating environment descriptor '/home/cheon/Documents/dyros/piper-mou/piper_ros/install/piper/share/piper/hook/pythonpath.dsv'
[3.202s] INFO:colcon.colcon_core.shell:Creating environment hook '/home/cheon/Documents/dyros/piper-mou/piper_ros/install/piper/share/piper/hook/pythonpath.sh'
[3.203s] Level 1:colcon.colcon_core.environment:checking '/home/cheon/Documents/dyros/piper-mou/piper_ros/install/piper/bin'
[3.203s] Level 1:colcon.colcon_core.environment:create_environment_scripts_only(piper)
[3.204s] INFO:colcon.colcon_core.shell:Creating package script '/home/cheon/Documents/dyros/piper-mou/piper_ros/install/piper/share/piper/package.ps1'
[3.205s] INFO:colcon.colcon_core.shell:Creating package descriptor '/home/cheon/Documents/dyros/piper-mou/piper_ros/install/piper/share/piper/package.dsv'
[3.205s] INFO:colcon.colcon_core.shell:Creating package script '/home/cheon/Documents/dyros/piper-mou/piper_ros/install/piper/share/piper/package.sh'
[3.206s] INFO:colcon.colcon_core.shell:Creating package script '/home/cheon/Documents/dyros/piper-mou/piper_ros/install/piper/share/piper/package.bash'
[3.207s] INFO:colcon.colcon_core.shell:Creating package script '/home/cheon/Documents/dyros/piper-mou/piper_ros/install/piper/share/piper/package.zsh'
[3.208s] Level 1:colcon.colcon_core.environment:create_file_with_runtime_dependencies(/home/cheon/Documents/dyros/piper-mou/piper_ros/install/piper/share/colcon-core/packages/piper)
[15.273s] DEBUG:colcon.colcon_core.event_handler.log_command:Invoked command in '/home/cheon/Documents/dyros/piper-mou/piper_ros/build/piper_with_gripper_moveit' returned '2': CMAKE_PREFIX_PATH=/home/cheon/Documents/dyros/piper-mou/piper_ros/install/piper_description:/home/cheon/Documents/dyros/piper-mou/piper_ros/install/piper_with_gripper_moveit:/home/cheon/Documents/dyros/piper-mou/piper_ros/install/piper_no_gripper_moveit:/home/cheon/Documents/dyros/piper-mou/piper_ros/install/piper_msgs:/home/cheon/Documents/dyros/piper-mou/piper_ros/install/piper_humble:/home/cheon/Documents/dyros/piper-mou/piper_ros/install/piper_gazebo:/home/cheon/Documents/dyros/piper-mou/install/xela_server_ros2:/home/cheon/Documents/dyros/piper-mou/install/topic_based_ros2_control:/home/cheon/Documents/dyros/piper-mou/install/piper_with_gripper_moveit:/home/cheon/Documents/dyros/piper-mou/install/piper_no_gripper_moveit:/home/cheon/Documents/dyros/piper-mou/install/piper_msgs:/home/cheon/Documents/dyros/piper-mou/install/piper_humble:/home/cheon/Documents/dyros/piper-mou/install/piper_gazebo:/home/cheon/Documents/dyros/piper-mou/install/piper_description:/home/cheon/Documents/dyros/piper-mou/install/moveit_mujoco_interface:/home/cheon/Documents/dyros/piper-mou/piper_ros/install/piper:/home/cheon/Documents/dyros/piper-mou/install/piper_mujoco:/home/cheon/Documents/dyros/piper-mou/install/piper:/opt/ros/humble /usr/bin/cmake --build /home/cheon/Documents/dyros/piper-mou/piper_ros/build/piper_with_gripper_moveit -- -j12 -l12
[15.274s] Level 1:colcon.colcon_core.environment:create_environment_scripts_only(piper_with_gripper_moveit)
[15.275s] Level 1:colcon.colcon_core.environment:checking '/home/cheon/Documents/dyros/piper-mou/piper_ros/install/piper_with_gripper_moveit' for CMake module files
[15.276s] Level 1:colcon.colcon_core.environment:checking '/home/cheon/Documents/dyros/piper-mou/piper_ros/install/piper_with_gripper_moveit' for CMake config files
[15.277s] Level 1:colcon.colcon_core.shell:create_environment_hook('piper_with_gripper_moveit', 'cmake_prefix_path')
[15.277s] INFO:colcon.colcon_core.shell:Creating environment hook '/home/cheon/Documents/dyros/piper-mou/piper_ros/install/piper_with_gripper_moveit/share/piper_with_gripper_moveit/hook/cmake_prefix_path.ps1'
[15.278s] INFO:colcon.colcon_core.shell:Creating environment descriptor '/home/cheon/Documents/dyros/piper-mou/piper_ros/install/piper_with_gripper_moveit/share/piper_with_gripper_moveit/hook/cmake_prefix_path.dsv'
[15.279s] INFO:colcon.colcon_core.shell:Creating environment hook '/home/cheon/Documents/dyros/piper-mou/piper_ros/install/piper_with_gripper_moveit/share/piper_with_gripper_moveit/hook/cmake_prefix_path.sh'
[15.279s] Level 1:colcon.colcon_core.environment:checking '/home/cheon/Documents/dyros/piper-mou/piper_ros/install/piper_with_gripper_moveit/lib'
[15.280s] Level 1:colcon.colcon_core.shell:create_environment_hook('piper_with_gripper_moveit', 'ld_library_path_lib')
[15.280s] INFO:colcon.colcon_core.shell:Creating environment hook '/home/cheon/Documents/dyros/piper-mou/piper_ros/install/piper_with_gripper_moveit/share/piper_with_gripper_moveit/hook/ld_library_path_lib.ps1'
[15.281s] INFO:colcon.colcon_core.shell:Creating environment descriptor '/home/cheon/Documents/dyros/piper-mou/piper_ros/install/piper_with_gripper_moveit/share/piper_with_gripper_moveit/hook/ld_library_path_lib.dsv'
[15.281s] INFO:colcon.colcon_core.shell:Creating environment hook '/home/cheon/Documents/dyros/piper-mou/piper_ros/install/piper_with_gripper_moveit/share/piper_with_gripper_moveit/hook/ld_library_path_lib.sh'
[15.282s] Level 1:colcon.colcon_core.environment:checking '/home/cheon/Documents/dyros/piper-mou/piper_ros/install/piper_with_gripper_moveit/bin'
[15.282s] Level 1:colcon.colcon_core.environment:checking '/home/cheon/Documents/dyros/piper-mou/piper_ros/install/piper_with_gripper_moveit/lib/pkgconfig/piper_with_gripper_moveit.pc'
[15.282s] Level 1:colcon.colcon_core.environment:checking '/home/cheon/Documents/dyros/piper-mou/piper_ros/install/piper_with_gripper_moveit/lib/python3.10/site-packages'
[15.282s] Level 1:colcon.colcon_core.environment:checking '/home/cheon/Documents/dyros/piper-mou/piper_ros/install/piper_with_gripper_moveit/bin'
[15.283s] INFO:colcon.colcon_core.shell:Creating package script '/home/cheon/Documents/dyros/piper-mou/piper_ros/install/piper_with_gripper_moveit/share/piper_with_gripper_moveit/package.ps1'
[15.284s] INFO:colcon.colcon_core.shell:Creating package descriptor '/home/cheon/Documents/dyros/piper-mou/piper_ros/install/piper_with_gripper_moveit/share/piper_with_gripper_moveit/package.dsv'
[15.285s] INFO:colcon.colcon_core.shell:Creating package script '/home/cheon/Documents/dyros/piper-mou/piper_ros/install/piper_with_gripper_moveit/share/piper_with_gripper_moveit/package.sh'
[15.285s] INFO:colcon.colcon_core.shell:Creating package script '/home/cheon/Documents/dyros/piper-mou/piper_ros/install/piper_with_gripper_moveit/share/piper_with_gripper_moveit/package.bash'
[15.286s] INFO:colcon.colcon_core.shell:Creating package script '/home/cheon/Documents/dyros/piper-mou/piper_ros/install/piper_with_gripper_moveit/share/piper_with_gripper_moveit/package.zsh'
[15.286s] Level 1:colcon.colcon_core.environment:create_file_with_runtime_dependencies(/home/cheon/Documents/dyros/piper-mou/piper_ros/install/piper_with_gripper_moveit/share/colcon-core/packages/piper_with_gripper_moveit)
[15.297s] DEBUG:colcon.colcon_parallel_executor.executor.parallel:closing loop
[15.297s] DEBUG:colcon.colcon_parallel_executor.executor.parallel:loop closed
[15.297s] DEBUG:colcon.colcon_parallel_executor.executor.parallel:run_until_complete finished with '2'
[15.298s] DEBUG:colcon.colcon_core.event_reactor:joining thread
[15.305s] INFO:colcon.colcon_core.plugin_system:Skipping extension 'colcon_notification.desktop_notification.terminal_notifier': Not used on non-Darwin systems
[15.305s] INFO:colcon.colcon_core.plugin_system:Skipping extension 'colcon_notification.desktop_notification.win32': Not used on non-Windows systems
[15.305s] INFO:colcon.colcon_notification.desktop_notification:Sending desktop notification using 'notify2'
[15.320s] DEBUG:colcon.colcon_core.event_reactor:joined thread
[15.320s] INFO:colcon.colcon_core.shell:Creating prefix script '/home/cheon/Documents/dyros/piper-mou/piper_ros/install/local_setup.ps1'
[15.322s] INFO:colcon.colcon_core.shell:Creating prefix util module '/home/cheon/Documents/dyros/piper-mou/piper_ros/install/_local_setup_util_ps1.py'
[15.324s] INFO:colcon.colcon_core.shell:Creating prefix chain script '/home/cheon/Documents/dyros/piper-mou/piper_ros/install/setup.ps1'
[15.327s] INFO:colcon.colcon_core.shell:Creating prefix script '/home/cheon/Documents/dyros/piper-mou/piper_ros/install/local_setup.sh'
[15.329s] INFO:colcon.colcon_core.shell:Creating prefix util module '/home/cheon/Documents/dyros/piper-mou/piper_ros/install/_local_setup_util_sh.py'
[15.329s] INFO:colcon.colcon_core.shell:Creating prefix chain script '/home/cheon/Documents/dyros/piper-mou/piper_ros/install/setup.sh'
[15.333s] INFO:colcon.colcon_core.shell:Creating prefix script '/home/cheon/Documents/dyros/piper-mou/piper_ros/install/local_setup.bash'
[15.334s] INFO:colcon.colcon_core.shell:Creating prefix chain script '/home/cheon/Documents/dyros/piper-mou/piper_ros/install/setup.bash'
[15.337s] INFO:colcon.colcon_core.shell:Creating prefix script '/home/cheon/Documents/dyros/piper-mou/piper_ros/install/local_setup.zsh'
[15.338s] INFO:colcon.colcon_core.shell:Creating prefix chain script '/home/cheon/Documents/dyros/piper-mou/piper_ros/install/setup.zsh'
