[0.540s] Invoking command in '/home/cheon/Documents/dyros/piper-mou/piper_ros/build/piper_gazebo': CMAKE_PREFIX_PATH=${CMAKE_PREFIX_PATH}:/home/cheon/Documents/dyros/piper-mou/piper_ros/install/piper:/home/cheon/Documents/dyros/piper-mou/install/piper_mujoco:/home/cheon/Documents/dyros/piper-mou/install/piper:/opt/ros/humble /usr/bin/cmake --build /home/cheon/Documents/dyros/piper-mou/piper_ros/build/piper_gazebo -- -j12 -l12
[0.644s] Invoked command in '/home/cheon/Documents/dyros/piper-mou/piper_ros/build/piper_gazebo' returned '0': CMAKE_PREFIX_PATH=${CMAKE_PREFIX_PATH}:/home/cheon/Documents/dyros/piper-mou/piper_ros/install/piper:/home/cheon/Documents/dyros/piper-mou/install/piper_mujoco:/home/cheon/Documents/dyros/piper-mou/install/piper:/opt/ros/humble /usr/bin/cmake --build /home/cheon/Documents/dyros/piper-mou/piper_ros/build/piper_gazebo -- -j12 -l12
[0.653s] Invoking command in '/home/cheon/Documents/dyros/piper-mou/piper_ros/build/piper_gazebo': CMAKE_PREFIX_PATH=${CMAKE_PREFIX_PATH}:/home/cheon/Documents/dyros/piper-mou/piper_ros/install/piper:/home/cheon/Documents/dyros/piper-mou/install/piper_mujoco:/home/cheon/Documents/dyros/piper-mou/install/piper:/opt/ros/humble /usr/bin/cmake --install /home/cheon/Documents/dyros/piper-mou/piper_ros/build/piper_gazebo
[0.710s] -- Install configuration: ""
[0.718s] -- Execute custom install script
[0.718s] -- Up-to-date symlink: /home/cheon/Documents/dyros/piper-mou/piper_ros/install/piper_gazebo/share/piper_gazebo/launch/piper_no_gripper/piper_no_gripper_gazebo.launch.py
[0.724s] -- Up-to-date symlink: /home/cheon/Documents/dyros/piper-mou/piper_ros/install/piper_gazebo/share/piper_gazebo/launch/piper_with_gripper/piper_gazebo.launch.py
[0.725s] -- Up-to-date symlink: /home/cheon/Documents/dyros/piper-mou/piper_ros/install/piper_gazebo/share/piper_gazebo/config/ros2_controllers.yaml
[0.725s] -- Up-to-date symlink: /home/cheon/Documents/dyros/piper-mou/piper_ros/install/piper_gazebo/share/piper_gazebo/config/ros2_no_gripper_controllers.yaml
[0.739s] -- Up-to-date symlink: /home/cheon/Documents/dyros/piper-mou/piper_ros/install/piper_gazebo/share/piper_gazebo/scripts/joint8_ctrl.py
[0.740s] -- Up-to-date symlink: /home/cheon/Documents/dyros/piper-mou/piper_ros/install/piper_gazebo/lib/piper_gazebo/joint8_ctrl.py
[0.740s] -- Up-to-date symlink: /home/cheon/Documents/dyros/piper-mou/piper_ros/install/piper_gazebo/share/ament_index/resource_index/package_run_dependencies/piper_gazebo
[0.740s] -- Up-to-date symlink: /home/cheon/Documents/dyros/piper-mou/piper_ros/install/piper_gazebo/share/ament_index/resource_index/parent_prefix_path/piper_gazebo
[0.740s] -- Up-to-date symlink: /home/cheon/Documents/dyros/piper-mou/piper_ros/install/piper_gazebo/share/piper_gazebo/environment/ament_prefix_path.sh
[0.741s] -- Up-to-date symlink: /home/cheon/Documents/dyros/piper-mou/piper_ros/install/piper_gazebo/share/piper_gazebo/environment/ament_prefix_path.dsv
[0.741s] -- Up-to-date symlink: /home/cheon/Documents/dyros/piper-mou/piper_ros/install/piper_gazebo/share/piper_gazebo/environment/path.sh
[0.741s] -- Up-to-date symlink: /home/cheon/Documents/dyros/piper-mou/piper_ros/install/piper_gazebo/share/piper_gazebo/environment/path.dsv
[0.741s] -- Up-to-date symlink: /home/cheon/Documents/dyros/piper-mou/piper_ros/install/piper_gazebo/share/piper_gazebo/local_setup.bash
[0.742s] -- Up-to-date symlink: /home/cheon/Documents/dyros/piper-mou/piper_ros/install/piper_gazebo/share/piper_gazebo/local_setup.sh
[0.745s] -- Up-to-date symlink: /home/cheon/Documents/dyros/piper-mou/piper_ros/install/piper_gazebo/share/piper_gazebo/local_setup.zsh
[0.745s] -- Up-to-date symlink: /home/cheon/Documents/dyros/piper-mou/piper_ros/install/piper_gazebo/share/piper_gazebo/local_setup.dsv
[0.745s] -- Symlinking: /home/cheon/Documents/dyros/piper-mou/piper_ros/install/piper_gazebo/share/piper_gazebo/package.dsv
[0.747s] -- Up-to-date symlink: /home/cheon/Documents/dyros/piper-mou/piper_ros/install/piper_gazebo/share/ament_index/resource_index/packages/piper_gazebo
[0.747s] -- Up-to-date symlink: /home/cheon/Documents/dyros/piper-mou/piper_ros/install/piper_gazebo/share/piper_gazebo/cmake/piper_gazeboConfig.cmake
[0.747s] -- Up-to-date symlink: /home/cheon/Documents/dyros/piper-mou/piper_ros/install/piper_gazebo/share/piper_gazebo/cmake/piper_gazeboConfig-version.cmake
[0.748s] -- Up-to-date symlink: /home/cheon/Documents/dyros/piper-mou/piper_ros/install/piper_gazebo/share/piper_gazebo/package.xml
[0.906s] Invoked command in '/home/cheon/Documents/dyros/piper-mou/piper_ros/build/piper_gazebo' returned '0': CMAKE_PREFIX_PATH=${CMAKE_PREFIX_PATH}:/home/cheon/Documents/dyros/piper-mou/piper_ros/install/piper:/home/cheon/Documents/dyros/piper-mou/install/piper_mujoco:/home/cheon/Documents/dyros/piper-mou/install/piper:/opt/ros/humble /usr/bin/cmake --install /home/cheon/Documents/dyros/piper-mou/piper_ros/build/piper_gazebo
