[0.012s] Invoking command in '/home/dyros/mcy_ws/piper-mou/build/piper_with_gripper_moveit': CMAKE_PREFIX_PATH=/home/dyros/mcy_ws/piper-mou/install/piper_description:/home/dyros/mcy_ws/piper-mou/install/trac_ik:/home/dyros/mcy_ws/piper-mou/install/trac_ik_lib:/home/dyros/mcy_ws/piper-mou/install/xela_server_ros2:/home/dyros/mcy_ws/piper-mou/install/topic_based_ros2_control:/home/dyros/mcy_ws/piper-mou/install/piper_with_gripper_moveit:/home/dyros/mcy_ws/piper-mou/install/piper_no_gripper_moveit:/home/dyros/mcy_ws/piper-mou/install/piper_msgs:/home/dyros/mcy_ws/piper-mou/install/piper_humble:/home/dyros/mcy_ws/piper-mou/install/piper_gazebo:/home/dyros/mcy_ws/piper-mou/install/moveit_mujoco_interface:/home/dyros/tocabi_isaac_ws/install/tocabi_cc_ros2:/home/dyros/tocabi_isaac_ws/install/tocabi_lib:/home/dyros/tocabi_isaac_ws/install/tocabi_msgs:/home/dyros/tocabi_isaac_ws/install/tocabi_isaacsim_ros2:/home/dyros/mcy_ws/piper-mou/install/piper:/opt/ros/humble /usr/bin/cmake /home/dyros/mcy_ws/piper-mou/src/piper_ros/src/piper_moveit/piper_with_gripper_moveit -DCMAKE_INSTALL_PREFIX=/home/dyros/mcy_ws/piper-mou/install/piper_with_gripper_moveit
[0.069s] -- The C compiler identification is GNU 11.4.0
[0.144s] -- The CXX compiler identification is GNU 11.4.0
[0.154s] -- Detecting C compiler ABI info
[0.222s] -- Detecting C compiler ABI info - done
[0.234s] -- Check for working C compiler: /usr/bin/cc - skipped
[0.234s] -- Detecting C compile features
[0.235s] -- Detecting C compile features - done
[0.239s] -- Detecting CXX compiler ABI info
[0.313s] -- Detecting CXX compiler ABI info - done
[0.321s] -- Check for working CXX compiler: /usr/bin/c++ - skipped
[0.321s] -- Detecting CXX compile features
[0.321s] -- Detecting CXX compile features - done
[0.324s] -- Found ament_cmake: 1.3.11 (/opt/ros/humble/share/ament_cmake/cmake)
[0.752s] -- Found Python3: /usr/bin/python3 (found version "3.10.12") found components: Interpreter 
[0.867s] -- Found rclcpp: 16.0.12 (/opt/ros/humble/share/rclcpp/cmake)
[0.938s] -- Found rosidl_generator_c: 3.1.6 (/opt/ros/humble/share/rosidl_generator_c/cmake)
[0.948s] -- Found rosidl_adapter: 3.1.6 (/opt/ros/humble/share/rosidl_adapter/cmake)
[0.963s] -- Found rosidl_generator_cpp: 3.1.6 (/opt/ros/humble/share/rosidl_generator_cpp/cmake)
[0.985s] -- Using all available rosidl_typesupport_c: rosidl_typesupport_fastrtps_c;rosidl_typesupport_introspection_c
[1.016s] -- Using all available rosidl_typesupport_cpp: rosidl_typesupport_fastrtps_cpp;rosidl_typesupport_introspection_cpp
[1.097s] -- Found rmw_implementation_cmake: 6.1.2 (/opt/ros/humble/share/rmw_implementation_cmake/cmake)
[1.102s] -- Found rmw_fastrtps_cpp: 6.2.7 (/opt/ros/humble/share/rmw_fastrtps_cpp/cmake)
[1.227s] -- Found OpenSSL: /usr/lib/x86_64-linux-gnu/libcrypto.so (found version "3.0.2")  
[1.262s] -- Found FastRTPS: /opt/ros/humble/include  
[1.316s] -- Using RMW implementation 'rmw_fastrtps_cpp' as default
[1.332s] -- Looking for pthread.h
[1.414s] -- Looking for pthread.h - found
[1.415s] -- Performing Test CMAKE_HAVE_LIBC_PTHREAD
[1.525s] -- Performing Test CMAKE_HAVE_LIBC_PTHREAD - Success
[1.527s] -- Found Threads: TRUE  
[1.617s] -- Found geometry_msgs: 4.9.0 (/opt/ros/humble/share/geometry_msgs/cmake)
[1.643s] -- Found moveit_ros_planning_interface: 2.5.9 (/opt/ros/humble/share/moveit_ros_planning_interface/cmake)
[1.683s] -- Found Boost: /usr/lib/x86_64-linux-gnu/cmake/Boost-1.74.0/BoostConfig.cmake (found version "1.74.0") found components: date_time filesystem program_options system thread 
[1.976s] -- Found Boost: /usr/lib/x86_64-linux-gnu/cmake/Boost-1.74.0/BoostConfig.cmake (found version "1.74.0") found components: chrono date_time filesystem iostreams program_options regex serialization system thread 
[2.066s] -- Found parameter_traits: 0.5.0 (/opt/ros/humble/share/parameter_traits/cmake)
[2.090s] -- Found rclcpp_lifecycle: 16.0.12 (/opt/ros/humble/share/rclcpp_lifecycle/cmake)
[2.131s] -- Found Boost: /usr/lib/x86_64-linux-gnu/cmake/Boost-1.74.0/BoostConfig.cmake (found version "1.74.0") found components: filesystem 
[2.350s] -- library: /usr/lib/x86_64-linux-gnu/libcurl.so
[2.444s] -- Found Eigen3: TRUE (found version "3.4.0") 
[2.444s] -- Ensuring Eigen3 include directory is part of orocos-kdl CMake target
[2.723s] -- Found Boost: /usr/lib/x86_64-linux-gnu/cmake/Boost-1.74.0/BoostConfig.cmake (found version "1.74.0") found components: system filesystem date_time program_options thread chrono 
[2.782s] -- Found Boost: /usr/lib/x86_64-linux-gnu/cmake/Boost-1.74.0/BoostConfig.cmake (found version "1.74.0") found components: thread system filesystem regex date_time program_options 
[2.824s] -- Found Boost: /usr/lib/x86_64-linux-gnu/cmake/Boost-1.74.0/BoostConfig.cmake (found version "1.74.0") found components: system filesystem date_time program_options thread 
[2.878s] -- Found control_msgs: 4.8.0 (/opt/ros/humble/share/control_msgs/cmake)
[2.927s] -- Found rclpy: 3.3.16 (/opt/ros/humble/share/rclpy/cmake)
[2.931s] -- Found rosidl_default_generators: 1.2.0 (/opt/ros/humble/share/rosidl_default_generators/cmake)
[3.562s] -- Found ament_cmake_ros: 0.10.0 (/opt/ros/humble/share/ament_cmake_ros/cmake)
[4.812s] -- Using all available rosidl_typesupport_c: rosidl_typesupport_fastrtps_c;rosidl_typesupport_introspection_c
[5.031s] -- Using all available rosidl_typesupport_cpp: rosidl_typesupport_fastrtps_cpp;rosidl_typesupport_introspection_cpp
[5.060s] -- Found PythonInterp: /usr/bin/python3 (found suitable version "3.10.12", minimum required is "3.6") 
[5.063s] -- Found python_cmake_module: 0.10.0 (/opt/ros/humble/share/python_cmake_module/cmake)
[5.092s] -- Found PythonLibs: /usr/lib/x86_64-linux-gnu/libpython3.10.so (found suitable version "3.10.12", minimum required is "3.5") 
[5.092s] -- Using PYTHON_EXECUTABLE: /usr/bin/python3
[5.092s] -- Using PYTHON_INCLUDE_DIRS: /usr/include/python3.10
[5.093s] -- Using PYTHON_LIBRARIES: /usr/lib/x86_64-linux-gnu/libpython3.10.so
[5.117s] -- Found PythonExtra: .so  
[5.217s] -- Configuring done
[5.314s] -- Generating done
[5.350s] -- Build files have been written to: /home/dyros/mcy_ws/piper-mou/build/piper_with_gripper_moveit
[5.369s] Invoked command in '/home/dyros/mcy_ws/piper-mou/build/piper_with_gripper_moveit' returned '0': CMAKE_PREFIX_PATH=/home/dyros/mcy_ws/piper-mou/install/piper_description:/home/dyros/mcy_ws/piper-mou/install/trac_ik:/home/dyros/mcy_ws/piper-mou/install/trac_ik_lib:/home/dyros/mcy_ws/piper-mou/install/xela_server_ros2:/home/dyros/mcy_ws/piper-mou/install/topic_based_ros2_control:/home/dyros/mcy_ws/piper-mou/install/piper_with_gripper_moveit:/home/dyros/mcy_ws/piper-mou/install/piper_no_gripper_moveit:/home/dyros/mcy_ws/piper-mou/install/piper_msgs:/home/dyros/mcy_ws/piper-mou/install/piper_humble:/home/dyros/mcy_ws/piper-mou/install/piper_gazebo:/home/dyros/mcy_ws/piper-mou/install/moveit_mujoco_interface:/home/dyros/tocabi_isaac_ws/install/tocabi_cc_ros2:/home/dyros/tocabi_isaac_ws/install/tocabi_lib:/home/dyros/tocabi_isaac_ws/install/tocabi_msgs:/home/dyros/tocabi_isaac_ws/install/tocabi_isaacsim_ros2:/home/dyros/mcy_ws/piper-mou/install/piper:/opt/ros/humble /usr/bin/cmake /home/dyros/mcy_ws/piper-mou/src/piper_ros/src/piper_moveit/piper_with_gripper_moveit -DCMAKE_INSTALL_PREFIX=/home/dyros/mcy_ws/piper-mou/install/piper_with_gripper_moveit
[5.371s] Invoking command in '/home/dyros/mcy_ws/piper-mou/build/piper_with_gripper_moveit': CMAKE_PREFIX_PATH=/home/dyros/mcy_ws/piper-mou/install/piper_description:/home/dyros/mcy_ws/piper-mou/install/trac_ik:/home/dyros/mcy_ws/piper-mou/install/trac_ik_lib:/home/dyros/mcy_ws/piper-mou/install/xela_server_ros2:/home/dyros/mcy_ws/piper-mou/install/topic_based_ros2_control:/home/dyros/mcy_ws/piper-mou/install/piper_with_gripper_moveit:/home/dyros/mcy_ws/piper-mou/install/piper_no_gripper_moveit:/home/dyros/mcy_ws/piper-mou/install/piper_msgs:/home/dyros/mcy_ws/piper-mou/install/piper_humble:/home/dyros/mcy_ws/piper-mou/install/piper_gazebo:/home/dyros/mcy_ws/piper-mou/install/moveit_mujoco_interface:/home/dyros/tocabi_isaac_ws/install/tocabi_cc_ros2:/home/dyros/tocabi_isaac_ws/install/tocabi_lib:/home/dyros/tocabi_isaac_ws/install/tocabi_msgs:/home/dyros/tocabi_isaac_ws/install/tocabi_isaacsim_ros2:/home/dyros/mcy_ws/piper-mou/install/piper:/opt/ros/humble /usr/bin/cmake --build /home/dyros/mcy_ws/piper-mou/build/piper_with_gripper_moveit -- -j20 -l20
[5.416s] [  2%] [34m[1mGenerating C code for ROS interfaces[0m
[5.423s] [  4%] [32mBuilding CXX object CMakeFiles/joint_goal_node.dir/src/joint_goal.cpp.o[0m
[5.425s] [  6%] [32mBuilding CXX object CMakeFiles/planning_scene_node.dir/src/planning_scene.cpp.o[0m
[5.425s] [  8%] [34m[1mGenerating C++ code for ROS interfaces[0m
[5.426s] [ 10%] [32mBuilding CXX object CMakeFiles/joint_goal_cmd_node.dir/src/joint_goal_cmd.cpp.o[0m
[5.429s] [ 10%] Built target ament_cmake_python_copy_piper_with_gripper_moveit
[5.674s] running egg_info
[5.695s] creating piper_with_gripper_moveit.egg-info
[5.695s] writing piper_with_gripper_moveit.egg-info/PKG-INFO
[5.695s] writing dependency_links to piper_with_gripper_moveit.egg-info/dependency_links.txt
[5.695s] writing top-level names to piper_with_gripper_moveit.egg-info/top_level.txt
[5.696s] writing manifest file 'piper_with_gripper_moveit.egg-info/SOURCES.txt'
[5.757s] reading manifest file 'piper_with_gripper_moveit.egg-info/SOURCES.txt'
[5.758s] writing manifest file 'piper_with_gripper_moveit.egg-info/SOURCES.txt'
[5.787s] [ 10%] Built target ament_cmake_python_build_piper_with_gripper_moveit_egg
[6.299s] [ 12%] [32mBuilding C object CMakeFiles/piper_with_gripper_moveit__rosidl_generator_c.dir/rosidl_generator_c/piper_with_gripper_moveit/action/detail/pose_goal__functions.c.o[0m
[6.301s] [ 14%] [32mBuilding C object CMakeFiles/piper_with_gripper_moveit__rosidl_generator_c.dir/rosidl_generator_c/piper_with_gripper_moveit/action/detail/target_pose__functions.c.o[0m
[6.342s] [ 14%] Built target piper_with_gripper_moveit__cpp
[6.354s] [ 17%] [34m[1mGenerating C++ introspection for ROS interfaces[0m
[6.358s] [ 21%] [34m[1mGenerating C++ type support dispatch for ROS interfaces[0m
[6.358s] [ 21%] [34m[1mGenerating C++ type support for eProsima Fast-RTPS[0m
[6.491s] [ 23%] [32m[1mLinking C shared library libpiper_with_gripper_moveit__rosidl_generator_c.so[0m
[6.535s] [ 23%] Built target piper_with_gripper_moveit__rosidl_generator_c
[6.549s] [ 25%] [34m[1mGenerating C type support dispatch for ROS interfaces[0m
[6.551s] [ 27%] [34m[1mGenerating C introspection for ROS interfaces[0m
[6.552s] [ 29%] [34m[1mGenerating C type support for eProsima Fast-RTPS[0m
[6.951s] [ 34%] [32mBuilding CXX object CMakeFiles/piper_with_gripper_moveit__rosidl_typesupport_cpp.dir/rosidl_typesupport_cpp/piper_with_gripper_moveit/action/target_pose__type_support.cpp.o[0m
[6.952s] [ 34%] [32mBuilding CXX object CMakeFiles/piper_with_gripper_moveit__rosidl_typesupport_cpp.dir/rosidl_typesupport_cpp/piper_with_gripper_moveit/action/pose_goal__type_support.cpp.o[0m
[7.003s] [ 36%] [32mBuilding CXX object CMakeFiles/piper_with_gripper_moveit__rosidl_typesupport_introspection_cpp.dir/rosidl_typesupport_introspection_cpp/piper_with_gripper_moveit/action/detail/pose_goal__type_support.cpp.o[0m
[7.003s] [ 38%] [32mBuilding CXX object CMakeFiles/piper_with_gripper_moveit__rosidl_typesupport_introspection_cpp.dir/rosidl_typesupport_introspection_cpp/piper_with_gripper_moveit/action/detail/target_pose__type_support.cpp.o[0m
[7.267s] [ 40%] [32mBuilding C object CMakeFiles/piper_with_gripper_moveit__rosidl_typesupport_introspection_c.dir/rosidl_typesupport_introspection_c/piper_with_gripper_moveit/action/detail/target_pose__type_support.c.o[0m
[7.269s] [ 42%] [32mBuilding C object CMakeFiles/piper_with_gripper_moveit__rosidl_typesupport_introspection_c.dir/rosidl_typesupport_introspection_c/piper_with_gripper_moveit/action/detail/pose_goal__type_support.c.o[0m
[7.318s] [ 46%] [32mBuilding CXX object CMakeFiles/piper_with_gripper_moveit__rosidl_typesupport_fastrtps_cpp.dir/rosidl_typesupport_fastrtps_cpp/piper_with_gripper_moveit/action/detail/dds_fastrtps/pose_goal__type_support.cpp.o[0m
[7.320s] [ 46%] [32mBuilding CXX object CMakeFiles/piper_with_gripper_moveit__rosidl_typesupport_fastrtps_cpp.dir/rosidl_typesupport_fastrtps_cpp/piper_with_gripper_moveit/action/detail/dds_fastrtps/target_pose__type_support.cpp.o[0m
[7.346s] [ 48%] [32m[1mLinking C shared library libpiper_with_gripper_moveit__rosidl_typesupport_introspection_c.so[0m
[7.367s] [ 51%] [32mBuilding CXX object CMakeFiles/piper_with_gripper_moveit__rosidl_typesupport_c.dir/rosidl_typesupport_c/piper_with_gripper_moveit/action/pose_goal__type_support.cpp.o[0m
[7.369s] [ 53%] [32mBuilding CXX object CMakeFiles/piper_with_gripper_moveit__rosidl_typesupport_c.dir/rosidl_typesupport_c/piper_with_gripper_moveit/action/target_pose__type_support.cpp.o[0m
[7.398s] [ 53%] Built target piper_with_gripper_moveit__rosidl_typesupport_introspection_c
[7.437s] [ 55%] [32m[1mLinking CXX shared library libpiper_with_gripper_moveit__rosidl_typesupport_c.so[0m
[7.502s] [ 55%] Built target piper_with_gripper_moveit__rosidl_typesupport_c
[7.572s] [ 57%] [32mBuilding CXX object CMakeFiles/piper_with_gripper_moveit__rosidl_typesupport_fastrtps_c.dir/rosidl_typesupport_fastrtps_c/piper_with_gripper_moveit/action/detail/pose_goal__type_support_c.cpp.o[0m
[7.582s] [ 59%] [32mBuilding CXX object CMakeFiles/piper_with_gripper_moveit__rosidl_typesupport_fastrtps_c.dir/rosidl_typesupport_fastrtps_c/piper_with_gripper_moveit/action/detail/target_pose__type_support_c.cpp.o[0m
[7.694s] [ 61%] [32m[1mLinking CXX shared library libpiper_with_gripper_moveit__rosidl_typesupport_cpp.so[0m
[7.761s] [ 61%] Built target piper_with_gripper_moveit__rosidl_typesupport_cpp
[7.795s] [ 63%] [32mBuilding CXX object CMakeFiles/pose_goal_node.dir/src/pose_goal.cpp.o[0m
[7.968s] [ 65%] [32m[1mLinking CXX shared library libpiper_with_gripper_moveit__rosidl_typesupport_introspection_cpp.so[0m
[8.101s] [ 65%] Built target piper_with_gripper_moveit__rosidl_typesupport_introspection_cpp
[8.200s] [ 68%] [32m[1mLinking CXX shared library libpiper_with_gripper_moveit__rosidl_typesupport_fastrtps_c.so[0m
[8.202s] [ 70%] [32m[1mLinking CXX shared library libpiper_with_gripper_moveit__rosidl_typesupport_fastrtps_cpp.so[0m
[8.295s] [ 70%] Built target piper_with_gripper_moveit__rosidl_typesupport_fastrtps_cpp
[8.301s] [ 70%] Built target piper_with_gripper_moveit__rosidl_typesupport_fastrtps_c
[8.321s] [ 70%] Built target piper_with_gripper_moveit
[8.342s] [ 72%] [34m[1mGenerating Python code for ROS interfaces[0m
[10.022s] [ 72%] Built target piper_with_gripper_moveit__py
[10.042s] [ 74%] [32mBuilding C object CMakeFiles/piper_with_gripper_moveit__rosidl_generator_py.dir/rosidl_generator_py/piper_with_gripper_moveit/action/_pose_goal_s.c.o[0m
[10.047s] [ 76%] [32mBuilding C object CMakeFiles/piper_with_gripper_moveit__rosidl_generator_py.dir/rosidl_generator_py/piper_with_gripper_moveit/action/_target_pose_s.c.o[0m
[10.198s] [ 78%] [32m[1mLinking C shared library rosidl_generator_py/piper_with_gripper_moveit/libpiper_with_gripper_moveit__rosidl_generator_py.so[0m
[10.240s] [ 78%] Built target piper_with_gripper_moveit__rosidl_generator_py
[10.265s] [ 80%] [32mBuilding C object CMakeFiles/piper_with_gripper_moveit__rosidl_typesupport_fastrtps_c__pyext.dir/rosidl_generator_py/piper_with_gripper_moveit/_piper_with_gripper_moveit_s.ep.rosidl_typesupport_fastrtps_c.c.o[0m
[10.266s] [ 82%] [32mBuilding C object CMakeFiles/piper_with_gripper_moveit__rosidl_typesupport_introspection_c__pyext.dir/rosidl_generator_py/piper_with_gripper_moveit/_piper_with_gripper_moveit_s.ep.rosidl_typesupport_introspection_c.c.o[0m
[10.267s] [ 85%] [32mBuilding C object CMakeFiles/piper_with_gripper_moveit__rosidl_typesupport_c__pyext.dir/rosidl_generator_py/piper_with_gripper_moveit/_piper_with_gripper_moveit_s.ep.rosidl_typesupport_c.c.o[0m
[10.415s] [ 87%] [32m[1mLinking C shared library rosidl_generator_py/piper_with_gripper_moveit/piper_with_gripper_moveit_s__rosidl_typesupport_introspection_c.cpython-310-x86_64-linux-gnu.so[0m
[10.462s] [ 87%] Built target piper_with_gripper_moveit__rosidl_typesupport_introspection_c__pyext
[10.473s] [ 89%] [32m[1mLinking C shared library rosidl_generator_py/piper_with_gripper_moveit/piper_with_gripper_moveit_s__rosidl_typesupport_c.cpython-310-x86_64-linux-gnu.so[0m
[10.510s] [ 91%] [32m[1mLinking C shared library rosidl_generator_py/piper_with_gripper_moveit/piper_with_gripper_moveit_s__rosidl_typesupport_fastrtps_c.cpython-310-x86_64-linux-gnu.so[0m
[10.524s] [ 91%] Built target piper_with_gripper_moveit__rosidl_typesupport_c__pyext
[10.556s] [ 91%] Built target piper_with_gripper_moveit__rosidl_typesupport_fastrtps_c__pyext
[14.906s] [ 93%] [32m[1mLinking CXX executable joint_goal_node[0m
[15.020s] [ 95%] [32m[1mLinking CXX executable planning_scene_node[0m
[15.245s] [ 95%] Built target planning_scene_node
[15.269s] [ 95%] Built target joint_goal_node
[15.492s] [ 97%] [32m[1mLinking CXX executable joint_goal_cmd_node[0m
[15.863s] [ 97%] Built target joint_goal_cmd_node
[16.663s] [100%] [32m[1mLinking CXX executable pose_goal_node[0m
[16.985s] [100%] Built target pose_goal_node
[16.996s] Invoked command in '/home/dyros/mcy_ws/piper-mou/build/piper_with_gripper_moveit' returned '0': CMAKE_PREFIX_PATH=/home/dyros/mcy_ws/piper-mou/install/piper_description:/home/dyros/mcy_ws/piper-mou/install/trac_ik:/home/dyros/mcy_ws/piper-mou/install/trac_ik_lib:/home/dyros/mcy_ws/piper-mou/install/xela_server_ros2:/home/dyros/mcy_ws/piper-mou/install/topic_based_ros2_control:/home/dyros/mcy_ws/piper-mou/install/piper_with_gripper_moveit:/home/dyros/mcy_ws/piper-mou/install/piper_no_gripper_moveit:/home/dyros/mcy_ws/piper-mou/install/piper_msgs:/home/dyros/mcy_ws/piper-mou/install/piper_humble:/home/dyros/mcy_ws/piper-mou/install/piper_gazebo:/home/dyros/mcy_ws/piper-mou/install/moveit_mujoco_interface:/home/dyros/tocabi_isaac_ws/install/tocabi_cc_ros2:/home/dyros/tocabi_isaac_ws/install/tocabi_lib:/home/dyros/tocabi_isaac_ws/install/tocabi_msgs:/home/dyros/tocabi_isaac_ws/install/tocabi_isaacsim_ros2:/home/dyros/mcy_ws/piper-mou/install/piper:/opt/ros/humble /usr/bin/cmake --build /home/dyros/mcy_ws/piper-mou/build/piper_with_gripper_moveit -- -j20 -l20
[16.998s] Invoking command in '/home/dyros/mcy_ws/piper-mou/build/piper_with_gripper_moveit': CMAKE_PREFIX_PATH=/home/dyros/mcy_ws/piper-mou/install/piper_description:/home/dyros/mcy_ws/piper-mou/install/trac_ik:/home/dyros/mcy_ws/piper-mou/install/trac_ik_lib:/home/dyros/mcy_ws/piper-mou/install/xela_server_ros2:/home/dyros/mcy_ws/piper-mou/install/topic_based_ros2_control:/home/dyros/mcy_ws/piper-mou/install/piper_with_gripper_moveit:/home/dyros/mcy_ws/piper-mou/install/piper_no_gripper_moveit:/home/dyros/mcy_ws/piper-mou/install/piper_msgs:/home/dyros/mcy_ws/piper-mou/install/piper_humble:/home/dyros/mcy_ws/piper-mou/install/piper_gazebo:/home/dyros/mcy_ws/piper-mou/install/moveit_mujoco_interface:/home/dyros/tocabi_isaac_ws/install/tocabi_cc_ros2:/home/dyros/tocabi_isaac_ws/install/tocabi_lib:/home/dyros/tocabi_isaac_ws/install/tocabi_msgs:/home/dyros/tocabi_isaac_ws/install/tocabi_isaacsim_ros2:/home/dyros/mcy_ws/piper-mou/install/piper:/opt/ros/humble /usr/bin/cmake --install /home/dyros/mcy_ws/piper-mou/build/piper_with_gripper_moveit
[17.004s] -- Install configuration: ""
[17.004s] -- Installing: /home/dyros/mcy_ws/piper-mou/install/piper_with_gripper_moveit/share/ament_index/resource_index/rosidl_interfaces/piper_with_gripper_moveit
[17.005s] -- Installing: /home/dyros/mcy_ws/piper-mou/install/piper_with_gripper_moveit/include/piper_with_gripper_moveit/piper_with_gripper_moveit
[17.005s] -- Installing: /home/dyros/mcy_ws/piper-mou/install/piper_with_gripper_moveit/include/piper_with_gripper_moveit/piper_with_gripper_moveit/msg
[17.005s] -- Installing: /home/dyros/mcy_ws/piper-mou/install/piper_with_gripper_moveit/include/piper_with_gripper_moveit/piper_with_gripper_moveit/msg/rosidl_generator_c__visibility_control.h
[17.005s] -- Installing: /home/dyros/mcy_ws/piper-mou/install/piper_with_gripper_moveit/include/piper_with_gripper_moveit/piper_with_gripper_moveit/action
[17.005s] -- Installing: /home/dyros/mcy_ws/piper-mou/install/piper_with_gripper_moveit/include/piper_with_gripper_moveit/piper_with_gripper_moveit/action/pose_goal.h
[17.005s] -- Installing: /home/dyros/mcy_ws/piper-mou/install/piper_with_gripper_moveit/include/piper_with_gripper_moveit/piper_with_gripper_moveit/action/detail
[17.005s] -- Installing: /home/dyros/mcy_ws/piper-mou/install/piper_with_gripper_moveit/include/piper_with_gripper_moveit/piper_with_gripper_moveit/action/detail/pose_goal__struct.h
[17.005s] -- Installing: /home/dyros/mcy_ws/piper-mou/install/piper_with_gripper_moveit/include/piper_with_gripper_moveit/piper_with_gripper_moveit/action/detail/target_pose__type_support.h
[17.005s] -- Installing: /home/dyros/mcy_ws/piper-mou/install/piper_with_gripper_moveit/include/piper_with_gripper_moveit/piper_with_gripper_moveit/action/detail/pose_goal__functions.h
[17.005s] -- Installing: /home/dyros/mcy_ws/piper-mou/install/piper_with_gripper_moveit/include/piper_with_gripper_moveit/piper_with_gripper_moveit/action/detail/pose_goal__type_support.h
[17.005s] -- Installing: /home/dyros/mcy_ws/piper-mou/install/piper_with_gripper_moveit/include/piper_with_gripper_moveit/piper_with_gripper_moveit/action/detail/target_pose__struct.h
[17.005s] -- Installing: /home/dyros/mcy_ws/piper-mou/install/piper_with_gripper_moveit/include/piper_with_gripper_moveit/piper_with_gripper_moveit/action/detail/target_pose__functions.h
[17.005s] -- Installing: /home/dyros/mcy_ws/piper-mou/install/piper_with_gripper_moveit/include/piper_with_gripper_moveit/piper_with_gripper_moveit/action/detail/target_pose__functions.c
[17.006s] -- Installing: /home/dyros/mcy_ws/piper-mou/install/piper_with_gripper_moveit/include/piper_with_gripper_moveit/piper_with_gripper_moveit/action/detail/pose_goal__functions.c
[17.006s] -- Installing: /home/dyros/mcy_ws/piper-mou/install/piper_with_gripper_moveit/include/piper_with_gripper_moveit/piper_with_gripper_moveit/action/target_pose.h
[17.006s] -- Installing: /home/dyros/mcy_ws/piper-mou/install/piper_with_gripper_moveit/share/piper_with_gripper_moveit/environment/library_path.sh
[17.006s] -- Installing: /home/dyros/mcy_ws/piper-mou/install/piper_with_gripper_moveit/share/piper_with_gripper_moveit/environment/library_path.dsv
[17.006s] -- Installing: /home/dyros/mcy_ws/piper-mou/install/piper_with_gripper_moveit/lib/libpiper_with_gripper_moveit__rosidl_generator_c.so
[17.006s] -- Set runtime path of "/home/dyros/mcy_ws/piper-mou/install/piper_with_gripper_moveit/lib/libpiper_with_gripper_moveit__rosidl_generator_c.so" to ""
[17.007s] -- Up-to-date: /home/dyros/mcy_ws/piper-mou/install/piper_with_gripper_moveit/include/piper_with_gripper_moveit/piper_with_gripper_moveit
[17.007s] -- Up-to-date: /home/dyros/mcy_ws/piper-mou/install/piper_with_gripper_moveit/include/piper_with_gripper_moveit/piper_with_gripper_moveit/msg
[17.007s] -- Installing: /home/dyros/mcy_ws/piper-mou/install/piper_with_gripper_moveit/include/piper_with_gripper_moveit/piper_with_gripper_moveit/msg/rosidl_typesupport_fastrtps_c__visibility_control.h
[17.007s] -- Up-to-date: /home/dyros/mcy_ws/piper-mou/install/piper_with_gripper_moveit/include/piper_with_gripper_moveit/piper_with_gripper_moveit/action
[17.007s] -- Up-to-date: /home/dyros/mcy_ws/piper-mou/install/piper_with_gripper_moveit/include/piper_with_gripper_moveit/piper_with_gripper_moveit/action/detail
[17.007s] -- Installing: /home/dyros/mcy_ws/piper-mou/install/piper_with_gripper_moveit/include/piper_with_gripper_moveit/piper_with_gripper_moveit/action/detail/target_pose__rosidl_typesupport_fastrtps_c.h
[17.007s] -- Installing: /home/dyros/mcy_ws/piper-mou/install/piper_with_gripper_moveit/include/piper_with_gripper_moveit/piper_with_gripper_moveit/action/detail/pose_goal__rosidl_typesupport_fastrtps_c.h
[17.007s] -- Installing: /home/dyros/mcy_ws/piper-mou/install/piper_with_gripper_moveit/lib/libpiper_with_gripper_moveit__rosidl_typesupport_fastrtps_c.so
[17.007s] -- Set runtime path of "/home/dyros/mcy_ws/piper-mou/install/piper_with_gripper_moveit/lib/libpiper_with_gripper_moveit__rosidl_typesupport_fastrtps_c.so" to ""
[17.007s] -- Up-to-date: /home/dyros/mcy_ws/piper-mou/install/piper_with_gripper_moveit/include/piper_with_gripper_moveit/piper_with_gripper_moveit
[17.007s] -- Up-to-date: /home/dyros/mcy_ws/piper-mou/install/piper_with_gripper_moveit/include/piper_with_gripper_moveit/piper_with_gripper_moveit/msg
[17.007s] -- Installing: /home/dyros/mcy_ws/piper-mou/install/piper_with_gripper_moveit/include/piper_with_gripper_moveit/piper_with_gripper_moveit/msg/rosidl_generator_cpp__visibility_control.hpp
[17.008s] -- Up-to-date: /home/dyros/mcy_ws/piper-mou/install/piper_with_gripper_moveit/include/piper_with_gripper_moveit/piper_with_gripper_moveit/action
[17.008s] -- Installing: /home/dyros/mcy_ws/piper-mou/install/piper_with_gripper_moveit/include/piper_with_gripper_moveit/piper_with_gripper_moveit/action/pose_goal.hpp
[17.008s] -- Up-to-date: /home/dyros/mcy_ws/piper-mou/install/piper_with_gripper_moveit/include/piper_with_gripper_moveit/piper_with_gripper_moveit/action/detail
[17.008s] -- Installing: /home/dyros/mcy_ws/piper-mou/install/piper_with_gripper_moveit/include/piper_with_gripper_moveit/piper_with_gripper_moveit/action/detail/target_pose__type_support.hpp
[17.008s] -- Installing: /home/dyros/mcy_ws/piper-mou/install/piper_with_gripper_moveit/include/piper_with_gripper_moveit/piper_with_gripper_moveit/action/detail/pose_goal__traits.hpp
[17.008s] -- Installing: /home/dyros/mcy_ws/piper-mou/install/piper_with_gripper_moveit/include/piper_with_gripper_moveit/piper_with_gripper_moveit/action/detail/target_pose__struct.hpp
[17.008s] -- Installing: /home/dyros/mcy_ws/piper-mou/install/piper_with_gripper_moveit/include/piper_with_gripper_moveit/piper_with_gripper_moveit/action/detail/target_pose__traits.hpp
[17.008s] -- Installing: /home/dyros/mcy_ws/piper-mou/install/piper_with_gripper_moveit/include/piper_with_gripper_moveit/piper_with_gripper_moveit/action/detail/pose_goal__type_support.hpp
[17.008s] -- Installing: /home/dyros/mcy_ws/piper-mou/install/piper_with_gripper_moveit/include/piper_with_gripper_moveit/piper_with_gripper_moveit/action/detail/pose_goal__struct.hpp
[17.008s] -- Installing: /home/dyros/mcy_ws/piper-mou/install/piper_with_gripper_moveit/include/piper_with_gripper_moveit/piper_with_gripper_moveit/action/detail/target_pose__builder.hpp
[17.008s] -- Installing: /home/dyros/mcy_ws/piper-mou/install/piper_with_gripper_moveit/include/piper_with_gripper_moveit/piper_with_gripper_moveit/action/detail/pose_goal__builder.hpp
[17.008s] -- Installing: /home/dyros/mcy_ws/piper-mou/install/piper_with_gripper_moveit/include/piper_with_gripper_moveit/piper_with_gripper_moveit/action/target_pose.hpp
[17.008s] -- Up-to-date: /home/dyros/mcy_ws/piper-mou/install/piper_with_gripper_moveit/include/piper_with_gripper_moveit/piper_with_gripper_moveit
[17.009s] -- Up-to-date: /home/dyros/mcy_ws/piper-mou/install/piper_with_gripper_moveit/include/piper_with_gripper_moveit/piper_with_gripper_moveit/msg
[17.009s] -- Installing: /home/dyros/mcy_ws/piper-mou/install/piper_with_gripper_moveit/include/piper_with_gripper_moveit/piper_with_gripper_moveit/msg/rosidl_typesupport_fastrtps_cpp__visibility_control.h
[17.009s] -- Up-to-date: /home/dyros/mcy_ws/piper-mou/install/piper_with_gripper_moveit/include/piper_with_gripper_moveit/piper_with_gripper_moveit/action
[17.009s] -- Up-to-date: /home/dyros/mcy_ws/piper-mou/install/piper_with_gripper_moveit/include/piper_with_gripper_moveit/piper_with_gripper_moveit/action/detail
[17.009s] -- Installing: /home/dyros/mcy_ws/piper-mou/install/piper_with_gripper_moveit/include/piper_with_gripper_moveit/piper_with_gripper_moveit/action/detail/dds_fastrtps
[17.009s] -- Installing: /home/dyros/mcy_ws/piper-mou/install/piper_with_gripper_moveit/include/piper_with_gripper_moveit/piper_with_gripper_moveit/action/detail/target_pose__rosidl_typesupport_fastrtps_cpp.hpp
[17.009s] -- Installing: /home/dyros/mcy_ws/piper-mou/install/piper_with_gripper_moveit/include/piper_with_gripper_moveit/piper_with_gripper_moveit/action/detail/pose_goal__rosidl_typesupport_fastrtps_cpp.hpp
[17.009s] -- Installing: /home/dyros/mcy_ws/piper-mou/install/piper_with_gripper_moveit/lib/libpiper_with_gripper_moveit__rosidl_typesupport_fastrtps_cpp.so
[17.009s] -- Set runtime path of "/home/dyros/mcy_ws/piper-mou/install/piper_with_gripper_moveit/lib/libpiper_with_gripper_moveit__rosidl_typesupport_fastrtps_cpp.so" to ""
[17.009s] -- Up-to-date: /home/dyros/mcy_ws/piper-mou/install/piper_with_gripper_moveit/include/piper_with_gripper_moveit/piper_with_gripper_moveit
[17.009s] -- Up-to-date: /home/dyros/mcy_ws/piper-mou/install/piper_with_gripper_moveit/include/piper_with_gripper_moveit/piper_with_gripper_moveit/msg
[17.009s] -- Installing: /home/dyros/mcy_ws/piper-mou/install/piper_with_gripper_moveit/include/piper_with_gripper_moveit/piper_with_gripper_moveit/msg/rosidl_typesupport_introspection_c__visibility_control.h
[17.010s] -- Up-to-date: /home/dyros/mcy_ws/piper-mou/install/piper_with_gripper_moveit/include/piper_with_gripper_moveit/piper_with_gripper_moveit/action
[17.010s] -- Up-to-date: /home/dyros/mcy_ws/piper-mou/install/piper_with_gripper_moveit/include/piper_with_gripper_moveit/piper_with_gripper_moveit/action/detail
[17.010s] -- Installing: /home/dyros/mcy_ws/piper-mou/install/piper_with_gripper_moveit/include/piper_with_gripper_moveit/piper_with_gripper_moveit/action/detail/pose_goal__rosidl_typesupport_introspection_c.h
[17.010s] -- Installing: /home/dyros/mcy_ws/piper-mou/install/piper_with_gripper_moveit/include/piper_with_gripper_moveit/piper_with_gripper_moveit/action/detail/target_pose__rosidl_typesupport_introspection_c.h
[17.010s] -- Installing: /home/dyros/mcy_ws/piper-mou/install/piper_with_gripper_moveit/include/piper_with_gripper_moveit/piper_with_gripper_moveit/action/detail/target_pose__type_support.c
[17.010s] -- Installing: /home/dyros/mcy_ws/piper-mou/install/piper_with_gripper_moveit/include/piper_with_gripper_moveit/piper_with_gripper_moveit/action/detail/pose_goal__type_support.c
[17.010s] -- Installing: /home/dyros/mcy_ws/piper-mou/install/piper_with_gripper_moveit/lib/libpiper_with_gripper_moveit__rosidl_typesupport_introspection_c.so
[17.010s] -- Set runtime path of "/home/dyros/mcy_ws/piper-mou/install/piper_with_gripper_moveit/lib/libpiper_with_gripper_moveit__rosidl_typesupport_introspection_c.so" to ""
[17.010s] -- Installing: /home/dyros/mcy_ws/piper-mou/install/piper_with_gripper_moveit/lib/libpiper_with_gripper_moveit__rosidl_typesupport_c.so
[17.011s] -- Set runtime path of "/home/dyros/mcy_ws/piper-mou/install/piper_with_gripper_moveit/lib/libpiper_with_gripper_moveit__rosidl_typesupport_c.so" to ""
[17.011s] -- Up-to-date: /home/dyros/mcy_ws/piper-mou/install/piper_with_gripper_moveit/include/piper_with_gripper_moveit/piper_with_gripper_moveit
[17.011s] -- Up-to-date: /home/dyros/mcy_ws/piper-mou/install/piper_with_gripper_moveit/include/piper_with_gripper_moveit/piper_with_gripper_moveit/action
[17.011s] -- Up-to-date: /home/dyros/mcy_ws/piper-mou/install/piper_with_gripper_moveit/include/piper_with_gripper_moveit/piper_with_gripper_moveit/action/detail
[17.011s] -- Installing: /home/dyros/mcy_ws/piper-mou/install/piper_with_gripper_moveit/include/piper_with_gripper_moveit/piper_with_gripper_moveit/action/detail/target_pose__rosidl_typesupport_introspection_cpp.hpp
[17.011s] -- Installing: /home/dyros/mcy_ws/piper-mou/install/piper_with_gripper_moveit/include/piper_with_gripper_moveit/piper_with_gripper_moveit/action/detail/target_pose__type_support.cpp
[17.011s] -- Installing: /home/dyros/mcy_ws/piper-mou/install/piper_with_gripper_moveit/include/piper_with_gripper_moveit/piper_with_gripper_moveit/action/detail/pose_goal__type_support.cpp
[17.011s] -- Installing: /home/dyros/mcy_ws/piper-mou/install/piper_with_gripper_moveit/include/piper_with_gripper_moveit/piper_with_gripper_moveit/action/detail/pose_goal__rosidl_typesupport_introspection_cpp.hpp
[17.011s] -- Installing: /home/dyros/mcy_ws/piper-mou/install/piper_with_gripper_moveit/lib/libpiper_with_gripper_moveit__rosidl_typesupport_introspection_cpp.so
[17.012s] -- Set runtime path of "/home/dyros/mcy_ws/piper-mou/install/piper_with_gripper_moveit/lib/libpiper_with_gripper_moveit__rosidl_typesupport_introspection_cpp.so" to ""
[17.012s] -- Installing: /home/dyros/mcy_ws/piper-mou/install/piper_with_gripper_moveit/lib/libpiper_with_gripper_moveit__rosidl_typesupport_cpp.so
[17.012s] -- Set runtime path of "/home/dyros/mcy_ws/piper-mou/install/piper_with_gripper_moveit/lib/libpiper_with_gripper_moveit__rosidl_typesupport_cpp.so" to ""
[17.012s] -- Installing: /home/dyros/mcy_ws/piper-mou/install/piper_with_gripper_moveit/share/piper_with_gripper_moveit/environment/pythonpath.sh
[17.012s] -- Installing: /home/dyros/mcy_ws/piper-mou/install/piper_with_gripper_moveit/share/piper_with_gripper_moveit/environment/pythonpath.dsv
[17.012s] -- Installing: /home/dyros/mcy_ws/piper-mou/install/piper_with_gripper_moveit/local/lib/python3.10/dist-packages/piper_with_gripper_moveit-0.3.0-py3.10.egg-info
[17.012s] -- Installing: /home/dyros/mcy_ws/piper-mou/install/piper_with_gripper_moveit/local/lib/python3.10/dist-packages/piper_with_gripper_moveit-0.3.0-py3.10.egg-info/dependency_links.txt
[17.012s] -- Installing: /home/dyros/mcy_ws/piper-mou/install/piper_with_gripper_moveit/local/lib/python3.10/dist-packages/piper_with_gripper_moveit-0.3.0-py3.10.egg-info/SOURCES.txt
[17.012s] -- Installing: /home/dyros/mcy_ws/piper-mou/install/piper_with_gripper_moveit/local/lib/python3.10/dist-packages/piper_with_gripper_moveit-0.3.0-py3.10.egg-info/top_level.txt
[17.013s] -- Installing: /home/dyros/mcy_ws/piper-mou/install/piper_with_gripper_moveit/local/lib/python3.10/dist-packages/piper_with_gripper_moveit-0.3.0-py3.10.egg-info/PKG-INFO
[17.013s] -- Installing: /home/dyros/mcy_ws/piper-mou/install/piper_with_gripper_moveit/local/lib/python3.10/dist-packages/piper_with_gripper_moveit
[17.013s] -- Installing: /home/dyros/mcy_ws/piper-mou/install/piper_with_gripper_moveit/local/lib/python3.10/dist-packages/piper_with_gripper_moveit/__init__.py
[17.013s] -- Installing: /home/dyros/mcy_ws/piper-mou/install/piper_with_gripper_moveit/local/lib/python3.10/dist-packages/piper_with_gripper_moveit/_piper_with_gripper_moveit_s.ep.rosidl_typesupport_fastrtps_c.c
[17.013s] -- Installing: /home/dyros/mcy_ws/piper-mou/install/piper_with_gripper_moveit/local/lib/python3.10/dist-packages/piper_with_gripper_moveit/_piper_with_gripper_moveit_s.ep.rosidl_typesupport_c.c
[17.013s] -- Installing: /home/dyros/mcy_ws/piper-mou/install/piper_with_gripper_moveit/local/lib/python3.10/dist-packages/piper_with_gripper_moveit/_piper_with_gripper_moveit_s.ep.rosidl_typesupport_introspection_c.c
[17.013s] -- Installing: /home/dyros/mcy_ws/piper-mou/install/piper_with_gripper_moveit/local/lib/python3.10/dist-packages/piper_with_gripper_moveit/piper_with_gripper_moveit_s__rosidl_typesupport_c.cpython-310-x86_64-linux-gnu.so
[17.013s] -- Installing: /home/dyros/mcy_ws/piper-mou/install/piper_with_gripper_moveit/local/lib/python3.10/dist-packages/piper_with_gripper_moveit/piper_with_gripper_moveit_s__rosidl_typesupport_fastrtps_c.cpython-310-x86_64-linux-gnu.so
[17.013s] -- Installing: /home/dyros/mcy_ws/piper-mou/install/piper_with_gripper_moveit/local/lib/python3.10/dist-packages/piper_with_gripper_moveit/piper_with_gripper_moveit_s__rosidl_typesupport_introspection_c.cpython-310-x86_64-linux-gnu.so
[17.014s] -- Installing: /home/dyros/mcy_ws/piper-mou/install/piper_with_gripper_moveit/local/lib/python3.10/dist-packages/piper_with_gripper_moveit/action
[17.014s] -- Installing: /home/dyros/mcy_ws/piper-mou/install/piper_with_gripper_moveit/local/lib/python3.10/dist-packages/piper_with_gripper_moveit/action/__init__.py
[17.014s] -- Installing: /home/dyros/mcy_ws/piper-mou/install/piper_with_gripper_moveit/local/lib/python3.10/dist-packages/piper_with_gripper_moveit/action/_pose_goal_s.c
[17.014s] -- Installing: /home/dyros/mcy_ws/piper-mou/install/piper_with_gripper_moveit/local/lib/python3.10/dist-packages/piper_with_gripper_moveit/action/_target_pose_s.c
[17.014s] -- Installing: /home/dyros/mcy_ws/piper-mou/install/piper_with_gripper_moveit/local/lib/python3.10/dist-packages/piper_with_gripper_moveit/action/_pose_goal.py
[17.014s] -- Installing: /home/dyros/mcy_ws/piper-mou/install/piper_with_gripper_moveit/local/lib/python3.10/dist-packages/piper_with_gripper_moveit/action/_target_pose.py
[17.014s] -- Installing: /home/dyros/mcy_ws/piper-mou/install/piper_with_gripper_moveit/local/lib/python3.10/dist-packages/piper_with_gripper_moveit/libpiper_with_gripper_moveit__rosidl_generator_py.so
[17.060s] Listing '/home/dyros/mcy_ws/piper-mou/install/piper_with_gripper_moveit/local/lib/python3.10/dist-packages/piper_with_gripper_moveit'...
[17.060s] Compiling '/home/dyros/mcy_ws/piper-mou/install/piper_with_gripper_moveit/local/lib/python3.10/dist-packages/piper_with_gripper_moveit/__init__.py'...
[17.060s] Listing '/home/dyros/mcy_ws/piper-mou/install/piper_with_gripper_moveit/local/lib/python3.10/dist-packages/piper_with_gripper_moveit/action'...
[17.060s] Compiling '/home/dyros/mcy_ws/piper-mou/install/piper_with_gripper_moveit/local/lib/python3.10/dist-packages/piper_with_gripper_moveit/action/__init__.py'...
[17.061s] Compiling '/home/dyros/mcy_ws/piper-mou/install/piper_with_gripper_moveit/local/lib/python3.10/dist-packages/piper_with_gripper_moveit/action/_pose_goal.py'...
[17.061s] Compiling '/home/dyros/mcy_ws/piper-mou/install/piper_with_gripper_moveit/local/lib/python3.10/dist-packages/piper_with_gripper_moveit/action/_target_pose.py'...
[17.064s] -- Installing: /home/dyros/mcy_ws/piper-mou/install/piper_with_gripper_moveit/local/lib/python3.10/dist-packages/piper_with_gripper_moveit/piper_with_gripper_moveit_s__rosidl_typesupport_fastrtps_c.cpython-310-x86_64-linux-gnu.so
[17.065s] -- Set runtime path of "/home/dyros/mcy_ws/piper-mou/install/piper_with_gripper_moveit/local/lib/python3.10/dist-packages/piper_with_gripper_moveit/piper_with_gripper_moveit_s__rosidl_typesupport_fastrtps_c.cpython-310-x86_64-linux-gnu.so" to ""
[17.065s] -- Installing: /home/dyros/mcy_ws/piper-mou/install/piper_with_gripper_moveit/local/lib/python3.10/dist-packages/piper_with_gripper_moveit/piper_with_gripper_moveit_s__rosidl_typesupport_introspection_c.cpython-310-x86_64-linux-gnu.so
[17.065s] -- Set runtime path of "/home/dyros/mcy_ws/piper-mou/install/piper_with_gripper_moveit/local/lib/python3.10/dist-packages/piper_with_gripper_moveit/piper_with_gripper_moveit_s__rosidl_typesupport_introspection_c.cpython-310-x86_64-linux-gnu.so" to ""
[17.065s] -- Installing: /home/dyros/mcy_ws/piper-mou/install/piper_with_gripper_moveit/local/lib/python3.10/dist-packages/piper_with_gripper_moveit/piper_with_gripper_moveit_s__rosidl_typesupport_c.cpython-310-x86_64-linux-gnu.so
[17.066s] -- Set runtime path of "/home/dyros/mcy_ws/piper-mou/install/piper_with_gripper_moveit/local/lib/python3.10/dist-packages/piper_with_gripper_moveit/piper_with_gripper_moveit_s__rosidl_typesupport_c.cpython-310-x86_64-linux-gnu.so" to ""
[17.066s] -- Installing: /home/dyros/mcy_ws/piper-mou/install/piper_with_gripper_moveit/lib/libpiper_with_gripper_moveit__rosidl_generator_py.so
[17.066s] -- Set runtime path of "/home/dyros/mcy_ws/piper-mou/install/piper_with_gripper_moveit/lib/libpiper_with_gripper_moveit__rosidl_generator_py.so" to ""
[17.066s] -- Installing: /home/dyros/mcy_ws/piper-mou/install/piper_with_gripper_moveit/share/piper_with_gripper_moveit/action/PoseGoal.idl
[17.066s] -- Installing: /home/dyros/mcy_ws/piper-mou/install/piper_with_gripper_moveit/share/piper_with_gripper_moveit/action/TargetPose.idl
[17.066s] -- Installing: /home/dyros/mcy_ws/piper-mou/install/piper_with_gripper_moveit/share/piper_with_gripper_moveit/action/PoseGoal.action
[17.066s] -- Installing: /home/dyros/mcy_ws/piper-mou/install/piper_with_gripper_moveit/share/piper_with_gripper_moveit/action/TargetPose.action
[17.066s] -- Installing: /home/dyros/mcy_ws/piper-mou/install/piper_with_gripper_moveit/share/ament_index/resource_index/package_run_dependencies/piper_with_gripper_moveit
[17.067s] -- Installing: /home/dyros/mcy_ws/piper-mou/install/piper_with_gripper_moveit/share/ament_index/resource_index/parent_prefix_path/piper_with_gripper_moveit
[17.067s] -- Installing: /home/dyros/mcy_ws/piper-mou/install/piper_with_gripper_moveit/share/piper_with_gripper_moveit/environment/ament_prefix_path.sh
[17.067s] -- Installing: /home/dyros/mcy_ws/piper-mou/install/piper_with_gripper_moveit/share/piper_with_gripper_moveit/environment/ament_prefix_path.dsv
[17.067s] -- Installing: /home/dyros/mcy_ws/piper-mou/install/piper_with_gripper_moveit/share/piper_with_gripper_moveit/environment/path.sh
[17.067s] -- Installing: /home/dyros/mcy_ws/piper-mou/install/piper_with_gripper_moveit/share/piper_with_gripper_moveit/environment/path.dsv
[17.067s] -- Installing: /home/dyros/mcy_ws/piper-mou/install/piper_with_gripper_moveit/share/piper_with_gripper_moveit/local_setup.bash
[17.067s] -- Installing: /home/dyros/mcy_ws/piper-mou/install/piper_with_gripper_moveit/share/piper_with_gripper_moveit/local_setup.sh
[17.067s] -- Installing: /home/dyros/mcy_ws/piper-mou/install/piper_with_gripper_moveit/share/piper_with_gripper_moveit/local_setup.zsh
[17.067s] -- Installing: /home/dyros/mcy_ws/piper-mou/install/piper_with_gripper_moveit/share/piper_with_gripper_moveit/local_setup.dsv
[17.067s] -- Installing: /home/dyros/mcy_ws/piper-mou/install/piper_with_gripper_moveit/share/piper_with_gripper_moveit/package.dsv
[17.068s] -- Installing: /home/dyros/mcy_ws/piper-mou/install/piper_with_gripper_moveit/share/ament_index/resource_index/packages/piper_with_gripper_moveit
[17.068s] -- Installing: /home/dyros/mcy_ws/piper-mou/install/piper_with_gripper_moveit/share/piper_with_gripper_moveit/cmake/export_piper_with_gripper_moveit__rosidl_generator_cExport.cmake
[17.068s] -- Installing: /home/dyros/mcy_ws/piper-mou/install/piper_with_gripper_moveit/share/piper_with_gripper_moveit/cmake/export_piper_with_gripper_moveit__rosidl_generator_cExport-noconfig.cmake
[17.068s] -- Installing: /home/dyros/mcy_ws/piper-mou/install/piper_with_gripper_moveit/share/piper_with_gripper_moveit/cmake/export_piper_with_gripper_moveit__rosidl_typesupport_fastrtps_cExport.cmake
[17.068s] -- Installing: /home/dyros/mcy_ws/piper-mou/install/piper_with_gripper_moveit/share/piper_with_gripper_moveit/cmake/export_piper_with_gripper_moveit__rosidl_typesupport_fastrtps_cExport-noconfig.cmake
[17.068s] -- Installing: /home/dyros/mcy_ws/piper-mou/install/piper_with_gripper_moveit/share/piper_with_gripper_moveit/cmake/export_piper_with_gripper_moveit__rosidl_generator_cppExport.cmake
[17.068s] -- Installing: /home/dyros/mcy_ws/piper-mou/install/piper_with_gripper_moveit/share/piper_with_gripper_moveit/cmake/export_piper_with_gripper_moveit__rosidl_typesupport_fastrtps_cppExport.cmake
[17.068s] -- Installing: /home/dyros/mcy_ws/piper-mou/install/piper_with_gripper_moveit/share/piper_with_gripper_moveit/cmake/export_piper_with_gripper_moveit__rosidl_typesupport_fastrtps_cppExport-noconfig.cmake
[17.068s] -- Installing: /home/dyros/mcy_ws/piper-mou/install/piper_with_gripper_moveit/share/piper_with_gripper_moveit/cmake/piper_with_gripper_moveit__rosidl_typesupport_introspection_cExport.cmake
[17.069s] -- Installing: /home/dyros/mcy_ws/piper-mou/install/piper_with_gripper_moveit/share/piper_with_gripper_moveit/cmake/piper_with_gripper_moveit__rosidl_typesupport_introspection_cExport-noconfig.cmake
[17.069s] -- Installing: /home/dyros/mcy_ws/piper-mou/install/piper_with_gripper_moveit/share/piper_with_gripper_moveit/cmake/piper_with_gripper_moveit__rosidl_typesupport_cExport.cmake
[17.069s] -- Installing: /home/dyros/mcy_ws/piper-mou/install/piper_with_gripper_moveit/share/piper_with_gripper_moveit/cmake/piper_with_gripper_moveit__rosidl_typesupport_cExport-noconfig.cmake
[17.069s] -- Installing: /home/dyros/mcy_ws/piper-mou/install/piper_with_gripper_moveit/share/piper_with_gripper_moveit/cmake/piper_with_gripper_moveit__rosidl_typesupport_introspection_cppExport.cmake
[17.069s] -- Installing: /home/dyros/mcy_ws/piper-mou/install/piper_with_gripper_moveit/share/piper_with_gripper_moveit/cmake/piper_with_gripper_moveit__rosidl_typesupport_introspection_cppExport-noconfig.cmake
[17.069s] -- Installing: /home/dyros/mcy_ws/piper-mou/install/piper_with_gripper_moveit/share/piper_with_gripper_moveit/cmake/piper_with_gripper_moveit__rosidl_typesupport_cppExport.cmake
[17.069s] -- Installing: /home/dyros/mcy_ws/piper-mou/install/piper_with_gripper_moveit/share/piper_with_gripper_moveit/cmake/piper_with_gripper_moveit__rosidl_typesupport_cppExport-noconfig.cmake
[17.069s] -- Installing: /home/dyros/mcy_ws/piper-mou/install/piper_with_gripper_moveit/share/piper_with_gripper_moveit/cmake/export_piper_with_gripper_moveit__rosidl_generator_pyExport.cmake
[17.069s] -- Installing: /home/dyros/mcy_ws/piper-mou/install/piper_with_gripper_moveit/share/piper_with_gripper_moveit/cmake/export_piper_with_gripper_moveit__rosidl_generator_pyExport-noconfig.cmake
[17.070s] -- Installing: /home/dyros/mcy_ws/piper-mou/install/piper_with_gripper_moveit/share/piper_with_gripper_moveit/cmake/rosidl_cmake-extras.cmake
[17.070s] -- Installing: /home/dyros/mcy_ws/piper-mou/install/piper_with_gripper_moveit/share/piper_with_gripper_moveit/cmake/ament_cmake_export_dependencies-extras.cmake
[17.070s] -- Installing: /home/dyros/mcy_ws/piper-mou/install/piper_with_gripper_moveit/share/piper_with_gripper_moveit/cmake/ament_cmake_export_include_directories-extras.cmake
[17.070s] -- Installing: /home/dyros/mcy_ws/piper-mou/install/piper_with_gripper_moveit/share/piper_with_gripper_moveit/cmake/ament_cmake_export_libraries-extras.cmake
[17.070s] -- Installing: /home/dyros/mcy_ws/piper-mou/install/piper_with_gripper_moveit/share/piper_with_gripper_moveit/cmake/ament_cmake_export_targets-extras.cmake
[17.070s] -- Installing: /home/dyros/mcy_ws/piper-mou/install/piper_with_gripper_moveit/share/piper_with_gripper_moveit/cmake/rosidl_cmake_export_typesupport_targets-extras.cmake
[17.070s] -- Installing: /home/dyros/mcy_ws/piper-mou/install/piper_with_gripper_moveit/share/piper_with_gripper_moveit/cmake/rosidl_cmake_export_typesupport_libraries-extras.cmake
[17.070s] -- Installing: /home/dyros/mcy_ws/piper-mou/install/piper_with_gripper_moveit/share/piper_with_gripper_moveit/cmake/piper_with_gripper_moveitConfig.cmake
[17.070s] -- Installing: /home/dyros/mcy_ws/piper-mou/install/piper_with_gripper_moveit/share/piper_with_gripper_moveit/cmake/piper_with_gripper_moveitConfig-version.cmake
[17.070s] -- Installing: /home/dyros/mcy_ws/piper-mou/install/piper_with_gripper_moveit/share/piper_with_gripper_moveit/package.xml
[17.071s] -- Installing: /home/dyros/mcy_ws/piper-mou/install/piper_with_gripper_moveit/share/piper_with_gripper_moveit/launch
[17.071s] -- Installing: /home/dyros/mcy_ws/piper-mou/install/piper_with_gripper_moveit/share/piper_with_gripper_moveit/launch/setup_assistant.launch.py
[17.071s] -- Installing: /home/dyros/mcy_ws/piper-mou/install/piper_with_gripper_moveit/share/piper_with_gripper_moveit/launch/demo.launch.py
[17.071s] -- Installing: /home/dyros/mcy_ws/piper-mou/install/piper_with_gripper_moveit/share/piper_with_gripper_moveit/launch/piper_moveit.launch.py
[17.071s] -- Installing: /home/dyros/mcy_ws/piper-mou/install/piper_with_gripper_moveit/share/piper_with_gripper_moveit/launch/wm_demo.launch.py
[17.071s] -- Installing: /home/dyros/mcy_ws/piper-mou/install/piper_with_gripper_moveit/share/piper_with_gripper_moveit/launch/moveit_rviz.launch.py
[17.071s] -- Installing: /home/dyros/mcy_ws/piper-mou/install/piper_with_gripper_moveit/share/piper_with_gripper_moveit/launch/params_demo.launch.py
[17.071s] -- Installing: /home/dyros/mcy_ws/piper-mou/install/piper_with_gripper_moveit/share/piper_with_gripper_moveit/launch/spawn_controllers.launch.py
[17.071s] -- Installing: /home/dyros/mcy_ws/piper-mou/install/piper_with_gripper_moveit/share/piper_with_gripper_moveit/launch/move_group.launch.py
[17.071s] -- Installing: /home/dyros/mcy_ws/piper-mou/install/piper_with_gripper_moveit/share/piper_with_gripper_moveit/launch/warehouse_db.launch.py
[17.071s] -- Installing: /home/dyros/mcy_ws/piper-mou/install/piper_with_gripper_moveit/share/piper_with_gripper_moveit/launch/rsp.launch.py
[17.071s] -- Installing: /home/dyros/mcy_ws/piper-mou/install/piper_with_gripper_moveit/share/piper_with_gripper_moveit/launch/static_virtual_joint_tfs.launch.py
[17.071s] -- Installing: /home/dyros/mcy_ws/piper-mou/install/piper_with_gripper_moveit/share/piper_with_gripper_moveit/launch/interface.launch.py
[17.071s] -- Installing: /home/dyros/mcy_ws/piper-mou/install/piper_with_gripper_moveit/share/piper_with_gripper_moveit/config
[17.072s] -- Installing: /home/dyros/mcy_ws/piper-mou/install/piper_with_gripper_moveit/share/piper_with_gripper_moveit/config/kinematics.yaml
[17.072s] -- Installing: /home/dyros/mcy_ws/piper-mou/install/piper_with_gripper_moveit/share/piper_with_gripper_moveit/config/piper.urdf.xacro
[17.072s] -- Installing: /home/dyros/mcy_ws/piper-mou/install/piper_with_gripper_moveit/share/piper_with_gripper_moveit/config/joint_limits.yaml
[17.072s] -- Installing: /home/dyros/mcy_ws/piper-mou/install/piper_with_gripper_moveit/share/piper_with_gripper_moveit/config/ompl_plainning.yaml
[17.072s] -- Installing: /home/dyros/mcy_ws/piper-mou/install/piper_with_gripper_moveit/share/piper_with_gripper_moveit/config/pilz_cartesian_limits.yaml
[17.072s] -- Installing: /home/dyros/mcy_ws/piper-mou/install/piper_with_gripper_moveit/share/piper_with_gripper_moveit/config/moveit.rviz
[17.072s] -- Installing: /home/dyros/mcy_ws/piper-mou/install/piper_with_gripper_moveit/share/piper_with_gripper_moveit/config/initial_positions.yaml
[17.072s] -- Installing: /home/dyros/mcy_ws/piper-mou/install/piper_with_gripper_moveit/share/piper_with_gripper_moveit/config/sensors_3d.yaml
[17.072s] -- Installing: /home/dyros/mcy_ws/piper-mou/install/piper_with_gripper_moveit/share/piper_with_gripper_moveit/config/piper.ros2_control.xacro
[17.072s] -- Installing: /home/dyros/mcy_ws/piper-mou/install/piper_with_gripper_moveit/share/piper_with_gripper_moveit/config/trajectory_execution.yaml
[17.072s] -- Installing: /home/dyros/mcy_ws/piper-mou/install/piper_with_gripper_moveit/share/piper_with_gripper_moveit/config/piper.srdf
[17.072s] -- Installing: /home/dyros/mcy_ws/piper-mou/install/piper_with_gripper_moveit/share/piper_with_gripper_moveit/config/moveit_controllers.yaml
[17.072s] -- Installing: /home/dyros/mcy_ws/piper-mou/install/piper_with_gripper_moveit/share/piper_with_gripper_moveit/config/pilz_industrial_motion_planner_planning.yaml
[17.072s] -- Installing: /home/dyros/mcy_ws/piper-mou/install/piper_with_gripper_moveit/share/piper_with_gripper_moveit/config/ros2_controllers.yaml
[17.073s] -- Installing: /home/dyros/mcy_ws/piper-mou/install/piper_with_gripper_moveit/share/piper_with_gripper_moveit/.setup_assistant
[17.073s] -- Installing: /home/dyros/mcy_ws/piper-mou/install/piper_with_gripper_moveit/lib/piper_with_gripper_moveit/planning_scene_node
[17.073s] -- Set runtime path of "/home/dyros/mcy_ws/piper-mou/install/piper_with_gripper_moveit/lib/piper_with_gripper_moveit/planning_scene_node" to ""
[17.073s] -- Installing: /home/dyros/mcy_ws/piper-mou/install/piper_with_gripper_moveit/lib/piper_with_gripper_moveit/joint_goal_node
[17.074s] -- Set runtime path of "/home/dyros/mcy_ws/piper-mou/install/piper_with_gripper_moveit/lib/piper_with_gripper_moveit/joint_goal_node" to ""
[17.074s] -- Installing: /home/dyros/mcy_ws/piper-mou/install/piper_with_gripper_moveit/lib/piper_with_gripper_moveit/joint_goal_cmd_node
[17.075s] -- Set runtime path of "/home/dyros/mcy_ws/piper-mou/install/piper_with_gripper_moveit/lib/piper_with_gripper_moveit/joint_goal_cmd_node" to ""
[17.075s] -- Installing: /home/dyros/mcy_ws/piper-mou/install/piper_with_gripper_moveit/lib/piper_with_gripper_moveit/pose_goal_node
[17.076s] -- Set runtime path of "/home/dyros/mcy_ws/piper-mou/install/piper_with_gripper_moveit/lib/piper_with_gripper_moveit/pose_goal_node" to ""
[17.076s] -- Installing: /home/dyros/mcy_ws/piper-mou/install/piper_with_gripper_moveit/lib/piper_with_gripper_moveit/cA.py
[17.076s] -- Installing: /home/dyros/mcy_ws/piper-mou/install/piper_with_gripper_moveit/lib/piper_with_gripper_moveit/Logic_inte.py
[17.076s] -- Installing: /home/dyros/mcy_ws/piper-mou/install/piper_with_gripper_moveit/lib/piper_with_gripper_moveit/TEST.py
[17.078s] Invoked command in '/home/dyros/mcy_ws/piper-mou/build/piper_with_gripper_moveit' returned '0': CMAKE_PREFIX_PATH=/home/dyros/mcy_ws/piper-mou/install/piper_description:/home/dyros/mcy_ws/piper-mou/install/trac_ik:/home/dyros/mcy_ws/piper-mou/install/trac_ik_lib:/home/dyros/mcy_ws/piper-mou/install/xela_server_ros2:/home/dyros/mcy_ws/piper-mou/install/topic_based_ros2_control:/home/dyros/mcy_ws/piper-mou/install/piper_with_gripper_moveit:/home/dyros/mcy_ws/piper-mou/install/piper_no_gripper_moveit:/home/dyros/mcy_ws/piper-mou/install/piper_msgs:/home/dyros/mcy_ws/piper-mou/install/piper_humble:/home/dyros/mcy_ws/piper-mou/install/piper_gazebo:/home/dyros/mcy_ws/piper-mou/install/moveit_mujoco_interface:/home/dyros/tocabi_isaac_ws/install/tocabi_cc_ros2:/home/dyros/tocabi_isaac_ws/install/tocabi_lib:/home/dyros/tocabi_isaac_ws/install/tocabi_msgs:/home/dyros/tocabi_isaac_ws/install/tocabi_isaacsim_ros2:/home/dyros/mcy_ws/piper-mou/install/piper:/opt/ros/humble /usr/bin/cmake --install /home/dyros/mcy_ws/piper-mou/build/piper_with_gripper_moveit
